[0.062s] Invoking command in '/home/nvidia/gestelt_ws/src/gestelt2/build/linear_mpc_controller': AMENT_PREFIX_PATH=/home/nvidia/gestelt_ws/src/gestelt2/install/gestelt_core:/home/nvidia/gestelt_ws/src/gestelt2/install/occ_map:/home/nvidia/gestelt_ws/src/gestelt2/install/decomp_ros_utils:/home/nvidia/gestelt_ws/src/gestelt2/install/logger_wrapper:/home/nvidia/gestelt_ws/src/gestelt2/install/ikd_tree:/home/nvidia/gestelt_ws/src/gestelt2/install/decomp_util:/home/nvidia/gestelt_ws/src/gestelt2/install/decomp_ros_msgs:/home/nvidia/gestelt_ws/src/gestelt2/install/bonxai:${AMENT_PREFIX_PATH} CMAKE_PREFIX_PATH=/home/nvidia/gestelt_ws/src/gestelt2/install/gestelt_core:/home/nvidia/gestelt_ws/src/gestelt2/install/occ_map:/home/nvidia/gestelt_ws/src/gestelt2/install/decomp_ros_utils:/home/nvidia/gestelt_ws/src/gestelt2/install/logger_wrapper:/home/nvidia/gestelt_ws/src/gestelt2/install/ikd_tree:/home/nvidia/gestelt_ws/src/gestelt2/install/decomp_util:/home/nvidia/gestelt_ws/src/gestelt2/install/decomp_ros_msgs:/home/nvidia/gestelt_ws/src/gestelt2/install/bonxai:/home/nvidia/gestelt_ws/install/gestelt_bringup:/home/nvidia/gestelt_ws/install/trajectory_server:/home/nvidia/gestelt_ws/install/linear_mpc_controller:/home/nvidia/gestelt_ws/install/gestelt_planner:/home/nvidia/gestelt_ws/install/gestelt_controller:/home/nvidia/gestelt_ws/install/astar_planner:/home/nvidia/gestelt_ws/install/gestelt_core:/home/nvidia/gestelt_ws/install/occ_map:/home/nvidia/gestelt_ws/install/logger_wrapper:/home/nvidia/gestelt_ws/install/ikd_tree:/home/nvidia/gestelt_ws/install/gestelt_interfaces:/home/nvidia/gestelt_ws/install/fake_sensor:/home/nvidia/gestelt_ws/install/fake_map:/home/nvidia/gestelt_ws/install/decomp_ros_utils:/home/nvidia/gestelt_ws/install/decomp_util:/home/nvidia/gestelt_ws/install/decomp_ros_msgs:/home/nvidia/gestelt_ws/install/bonxai:/home/nvidia/tl_vision2/install/vrpn_mocap:/home/nvidia/tl_vision2/install/px4_msgs:/home/nvidia/bridge_ws/install/depth2pcl:/home/nvidia/gestelt_ws/install/gestelt_commander:/home/nvidia/tl_vision2/install/vision:/home/nvidia/bridge_ws/install/vilota_bridge:/opt/ros/humble LD_LIBRARY_PATH=/home/nvidia/gestelt_ws/src/gestelt2/install/occ_map/lib:/home/nvidia/gestelt_ws/src/gestelt2/install/decomp_ros_utils/lib:/home/nvidia/gestelt_ws/src/gestelt2/install/logger_wrapper/lib:/home/nvidia/gestelt_ws/src/gestelt2/install/ikd_tree/lib:/home/nvidia/gestelt_ws/src/gestelt2/install/decomp_util/lib:/home/nvidia/gestelt_ws/src/gestelt2/install/decomp_ros_msgs/lib:/home/nvidia/gestelt_ws/src/gestelt2/install/bonxai/lib:${LD_LIBRARY_PATH} PYTHONPATH=/home/nvidia/gestelt_ws/src/gestelt2/install/decomp_ros_msgs/local/lib/python3.10/dist-packages:${PYTHONPATH} /usr/bin/cmake /home/nvidia/gestelt_ws/src/gestelt2/linear_mpc_controller -DAMENT_CMAKE_SYMLINK_INSTALL=1 -DCMAKE_INSTALL_PREFIX=/home/nvidia/gestelt_ws/src/gestelt2/install/linear_mpc_controller
[0.195s] -- The C compiler identification is GNU 11.4.0
[0.311s] -- The CXX compiler identification is GNU 11.4.0
[0.325s] -- Detecting C compiler ABI info
[0.482s] -- Detecting C compiler ABI info - done
[0.501s] -- Check for working C compiler: /usr/bin/cc - skipped
[0.501s] -- Detecting C compile features
[0.502s] -- Detecting C compile features - done
[0.509s] -- Detecting CXX compiler ABI info
[0.687s] -- Detecting CXX compiler ABI info - done
[0.703s] -- Check for working CXX compiler: /usr/bin/c++ - skipped
[0.704s] -- Detecting CXX compile features
[0.705s] -- Detecting CXX compile features - done
[0.755s] -- Found ament_cmake: 1.3.11 (/opt/ros/humble/share/ament_cmake/cmake)
[1.144s] -- Found Python3: /usr/bin/python3 (found version "3.10.12") found components: Interpreter 
[1.307s] -- Override CMake install command with custom implementation using symlinks instead of copying resources
[1.429s] -- Found nav2_common: 1.1.18 (/opt/ros/humble/share/nav2_common/cmake)
[1.438s] -- Found rclcpp: 16.0.12 (/opt/ros/humble/share/rclcpp/cmake)
[1.570s] -- Found rosidl_generator_c: 3.1.6 (/opt/ros/humble/share/rosidl_generator_c/cmake)
[1.589s] -- Found rosidl_adapter: 3.1.6 (/opt/ros/humble/share/rosidl_adapter/cmake)
[1.614s] -- Found rosidl_generator_cpp: 3.1.6 (/opt/ros/humble/share/rosidl_generator_cpp/cmake)
[1.650s] -- Using all available rosidl_typesupport_c: rosidl_typesupport_fastrtps_c;rosidl_typesupport_introspection_c
[1.698s] -- Using all available rosidl_typesupport_cpp: rosidl_typesupport_fastrtps_cpp;rosidl_typesupport_introspection_cpp
[1.833s] -- Found rmw_implementation_cmake: 6.1.2 (/opt/ros/humble/share/rmw_implementation_cmake/cmake)
[1.845s] -- Found rmw_fastrtps_cpp: 6.2.7 (/opt/ros/humble/share/rmw_fastrtps_cpp/cmake)
[2.066s] -- Found OpenSSL: /usr/lib/aarch64-linux-gnu/libcrypto.so (found version "3.0.2")  
[2.128s] -- Found FastRTPS: /opt/ros/humble/include  
[2.227s] -- Using RMW implementation 'rmw_fastrtps_cpp' as default
[2.261s] -- Looking for pthread.h
[2.423s] -- Looking for pthread.h - found
[2.424s] -- Performing Test CMAKE_HAVE_LIBC_PTHREAD
[2.589s] -- Performing Test CMAKE_HAVE_LIBC_PTHREAD - Success
[2.591s] -- Found Threads: TRUE  
[2.720s] -- Found geometry_msgs: 4.8.0 (/opt/ros/humble/share/geometry_msgs/cmake)
[2.745s] -- Found occ_map: 0.0.0 (/home/nvidia/gestelt_ws/src/gestelt2/install/occ_map/share/occ_map/cmake)
[2.785s] -- Checking for module 'eigen3'
[2.815s] --   Found eigen3, version 3.4.0
[2.886s] -- Found Eigen: /usr/include/eigen3 (Required is at least version "3.1") 
[2.886s] -- Eigen found (include: /usr/include/eigen3, version: 3.4.0)
[2.995s] -- Checking for module 'flann'
[3.027s] --   Found flann, version 1.9.1
[3.114s] -- Found FLANN: /usr/lib/aarch64-linux-gnu/libflann_cpp.so  
[3.115s] -- FLANN found (include: /usr/include, lib: /usr/lib/aarch64-linux-gnu/libflann_cpp.so)
[5.298s] -- Checking for module 'libusb-1.0'
[5.339s] --   Found libusb-1.0, version 1.0.25
[5.434s] -- Found libusb: /usr/lib/aarch64-linux-gnu/libusb-1.0.so  
[5.437s] -- OpenNI found (version: 1.5.4.0, include: /usr/include/ni, lib: /usr/lib/libOpenNI.so;libusb::libusb)
[5.582s] -- OpenNI2 found (version: 2.2.0.33, include: /usr/include/openni2, lib: /usr/lib/aarch64-linux-gnu/libOpenNI2.so;libusb::libusb)
[5.931s] -- Eigen found (include: /usr/include/eigen3, version: 3.4.0)
[5.948s] -- OpenNI found (version: 1.5.4.0, include: /usr/include/ni, lib: /usr/lib/libOpenNI.so;libusb::libusb)
[5.964s] -- OpenNI2 found (version: 2.2.0.33, include: /usr/include/openni2, lib: /usr/lib/aarch64-linux-gnu/libOpenNI2.so;libusb::libusb)
[6.292s] -- Found Qhull version 8.0.2
[6.631s] -- OpenNI found (version: 1.5.4.0, include: /usr/include/ni, lib: /usr/lib/libOpenNI.so;libusb::libusb)
[6.951s] -- Found PCL_COMMON: /usr/lib/aarch64-linux-gnu/libpcl_common.so  
[6.953s] -- Found PCL_KDTREE: /usr/lib/aarch64-linux-gnu/libpcl_kdtree.so  
[6.954s] -- Found PCL_OCTREE: /usr/lib/aarch64-linux-gnu/libpcl_octree.so  
[6.956s] -- Found PCL_SEARCH: /usr/lib/aarch64-linux-gnu/libpcl_search.so  
[6.958s] -- Found PCL_SAMPLE_CONSENSUS: /usr/lib/aarch64-linux-gnu/libpcl_sample_consensus.so  
[6.959s] -- Found PCL_FILTERS: /usr/lib/aarch64-linux-gnu/libpcl_filters.so  
[6.960s] -- Found PCL_2D: /usr/include/pcl-1.12  
[6.961s] -- Found PCL_GEOMETRY: /usr/include/pcl-1.12  
[6.962s] -- Found PCL_IO: /usr/lib/aarch64-linux-gnu/libpcl_io.so  
[6.965s] -- Found PCL_FEATURES: /usr/lib/aarch64-linux-gnu/libpcl_features.so  
[6.966s] -- Found PCL_ML: /usr/lib/aarch64-linux-gnu/libpcl_ml.so  
[6.968s] -- Found PCL_SEGMENTATION: /usr/lib/aarch64-linux-gnu/libpcl_segmentation.so  
[6.970s] -- Found PCL_VISUALIZATION: /usr/lib/aarch64-linux-gnu/libpcl_visualization.so  
[6.972s] -- Found PCL_SURFACE: /usr/lib/aarch64-linux-gnu/libpcl_surface.so  
[6.974s] -- Found PCL_REGISTRATION: /usr/lib/aarch64-linux-gnu/libpcl_registration.so  
[6.976s] -- Found PCL_KEYPOINTS: /usr/lib/aarch64-linux-gnu/libpcl_keypoints.so  
[6.978s] -- Found PCL_TRACKING: /usr/lib/aarch64-linux-gnu/libpcl_tracking.so  
[6.980s] -- Found PCL_RECOGNITION: /usr/lib/aarch64-linux-gnu/libpcl_recognition.so  
[6.982s] -- Found PCL_STEREO: /usr/lib/aarch64-linux-gnu/libpcl_stereo.so  
[6.984s] -- Found PCL_APPS: /usr/lib/aarch64-linux-gnu/libpcl_apps.so  
[6.986s] -- Found PCL_IN_HAND_SCANNER: /usr/include/pcl-1.12  
[6.986s] -- Found PCL_MODELER: /usr/include/pcl-1.12  
[6.987s] -- Found PCL_POINT_CLOUD_EDITOR: /usr/include/pcl-1.12  
[6.989s] -- Found PCL_OUTOFCORE: /usr/lib/aarch64-linux-gnu/libpcl_outofcore.so  
[6.991s] -- Found PCL_PEOPLE: /usr/lib/aarch64-linux-gnu/libpcl_people.so  
[7.400s] -- Found pluginlib: 5.1.0 (/opt/ros/humble/share/pluginlib/cmake)
[7.449s] -- Found nav_msgs: 4.8.0 (/opt/ros/humble/share/nav_msgs/cmake)
[7.489s] -- Found nav2_util: 1.1.18 (/opt/ros/humble/share/nav2_util/cmake)
[7.589s] -- Found eigen3_cmake_module: 0.1.1 (/opt/ros/humble/share/eigen3_cmake_module/cmake)
[7.592s] -- Found Eigen3: TRUE (found version "3.4.0") 
[7.593s] -- Ensuring Eigen3 include directory is part of orocos-kdl CMake target
[7.726s] -- Found gestelt_core: 0.0.1 (/home/nvidia/gestelt_ws/src/gestelt2/install/gestelt_core/share/gestelt_core/cmake)
[7.815s] -- Found decomp_util: 1.0.0 (/home/nvidia/gestelt_ws/src/gestelt2/install/decomp_util/share/decomp_util/cmake)
[7.821s] -- Found decomp_ros_msgs: 0.0.0 (/home/nvidia/gestelt_ws/src/gestelt2/install/decomp_ros_msgs/share/decomp_ros_msgs/cmake)
[8.107s] -- Configuring done
[8.246s] -- Generating done
[8.277s] -- Build files have been written to: /home/nvidia/gestelt_ws/src/gestelt2/build/linear_mpc_controller
[8.343s] Invoked command in '/home/nvidia/gestelt_ws/src/gestelt2/build/linear_mpc_controller' returned '0': AMENT_PREFIX_PATH=/home/nvidia/gestelt_ws/src/gestelt2/install/gestelt_core:/home/nvidia/gestelt_ws/src/gestelt2/install/occ_map:/home/nvidia/gestelt_ws/src/gestelt2/install/decomp_ros_utils:/home/nvidia/gestelt_ws/src/gestelt2/install/logger_wrapper:/home/nvidia/gestelt_ws/src/gestelt2/install/ikd_tree:/home/nvidia/gestelt_ws/src/gestelt2/install/decomp_util:/home/nvidia/gestelt_ws/src/gestelt2/install/decomp_ros_msgs:/home/nvidia/gestelt_ws/src/gestelt2/install/bonxai:${AMENT_PREFIX_PATH} CMAKE_PREFIX_PATH=/home/nvidia/gestelt_ws/src/gestelt2/install/gestelt_core:/home/nvidia/gestelt_ws/src/gestelt2/install/occ_map:/home/nvidia/gestelt_ws/src/gestelt2/install/decomp_ros_utils:/home/nvidia/gestelt_ws/src/gestelt2/install/logger_wrapper:/home/nvidia/gestelt_ws/src/gestelt2/install/ikd_tree:/home/nvidia/gestelt_ws/src/gestelt2/install/decomp_util:/home/nvidia/gestelt_ws/src/gestelt2/install/decomp_ros_msgs:/home/nvidia/gestelt_ws/src/gestelt2/install/bonxai:/home/nvidia/gestelt_ws/install/gestelt_bringup:/home/nvidia/gestelt_ws/install/trajectory_server:/home/nvidia/gestelt_ws/install/linear_mpc_controller:/home/nvidia/gestelt_ws/install/gestelt_planner:/home/nvidia/gestelt_ws/install/gestelt_controller:/home/nvidia/gestelt_ws/install/astar_planner:/home/nvidia/gestelt_ws/install/gestelt_core:/home/nvidia/gestelt_ws/install/occ_map:/home/nvidia/gestelt_ws/install/logger_wrapper:/home/nvidia/gestelt_ws/install/ikd_tree:/home/nvidia/gestelt_ws/install/gestelt_interfaces:/home/nvidia/gestelt_ws/install/fake_sensor:/home/nvidia/gestelt_ws/install/fake_map:/home/nvidia/gestelt_ws/install/decomp_ros_utils:/home/nvidia/gestelt_ws/install/decomp_util:/home/nvidia/gestelt_ws/install/decomp_ros_msgs:/home/nvidia/gestelt_ws/install/bonxai:/home/nvidia/tl_vision2/install/vrpn_mocap:/home/nvidia/tl_vision2/install/px4_msgs:/home/nvidia/bridge_ws/install/depth2pcl:/home/nvidia/gestelt_ws/install/gestelt_commander:/home/nvidia/tl_vision2/install/vision:/home/nvidia/bridge_ws/install/vilota_bridge:/opt/ros/humble LD_LIBRARY_PATH=/home/nvidia/gestelt_ws/src/gestelt2/install/occ_map/lib:/home/nvidia/gestelt_ws/src/gestelt2/install/decomp_ros_utils/lib:/home/nvidia/gestelt_ws/src/gestelt2/install/logger_wrapper/lib:/home/nvidia/gestelt_ws/src/gestelt2/install/ikd_tree/lib:/home/nvidia/gestelt_ws/src/gestelt2/install/decomp_util/lib:/home/nvidia/gestelt_ws/src/gestelt2/install/decomp_ros_msgs/lib:/home/nvidia/gestelt_ws/src/gestelt2/install/bonxai/lib:${LD_LIBRARY_PATH} PYTHONPATH=/home/nvidia/gestelt_ws/src/gestelt2/install/decomp_ros_msgs/local/lib/python3.10/dist-packages:${PYTHONPATH} /usr/bin/cmake /home/nvidia/gestelt_ws/src/gestelt2/linear_mpc_controller -DAMENT_CMAKE_SYMLINK_INSTALL=1 -DCMAKE_INSTALL_PREFIX=/home/nvidia/gestelt_ws/src/gestelt2/install/linear_mpc_controller
[8.347s] Invoking command in '/home/nvidia/gestelt_ws/src/gestelt2/build/linear_mpc_controller': AMENT_PREFIX_PATH=/home/nvidia/gestelt_ws/src/gestelt2/install/gestelt_core:/home/nvidia/gestelt_ws/src/gestelt2/install/occ_map:/home/nvidia/gestelt_ws/src/gestelt2/install/decomp_ros_utils:/home/nvidia/gestelt_ws/src/gestelt2/install/logger_wrapper:/home/nvidia/gestelt_ws/src/gestelt2/install/ikd_tree:/home/nvidia/gestelt_ws/src/gestelt2/install/decomp_util:/home/nvidia/gestelt_ws/src/gestelt2/install/decomp_ros_msgs:/home/nvidia/gestelt_ws/src/gestelt2/install/bonxai:${AMENT_PREFIX_PATH} CMAKE_PREFIX_PATH=/home/nvidia/gestelt_ws/src/gestelt2/install/gestelt_core:/home/nvidia/gestelt_ws/src/gestelt2/install/occ_map:/home/nvidia/gestelt_ws/src/gestelt2/install/decomp_ros_utils:/home/nvidia/gestelt_ws/src/gestelt2/install/logger_wrapper:/home/nvidia/gestelt_ws/src/gestelt2/install/ikd_tree:/home/nvidia/gestelt_ws/src/gestelt2/install/decomp_util:/home/nvidia/gestelt_ws/src/gestelt2/install/decomp_ros_msgs:/home/nvidia/gestelt_ws/src/gestelt2/install/bonxai:/home/nvidia/gestelt_ws/install/gestelt_bringup:/home/nvidia/gestelt_ws/install/trajectory_server:/home/nvidia/gestelt_ws/install/linear_mpc_controller:/home/nvidia/gestelt_ws/install/gestelt_planner:/home/nvidia/gestelt_ws/install/gestelt_controller:/home/nvidia/gestelt_ws/install/astar_planner:/home/nvidia/gestelt_ws/install/gestelt_core:/home/nvidia/gestelt_ws/install/occ_map:/home/nvidia/gestelt_ws/install/logger_wrapper:/home/nvidia/gestelt_ws/install/ikd_tree:/home/nvidia/gestelt_ws/install/gestelt_interfaces:/home/nvidia/gestelt_ws/install/fake_sensor:/home/nvidia/gestelt_ws/install/fake_map:/home/nvidia/gestelt_ws/install/decomp_ros_utils:/home/nvidia/gestelt_ws/install/decomp_util:/home/nvidia/gestelt_ws/install/decomp_ros_msgs:/home/nvidia/gestelt_ws/install/bonxai:/home/nvidia/tl_vision2/install/vrpn_mocap:/home/nvidia/tl_vision2/install/px4_msgs:/home/nvidia/bridge_ws/install/depth2pcl:/home/nvidia/gestelt_ws/install/gestelt_commander:/home/nvidia/tl_vision2/install/vision:/home/nvidia/bridge_ws/install/vilota_bridge:/opt/ros/humble LD_LIBRARY_PATH=/home/nvidia/gestelt_ws/src/gestelt2/install/occ_map/lib:/home/nvidia/gestelt_ws/src/gestelt2/install/decomp_ros_utils/lib:/home/nvidia/gestelt_ws/src/gestelt2/install/logger_wrapper/lib:/home/nvidia/gestelt_ws/src/gestelt2/install/ikd_tree/lib:/home/nvidia/gestelt_ws/src/gestelt2/install/decomp_util/lib:/home/nvidia/gestelt_ws/src/gestelt2/install/decomp_ros_msgs/lib:/home/nvidia/gestelt_ws/src/gestelt2/install/bonxai/lib:${LD_LIBRARY_PATH} PYTHONPATH=/home/nvidia/gestelt_ws/src/gestelt2/install/decomp_ros_msgs/local/lib/python3.10/dist-packages:${PYTHONPATH} /usr/bin/cmake --build /home/nvidia/gestelt_ws/src/gestelt2/build/linear_mpc_controller -- -j8 -l8
[8.489s] [ 50%] [32mBuilding CXX object CMakeFiles/linear_mpc_controller.dir/src/linear_mpc_controller.cpp.o[0m
[113.482s] In file included from [01m[K/home/nvidia/gestelt_ws/src/gestelt2/linear_mpc_controller/include/linear_mpc_controller/linear_mpc_controller.hpp:45[m[K,
[113.483s]                  from [01m[K/home/nvidia/gestelt_ws/src/gestelt2/linear_mpc_controller/src/linear_mpc_controller.cpp:23[m[K:
[113.483s] [01m[K/home/nvidia/gestelt_ws/src/gestelt2/linear_mpc_controller/include/linear_mpc_controller/pvaj_mpc.hpp:[m[K In member function ‘[01m[Kbool pvaj_mpc::MPCController::run()[m[K’:
[113.483s] [01m[K/home/nvidia/gestelt_ws/src/gestelt2/linear_mpc_controller/include/linear_mpc_controller/pvaj_mpc.hpp:299:25:[m[K [01;35m[Kwarning: [m[K‘[01m[Ksolve_flag[m[K’ may be used uninitialized in this function [[01;35m[K]8;;https://gcc.gnu.org/onlinedocs/gcc/Warning-Options.html#index-Wmaybe-uninitialized-Wmaybe-uninitialized]8;;[m[K]
[113.483s]   299 |                         [01;35m[Kif[m[K (solve_flag == OsqpEigen::ErrorExitFlag::NoError
[113.484s]       |                         [01;35m[K^~[m[K
[129.421s] [100%] [32m[1mLinking CXX shared library liblinear_mpc_controller.so[0m
[131.219s] [100%] Built target linear_mpc_controller
[131.251s] Invoked command in '/home/nvidia/gestelt_ws/src/gestelt2/build/linear_mpc_controller' returned '0': AMENT_PREFIX_PATH=/home/nvidia/gestelt_ws/src/gestelt2/install/gestelt_core:/home/nvidia/gestelt_ws/src/gestelt2/install/occ_map:/home/nvidia/gestelt_ws/src/gestelt2/install/decomp_ros_utils:/home/nvidia/gestelt_ws/src/gestelt2/install/logger_wrapper:/home/nvidia/gestelt_ws/src/gestelt2/install/ikd_tree:/home/nvidia/gestelt_ws/src/gestelt2/install/decomp_util:/home/nvidia/gestelt_ws/src/gestelt2/install/decomp_ros_msgs:/home/nvidia/gestelt_ws/src/gestelt2/install/bonxai:${AMENT_PREFIX_PATH} CMAKE_PREFIX_PATH=/home/nvidia/gestelt_ws/src/gestelt2/install/gestelt_core:/home/nvidia/gestelt_ws/src/gestelt2/install/occ_map:/home/nvidia/gestelt_ws/src/gestelt2/install/decomp_ros_utils:/home/nvidia/gestelt_ws/src/gestelt2/install/logger_wrapper:/home/nvidia/gestelt_ws/src/gestelt2/install/ikd_tree:/home/nvidia/gestelt_ws/src/gestelt2/install/decomp_util:/home/nvidia/gestelt_ws/src/gestelt2/install/decomp_ros_msgs:/home/nvidia/gestelt_ws/src/gestelt2/install/bonxai:/home/nvidia/gestelt_ws/install/gestelt_bringup:/home/nvidia/gestelt_ws/install/trajectory_server:/home/nvidia/gestelt_ws/install/linear_mpc_controller:/home/nvidia/gestelt_ws/install/gestelt_planner:/home/nvidia/gestelt_ws/install/gestelt_controller:/home/nvidia/gestelt_ws/install/astar_planner:/home/nvidia/gestelt_ws/install/gestelt_core:/home/nvidia/gestelt_ws/install/occ_map:/home/nvidia/gestelt_ws/install/logger_wrapper:/home/nvidia/gestelt_ws/install/ikd_tree:/home/nvidia/gestelt_ws/install/gestelt_interfaces:/home/nvidia/gestelt_ws/install/fake_sensor:/home/nvidia/gestelt_ws/install/fake_map:/home/nvidia/gestelt_ws/install/decomp_ros_utils:/home/nvidia/gestelt_ws/install/decomp_util:/home/nvidia/gestelt_ws/install/decomp_ros_msgs:/home/nvidia/gestelt_ws/install/bonxai:/home/nvidia/tl_vision2/install/vrpn_mocap:/home/nvidia/tl_vision2/install/px4_msgs:/home/nvidia/bridge_ws/install/depth2pcl:/home/nvidia/gestelt_ws/install/gestelt_commander:/home/nvidia/tl_vision2/install/vision:/home/nvidia/bridge_ws/install/vilota_bridge:/opt/ros/humble LD_LIBRARY_PATH=/home/nvidia/gestelt_ws/src/gestelt2/install/occ_map/lib:/home/nvidia/gestelt_ws/src/gestelt2/install/decomp_ros_utils/lib:/home/nvidia/gestelt_ws/src/gestelt2/install/logger_wrapper/lib:/home/nvidia/gestelt_ws/src/gestelt2/install/ikd_tree/lib:/home/nvidia/gestelt_ws/src/gestelt2/install/decomp_util/lib:/home/nvidia/gestelt_ws/src/gestelt2/install/decomp_ros_msgs/lib:/home/nvidia/gestelt_ws/src/gestelt2/install/bonxai/lib:${LD_LIBRARY_PATH} PYTHONPATH=/home/nvidia/gestelt_ws/src/gestelt2/install/decomp_ros_msgs/local/lib/python3.10/dist-packages:${PYTHONPATH} /usr/bin/cmake --build /home/nvidia/gestelt_ws/src/gestelt2/build/linear_mpc_controller -- -j8 -l8
[131.258s] Invoking command in '/home/nvidia/gestelt_ws/src/gestelt2/build/linear_mpc_controller': AMENT_PREFIX_PATH=/home/nvidia/gestelt_ws/src/gestelt2/install/gestelt_core:/home/nvidia/gestelt_ws/src/gestelt2/install/occ_map:/home/nvidia/gestelt_ws/src/gestelt2/install/decomp_ros_utils:/home/nvidia/gestelt_ws/src/gestelt2/install/logger_wrapper:/home/nvidia/gestelt_ws/src/gestelt2/install/ikd_tree:/home/nvidia/gestelt_ws/src/gestelt2/install/decomp_util:/home/nvidia/gestelt_ws/src/gestelt2/install/decomp_ros_msgs:/home/nvidia/gestelt_ws/src/gestelt2/install/bonxai:${AMENT_PREFIX_PATH} CMAKE_PREFIX_PATH=/home/nvidia/gestelt_ws/src/gestelt2/install/gestelt_core:/home/nvidia/gestelt_ws/src/gestelt2/install/occ_map:/home/nvidia/gestelt_ws/src/gestelt2/install/decomp_ros_utils:/home/nvidia/gestelt_ws/src/gestelt2/install/logger_wrapper:/home/nvidia/gestelt_ws/src/gestelt2/install/ikd_tree:/home/nvidia/gestelt_ws/src/gestelt2/install/decomp_util:/home/nvidia/gestelt_ws/src/gestelt2/install/decomp_ros_msgs:/home/nvidia/gestelt_ws/src/gestelt2/install/bonxai:/home/nvidia/gestelt_ws/install/gestelt_bringup:/home/nvidia/gestelt_ws/install/trajectory_server:/home/nvidia/gestelt_ws/install/linear_mpc_controller:/home/nvidia/gestelt_ws/install/gestelt_planner:/home/nvidia/gestelt_ws/install/gestelt_controller:/home/nvidia/gestelt_ws/install/astar_planner:/home/nvidia/gestelt_ws/install/gestelt_core:/home/nvidia/gestelt_ws/install/occ_map:/home/nvidia/gestelt_ws/install/logger_wrapper:/home/nvidia/gestelt_ws/install/ikd_tree:/home/nvidia/gestelt_ws/install/gestelt_interfaces:/home/nvidia/gestelt_ws/install/fake_sensor:/home/nvidia/gestelt_ws/install/fake_map:/home/nvidia/gestelt_ws/install/decomp_ros_utils:/home/nvidia/gestelt_ws/install/decomp_util:/home/nvidia/gestelt_ws/install/decomp_ros_msgs:/home/nvidia/gestelt_ws/install/bonxai:/home/nvidia/tl_vision2/install/vrpn_mocap:/home/nvidia/tl_vision2/install/px4_msgs:/home/nvidia/bridge_ws/install/depth2pcl:/home/nvidia/gestelt_ws/install/gestelt_commander:/home/nvidia/tl_vision2/install/vision:/home/nvidia/bridge_ws/install/vilota_bridge:/opt/ros/humble LD_LIBRARY_PATH=/home/nvidia/gestelt_ws/src/gestelt2/install/occ_map/lib:/home/nvidia/gestelt_ws/src/gestelt2/install/decomp_ros_utils/lib:/home/nvidia/gestelt_ws/src/gestelt2/install/logger_wrapper/lib:/home/nvidia/gestelt_ws/src/gestelt2/install/ikd_tree/lib:/home/nvidia/gestelt_ws/src/gestelt2/install/decomp_util/lib:/home/nvidia/gestelt_ws/src/gestelt2/install/decomp_ros_msgs/lib:/home/nvidia/gestelt_ws/src/gestelt2/install/bonxai/lib:${LD_LIBRARY_PATH} PYTHONPATH=/home/nvidia/gestelt_ws/src/gestelt2/install/decomp_ros_msgs/local/lib/python3.10/dist-packages:${PYTHONPATH} /usr/bin/cmake --install /home/nvidia/gestelt_ws/src/gestelt2/build/linear_mpc_controller
[131.283s] -- Install configuration: "Release"
[131.284s] -- Execute custom install script
[131.285s] -- Symlinking: /home/nvidia/gestelt_ws/src/gestelt2/install/linear_mpc_controller/lib/liblinear_mpc_controller.so
[131.311s] -- Symlinking: /home/nvidia/gestelt_ws/src/gestelt2/install/linear_mpc_controller/include//linear_mpc_controller/linear_mpc_controller.hpp
[131.333s] -- Symlinking: /home/nvidia/gestelt_ws/src/gestelt2/install/linear_mpc_controller/include//linear_mpc_controller/poly_sfc_gen.hpp
[131.359s] -- Symlinking: /home/nvidia/gestelt_ws/src/gestelt2/install/linear_mpc_controller/include//linear_mpc_controller/pvaj_mpc.hpp
[131.384s] -- Symlinking: /home/nvidia/gestelt_ws/src/gestelt2/install/linear_mpc_controller/share/linear_mpc_controller/environment/library_path.sh
[131.410s] -- Symlinking: /home/nvidia/gestelt_ws/src/gestelt2/install/linear_mpc_controller/share/linear_mpc_controller/environment/library_path.dsv
[131.433s] -- Symlinking: /home/nvidia/gestelt_ws/src/gestelt2/install/linear_mpc_controller/share/linear_mpc_controller//linear_mpc_controller.xml
[131.458s] -- Symlinking: /home/nvidia/gestelt_ws/src/gestelt2/install/linear_mpc_controller/share/ament_index/resource_index/package_run_dependencies/linear_mpc_controller
[131.483s] -- Symlinking: /home/nvidia/gestelt_ws/src/gestelt2/install/linear_mpc_controller/share/ament_index/resource_index/parent_prefix_path/linear_mpc_controller
[131.510s] -- Symlinking: /home/nvidia/gestelt_ws/src/gestelt2/install/linear_mpc_controller/share/linear_mpc_controller/environment/ament_prefix_path.sh
[131.535s] -- Symlinking: /home/nvidia/gestelt_ws/src/gestelt2/install/linear_mpc_controller/share/linear_mpc_controller/environment/ament_prefix_path.dsv
[131.559s] -- Symlinking: /home/nvidia/gestelt_ws/src/gestelt2/install/linear_mpc_controller/share/linear_mpc_controller/environment/path.sh
[131.581s] -- Symlinking: /home/nvidia/gestelt_ws/src/gestelt2/install/linear_mpc_controller/share/linear_mpc_controller/environment/path.dsv
[131.609s] -- Symlinking: /home/nvidia/gestelt_ws/src/gestelt2/install/linear_mpc_controller/share/linear_mpc_controller/local_setup.bash
[131.634s] -- Symlinking: /home/nvidia/gestelt_ws/src/gestelt2/install/linear_mpc_controller/share/linear_mpc_controller/local_setup.sh
[131.655s] -- Symlinking: /home/nvidia/gestelt_ws/src/gestelt2/install/linear_mpc_controller/share/linear_mpc_controller/local_setup.zsh
[131.677s] -- Symlinking: /home/nvidia/gestelt_ws/src/gestelt2/install/linear_mpc_controller/share/linear_mpc_controller/local_setup.dsv
[131.704s] -- Symlinking: /home/nvidia/gestelt_ws/src/gestelt2/install/linear_mpc_controller/share/linear_mpc_controller/package.dsv
[131.730s] -- Symlinking: /home/nvidia/gestelt_ws/src/gestelt2/install/linear_mpc_controller/share/ament_index/resource_index/packages/linear_mpc_controller
[131.754s] -- Symlinking: /home/nvidia/gestelt_ws/src/gestelt2/install/linear_mpc_controller/share/ament_index/resource_index/gestelt_core__pluginlib__plugin/linear_mpc_controller
[131.779s] -- Symlinking: /home/nvidia/gestelt_ws/src/gestelt2/install/linear_mpc_controller/share/linear_mpc_controller/cmake/ament_cmake_export_include_directories-extras.cmake
[131.806s] -- Symlinking: /home/nvidia/gestelt_ws/src/gestelt2/install/linear_mpc_controller/share/linear_mpc_controller/cmake/ament_cmake_export_libraries-extras.cmake
[131.829s] -- Symlinking: /home/nvidia/gestelt_ws/src/gestelt2/install/linear_mpc_controller/share/linear_mpc_controller/cmake/ament_cmake_export_dependencies-extras.cmake
[131.856s] -- Symlinking: /home/nvidia/gestelt_ws/src/gestelt2/install/linear_mpc_controller/share/linear_mpc_controller/cmake/linear_mpc_controllerConfig.cmake
[131.880s] -- Symlinking: /home/nvidia/gestelt_ws/src/gestelt2/install/linear_mpc_controller/share/linear_mpc_controller/cmake/linear_mpc_controllerConfig-version.cmake
[131.907s] -- Symlinking: /home/nvidia/gestelt_ws/src/gestelt2/install/linear_mpc_controller/share/linear_mpc_controller/package.xml
[131.937s] Invoked command in '/home/nvidia/gestelt_ws/src/gestelt2/build/linear_mpc_controller' returned '0': AMENT_PREFIX_PATH=/home/nvidia/gestelt_ws/src/gestelt2/install/gestelt_core:/home/nvidia/gestelt_ws/src/gestelt2/install/occ_map:/home/nvidia/gestelt_ws/src/gestelt2/install/decomp_ros_utils:/home/nvidia/gestelt_ws/src/gestelt2/install/logger_wrapper:/home/nvidia/gestelt_ws/src/gestelt2/install/ikd_tree:/home/nvidia/gestelt_ws/src/gestelt2/install/decomp_util:/home/nvidia/gestelt_ws/src/gestelt2/install/decomp_ros_msgs:/home/nvidia/gestelt_ws/src/gestelt2/install/bonxai:${AMENT_PREFIX_PATH} CMAKE_PREFIX_PATH=/home/nvidia/gestelt_ws/src/gestelt2/install/gestelt_core:/home/nvidia/gestelt_ws/src/gestelt2/install/occ_map:/home/nvidia/gestelt_ws/src/gestelt2/install/decomp_ros_utils:/home/nvidia/gestelt_ws/src/gestelt2/install/logger_wrapper:/home/nvidia/gestelt_ws/src/gestelt2/install/ikd_tree:/home/nvidia/gestelt_ws/src/gestelt2/install/decomp_util:/home/nvidia/gestelt_ws/src/gestelt2/install/decomp_ros_msgs:/home/nvidia/gestelt_ws/src/gestelt2/install/bonxai:/home/nvidia/gestelt_ws/install/gestelt_bringup:/home/nvidia/gestelt_ws/install/trajectory_server:/home/nvidia/gestelt_ws/install/linear_mpc_controller:/home/nvidia/gestelt_ws/install/gestelt_planner:/home/nvidia/gestelt_ws/install/gestelt_controller:/home/nvidia/gestelt_ws/install/astar_planner:/home/nvidia/gestelt_ws/install/gestelt_core:/home/nvidia/gestelt_ws/install/occ_map:/home/nvidia/gestelt_ws/install/logger_wrapper:/home/nvidia/gestelt_ws/install/ikd_tree:/home/nvidia/gestelt_ws/install/gestelt_interfaces:/home/nvidia/gestelt_ws/install/fake_sensor:/home/nvidia/gestelt_ws/install/fake_map:/home/nvidia/gestelt_ws/install/decomp_ros_utils:/home/nvidia/gestelt_ws/install/decomp_util:/home/nvidia/gestelt_ws/install/decomp_ros_msgs:/home/nvidia/gestelt_ws/install/bonxai:/home/nvidia/tl_vision2/install/vrpn_mocap:/home/nvidia/tl_vision2/install/px4_msgs:/home/nvidia/bridge_ws/install/depth2pcl:/home/nvidia/gestelt_ws/install/gestelt_commander:/home/nvidia/tl_vision2/install/vision:/home/nvidia/bridge_ws/install/vilota_bridge:/opt/ros/humble LD_LIBRARY_PATH=/home/nvidia/gestelt_ws/src/gestelt2/install/occ_map/lib:/home/nvidia/gestelt_ws/src/gestelt2/install/decomp_ros_utils/lib:/home/nvidia/gestelt_ws/src/gestelt2/install/logger_wrapper/lib:/home/nvidia/gestelt_ws/src/gestelt2/install/ikd_tree/lib:/home/nvidia/gestelt_ws/src/gestelt2/install/decomp_util/lib:/home/nvidia/gestelt_ws/src/gestelt2/install/decomp_ros_msgs/lib:/home/nvidia/gestelt_ws/src/gestelt2/install/bonxai/lib:${LD_LIBRARY_PATH} PYTHONPATH=/home/nvidia/gestelt_ws/src/gestelt2/install/decomp_ros_msgs/local/lib/python3.10/dist-packages:${PYTHONPATH} /usr/bin/cmake --install /home/nvidia/gestelt_ws/src/gestelt2/build/linear_mpc_controller
