-- The C compiler identification is GNU 11.4.0
-- The CXX compiler identification is GNU 11.4.0
-- Detecting C compiler ABI info
-- Detecting C compiler ABI info - done
-- Check for working C compiler: /usr/bin/cc - skipped
-- Detecting C compile features
-- Detecting C compile features - done
-- Detecting CXX compiler ABI info
-- Detecting CXX compiler ABI info - done
-- Check for working CXX compiler: /usr/bin/c++ - skipped
-- Detecting CXX compile features
-- Detecting CXX compile features - done
-- Found ament_cmake: 1.3.11 (/opt/ros/humble/share/ament_cmake/cmake)
-- Found Python3: /usr/bin/python3 (found version "3.10.12") found components: Interpreter 
-- Override CMake install command with custom implementation using symlinks instead of copying resources
-- Found angles: 1.15.0 (/opt/ros/humble/share/angles/cmake)
-- Found geometry_msgs: 4.8.0 (/opt/ros/humble/share/geometry_msgs/cmake)
-- Found rosidl_generator_c: 3.1.6 (/opt/ros/humble/share/rosidl_generator_c/cmake)
-- Found rosidl_adapter: 3.1.6 (/opt/ros/humble/share/rosidl_adapter/cmake)
-- Found rosidl_generator_cpp: 3.1.6 (/opt/ros/humble/share/rosidl_generator_cpp/cmake)
-- Using all available rosidl_typesupport_c: rosidl_typesupport_fastrtps_c;rosidl_typesupport_introspection_c
-- Using all available rosidl_typesupport_cpp: rosidl_typesupport_fastrtps_cpp;rosidl_typesupport_introspection_cpp
-- Found lifecycle_msgs: 1.2.1 (/opt/ros/humble/share/lifecycle_msgs/cmake)
-- Found gestelt_core: 0.0.1 (/home/nvidia/gestelt_ws/src/gestelt2/install/gestelt_core/share/gestelt_core/cmake)
-- Found rmw_implementation_cmake: 6.1.2 (/opt/ros/humble/share/rmw_implementation_cmake/cmake)
-- Found rmw_fastrtps_cpp: 6.2.7 (/opt/ros/humble/share/rmw_fastrtps_cpp/cmake)
-- Found TinyXML2 via Config file: TinyXML2_DIR-NOTFOUND
-- Found OpenSSL: /usr/lib/aarch64-linux-gnu/libcrypto.so (found version "3.0.2")  
-- Found TinyXML2 via Config file: TinyXML2_DIR-NOTFOUND
-- Found FastRTPS: /opt/ros/humble/include  
-- Found TinyXML2 via Config file: TinyXML2_DIR-NOTFOUND
-- Found TinyXML2 via Config file: TinyXML2_DIR-NOTFOUND
-- Using RMW implementation 'rmw_fastrtps_cpp' as default
-- Looking for pthread.h
-- Looking for pthread.h - found
-- Performing Test CMAKE_HAVE_LIBC_PTHREAD
-- Performing Test CMAKE_HAVE_LIBC_PTHREAD - Success
-- Found Threads: TRUE  
-- Found eigen3_cmake_module: 0.1.1 (/opt/ros/humble/share/eigen3_cmake_module/cmake)
-- Found Eigen3: TRUE (found version "3.4.0") 
-- Ensuring Eigen3 include directory is part of orocos-kdl CMake target
-- Checking for module 'eigen3'
--   Found eigen3, version 3.4.0
-- Found Eigen: /usr/include/eigen3 (Required is at least version "3.1") 
-- Eigen found (include: /usr/include/eigen3, version: 3.4.0)
-- Checking for module 'flann'
--   Found flann, version 1.9.1
-- Found FLANN: /usr/lib/aarch64-linux-gnu/libflann_cpp.so  
-- FLANN found (include: /usr/include, lib: /usr/lib/aarch64-linux-gnu/libflann_cpp.so)
-- Checking for module 'libusb-1.0'
--   Found libusb-1.0, version 1.0.25
-- Found libusb: /usr/lib/aarch64-linux-gnu/libusb-1.0.so  
-- OpenNI found (version: 1.5.4.0, include: /usr/include/ni, lib: /usr/lib/libOpenNI.so;libusb::libusb)
-- OpenNI2 found (version: 2.2.0.33, include: /usr/include/openni2, lib: /usr/lib/aarch64-linux-gnu/libOpenNI2.so;libusb::libusb)
-- Eigen found (include: /usr/include/eigen3, version: 3.4.0)
-- OpenNI found (version: 1.5.4.0, include: /usr/include/ni, lib: /usr/lib/libOpenNI.so;libusb::libusb)
-- OpenNI2 found (version: 2.2.0.33, include: /usr/include/openni2, lib: /usr/lib/aarch64-linux-gnu/libOpenNI2.so;libusb::libusb)
-- Found Qhull version 8.0.2
-- OpenNI found (version: 1.5.4.0, include: /usr/include/ni, lib: /usr/lib/libOpenNI.so;libusb::libusb)
-- Found PCL_COMMON: /usr/lib/aarch64-linux-gnu/libpcl_common.so  
-- Found PCL_KDTREE: /usr/lib/aarch64-linux-gnu/libpcl_kdtree.so  
-- Found PCL_OCTREE: /usr/lib/aarch64-linux-gnu/libpcl_octree.so  
-- Found PCL_SEARCH: /usr/lib/aarch64-linux-gnu/libpcl_search.so  
-- Found PCL_SAMPLE_CONSENSUS: /usr/lib/aarch64-linux-gnu/libpcl_sample_consensus.so  
-- Found PCL_FILTERS: /usr/lib/aarch64-linux-gnu/libpcl_filters.so  
-- Found PCL_2D: /usr/include/pcl-1.12  
-- Found PCL_GEOMETRY: /usr/include/pcl-1.12  
-- Found PCL_IO: /usr/lib/aarch64-linux-gnu/libpcl_io.so  
-- Found PCL_FEATURES: /usr/lib/aarch64-linux-gnu/libpcl_features.so  
-- Found PCL_ML: /usr/lib/aarch64-linux-gnu/libpcl_ml.so  
-- Found PCL_SEGMENTATION: /usr/lib/aarch64-linux-gnu/libpcl_segmentation.so  
-- Found PCL_VISUALIZATION: /usr/lib/aarch64-linux-gnu/libpcl_visualization.so  
-- Found PCL_SURFACE: /usr/lib/aarch64-linux-gnu/libpcl_surface.so  
-- Found PCL_REGISTRATION: /usr/lib/aarch64-linux-gnu/libpcl_registration.so  
-- Found PCL_KEYPOINTS: /usr/lib/aarch64-linux-gnu/libpcl_keypoints.so  
-- Found PCL_TRACKING: /usr/lib/aarch64-linux-gnu/libpcl_tracking.so  
-- Found PCL_RECOGNITION: /usr/lib/aarch64-linux-gnu/libpcl_recognition.so  
-- Found PCL_STEREO: /usr/lib/aarch64-linux-gnu/libpcl_stereo.so  
-- Found PCL_APPS: /usr/lib/aarch64-linux-gnu/libpcl_apps.so  
-- Found PCL_IN_HAND_SCANNER: /usr/include/pcl-1.12  
-- Found PCL_MODELER: /usr/include/pcl-1.12  
-- Found PCL_POINT_CLOUD_EDITOR: /usr/include/pcl-1.12  
-- Found PCL_OUTOFCORE: /usr/lib/aarch64-linux-gnu/libpcl_outofcore.so  
-- Found PCL_PEOPLE: /usr/lib/aarch64-linux-gnu/libpcl_people.so  
-- Found nav2_common: 1.1.18 (/opt/ros/humble/share/nav2_common/cmake)
-- Found nav_2d_msgs: 1.1.18 (/opt/ros/humble/share/nav_2d_msgs/cmake)
-- Found nav_2d_utils: 1.1.18 (/opt/ros/humble/share/nav_2d_utils/cmake)
-- Configuring done
-- Generating done
-- Build files have been written to: /home/nvidia/gestelt_ws/src/gestelt2/build/gestelt_controller
[ 16%] [32mBuilding CXX object CMakeFiles/simple_progress_checker.dir/plugins/simple_progress_checker.cpp.o[0m
[ 16%] [32mBuilding CXX object CMakeFiles/simple_goal_checker.dir/plugins/simple_goal_checker.cpp.o[0m
[ 25%] [32mBuilding CXX object CMakeFiles/controller_server_core.dir/src/controller_server.cpp.o[0m
[ 33%] [32m[1mLinking CXX shared library libsimple_progress_checker.so[0m
[ 41%] [32m[1mLinking CXX shared library libsimple_goal_checker.so[0m
[ 41%] Built target simple_progress_checker
[ 50%] [32mBuilding CXX object CMakeFiles/pose_progress_checker.dir/plugins/pose_progress_checker.cpp.o[0m
[ 50%] Built target simple_goal_checker
[ 58%] [32mBuilding CXX object CMakeFiles/stopped_goal_checker.dir/plugins/stopped_goal_checker.cpp.o[0m
[ 66%] [32m[1mLinking CXX shared library libpose_progress_checker.so[0m
[ 75%] [32m[1mLinking CXX shared library libstopped_goal_checker.so[0m
[ 75%] Built target pose_progress_checker
[ 75%] Built target stopped_goal_checker
[ 83%] [32m[1mLinking CXX shared library libcontroller_server_core.so[0m
[ 83%] Built target controller_server_core
[ 91%] [32mBuilding CXX object CMakeFiles/controller_server.dir/src/main.cpp.o[0m
[100%] [32m[1mLinking CXX executable controller_server[0m
[100%] Built target controller_server
-- Install configuration: ""
-- Execute custom install script
-- Symlinking: /home/nvidia/gestelt_ws/src/gestelt2/install/gestelt_controller/lib/gestelt_controller/controller_server
-- Symlinking: /home/nvidia/gestelt_ws/src/gestelt2/install/gestelt_controller/include/gestelt_controller/gestelt_controller/controller_server.hpp
-- Symlinking: /home/nvidia/gestelt_ws/src/gestelt2/install/gestelt_controller/include/gestelt_controller/gestelt_controller/plugins/pose_progress_checker.hpp
-- Symlinking: /home/nvidia/gestelt_ws/src/gestelt2/install/gestelt_controller/include/gestelt_controller/gestelt_controller/plugins/simple_goal_checker.hpp
-- Symlinking: /home/nvidia/gestelt_ws/src/gestelt2/install/gestelt_controller/include/gestelt_controller/gestelt_controller/plugins/simple_progress_checker.hpp
-- Symlinking: /home/nvidia/gestelt_ws/src/gestelt2/install/gestelt_controller/include/gestelt_controller/gestelt_controller/plugins/stopped_goal_checker.hpp
-- Symlinking: /home/nvidia/gestelt_ws/src/gestelt2/install/gestelt_controller/share/gestelt_controller/environment/library_path.sh
-- Symlinking: /home/nvidia/gestelt_ws/src/gestelt2/install/gestelt_controller/share/gestelt_controller/environment/library_path.dsv
-- Symlinking: /home/nvidia/gestelt_ws/src/gestelt2/install/gestelt_controller/share/gestelt_controller//plugins.xml
-- Symlinking: /home/nvidia/gestelt_ws/src/gestelt2/install/gestelt_controller/share/ament_index/resource_index/package_run_dependencies/gestelt_controller
-- Symlinking: /home/nvidia/gestelt_ws/src/gestelt2/install/gestelt_controller/share/ament_index/resource_index/parent_prefix_path/gestelt_controller
-- Symlinking: /home/nvidia/gestelt_ws/src/gestelt2/install/gestelt_controller/share/gestelt_controller/environment/ament_prefix_path.sh
-- Symlinking: /home/nvidia/gestelt_ws/src/gestelt2/install/gestelt_controller/share/gestelt_controller/environment/ament_prefix_path.dsv
-- Symlinking: /home/nvidia/gestelt_ws/src/gestelt2/install/gestelt_controller/share/gestelt_controller/environment/path.sh
-- Symlinking: /home/nvidia/gestelt_ws/src/gestelt2/install/gestelt_controller/share/gestelt_controller/environment/path.dsv
-- Symlinking: /home/nvidia/gestelt_ws/src/gestelt2/install/gestelt_controller/share/gestelt_controller/local_setup.bash
-- Symlinking: /home/nvidia/gestelt_ws/src/gestelt2/install/gestelt_controller/share/gestelt_controller/local_setup.sh
-- Symlinking: /home/nvidia/gestelt_ws/src/gestelt2/install/gestelt_controller/share/gestelt_controller/local_setup.zsh
-- Symlinking: /home/nvidia/gestelt_ws/src/gestelt2/install/gestelt_controller/share/gestelt_controller/local_setup.dsv
-- Symlinking: /home/nvidia/gestelt_ws/src/gestelt2/install/gestelt_controller/share/gestelt_controller/package.dsv
-- Symlinking: /home/nvidia/gestelt_ws/src/gestelt2/install/gestelt_controller/share/ament_index/resource_index/packages/gestelt_controller
-- Symlinking: /home/nvidia/gestelt_ws/src/gestelt2/install/gestelt_controller/share/ament_index/resource_index/gestelt_core__pluginlib__plugin/gestelt_controller
-- Symlinking: /home/nvidia/gestelt_ws/src/gestelt2/install/gestelt_controller/share/ament_index/resource_index/rclcpp_components/gestelt_controller
-- Symlinking: /home/nvidia/gestelt_ws/src/gestelt2/install/gestelt_controller/share/gestelt_controller/cmake/ament_cmake_export_include_directories-extras.cmake
-- Symlinking: /home/nvidia/gestelt_ws/src/gestelt2/install/gestelt_controller/share/gestelt_controller/cmake/ament_cmake_export_libraries-extras.cmake
-- Symlinking: /home/nvidia/gestelt_ws/src/gestelt2/install/gestelt_controller/share/gestelt_controller/cmake/ament_cmake_export_dependencies-extras.cmake
-- Symlinking: /home/nvidia/gestelt_ws/src/gestelt2/install/gestelt_controller/share/gestelt_controller/cmake/ament_cmake_export_targets-extras.cmake
-- Symlinking: /home/nvidia/gestelt_ws/src/gestelt2/install/gestelt_controller/share/gestelt_controller/cmake/gestelt_controllerConfig.cmake
-- Symlinking: /home/nvidia/gestelt_ws/src/gestelt2/install/gestelt_controller/share/gestelt_controller/cmake/gestelt_controllerConfig-version.cmake
-- Symlinking: /home/nvidia/gestelt_ws/src/gestelt2/install/gestelt_controller/share/gestelt_controller/package.xml
-- Installing: /home/nvidia/gestelt_ws/src/gestelt2/install/gestelt_controller/lib/libsimple_progress_checker.so
-- Set runtime path of "/home/nvidia/gestelt_ws/src/gestelt2/install/gestelt_controller/lib/libsimple_progress_checker.so" to ""
-- Installing: /home/nvidia/gestelt_ws/src/gestelt2/install/gestelt_controller/lib/libpose_progress_checker.so
-- Set runtime path of "/home/nvidia/gestelt_ws/src/gestelt2/install/gestelt_controller/lib/libpose_progress_checker.so" to ""
-- Installing: /home/nvidia/gestelt_ws/src/gestelt2/install/gestelt_controller/lib/libsimple_goal_checker.so
-- Set runtime path of "/home/nvidia/gestelt_ws/src/gestelt2/install/gestelt_controller/lib/libsimple_goal_checker.so" to ""
-- Installing: /home/nvidia/gestelt_ws/src/gestelt2/install/gestelt_controller/lib/libstopped_goal_checker.so
-- Set runtime path of "/home/nvidia/gestelt_ws/src/gestelt2/install/gestelt_controller/lib/libstopped_goal_checker.so" to ""
-- Installing: /home/nvidia/gestelt_ws/src/gestelt2/install/gestelt_controller/lib/libcontroller_server_core.so
-- Set runtime path of "/home/nvidia/gestelt_ws/src/gestelt2/install/gestelt_controller/lib/libcontroller_server_core.so" to ""
-- Installing: /home/nvidia/gestelt_ws/src/gestelt2/install/gestelt_controller/share/gestelt_controller/cmake/controller_server_coreExport.cmake
-- Installing: /home/nvidia/gestelt_ws/src/gestelt2/install/gestelt_controller/share/gestelt_controller/cmake/controller_server_coreExport-noconfig.cmake
