[0.058s] Invoking command in '/home/nvidia/gestelt_ws/src/gestelt2/build/gestelt_controller': AMENT_PREFIX_PATH=/home/nvidia/gestelt_ws/src/gestelt2/install/gestelt_core:/home/nvidia/gestelt_ws/src/gestelt2/install/occ_map:/home/nvidia/gestelt_ws/src/gestelt2/install/logger_wrapper:/home/nvidia/gestelt_ws/src/gestelt2/install/ikd_tree:/home/nvidia/gestelt_ws/src/gestelt2/install/bonxai:${AMENT_PREFIX_PATH} CMAKE_PREFIX_PATH=/home/nvidia/gestelt_ws/src/gestelt2/install/gestelt_core:/home/nvidia/gestelt_ws/src/gestelt2/install/occ_map:/home/nvidia/gestelt_ws/src/gestelt2/install/logger_wrapper:/home/nvidia/gestelt_ws/src/gestelt2/install/ikd_tree:/home/nvidia/gestelt_ws/src/gestelt2/install/bonxai:/home/nvidia/gestelt_ws/install/gestelt_bringup:/home/nvidia/gestelt_ws/install/trajectory_server:/home/nvidia/gestelt_ws/install/linear_mpc_controller:/home/nvidia/gestelt_ws/install/gestelt_planner:/home/nvidia/gestelt_ws/install/gestelt_controller:/home/nvidia/gestelt_ws/install/astar_planner:/home/nvidia/gestelt_ws/install/gestelt_core:/home/nvidia/gestelt_ws/install/occ_map:/home/nvidia/gestelt_ws/install/logger_wrapper:/home/nvidia/gestelt_ws/install/ikd_tree:/home/nvidia/gestelt_ws/install/gestelt_interfaces:/home/nvidia/gestelt_ws/install/fake_sensor:/home/nvidia/gestelt_ws/install/fake_map:/home/nvidia/gestelt_ws/install/decomp_ros_utils:/home/nvidia/gestelt_ws/install/decomp_util:/home/nvidia/gestelt_ws/install/decomp_ros_msgs:/home/nvidia/gestelt_ws/install/bonxai:/home/nvidia/tl_vision2/install/vrpn_mocap:/home/nvidia/tl_vision2/install/px4_msgs:/home/nvidia/bridge_ws/install/depth2pcl:/home/nvidia/gestelt_ws/install/gestelt_commander:/home/nvidia/tl_vision2/install/vision:/home/nvidia/bridge_ws/install/vilota_bridge:/opt/ros/humble LD_LIBRARY_PATH=/home/nvidia/gestelt_ws/src/gestelt2/install/occ_map/lib:/home/nvidia/gestelt_ws/src/gestelt2/install/logger_wrapper/lib:/home/nvidia/gestelt_ws/src/gestelt2/install/ikd_tree/lib:/home/nvidia/gestelt_ws/src/gestelt2/install/bonxai/lib:${LD_LIBRARY_PATH} /usr/bin/cmake /home/nvidia/gestelt_ws/src/gestelt2/gestelt_controller -DAMENT_CMAKE_SYMLINK_INSTALL=1 -DCMAKE_INSTALL_PREFIX=/home/nvidia/gestelt_ws/src/gestelt2/install/gestelt_controller
[0.178s] -- The C compiler identification is GNU 11.4.0
[0.301s] -- The CXX compiler identification is GNU 11.4.0
[0.315s] -- Detecting C compiler ABI info
[0.470s] -- Detecting C compiler ABI info - done
[0.483s] -- Check for working C compiler: /usr/bin/cc - skipped
[0.483s] -- Detecting C compile features
[0.484s] -- Detecting C compile features - done
[0.490s] -- Detecting CXX compiler ABI info
[0.660s] -- Detecting CXX compiler ABI info - done
[0.674s] -- Check for working CXX compiler: /usr/bin/c++ - skipped
[0.675s] -- Detecting CXX compile features
[0.675s] -- Detecting CXX compile features - done
[0.686s] -- Found ament_cmake: 1.3.11 (/opt/ros/humble/share/ament_cmake/cmake)
[1.070s] -- Found Python3: /usr/bin/python3 (found version "3.10.12") found components: Interpreter 
[1.236s] -- Override CMake install command with custom implementation using symlinks instead of copying resources
[1.355s] -- Found angles: 1.15.0 (/opt/ros/humble/share/angles/cmake)
[1.364s] -- Found geometry_msgs: 4.8.0 (/opt/ros/humble/share/geometry_msgs/cmake)
[1.477s] -- Found rosidl_generator_c: 3.1.6 (/opt/ros/humble/share/rosidl_generator_c/cmake)
[1.496s] -- Found rosidl_adapter: 3.1.6 (/opt/ros/humble/share/rosidl_adapter/cmake)
[1.522s] -- Found rosidl_generator_cpp: 3.1.6 (/opt/ros/humble/share/rosidl_generator_cpp/cmake)
[1.555s] -- Using all available rosidl_typesupport_c: rosidl_typesupport_fastrtps_c;rosidl_typesupport_introspection_c
[1.601s] -- Using all available rosidl_typesupport_cpp: rosidl_typesupport_fastrtps_cpp;rosidl_typesupport_introspection_cpp
[1.691s] -- Found lifecycle_msgs: 1.2.1 (/opt/ros/humble/share/lifecycle_msgs/cmake)
[1.709s] -- Found gestelt_core: 0.0.1 (/home/nvidia/gestelt_ws/src/gestelt2/install/gestelt_core/share/gestelt_core/cmake)
[1.938s] -- Found rmw_implementation_cmake: 6.1.2 (/opt/ros/humble/share/rmw_implementation_cmake/cmake)
[1.949s] -- Found rmw_fastrtps_cpp: 6.2.7 (/opt/ros/humble/share/rmw_fastrtps_cpp/cmake)
[2.022s] -- Found TinyXML2 via Config file: TinyXML2_DIR-NOTFOUND
[2.145s] -- Found OpenSSL: /usr/lib/aarch64-linux-gnu/libcrypto.so (found version "3.0.2")  
[2.150s] -- Found TinyXML2 via Config file: TinyXML2_DIR-NOTFOUND
[2.186s] -- Found FastRTPS: /opt/ros/humble/include  
[2.192s] -- Found TinyXML2 via Config file: TinyXML2_DIR-NOTFOUND
[2.209s] -- Found TinyXML2 via Config file: TinyXML2_DIR-NOTFOUND
[2.233s] -- Using RMW implementation 'rmw_fastrtps_cpp' as default
[2.265s] -- Looking for pthread.h
[2.429s] -- Looking for pthread.h - found
[2.430s] -- Performing Test CMAKE_HAVE_LIBC_PTHREAD
[2.600s] -- Performing Test CMAKE_HAVE_LIBC_PTHREAD - Success
[2.600s] -- Found Threads: TRUE  
[3.085s] -- Found eigen3_cmake_module: 0.1.1 (/opt/ros/humble/share/eigen3_cmake_module/cmake)
[3.088s] -- Found Eigen3: TRUE (found version "3.4.0") 
[3.088s] -- Ensuring Eigen3 include directory is part of orocos-kdl CMake target
[3.216s] -- Checking for module 'eigen3'
[3.251s] --   Found eigen3, version 3.4.0
[3.336s] -- Found Eigen: /usr/include/eigen3 (Required is at least version "3.1") 
[3.337s] -- Eigen found (include: /usr/include/eigen3, version: 3.4.0)
[3.444s] -- Checking for module 'flann'
[3.479s] --   Found flann, version 1.9.1
[3.575s] -- Found FLANN: /usr/lib/aarch64-linux-gnu/libflann_cpp.so  
[3.576s] -- FLANN found (include: /usr/include, lib: /usr/lib/aarch64-linux-gnu/libflann_cpp.so)
[5.726s] -- Checking for module 'libusb-1.0'
[5.766s] --   Found libusb-1.0, version 1.0.25
[5.857s] -- Found libusb: /usr/lib/aarch64-linux-gnu/libusb-1.0.so  
[5.860s] -- OpenNI found (version: 1.5.4.0, include: /usr/include/ni, lib: /usr/lib/libOpenNI.so;libusb::libusb)
[6.005s] -- OpenNI2 found (version: 2.2.0.33, include: /usr/include/openni2, lib: /usr/lib/aarch64-linux-gnu/libOpenNI2.so;libusb::libusb)
[6.346s] -- Eigen found (include: /usr/include/eigen3, version: 3.4.0)
[6.361s] -- OpenNI found (version: 1.5.4.0, include: /usr/include/ni, lib: /usr/lib/libOpenNI.so;libusb::libusb)
[6.375s] -- OpenNI2 found (version: 2.2.0.33, include: /usr/include/openni2, lib: /usr/lib/aarch64-linux-gnu/libOpenNI2.so;libusb::libusb)
[6.698s] -- Found Qhull version 8.0.2
[7.033s] -- OpenNI found (version: 1.5.4.0, include: /usr/include/ni, lib: /usr/lib/libOpenNI.so;libusb::libusb)
[7.370s] -- Found PCL_COMMON: /usr/lib/aarch64-linux-gnu/libpcl_common.so  
[7.372s] -- Found PCL_KDTREE: /usr/lib/aarch64-linux-gnu/libpcl_kdtree.so  
[7.374s] -- Found PCL_OCTREE: /usr/lib/aarch64-linux-gnu/libpcl_octree.so  
[7.376s] -- Found PCL_SEARCH: /usr/lib/aarch64-linux-gnu/libpcl_search.so  
[7.378s] -- Found PCL_SAMPLE_CONSENSUS: /usr/lib/aarch64-linux-gnu/libpcl_sample_consensus.so  
[7.380s] -- Found PCL_FILTERS: /usr/lib/aarch64-linux-gnu/libpcl_filters.so  
[7.381s] -- Found PCL_2D: /usr/include/pcl-1.12  
[7.382s] -- Found PCL_GEOMETRY: /usr/include/pcl-1.12  
[7.384s] -- Found PCL_IO: /usr/lib/aarch64-linux-gnu/libpcl_io.so  
[7.389s] -- Found PCL_FEATURES: /usr/lib/aarch64-linux-gnu/libpcl_features.so  
[7.391s] -- Found PCL_ML: /usr/lib/aarch64-linux-gnu/libpcl_ml.so  
[7.393s] -- Found PCL_SEGMENTATION: /usr/lib/aarch64-linux-gnu/libpcl_segmentation.so  
[7.396s] -- Found PCL_VISUALIZATION: /usr/lib/aarch64-linux-gnu/libpcl_visualization.so  
[7.398s] -- Found PCL_SURFACE: /usr/lib/aarch64-linux-gnu/libpcl_surface.so  
[7.400s] -- Found PCL_REGISTRATION: /usr/lib/aarch64-linux-gnu/libpcl_registration.so  
[7.402s] -- Found PCL_KEYPOINTS: /usr/lib/aarch64-linux-gnu/libpcl_keypoints.so  
[7.405s] -- Found PCL_TRACKING: /usr/lib/aarch64-linux-gnu/libpcl_tracking.so  
[7.407s] -- Found PCL_RECOGNITION: /usr/lib/aarch64-linux-gnu/libpcl_recognition.so  
[7.409s] -- Found PCL_STEREO: /usr/lib/aarch64-linux-gnu/libpcl_stereo.so  
[7.411s] -- Found PCL_APPS: /usr/lib/aarch64-linux-gnu/libpcl_apps.so  
[7.413s] -- Found PCL_IN_HAND_SCANNER: /usr/include/pcl-1.12  
[7.414s] -- Found PCL_MODELER: /usr/include/pcl-1.12  
[7.415s] -- Found PCL_POINT_CLOUD_EDITOR: /usr/include/pcl-1.12  
[7.417s] -- Found PCL_OUTOFCORE: /usr/lib/aarch64-linux-gnu/libpcl_outofcore.so  
[7.419s] -- Found PCL_PEOPLE: /usr/lib/aarch64-linux-gnu/libpcl_people.so  
[7.600s] -- Found nav2_common: 1.1.18 (/opt/ros/humble/share/nav2_common/cmake)
[7.610s] -- Found nav_2d_msgs: 1.1.18 (/opt/ros/humble/share/nav_2d_msgs/cmake)
[7.653s] -- Found nav_2d_utils: 1.1.18 (/opt/ros/humble/share/nav_2d_utils/cmake)
[8.551s] -- Configuring done
[9.263s] -- Generating done
[9.387s] -- Build files have been written to: /home/nvidia/gestelt_ws/src/gestelt2/build/gestelt_controller
[9.462s] Invoked command in '/home/nvidia/gestelt_ws/src/gestelt2/build/gestelt_controller' returned '0': AMENT_PREFIX_PATH=/home/nvidia/gestelt_ws/src/gestelt2/install/gestelt_core:/home/nvidia/gestelt_ws/src/gestelt2/install/occ_map:/home/nvidia/gestelt_ws/src/gestelt2/install/logger_wrapper:/home/nvidia/gestelt_ws/src/gestelt2/install/ikd_tree:/home/nvidia/gestelt_ws/src/gestelt2/install/bonxai:${AMENT_PREFIX_PATH} CMAKE_PREFIX_PATH=/home/nvidia/gestelt_ws/src/gestelt2/install/gestelt_core:/home/nvidia/gestelt_ws/src/gestelt2/install/occ_map:/home/nvidia/gestelt_ws/src/gestelt2/install/logger_wrapper:/home/nvidia/gestelt_ws/src/gestelt2/install/ikd_tree:/home/nvidia/gestelt_ws/src/gestelt2/install/bonxai:/home/nvidia/gestelt_ws/install/gestelt_bringup:/home/nvidia/gestelt_ws/install/trajectory_server:/home/nvidia/gestelt_ws/install/linear_mpc_controller:/home/nvidia/gestelt_ws/install/gestelt_planner:/home/nvidia/gestelt_ws/install/gestelt_controller:/home/nvidia/gestelt_ws/install/astar_planner:/home/nvidia/gestelt_ws/install/gestelt_core:/home/nvidia/gestelt_ws/install/occ_map:/home/nvidia/gestelt_ws/install/logger_wrapper:/home/nvidia/gestelt_ws/install/ikd_tree:/home/nvidia/gestelt_ws/install/gestelt_interfaces:/home/nvidia/gestelt_ws/install/fake_sensor:/home/nvidia/gestelt_ws/install/fake_map:/home/nvidia/gestelt_ws/install/decomp_ros_utils:/home/nvidia/gestelt_ws/install/decomp_util:/home/nvidia/gestelt_ws/install/decomp_ros_msgs:/home/nvidia/gestelt_ws/install/bonxai:/home/nvidia/tl_vision2/install/vrpn_mocap:/home/nvidia/tl_vision2/install/px4_msgs:/home/nvidia/bridge_ws/install/depth2pcl:/home/nvidia/gestelt_ws/install/gestelt_commander:/home/nvidia/tl_vision2/install/vision:/home/nvidia/bridge_ws/install/vilota_bridge:/opt/ros/humble LD_LIBRARY_PATH=/home/nvidia/gestelt_ws/src/gestelt2/install/occ_map/lib:/home/nvidia/gestelt_ws/src/gestelt2/install/logger_wrapper/lib:/home/nvidia/gestelt_ws/src/gestelt2/install/ikd_tree/lib:/home/nvidia/gestelt_ws/src/gestelt2/install/bonxai/lib:${LD_LIBRARY_PATH} /usr/bin/cmake /home/nvidia/gestelt_ws/src/gestelt2/gestelt_controller -DAMENT_CMAKE_SYMLINK_INSTALL=1 -DCMAKE_INSTALL_PREFIX=/home/nvidia/gestelt_ws/src/gestelt2/install/gestelt_controller
[9.463s] Invoking command in '/home/nvidia/gestelt_ws/src/gestelt2/build/gestelt_controller': AMENT_PREFIX_PATH=/home/nvidia/gestelt_ws/src/gestelt2/install/gestelt_core:/home/nvidia/gestelt_ws/src/gestelt2/install/occ_map:/home/nvidia/gestelt_ws/src/gestelt2/install/logger_wrapper:/home/nvidia/gestelt_ws/src/gestelt2/install/ikd_tree:/home/nvidia/gestelt_ws/src/gestelt2/install/bonxai:${AMENT_PREFIX_PATH} CMAKE_PREFIX_PATH=/home/nvidia/gestelt_ws/src/gestelt2/install/gestelt_core:/home/nvidia/gestelt_ws/src/gestelt2/install/occ_map:/home/nvidia/gestelt_ws/src/gestelt2/install/logger_wrapper:/home/nvidia/gestelt_ws/src/gestelt2/install/ikd_tree:/home/nvidia/gestelt_ws/src/gestelt2/install/bonxai:/home/nvidia/gestelt_ws/install/gestelt_bringup:/home/nvidia/gestelt_ws/install/trajectory_server:/home/nvidia/gestelt_ws/install/linear_mpc_controller:/home/nvidia/gestelt_ws/install/gestelt_planner:/home/nvidia/gestelt_ws/install/gestelt_controller:/home/nvidia/gestelt_ws/install/astar_planner:/home/nvidia/gestelt_ws/install/gestelt_core:/home/nvidia/gestelt_ws/install/occ_map:/home/nvidia/gestelt_ws/install/logger_wrapper:/home/nvidia/gestelt_ws/install/ikd_tree:/home/nvidia/gestelt_ws/install/gestelt_interfaces:/home/nvidia/gestelt_ws/install/fake_sensor:/home/nvidia/gestelt_ws/install/fake_map:/home/nvidia/gestelt_ws/install/decomp_ros_utils:/home/nvidia/gestelt_ws/install/decomp_util:/home/nvidia/gestelt_ws/install/decomp_ros_msgs:/home/nvidia/gestelt_ws/install/bonxai:/home/nvidia/tl_vision2/install/vrpn_mocap:/home/nvidia/tl_vision2/install/px4_msgs:/home/nvidia/bridge_ws/install/depth2pcl:/home/nvidia/gestelt_ws/install/gestelt_commander:/home/nvidia/tl_vision2/install/vision:/home/nvidia/bridge_ws/install/vilota_bridge:/opt/ros/humble LD_LIBRARY_PATH=/home/nvidia/gestelt_ws/src/gestelt2/install/occ_map/lib:/home/nvidia/gestelt_ws/src/gestelt2/install/logger_wrapper/lib:/home/nvidia/gestelt_ws/src/gestelt2/install/ikd_tree/lib:/home/nvidia/gestelt_ws/src/gestelt2/install/bonxai/lib:${LD_LIBRARY_PATH} /usr/bin/cmake --build /home/nvidia/gestelt_ws/src/gestelt2/build/gestelt_controller -- -j8 -l8
[9.598s] [ 16%] [32mBuilding CXX object CMakeFiles/simple_progress_checker.dir/plugins/simple_progress_checker.cpp.o[0m
[9.599s] [ 16%] [32mBuilding CXX object CMakeFiles/simple_goal_checker.dir/plugins/simple_goal_checker.cpp.o[0m
[9.601s] [ 25%] [32mBuilding CXX object CMakeFiles/controller_server_core.dir/src/controller_server.cpp.o[0m
[18.290s] [ 33%] [32m[1mLinking CXX shared library libsimple_progress_checker.so[0m
[18.503s] [ 41%] [32m[1mLinking CXX shared library libsimple_goal_checker.so[0m
[19.412s] [ 41%] Built target simple_progress_checker
[19.474s] [ 50%] [32mBuilding CXX object CMakeFiles/pose_progress_checker.dir/plugins/pose_progress_checker.cpp.o[0m
[19.660s] [ 50%] Built target simple_goal_checker
[19.720s] [ 58%] [32mBuilding CXX object CMakeFiles/stopped_goal_checker.dir/plugins/stopped_goal_checker.cpp.o[0m
[28.074s] [ 66%] [32m[1mLinking CXX shared library libpose_progress_checker.so[0m
[28.162s] [ 75%] [32m[1mLinking CXX shared library libstopped_goal_checker.so[0m
[29.278s] [ 75%] Built target pose_progress_checker
[29.569s] [ 75%] Built target stopped_goal_checker
[62.892s] [ 83%] [32m[1mLinking CXX shared library libcontroller_server_core.so[0m
[67.730s] [ 83%] Built target controller_server_core
[67.784s] [ 91%] [32mBuilding CXX object CMakeFiles/controller_server.dir/src/main.cpp.o[0m
[91.756s] [100%] [32m[1mLinking CXX executable controller_server[0m
[94.755s] [100%] Built target controller_server
[94.783s] Invoked command in '/home/nvidia/gestelt_ws/src/gestelt2/build/gestelt_controller' returned '0': AMENT_PREFIX_PATH=/home/nvidia/gestelt_ws/src/gestelt2/install/gestelt_core:/home/nvidia/gestelt_ws/src/gestelt2/install/occ_map:/home/nvidia/gestelt_ws/src/gestelt2/install/logger_wrapper:/home/nvidia/gestelt_ws/src/gestelt2/install/ikd_tree:/home/nvidia/gestelt_ws/src/gestelt2/install/bonxai:${AMENT_PREFIX_PATH} CMAKE_PREFIX_PATH=/home/nvidia/gestelt_ws/src/gestelt2/install/gestelt_core:/home/nvidia/gestelt_ws/src/gestelt2/install/occ_map:/home/nvidia/gestelt_ws/src/gestelt2/install/logger_wrapper:/home/nvidia/gestelt_ws/src/gestelt2/install/ikd_tree:/home/nvidia/gestelt_ws/src/gestelt2/install/bonxai:/home/nvidia/gestelt_ws/install/gestelt_bringup:/home/nvidia/gestelt_ws/install/trajectory_server:/home/nvidia/gestelt_ws/install/linear_mpc_controller:/home/nvidia/gestelt_ws/install/gestelt_planner:/home/nvidia/gestelt_ws/install/gestelt_controller:/home/nvidia/gestelt_ws/install/astar_planner:/home/nvidia/gestelt_ws/install/gestelt_core:/home/nvidia/gestelt_ws/install/occ_map:/home/nvidia/gestelt_ws/install/logger_wrapper:/home/nvidia/gestelt_ws/install/ikd_tree:/home/nvidia/gestelt_ws/install/gestelt_interfaces:/home/nvidia/gestelt_ws/install/fake_sensor:/home/nvidia/gestelt_ws/install/fake_map:/home/nvidia/gestelt_ws/install/decomp_ros_utils:/home/nvidia/gestelt_ws/install/decomp_util:/home/nvidia/gestelt_ws/install/decomp_ros_msgs:/home/nvidia/gestelt_ws/install/bonxai:/home/nvidia/tl_vision2/install/vrpn_mocap:/home/nvidia/tl_vision2/install/px4_msgs:/home/nvidia/bridge_ws/install/depth2pcl:/home/nvidia/gestelt_ws/install/gestelt_commander:/home/nvidia/tl_vision2/install/vision:/home/nvidia/bridge_ws/install/vilota_bridge:/opt/ros/humble LD_LIBRARY_PATH=/home/nvidia/gestelt_ws/src/gestelt2/install/occ_map/lib:/home/nvidia/gestelt_ws/src/gestelt2/install/logger_wrapper/lib:/home/nvidia/gestelt_ws/src/gestelt2/install/ikd_tree/lib:/home/nvidia/gestelt_ws/src/gestelt2/install/bonxai/lib:${LD_LIBRARY_PATH} /usr/bin/cmake --build /home/nvidia/gestelt_ws/src/gestelt2/build/gestelt_controller -- -j8 -l8
[94.787s] Invoking command in '/home/nvidia/gestelt_ws/src/gestelt2/build/gestelt_controller': AMENT_PREFIX_PATH=/home/nvidia/gestelt_ws/src/gestelt2/install/gestelt_core:/home/nvidia/gestelt_ws/src/gestelt2/install/occ_map:/home/nvidia/gestelt_ws/src/gestelt2/install/logger_wrapper:/home/nvidia/gestelt_ws/src/gestelt2/install/ikd_tree:/home/nvidia/gestelt_ws/src/gestelt2/install/bonxai:${AMENT_PREFIX_PATH} CMAKE_PREFIX_PATH=/home/nvidia/gestelt_ws/src/gestelt2/install/gestelt_core:/home/nvidia/gestelt_ws/src/gestelt2/install/occ_map:/home/nvidia/gestelt_ws/src/gestelt2/install/logger_wrapper:/home/nvidia/gestelt_ws/src/gestelt2/install/ikd_tree:/home/nvidia/gestelt_ws/src/gestelt2/install/bonxai:/home/nvidia/gestelt_ws/install/gestelt_bringup:/home/nvidia/gestelt_ws/install/trajectory_server:/home/nvidia/gestelt_ws/install/linear_mpc_controller:/home/nvidia/gestelt_ws/install/gestelt_planner:/home/nvidia/gestelt_ws/install/gestelt_controller:/home/nvidia/gestelt_ws/install/astar_planner:/home/nvidia/gestelt_ws/install/gestelt_core:/home/nvidia/gestelt_ws/install/occ_map:/home/nvidia/gestelt_ws/install/logger_wrapper:/home/nvidia/gestelt_ws/install/ikd_tree:/home/nvidia/gestelt_ws/install/gestelt_interfaces:/home/nvidia/gestelt_ws/install/fake_sensor:/home/nvidia/gestelt_ws/install/fake_map:/home/nvidia/gestelt_ws/install/decomp_ros_utils:/home/nvidia/gestelt_ws/install/decomp_util:/home/nvidia/gestelt_ws/install/decomp_ros_msgs:/home/nvidia/gestelt_ws/install/bonxai:/home/nvidia/tl_vision2/install/vrpn_mocap:/home/nvidia/tl_vision2/install/px4_msgs:/home/nvidia/bridge_ws/install/depth2pcl:/home/nvidia/gestelt_ws/install/gestelt_commander:/home/nvidia/tl_vision2/install/vision:/home/nvidia/bridge_ws/install/vilota_bridge:/opt/ros/humble LD_LIBRARY_PATH=/home/nvidia/gestelt_ws/src/gestelt2/install/occ_map/lib:/home/nvidia/gestelt_ws/src/gestelt2/install/logger_wrapper/lib:/home/nvidia/gestelt_ws/src/gestelt2/install/ikd_tree/lib:/home/nvidia/gestelt_ws/src/gestelt2/install/bonxai/lib:${LD_LIBRARY_PATH} /usr/bin/cmake --install /home/nvidia/gestelt_ws/src/gestelt2/build/gestelt_controller
[94.805s] -- Install configuration: ""
[94.805s] -- Execute custom install script
[94.806s] -- Symlinking: /home/nvidia/gestelt_ws/src/gestelt2/install/gestelt_controller/lib/gestelt_controller/controller_server
[94.827s] -- Symlinking: /home/nvidia/gestelt_ws/src/gestelt2/install/gestelt_controller/include/gestelt_controller/gestelt_controller/controller_server.hpp
[94.846s] -- Symlinking: /home/nvidia/gestelt_ws/src/gestelt2/install/gestelt_controller/include/gestelt_controller/gestelt_controller/plugins/pose_progress_checker.hpp
[94.867s] -- Symlinking: /home/nvidia/gestelt_ws/src/gestelt2/install/gestelt_controller/include/gestelt_controller/gestelt_controller/plugins/simple_goal_checker.hpp
[94.887s] -- Symlinking: /home/nvidia/gestelt_ws/src/gestelt2/install/gestelt_controller/include/gestelt_controller/gestelt_controller/plugins/simple_progress_checker.hpp
[94.909s] -- Symlinking: /home/nvidia/gestelt_ws/src/gestelt2/install/gestelt_controller/include/gestelt_controller/gestelt_controller/plugins/stopped_goal_checker.hpp
[94.929s] -- Symlinking: /home/nvidia/gestelt_ws/src/gestelt2/install/gestelt_controller/share/gestelt_controller/environment/library_path.sh
[94.949s] -- Symlinking: /home/nvidia/gestelt_ws/src/gestelt2/install/gestelt_controller/share/gestelt_controller/environment/library_path.dsv
[94.970s] -- Symlinking: /home/nvidia/gestelt_ws/src/gestelt2/install/gestelt_controller/share/gestelt_controller//plugins.xml
[94.990s] -- Symlinking: /home/nvidia/gestelt_ws/src/gestelt2/install/gestelt_controller/share/ament_index/resource_index/package_run_dependencies/gestelt_controller
[95.010s] -- Symlinking: /home/nvidia/gestelt_ws/src/gestelt2/install/gestelt_controller/share/ament_index/resource_index/parent_prefix_path/gestelt_controller
[95.030s] -- Symlinking: /home/nvidia/gestelt_ws/src/gestelt2/install/gestelt_controller/share/gestelt_controller/environment/ament_prefix_path.sh
[95.050s] -- Symlinking: /home/nvidia/gestelt_ws/src/gestelt2/install/gestelt_controller/share/gestelt_controller/environment/ament_prefix_path.dsv
[95.071s] -- Symlinking: /home/nvidia/gestelt_ws/src/gestelt2/install/gestelt_controller/share/gestelt_controller/environment/path.sh
[95.091s] -- Symlinking: /home/nvidia/gestelt_ws/src/gestelt2/install/gestelt_controller/share/gestelt_controller/environment/path.dsv
[95.112s] -- Symlinking: /home/nvidia/gestelt_ws/src/gestelt2/install/gestelt_controller/share/gestelt_controller/local_setup.bash
[95.132s] -- Symlinking: /home/nvidia/gestelt_ws/src/gestelt2/install/gestelt_controller/share/gestelt_controller/local_setup.sh
[95.154s] -- Symlinking: /home/nvidia/gestelt_ws/src/gestelt2/install/gestelt_controller/share/gestelt_controller/local_setup.zsh
[95.175s] -- Symlinking: /home/nvidia/gestelt_ws/src/gestelt2/install/gestelt_controller/share/gestelt_controller/local_setup.dsv
[95.195s] -- Symlinking: /home/nvidia/gestelt_ws/src/gestelt2/install/gestelt_controller/share/gestelt_controller/package.dsv
[95.216s] -- Symlinking: /home/nvidia/gestelt_ws/src/gestelt2/install/gestelt_controller/share/ament_index/resource_index/packages/gestelt_controller
[95.236s] -- Symlinking: /home/nvidia/gestelt_ws/src/gestelt2/install/gestelt_controller/share/ament_index/resource_index/gestelt_core__pluginlib__plugin/gestelt_controller
[95.258s] -- Symlinking: /home/nvidia/gestelt_ws/src/gestelt2/install/gestelt_controller/share/ament_index/resource_index/rclcpp_components/gestelt_controller
[95.278s] -- Symlinking: /home/nvidia/gestelt_ws/src/gestelt2/install/gestelt_controller/share/gestelt_controller/cmake/ament_cmake_export_include_directories-extras.cmake
[95.298s] -- Symlinking: /home/nvidia/gestelt_ws/src/gestelt2/install/gestelt_controller/share/gestelt_controller/cmake/ament_cmake_export_libraries-extras.cmake
[95.319s] -- Symlinking: /home/nvidia/gestelt_ws/src/gestelt2/install/gestelt_controller/share/gestelt_controller/cmake/ament_cmake_export_dependencies-extras.cmake
[95.339s] -- Symlinking: /home/nvidia/gestelt_ws/src/gestelt2/install/gestelt_controller/share/gestelt_controller/cmake/ament_cmake_export_targets-extras.cmake
[95.360s] -- Symlinking: /home/nvidia/gestelt_ws/src/gestelt2/install/gestelt_controller/share/gestelt_controller/cmake/gestelt_controllerConfig.cmake
[95.381s] -- Symlinking: /home/nvidia/gestelt_ws/src/gestelt2/install/gestelt_controller/share/gestelt_controller/cmake/gestelt_controllerConfig-version.cmake
[95.402s] -- Symlinking: /home/nvidia/gestelt_ws/src/gestelt2/install/gestelt_controller/share/gestelt_controller/package.xml
[95.422s] -- Installing: /home/nvidia/gestelt_ws/src/gestelt2/install/gestelt_controller/lib/libsimple_progress_checker.so
[95.423s] -- Set runtime path of "/home/nvidia/gestelt_ws/src/gestelt2/install/gestelt_controller/lib/libsimple_progress_checker.so" to ""
[95.424s] -- Installing: /home/nvidia/gestelt_ws/src/gestelt2/install/gestelt_controller/lib/libpose_progress_checker.so
[95.425s] -- Set runtime path of "/home/nvidia/gestelt_ws/src/gestelt2/install/gestelt_controller/lib/libpose_progress_checker.so" to ""
[95.425s] -- Installing: /home/nvidia/gestelt_ws/src/gestelt2/install/gestelt_controller/lib/libsimple_goal_checker.so
[95.426s] -- Set runtime path of "/home/nvidia/gestelt_ws/src/gestelt2/install/gestelt_controller/lib/libsimple_goal_checker.so" to ""
[95.426s] -- Installing: /home/nvidia/gestelt_ws/src/gestelt2/install/gestelt_controller/lib/libstopped_goal_checker.so
[95.427s] -- Set runtime path of "/home/nvidia/gestelt_ws/src/gestelt2/install/gestelt_controller/lib/libstopped_goal_checker.so" to ""
[95.428s] -- Installing: /home/nvidia/gestelt_ws/src/gestelt2/install/gestelt_controller/lib/libcontroller_server_core.so
[95.447s] -- Set runtime path of "/home/nvidia/gestelt_ws/src/gestelt2/install/gestelt_controller/lib/libcontroller_server_core.so" to ""
[95.447s] -- Installing: /home/nvidia/gestelt_ws/src/gestelt2/install/gestelt_controller/share/gestelt_controller/cmake/controller_server_coreExport.cmake
[95.448s] -- Installing: /home/nvidia/gestelt_ws/src/gestelt2/install/gestelt_controller/share/gestelt_controller/cmake/controller_server_coreExport-noconfig.cmake
[95.453s] Invoked command in '/home/nvidia/gestelt_ws/src/gestelt2/build/gestelt_controller' returned '0': AMENT_PREFIX_PATH=/home/nvidia/gestelt_ws/src/gestelt2/install/gestelt_core:/home/nvidia/gestelt_ws/src/gestelt2/install/occ_map:/home/nvidia/gestelt_ws/src/gestelt2/install/logger_wrapper:/home/nvidia/gestelt_ws/src/gestelt2/install/ikd_tree:/home/nvidia/gestelt_ws/src/gestelt2/install/bonxai:${AMENT_PREFIX_PATH} CMAKE_PREFIX_PATH=/home/nvidia/gestelt_ws/src/gestelt2/install/gestelt_core:/home/nvidia/gestelt_ws/src/gestelt2/install/occ_map:/home/nvidia/gestelt_ws/src/gestelt2/install/logger_wrapper:/home/nvidia/gestelt_ws/src/gestelt2/install/ikd_tree:/home/nvidia/gestelt_ws/src/gestelt2/install/bonxai:/home/nvidia/gestelt_ws/install/gestelt_bringup:/home/nvidia/gestelt_ws/install/trajectory_server:/home/nvidia/gestelt_ws/install/linear_mpc_controller:/home/nvidia/gestelt_ws/install/gestelt_planner:/home/nvidia/gestelt_ws/install/gestelt_controller:/home/nvidia/gestelt_ws/install/astar_planner:/home/nvidia/gestelt_ws/install/gestelt_core:/home/nvidia/gestelt_ws/install/occ_map:/home/nvidia/gestelt_ws/install/logger_wrapper:/home/nvidia/gestelt_ws/install/ikd_tree:/home/nvidia/gestelt_ws/install/gestelt_interfaces:/home/nvidia/gestelt_ws/install/fake_sensor:/home/nvidia/gestelt_ws/install/fake_map:/home/nvidia/gestelt_ws/install/decomp_ros_utils:/home/nvidia/gestelt_ws/install/decomp_util:/home/nvidia/gestelt_ws/install/decomp_ros_msgs:/home/nvidia/gestelt_ws/install/bonxai:/home/nvidia/tl_vision2/install/vrpn_mocap:/home/nvidia/tl_vision2/install/px4_msgs:/home/nvidia/bridge_ws/install/depth2pcl:/home/nvidia/gestelt_ws/install/gestelt_commander:/home/nvidia/tl_vision2/install/vision:/home/nvidia/bridge_ws/install/vilota_bridge:/opt/ros/humble LD_LIBRARY_PATH=/home/nvidia/gestelt_ws/src/gestelt2/install/occ_map/lib:/home/nvidia/gestelt_ws/src/gestelt2/install/logger_wrapper/lib:/home/nvidia/gestelt_ws/src/gestelt2/install/ikd_tree/lib:/home/nvidia/gestelt_ws/src/gestelt2/install/bonxai/lib:${LD_LIBRARY_PATH} /usr/bin/cmake --install /home/nvidia/gestelt_ws/src/gestelt2/build/gestelt_controller
