-- The C compiler identification is GNU 11.4.0
-- The CXX compiler identification is GNU 11.4.0
-- Detecting C compiler ABI info
-- Detecting C compiler ABI info - done
-- Check for working C compiler: /usr/bin/cc - skipped
-- Detecting C compile features
-- Detecting C compile features - done
-- Detecting CXX compiler ABI info
-- Detecting CXX compiler ABI info - done
-- Check for working CXX compiler: /usr/bin/c++ - skipped
-- Detecting CXX compile features
-- Detecting CXX compile features - done
-- Found ament_cmake: 1.3.11 (/opt/ros/humble/share/ament_cmake/cmake)
-- Found Python3: /usr/bin/python3 (found version "3.10.12") found components: Interpreter 
-- Override CMake install command with custom implementation using symlinks instead of copying resources
-- Found rosidl_default_generators: 1.2.0 (/opt/ros/humble/share/rosidl_default_generators/cmake)
-- Using all available rosidl_typesupport_c: rosidl_typesupport_fastrtps_c;rosidl_typesupport_introspection_c
-- Found rosidl_adapter: 3.1.6 (/opt/ros/humble/share/rosidl_adapter/cmake)
-- Using all available rosidl_typesupport_cpp: rosidl_typesupport_fastrtps_cpp;rosidl_typesupport_introspection_cpp
-- Found std_msgs: 4.8.0 (/opt/ros/humble/share/std_msgs/cmake)
-- Found geometry_msgs: 4.8.0 (/opt/ros/humble/share/geometry_msgs/cmake)
-- Found ament_cmake_ros: 0.10.0 (/opt/ros/humble/share/ament_cmake_ros/cmake)
-- Using all available rosidl_typesupport_c: rosidl_typesupport_fastrtps_c;rosidl_typesupport_introspection_c
-- Using all available rosidl_typesupport_cpp: rosidl_typesupport_fastrtps_cpp;rosidl_typesupport_introspection_cpp
-- Found PythonInterp: /usr/bin/python3 (found suitable version "3.10.12", minimum required is "3.6") 
-- Found python_cmake_module: 0.10.0 (/opt/ros/humble/share/python_cmake_module/cmake)
-- Found PythonLibs: /usr/lib/aarch64-linux-gnu/libpython3.10.so (found suitable version "3.10.12", minimum required is "3.5") 
-- Using PYTHON_EXECUTABLE: /usr/bin/python3
-- Using PYTHON_INCLUDE_DIRS: /usr/include/python3.10
-- Using PYTHON_LIBRARIES: /usr/lib/aarch64-linux-gnu/libpython3.10.so
-- Found PythonExtra: .so  
-- Found ament_lint_auto: 0.12.12 (/opt/ros/humble/share/ament_lint_auto/cmake)
-- Added test 'lint_cmake' to check CMake code style
-- Added test 'xmllint' to check XML markup files
-- Configuring done
-- Generating done
-- Build files have been written to: /home/nvidia/gestelt_ws/src/gestelt2/build/gestelt_interfaces
[  1%] [34m[1mGenerating C code for ROS interfaces[0m
[  2%] [34m[1mGenerating C++ code for ROS interfaces[0m
[  2%] Built target ament_cmake_python_symlink_gestelt_interfaces
running egg_info
creating gestelt_interfaces.egg-info
writing gestelt_interfaces.egg-info/PKG-INFO
writing dependency_links to gestelt_interfaces.egg-info/dependency_links.txt
writing top-level names to gestelt_interfaces.egg-info/top_level.txt
writing manifest file 'gestelt_interfaces.egg-info/SOURCES.txt'
reading manifest file 'gestelt_interfaces.egg-info/SOURCES.txt'
writing manifest file 'gestelt_interfaces.egg-info/SOURCES.txt'
[  2%] Built target ament_cmake_python_build_gestelt_interfaces_egg
[  2%] Built target gestelt_interfaces__cpp
[  3%] [32mBuilding C object CMakeFiles/gestelt_interfaces__rosidl_generator_c.dir/rosidl_generator_c/gestelt_interfaces/msg/detail/all_uav_command__functions.c.o[0m
[  5%] [32mBuilding C object CMakeFiles/gestelt_interfaces__rosidl_generator_c.dir/rosidl_generator_c/gestelt_interfaces/srv/detail/uav_command__functions.c.o[0m
[  6%] [32mBuilding C object CMakeFiles/gestelt_interfaces__rosidl_generator_c.dir/rosidl_generator_c/gestelt_interfaces/msg/detail/goals__functions.c.o[0m
[  7%] [32mBuilding C object CMakeFiles/gestelt_interfaces__rosidl_generator_c.dir/rosidl_generator_c/gestelt_interfaces/msg/detail/plan_request__functions.c.o[0m
[  8%] [32mBuilding C object CMakeFiles/gestelt_interfaces__rosidl_generator_c.dir/rosidl_generator_c/gestelt_interfaces/msg/detail/space_time_path__functions.c.o[0m
[ 10%] [34m[1mGenerating C++ type support dispatch for ROS interfaces[0m
[ 11%] [34m[1mGenerating C++ introspection for ROS interfaces[0m
[ 12%] [34m[1mGenerating C++ type support for eProsima Fast-RTPS[0m
[ 13%] [32mBuilding C object CMakeFiles/gestelt_interfaces__rosidl_generator_c.dir/rosidl_generator_c/gestelt_interfaces/msg/detail/uav_state__functions.c.o[0m
[ 15%] [32mBuilding C object CMakeFiles/gestelt_interfaces__rosidl_generator_c.dir/rosidl_generator_c/gestelt_interfaces/msg/detail/nav_state__functions.c.o[0m
[ 16%] [32m[1mLinking C shared library libgestelt_interfaces__rosidl_generator_c.so[0m
[ 16%] Built target gestelt_interfaces__rosidl_generator_c
[ 17%] [34m[1mGenerating C type support dispatch for ROS interfaces[0m
[ 18%] [34m[1mGenerating C type support for eProsima Fast-RTPS[0m
[ 20%] [34m[1mGenerating C introspection for ROS interfaces[0m
[ 21%] [32mBuilding CXX object CMakeFiles/gestelt_interfaces__rosidl_typesupport_cpp.dir/rosidl_typesupport_cpp/gestelt_interfaces/srv/uav_command__type_support.cpp.o[0m
[ 22%] [32mBuilding CXX object CMakeFiles/gestelt_interfaces__rosidl_typesupport_cpp.dir/rosidl_typesupport_cpp/gestelt_interfaces/msg/goals__type_support.cpp.o[0m
[ 24%] [32mBuilding CXX object CMakeFiles/gestelt_interfaces__rosidl_typesupport_cpp.dir/rosidl_typesupport_cpp/gestelt_interfaces/msg/all_uav_command__type_support.cpp.o[0m
[ 25%] [32mBuilding CXX object CMakeFiles/gestelt_interfaces__rosidl_typesupport_cpp.dir/rosidl_typesupport_cpp/gestelt_interfaces/msg/plan_request__type_support.cpp.o[0m
[ 26%] [32mBuilding CXX object CMakeFiles/gestelt_interfaces__rosidl_typesupport_c.dir/rosidl_typesupport_c/gestelt_interfaces/srv/uav_command__type_support.cpp.o[0m
[ 27%] [32mBuilding CXX object CMakeFiles/gestelt_interfaces__rosidl_typesupport_introspection_cpp.dir/rosidl_typesupport_introspection_cpp/gestelt_interfaces/srv/detail/uav_command__type_support.cpp.o[0m
[ 29%] [32mBuilding CXX object CMakeFiles/gestelt_interfaces__rosidl_typesupport_c.dir/rosidl_typesupport_c/gestelt_interfaces/msg/all_uav_command__type_support.cpp.o[0m
[ 30%] [32mBuilding CXX object CMakeFiles/gestelt_interfaces__rosidl_typesupport_cpp.dir/rosidl_typesupport_cpp/gestelt_interfaces/msg/space_time_path__type_support.cpp.o[0m
[ 31%] [32mBuilding CXX object CMakeFiles/gestelt_interfaces__rosidl_typesupport_fastrtps_cpp.dir/rosidl_typesupport_fastrtps_cpp/gestelt_interfaces/srv/detail/dds_fastrtps/uav_command__type_support.cpp.o[0m
[ 32%] [32mBuilding CXX object CMakeFiles/gestelt_interfaces__rosidl_typesupport_fastrtps_c.dir/rosidl_typesupport_fastrtps_c/gestelt_interfaces/srv/detail/uav_command__type_support_c.cpp.o[0m
[ 34%] [32mBuilding CXX object CMakeFiles/gestelt_interfaces__rosidl_typesupport_c.dir/rosidl_typesupport_c/gestelt_interfaces/msg/goals__type_support.cpp.o[0m
[ 35%] [32mBuilding CXX object CMakeFiles/gestelt_interfaces__rosidl_typesupport_introspection_cpp.dir/rosidl_typesupport_introspection_cpp/gestelt_interfaces/msg/detail/all_uav_command__type_support.cpp.o[0m
[ 36%] [32mBuilding CXX object CMakeFiles/gestelt_interfaces__rosidl_typesupport_c.dir/rosidl_typesupport_c/gestelt_interfaces/msg/plan_request__type_support.cpp.o[0m
[ 37%] [32mBuilding CXX object CMakeFiles/gestelt_interfaces__rosidl_typesupport_c.dir/rosidl_typesupport_c/gestelt_interfaces/msg/space_time_path__type_support.cpp.o[0m
[ 39%] [32mBuilding C object CMakeFiles/gestelt_interfaces__rosidl_typesupport_introspection_c.dir/rosidl_typesupport_introspection_c/gestelt_interfaces/srv/detail/uav_command__type_support.c.o[0m
[ 40%] [32mBuilding CXX object CMakeFiles/gestelt_interfaces__rosidl_typesupport_c.dir/rosidl_typesupport_c/gestelt_interfaces/msg/uav_state__type_support.cpp.o[0m
[ 41%] [32mBuilding C object CMakeFiles/gestelt_interfaces__rosidl_typesupport_introspection_c.dir/rosidl_typesupport_introspection_c/gestelt_interfaces/msg/detail/all_uav_command__type_support.c.o[0m
[ 43%] [32mBuilding CXX object CMakeFiles/gestelt_interfaces__rosidl_typesupport_c.dir/rosidl_typesupport_c/gestelt_interfaces/msg/nav_state__type_support.cpp.o[0m
[ 44%] [32mBuilding CXX object CMakeFiles/gestelt_interfaces__rosidl_typesupport_cpp.dir/rosidl_typesupport_cpp/gestelt_interfaces/msg/uav_state__type_support.cpp.o[0m
[ 45%] [32mBuilding C object CMakeFiles/gestelt_interfaces__rosidl_typesupport_introspection_c.dir/rosidl_typesupport_introspection_c/gestelt_interfaces/msg/detail/goals__type_support.c.o[0m
[ 46%] [32m[1mLinking CXX shared library libgestelt_interfaces__rosidl_typesupport_c.so[0m
[ 48%] [32mBuilding C object CMakeFiles/gestelt_interfaces__rosidl_typesupport_introspection_c.dir/rosidl_typesupport_introspection_c/gestelt_interfaces/msg/detail/plan_request__type_support.c.o[0m
[ 49%] [32mBuilding CXX object CMakeFiles/gestelt_interfaces__rosidl_typesupport_cpp.dir/rosidl_typesupport_cpp/gestelt_interfaces/msg/nav_state__type_support.cpp.o[0m
[ 49%] Built target gestelt_interfaces__rosidl_typesupport_c
[ 50%] [32mBuilding C object CMakeFiles/gestelt_interfaces__rosidl_typesupport_introspection_c.dir/rosidl_typesupport_introspection_c/gestelt_interfaces/msg/detail/space_time_path__type_support.c.o[0m
[ 51%] [32mBuilding C object CMakeFiles/gestelt_interfaces__rosidl_typesupport_introspection_c.dir/rosidl_typesupport_introspection_c/gestelt_interfaces/msg/detail/uav_state__type_support.c.o[0m
[ 53%] [32mBuilding CXX object CMakeFiles/gestelt_interfaces__rosidl_typesupport_introspection_cpp.dir/rosidl_typesupport_introspection_cpp/gestelt_interfaces/msg/detail/goals__type_support.cpp.o[0m
[ 54%] [32mBuilding C object CMakeFiles/gestelt_interfaces__rosidl_typesupport_introspection_c.dir/rosidl_typesupport_introspection_c/gestelt_interfaces/msg/detail/nav_state__type_support.c.o[0m
[ 55%] [32mBuilding CXX object CMakeFiles/gestelt_interfaces__rosidl_typesupport_introspection_cpp.dir/rosidl_typesupport_introspection_cpp/gestelt_interfaces/msg/detail/plan_request__type_support.cpp.o[0m
[ 56%] [32mBuilding CXX object CMakeFiles/gestelt_interfaces__rosidl_typesupport_fastrtps_c.dir/rosidl_typesupport_fastrtps_c/gestelt_interfaces/msg/detail/all_uav_command__type_support_c.cpp.o[0m
[ 58%] [32m[1mLinking C shared library libgestelt_interfaces__rosidl_typesupport_introspection_c.so[0m
[ 58%] Built target gestelt_interfaces__rosidl_typesupport_introspection_c
[ 59%] [32mBuilding CXX object CMakeFiles/gestelt_interfaces__rosidl_typesupport_fastrtps_cpp.dir/rosidl_typesupport_fastrtps_cpp/gestelt_interfaces/msg/detail/dds_fastrtps/goals__type_support.cpp.o[0m
[ 60%] [32mBuilding CXX object CMakeFiles/gestelt_interfaces__rosidl_typesupport_introspection_cpp.dir/rosidl_typesupport_introspection_cpp/gestelt_interfaces/msg/detail/space_time_path__type_support.cpp.o[0m
[ 62%] [32mBuilding CXX object CMakeFiles/gestelt_interfaces__rosidl_typesupport_fastrtps_cpp.dir/rosidl_typesupport_fastrtps_cpp/gestelt_interfaces/msg/detail/dds_fastrtps/all_uav_command__type_support.cpp.o[0m
[ 63%] [32mBuilding CXX object CMakeFiles/gestelt_interfaces__rosidl_typesupport_fastrtps_cpp.dir/rosidl_typesupport_fastrtps_cpp/gestelt_interfaces/msg/detail/dds_fastrtps/plan_request__type_support.cpp.o[0m
[ 64%] [32m[1mLinking CXX shared library libgestelt_interfaces__rosidl_typesupport_cpp.so[0m
[ 64%] Built target gestelt_interfaces__rosidl_typesupport_cpp
[ 65%] [32mBuilding CXX object CMakeFiles/gestelt_interfaces__rosidl_typesupport_fastrtps_cpp.dir/rosidl_typesupport_fastrtps_cpp/gestelt_interfaces/msg/detail/dds_fastrtps/space_time_path__type_support.cpp.o[0m
[ 67%] [32mBuilding CXX object CMakeFiles/gestelt_interfaces__rosidl_typesupport_fastrtps_c.dir/rosidl_typesupport_fastrtps_c/gestelt_interfaces/msg/detail/goals__type_support_c.cpp.o[0m
[ 68%] [32mBuilding CXX object CMakeFiles/gestelt_interfaces__rosidl_typesupport_introspection_cpp.dir/rosidl_typesupport_introspection_cpp/gestelt_interfaces/msg/detail/uav_state__type_support.cpp.o[0m
[ 69%] [32mBuilding CXX object CMakeFiles/gestelt_interfaces__rosidl_typesupport_introspection_cpp.dir/rosidl_typesupport_introspection_cpp/gestelt_interfaces/msg/detail/nav_state__type_support.cpp.o[0m
[ 70%] [32mBuilding CXX object CMakeFiles/gestelt_interfaces__rosidl_typesupport_fastrtps_cpp.dir/rosidl_typesupport_fastrtps_cpp/gestelt_interfaces/msg/detail/dds_fastrtps/uav_state__type_support.cpp.o[0m
[ 72%] [32mBuilding CXX object CMakeFiles/gestelt_interfaces__rosidl_typesupport_fastrtps_cpp.dir/rosidl_typesupport_fastrtps_cpp/gestelt_interfaces/msg/detail/dds_fastrtps/nav_state__type_support.cpp.o[0m
[ 73%] [32mBuilding CXX object CMakeFiles/gestelt_interfaces__rosidl_typesupport_fastrtps_c.dir/rosidl_typesupport_fastrtps_c/gestelt_interfaces/msg/detail/plan_request__type_support_c.cpp.o[0m
[ 74%] [32mBuilding CXX object CMakeFiles/gestelt_interfaces__rosidl_typesupport_fastrtps_c.dir/rosidl_typesupport_fastrtps_c/gestelt_interfaces/msg/detail/space_time_path__type_support_c.cpp.o[0m
[ 75%] [32mBuilding CXX object CMakeFiles/gestelt_interfaces__rosidl_typesupport_fastrtps_c.dir/rosidl_typesupport_fastrtps_c/gestelt_interfaces/msg/detail/uav_state__type_support_c.cpp.o[0m
[ 77%] [32mBuilding CXX object CMakeFiles/gestelt_interfaces__rosidl_typesupport_fastrtps_c.dir/rosidl_typesupport_fastrtps_c/gestelt_interfaces/msg/detail/nav_state__type_support_c.cpp.o[0m
[ 78%] [32m[1mLinking CXX shared library libgestelt_interfaces__rosidl_typesupport_introspection_cpp.so[0m
[ 78%] Built target gestelt_interfaces__rosidl_typesupport_introspection_cpp
[ 79%] [32m[1mLinking CXX shared library libgestelt_interfaces__rosidl_typesupport_fastrtps_cpp.so[0m
[ 79%] Built target gestelt_interfaces__rosidl_typesupport_fastrtps_cpp
[ 81%] [32m[1mLinking CXX shared library libgestelt_interfaces__rosidl_typesupport_fastrtps_c.so[0m
[ 81%] Built target gestelt_interfaces__rosidl_typesupport_fastrtps_c
[ 81%] Built target gestelt_interfaces
[ 82%] [34m[1mGenerating Python code for ROS interfaces[0m
[ 82%] Built target gestelt_interfaces__py
[ 84%] [32mBuilding C object CMakeFiles/gestelt_interfaces__rosidl_generator_py.dir/rosidl_generator_py/gestelt_interfaces/msg/_all_uav_command_s.c.o[0m
[ 84%] [32mBuilding C object CMakeFiles/gestelt_interfaces__rosidl_generator_py.dir/rosidl_generator_py/gestelt_interfaces/srv/_uav_command_s.c.o[0m
[ 86%] [32mBuilding C object CMakeFiles/gestelt_interfaces__rosidl_generator_py.dir/rosidl_generator_py/gestelt_interfaces/msg/_nav_state_s.c.o[0m
[ 87%] [32mBuilding C object CMakeFiles/gestelt_interfaces__rosidl_generator_py.dir/rosidl_generator_py/gestelt_interfaces/msg/_uav_state_s.c.o[0m
[ 88%] [32mBuilding C object CMakeFiles/gestelt_interfaces__rosidl_generator_py.dir/rosidl_generator_py/gestelt_interfaces/msg/_space_time_path_s.c.o[0m
[ 89%] [32mBuilding C object CMakeFiles/gestelt_interfaces__rosidl_generator_py.dir/rosidl_generator_py/gestelt_interfaces/msg/_plan_request_s.c.o[0m
[ 91%] [32mBuilding C object CMakeFiles/gestelt_interfaces__rosidl_generator_py.dir/rosidl_generator_py/gestelt_interfaces/msg/_goals_s.c.o[0m
[ 92%] [32m[1mLinking C shared library rosidl_generator_py/gestelt_interfaces/libgestelt_interfaces__rosidl_generator_py.so[0m
[ 92%] Built target gestelt_interfaces__rosidl_generator_py
[ 94%] [32mBuilding C object CMakeFiles/gestelt_interfaces__rosidl_typesupport_introspection_c__pyext.dir/rosidl_generator_py/gestelt_interfaces/_gestelt_interfaces_s.ep.rosidl_typesupport_introspection_c.c.o[0m
[ 94%] [32mBuilding C object CMakeFiles/gestelt_interfaces__rosidl_typesupport_fastrtps_c__pyext.dir/rosidl_generator_py/gestelt_interfaces/_gestelt_interfaces_s.ep.rosidl_typesupport_fastrtps_c.c.o[0m
[ 96%] [32m[1mLinking C shared library rosidl_generator_py/gestelt_interfaces/gestelt_interfaces_s__rosidl_typesupport_fastrtps_c.cpython-310-aarch64-linux-gnu.so[0m
[ 97%] [32m[1mLinking C shared library rosidl_generator_py/gestelt_interfaces/gestelt_interfaces_s__rosidl_typesupport_introspection_c.cpython-310-aarch64-linux-gnu.so[0m
[ 97%] Built target gestelt_interfaces__rosidl_typesupport_fastrtps_c__pyext
[ 97%] Built target gestelt_interfaces__rosidl_typesupport_introspection_c__pyext
[ 98%] [32mBuilding C object CMakeFiles/gestelt_interfaces__rosidl_typesupport_c__pyext.dir/rosidl_generator_py/gestelt_interfaces/_gestelt_interfaces_s.ep.rosidl_typesupport_c.c.o[0m
[100%] [32m[1mLinking C shared library rosidl_generator_py/gestelt_interfaces/gestelt_interfaces_s__rosidl_typesupport_c.cpython-310-aarch64-linux-gnu.so[0m
[100%] Built target gestelt_interfaces__rosidl_typesupport_c__pyext
-- Install configuration: ""
-- Execute custom install script
-- Symlinking: /home/nvidia/gestelt_ws/src/gestelt2/install/gestelt_interfaces/share/ament_index/resource_index/rosidl_interfaces/gestelt_interfaces
-- Symlinking: /home/nvidia/gestelt_ws/src/gestelt2/install/gestelt_interfaces/include/gestelt_interfaces/gestelt_interfaces/msg/all_uav_command.h
-- Symlinking: /home/nvidia/gestelt_ws/src/gestelt2/install/gestelt_interfaces/include/gestelt_interfaces/gestelt_interfaces/msg/detail/all_uav_command__functions.h
-- Symlinking: /home/nvidia/gestelt_ws/src/gestelt2/install/gestelt_interfaces/include/gestelt_interfaces/gestelt_interfaces/msg/detail/all_uav_command__struct.h
-- Symlinking: /home/nvidia/gestelt_ws/src/gestelt2/install/gestelt_interfaces/include/gestelt_interfaces/gestelt_interfaces/msg/detail/all_uav_command__type_support.h
-- Symlinking: /home/nvidia/gestelt_ws/src/gestelt2/install/gestelt_interfaces/include/gestelt_interfaces/gestelt_interfaces/msg/detail/goals__functions.h
-- Symlinking: /home/nvidia/gestelt_ws/src/gestelt2/install/gestelt_interfaces/include/gestelt_interfaces/gestelt_interfaces/msg/detail/goals__struct.h
-- Symlinking: /home/nvidia/gestelt_ws/src/gestelt2/install/gestelt_interfaces/include/gestelt_interfaces/gestelt_interfaces/msg/detail/goals__type_support.h
-- Symlinking: /home/nvidia/gestelt_ws/src/gestelt2/install/gestelt_interfaces/include/gestelt_interfaces/gestelt_interfaces/msg/detail/nav_state__functions.h
-- Symlinking: /home/nvidia/gestelt_ws/src/gestelt2/install/gestelt_interfaces/include/gestelt_interfaces/gestelt_interfaces/msg/detail/nav_state__struct.h
-- Symlinking: /home/nvidia/gestelt_ws/src/gestelt2/install/gestelt_interfaces/include/gestelt_interfaces/gestelt_interfaces/msg/detail/nav_state__type_support.h
-- Symlinking: /home/nvidia/gestelt_ws/src/gestelt2/install/gestelt_interfaces/include/gestelt_interfaces/gestelt_interfaces/msg/detail/plan_request__functions.h
-- Symlinking: /home/nvidia/gestelt_ws/src/gestelt2/install/gestelt_interfaces/include/gestelt_interfaces/gestelt_interfaces/msg/detail/plan_request__struct.h
-- Symlinking: /home/nvidia/gestelt_ws/src/gestelt2/install/gestelt_interfaces/include/gestelt_interfaces/gestelt_interfaces/msg/detail/plan_request__type_support.h
-- Symlinking: /home/nvidia/gestelt_ws/src/gestelt2/install/gestelt_interfaces/include/gestelt_interfaces/gestelt_interfaces/msg/detail/space_time_path__functions.h
-- Symlinking: /home/nvidia/gestelt_ws/src/gestelt2/install/gestelt_interfaces/include/gestelt_interfaces/gestelt_interfaces/msg/detail/space_time_path__struct.h
-- Symlinking: /home/nvidia/gestelt_ws/src/gestelt2/install/gestelt_interfaces/include/gestelt_interfaces/gestelt_interfaces/msg/detail/space_time_path__type_support.h
-- Symlinking: /home/nvidia/gestelt_ws/src/gestelt2/install/gestelt_interfaces/include/gestelt_interfaces/gestelt_interfaces/msg/detail/uav_state__functions.h
-- Symlinking: /home/nvidia/gestelt_ws/src/gestelt2/install/gestelt_interfaces/include/gestelt_interfaces/gestelt_interfaces/msg/detail/uav_state__struct.h
-- Symlinking: /home/nvidia/gestelt_ws/src/gestelt2/install/gestelt_interfaces/include/gestelt_interfaces/gestelt_interfaces/msg/detail/uav_state__type_support.h
-- Symlinking: /home/nvidia/gestelt_ws/src/gestelt2/install/gestelt_interfaces/include/gestelt_interfaces/gestelt_interfaces/msg/goals.h
-- Symlinking: /home/nvidia/gestelt_ws/src/gestelt2/install/gestelt_interfaces/include/gestelt_interfaces/gestelt_interfaces/msg/nav_state.h
-- Symlinking: /home/nvidia/gestelt_ws/src/gestelt2/install/gestelt_interfaces/include/gestelt_interfaces/gestelt_interfaces/msg/plan_request.h
-- Symlinking: /home/nvidia/gestelt_ws/src/gestelt2/install/gestelt_interfaces/include/gestelt_interfaces/gestelt_interfaces/msg/rosidl_generator_c__visibility_control.h
-- Symlinking: /home/nvidia/gestelt_ws/src/gestelt2/install/gestelt_interfaces/include/gestelt_interfaces/gestelt_interfaces/msg/space_time_path.h
-- Symlinking: /home/nvidia/gestelt_ws/src/gestelt2/install/gestelt_interfaces/include/gestelt_interfaces/gestelt_interfaces/msg/uav_state.h
-- Symlinking: /home/nvidia/gestelt_ws/src/gestelt2/install/gestelt_interfaces/include/gestelt_interfaces/gestelt_interfaces/srv/detail/uav_command__functions.h
-- Symlinking: /home/nvidia/gestelt_ws/src/gestelt2/install/gestelt_interfaces/include/gestelt_interfaces/gestelt_interfaces/srv/detail/uav_command__struct.h
-- Symlinking: /home/nvidia/gestelt_ws/src/gestelt2/install/gestelt_interfaces/include/gestelt_interfaces/gestelt_interfaces/srv/detail/uav_command__type_support.h
-- Symlinking: /home/nvidia/gestelt_ws/src/gestelt2/install/gestelt_interfaces/include/gestelt_interfaces/gestelt_interfaces/srv/uav_command.h
-- Symlinking: /home/nvidia/gestelt_ws/src/gestelt2/install/gestelt_interfaces/share/gestelt_interfaces/environment/library_path.sh
-- Symlinking: /home/nvidia/gestelt_ws/src/gestelt2/install/gestelt_interfaces/share/gestelt_interfaces/environment/library_path.dsv
-- Symlinking: /home/nvidia/gestelt_ws/src/gestelt2/install/gestelt_interfaces/include/gestelt_interfaces/gestelt_interfaces/msg/detail/all_uav_command__rosidl_typesupport_fastrtps_c.h
-- Symlinking: /home/nvidia/gestelt_ws/src/gestelt2/install/gestelt_interfaces/include/gestelt_interfaces/gestelt_interfaces/msg/detail/goals__rosidl_typesupport_fastrtps_c.h
-- Symlinking: /home/nvidia/gestelt_ws/src/gestelt2/install/gestelt_interfaces/include/gestelt_interfaces/gestelt_interfaces/msg/detail/nav_state__rosidl_typesupport_fastrtps_c.h
-- Symlinking: /home/nvidia/gestelt_ws/src/gestelt2/install/gestelt_interfaces/include/gestelt_interfaces/gestelt_interfaces/msg/detail/plan_request__rosidl_typesupport_fastrtps_c.h
-- Symlinking: /home/nvidia/gestelt_ws/src/gestelt2/install/gestelt_interfaces/include/gestelt_interfaces/gestelt_interfaces/msg/detail/space_time_path__rosidl_typesupport_fastrtps_c.h
-- Symlinking: /home/nvidia/gestelt_ws/src/gestelt2/install/gestelt_interfaces/include/gestelt_interfaces/gestelt_interfaces/msg/detail/uav_state__rosidl_typesupport_fastrtps_c.h
-- Symlinking: /home/nvidia/gestelt_ws/src/gestelt2/install/gestelt_interfaces/include/gestelt_interfaces/gestelt_interfaces/msg/rosidl_typesupport_fastrtps_c__visibility_control.h
-- Symlinking: /home/nvidia/gestelt_ws/src/gestelt2/install/gestelt_interfaces/include/gestelt_interfaces/gestelt_interfaces/srv/detail/uav_command__rosidl_typesupport_fastrtps_c.h
-- Symlinking: /home/nvidia/gestelt_ws/src/gestelt2/install/gestelt_interfaces/include/gestelt_interfaces/gestelt_interfaces/msg/detail/all_uav_command__rosidl_typesupport_introspection_c.h
-- Symlinking: /home/nvidia/gestelt_ws/src/gestelt2/install/gestelt_interfaces/include/gestelt_interfaces/gestelt_interfaces/msg/detail/goals__rosidl_typesupport_introspection_c.h
-- Symlinking: /home/nvidia/gestelt_ws/src/gestelt2/install/gestelt_interfaces/include/gestelt_interfaces/gestelt_interfaces/msg/detail/nav_state__rosidl_typesupport_introspection_c.h
-- Symlinking: /home/nvidia/gestelt_ws/src/gestelt2/install/gestelt_interfaces/include/gestelt_interfaces/gestelt_interfaces/msg/detail/plan_request__rosidl_typesupport_introspection_c.h
-- Symlinking: /home/nvidia/gestelt_ws/src/gestelt2/install/gestelt_interfaces/include/gestelt_interfaces/gestelt_interfaces/msg/detail/space_time_path__rosidl_typesupport_introspection_c.h
-- Symlinking: /home/nvidia/gestelt_ws/src/gestelt2/install/gestelt_interfaces/include/gestelt_interfaces/gestelt_interfaces/msg/detail/uav_state__rosidl_typesupport_introspection_c.h
-- Symlinking: /home/nvidia/gestelt_ws/src/gestelt2/install/gestelt_interfaces/include/gestelt_interfaces/gestelt_interfaces/msg/rosidl_typesupport_introspection_c__visibility_control.h
-- Symlinking: /home/nvidia/gestelt_ws/src/gestelt2/install/gestelt_interfaces/include/gestelt_interfaces/gestelt_interfaces/srv/detail/uav_command__rosidl_typesupport_introspection_c.h
-- Symlinking: /home/nvidia/gestelt_ws/src/gestelt2/install/gestelt_interfaces/include/gestelt_interfaces/gestelt_interfaces/msg/all_uav_command.hpp
-- Symlinking: /home/nvidia/gestelt_ws/src/gestelt2/install/gestelt_interfaces/include/gestelt_interfaces/gestelt_interfaces/msg/detail/all_uav_command__builder.hpp
-- Symlinking: /home/nvidia/gestelt_ws/src/gestelt2/install/gestelt_interfaces/include/gestelt_interfaces/gestelt_interfaces/msg/detail/all_uav_command__struct.hpp
-- Symlinking: /home/nvidia/gestelt_ws/src/gestelt2/install/gestelt_interfaces/include/gestelt_interfaces/gestelt_interfaces/msg/detail/all_uav_command__traits.hpp
-- Symlinking: /home/nvidia/gestelt_ws/src/gestelt2/install/gestelt_interfaces/include/gestelt_interfaces/gestelt_interfaces/msg/detail/all_uav_command__type_support.hpp
-- Symlinking: /home/nvidia/gestelt_ws/src/gestelt2/install/gestelt_interfaces/include/gestelt_interfaces/gestelt_interfaces/msg/detail/goals__builder.hpp
-- Symlinking: /home/nvidia/gestelt_ws/src/gestelt2/install/gestelt_interfaces/include/gestelt_interfaces/gestelt_interfaces/msg/detail/goals__struct.hpp
-- Symlinking: /home/nvidia/gestelt_ws/src/gestelt2/install/gestelt_interfaces/include/gestelt_interfaces/gestelt_interfaces/msg/detail/goals__traits.hpp
-- Symlinking: /home/nvidia/gestelt_ws/src/gestelt2/install/gestelt_interfaces/include/gestelt_interfaces/gestelt_interfaces/msg/detail/goals__type_support.hpp
-- Symlinking: /home/nvidia/gestelt_ws/src/gestelt2/install/gestelt_interfaces/include/gestelt_interfaces/gestelt_interfaces/msg/detail/nav_state__builder.hpp
-- Symlinking: /home/nvidia/gestelt_ws/src/gestelt2/install/gestelt_interfaces/include/gestelt_interfaces/gestelt_interfaces/msg/detail/nav_state__struct.hpp
-- Symlinking: /home/nvidia/gestelt_ws/src/gestelt2/install/gestelt_interfaces/include/gestelt_interfaces/gestelt_interfaces/msg/detail/nav_state__traits.hpp
-- Symlinking: /home/nvidia/gestelt_ws/src/gestelt2/install/gestelt_interfaces/include/gestelt_interfaces/gestelt_interfaces/msg/detail/nav_state__type_support.hpp
-- Symlinking: /home/nvidia/gestelt_ws/src/gestelt2/install/gestelt_interfaces/include/gestelt_interfaces/gestelt_interfaces/msg/detail/plan_request__builder.hpp
-- Symlinking: /home/nvidia/gestelt_ws/src/gestelt2/install/gestelt_interfaces/include/gestelt_interfaces/gestelt_interfaces/msg/detail/plan_request__struct.hpp
-- Symlinking: /home/nvidia/gestelt_ws/src/gestelt2/install/gestelt_interfaces/include/gestelt_interfaces/gestelt_interfaces/msg/detail/plan_request__traits.hpp
-- Symlinking: /home/nvidia/gestelt_ws/src/gestelt2/install/gestelt_interfaces/include/gestelt_interfaces/gestelt_interfaces/msg/detail/plan_request__type_support.hpp
-- Symlinking: /home/nvidia/gestelt_ws/src/gestelt2/install/gestelt_interfaces/include/gestelt_interfaces/gestelt_interfaces/msg/detail/space_time_path__builder.hpp
-- Symlinking: /home/nvidia/gestelt_ws/src/gestelt2/install/gestelt_interfaces/include/gestelt_interfaces/gestelt_interfaces/msg/detail/space_time_path__struct.hpp
-- Symlinking: /home/nvidia/gestelt_ws/src/gestelt2/install/gestelt_interfaces/include/gestelt_interfaces/gestelt_interfaces/msg/detail/space_time_path__traits.hpp
-- Symlinking: /home/nvidia/gestelt_ws/src/gestelt2/install/gestelt_interfaces/include/gestelt_interfaces/gestelt_interfaces/msg/detail/space_time_path__type_support.hpp
-- Symlinking: /home/nvidia/gestelt_ws/src/gestelt2/install/gestelt_interfaces/include/gestelt_interfaces/gestelt_interfaces/msg/detail/uav_state__builder.hpp
-- Symlinking: /home/nvidia/gestelt_ws/src/gestelt2/install/gestelt_interfaces/include/gestelt_interfaces/gestelt_interfaces/msg/detail/uav_state__struct.hpp
-- Symlinking: /home/nvidia/gestelt_ws/src/gestelt2/install/gestelt_interfaces/include/gestelt_interfaces/gestelt_interfaces/msg/detail/uav_state__traits.hpp
-- Symlinking: /home/nvidia/gestelt_ws/src/gestelt2/install/gestelt_interfaces/include/gestelt_interfaces/gestelt_interfaces/msg/detail/uav_state__type_support.hpp
-- Symlinking: /home/nvidia/gestelt_ws/src/gestelt2/install/gestelt_interfaces/include/gestelt_interfaces/gestelt_interfaces/msg/goals.hpp
-- Symlinking: /home/nvidia/gestelt_ws/src/gestelt2/install/gestelt_interfaces/include/gestelt_interfaces/gestelt_interfaces/msg/nav_state.hpp
-- Symlinking: /home/nvidia/gestelt_ws/src/gestelt2/install/gestelt_interfaces/include/gestelt_interfaces/gestelt_interfaces/msg/plan_request.hpp
-- Symlinking: /home/nvidia/gestelt_ws/src/gestelt2/install/gestelt_interfaces/include/gestelt_interfaces/gestelt_interfaces/msg/rosidl_generator_cpp__visibility_control.hpp
-- Symlinking: /home/nvidia/gestelt_ws/src/gestelt2/install/gestelt_interfaces/include/gestelt_interfaces/gestelt_interfaces/msg/space_time_path.hpp
-- Symlinking: /home/nvidia/gestelt_ws/src/gestelt2/install/gestelt_interfaces/include/gestelt_interfaces/gestelt_interfaces/msg/uav_state.hpp
-- Symlinking: /home/nvidia/gestelt_ws/src/gestelt2/install/gestelt_interfaces/include/gestelt_interfaces/gestelt_interfaces/srv/detail/uav_command__builder.hpp
-- Symlinking: /home/nvidia/gestelt_ws/src/gestelt2/install/gestelt_interfaces/include/gestelt_interfaces/gestelt_interfaces/srv/detail/uav_command__struct.hpp
-- Symlinking: /home/nvidia/gestelt_ws/src/gestelt2/install/gestelt_interfaces/include/gestelt_interfaces/gestelt_interfaces/srv/detail/uav_command__traits.hpp
-- Symlinking: /home/nvidia/gestelt_ws/src/gestelt2/install/gestelt_interfaces/include/gestelt_interfaces/gestelt_interfaces/srv/detail/uav_command__type_support.hpp
-- Symlinking: /home/nvidia/gestelt_ws/src/gestelt2/install/gestelt_interfaces/include/gestelt_interfaces/gestelt_interfaces/srv/uav_command.hpp
-- Symlinking: /home/nvidia/gestelt_ws/src/gestelt2/install/gestelt_interfaces/include/gestelt_interfaces/gestelt_interfaces/msg/detail/all_uav_command__rosidl_typesupport_fastrtps_cpp.hpp
-- Symlinking: /home/nvidia/gestelt_ws/src/gestelt2/install/gestelt_interfaces/include/gestelt_interfaces/gestelt_interfaces/msg/detail/goals__rosidl_typesupport_fastrtps_cpp.hpp
-- Symlinking: /home/nvidia/gestelt_ws/src/gestelt2/install/gestelt_interfaces/include/gestelt_interfaces/gestelt_interfaces/msg/detail/nav_state__rosidl_typesupport_fastrtps_cpp.hpp
-- Symlinking: /home/nvidia/gestelt_ws/src/gestelt2/install/gestelt_interfaces/include/gestelt_interfaces/gestelt_interfaces/msg/detail/plan_request__rosidl_typesupport_fastrtps_cpp.hpp
-- Symlinking: /home/nvidia/gestelt_ws/src/gestelt2/install/gestelt_interfaces/include/gestelt_interfaces/gestelt_interfaces/msg/detail/space_time_path__rosidl_typesupport_fastrtps_cpp.hpp
-- Symlinking: /home/nvidia/gestelt_ws/src/gestelt2/install/gestelt_interfaces/include/gestelt_interfaces/gestelt_interfaces/msg/detail/uav_state__rosidl_typesupport_fastrtps_cpp.hpp
-- Symlinking: /home/nvidia/gestelt_ws/src/gestelt2/install/gestelt_interfaces/include/gestelt_interfaces/gestelt_interfaces/msg/rosidl_typesupport_fastrtps_cpp__visibility_control.h
-- Symlinking: /home/nvidia/gestelt_ws/src/gestelt2/install/gestelt_interfaces/include/gestelt_interfaces/gestelt_interfaces/srv/detail/uav_command__rosidl_typesupport_fastrtps_cpp.hpp
-- Symlinking: /home/nvidia/gestelt_ws/src/gestelt2/install/gestelt_interfaces/include/gestelt_interfaces/gestelt_interfaces/msg/detail/all_uav_command__rosidl_typesupport_introspection_cpp.hpp
-- Symlinking: /home/nvidia/gestelt_ws/src/gestelt2/install/gestelt_interfaces/include/gestelt_interfaces/gestelt_interfaces/msg/detail/goals__rosidl_typesupport_introspection_cpp.hpp
-- Symlinking: /home/nvidia/gestelt_ws/src/gestelt2/install/gestelt_interfaces/include/gestelt_interfaces/gestelt_interfaces/msg/detail/nav_state__rosidl_typesupport_introspection_cpp.hpp
-- Symlinking: /home/nvidia/gestelt_ws/src/gestelt2/install/gestelt_interfaces/include/gestelt_interfaces/gestelt_interfaces/msg/detail/plan_request__rosidl_typesupport_introspection_cpp.hpp
-- Symlinking: /home/nvidia/gestelt_ws/src/gestelt2/install/gestelt_interfaces/include/gestelt_interfaces/gestelt_interfaces/msg/detail/space_time_path__rosidl_typesupport_introspection_cpp.hpp
-- Symlinking: /home/nvidia/gestelt_ws/src/gestelt2/install/gestelt_interfaces/include/gestelt_interfaces/gestelt_interfaces/msg/detail/uav_state__rosidl_typesupport_introspection_cpp.hpp
-- Symlinking: /home/nvidia/gestelt_ws/src/gestelt2/install/gestelt_interfaces/include/gestelt_interfaces/gestelt_interfaces/srv/detail/uav_command__rosidl_typesupport_introspection_cpp.hpp
-- Symlinking: /home/nvidia/gestelt_ws/src/gestelt2/install/gestelt_interfaces/share/gestelt_interfaces/environment/pythonpath.sh
-- Symlinking: /home/nvidia/gestelt_ws/src/gestelt2/install/gestelt_interfaces/share/gestelt_interfaces/environment/pythonpath.dsv
-- Symlinking: /home/nvidia/gestelt_ws/src/gestelt2/install/gestelt_interfaces/local/lib/python3.10/dist-packages/gestelt_interfaces-0.0.0-py3.10.egg-info/PKG-INFO
-- Symlinking: /home/nvidia/gestelt_ws/src/gestelt2/install/gestelt_interfaces/local/lib/python3.10/dist-packages/gestelt_interfaces-0.0.0-py3.10.egg-info/SOURCES.txt
-- Symlinking: /home/nvidia/gestelt_ws/src/gestelt2/install/gestelt_interfaces/local/lib/python3.10/dist-packages/gestelt_interfaces-0.0.0-py3.10.egg-info/dependency_links.txt
-- Symlinking: /home/nvidia/gestelt_ws/src/gestelt2/install/gestelt_interfaces/local/lib/python3.10/dist-packages/gestelt_interfaces-0.0.0-py3.10.egg-info/top_level.txt
-- Symlinking: /home/nvidia/gestelt_ws/src/gestelt2/install/gestelt_interfaces/local/lib/python3.10/dist-packages/gestelt_interfaces/__init__.py
-- Symlinking: /home/nvidia/gestelt_ws/src/gestelt2/install/gestelt_interfaces/local/lib/python3.10/dist-packages/gestelt_interfaces/_gestelt_interfaces_s.ep.rosidl_typesupport_c.c
-- Symlinking: /home/nvidia/gestelt_ws/src/gestelt2/install/gestelt_interfaces/local/lib/python3.10/dist-packages/gestelt_interfaces/_gestelt_interfaces_s.ep.rosidl_typesupport_fastrtps_c.c
-- Symlinking: /home/nvidia/gestelt_ws/src/gestelt2/install/gestelt_interfaces/local/lib/python3.10/dist-packages/gestelt_interfaces/_gestelt_interfaces_s.ep.rosidl_typesupport_introspection_c.c
-- Symlinking: /home/nvidia/gestelt_ws/src/gestelt2/install/gestelt_interfaces/local/lib/python3.10/dist-packages/gestelt_interfaces/gestelt_interfaces_s__rosidl_typesupport_c.cpython-310-aarch64-linux-gnu.so
-- Symlinking: /home/nvidia/gestelt_ws/src/gestelt2/install/gestelt_interfaces/local/lib/python3.10/dist-packages/gestelt_interfaces/gestelt_interfaces_s__rosidl_typesupport_fastrtps_c.cpython-310-aarch64-linux-gnu.so
-- Symlinking: /home/nvidia/gestelt_ws/src/gestelt2/install/gestelt_interfaces/local/lib/python3.10/dist-packages/gestelt_interfaces/gestelt_interfaces_s__rosidl_typesupport_introspection_c.cpython-310-aarch64-linux-gnu.so
-- Symlinking: /home/nvidia/gestelt_ws/src/gestelt2/install/gestelt_interfaces/local/lib/python3.10/dist-packages/gestelt_interfaces/libgestelt_interfaces__rosidl_generator_py.so
-- Symlinking: /home/nvidia/gestelt_ws/src/gestelt2/install/gestelt_interfaces/local/lib/python3.10/dist-packages/gestelt_interfaces/msg/__init__.py
-- Symlinking: /home/nvidia/gestelt_ws/src/gestelt2/install/gestelt_interfaces/local/lib/python3.10/dist-packages/gestelt_interfaces/msg/_all_uav_command.py
-- Symlinking: /home/nvidia/gestelt_ws/src/gestelt2/install/gestelt_interfaces/local/lib/python3.10/dist-packages/gestelt_interfaces/msg/_all_uav_command_s.c
-- Symlinking: /home/nvidia/gestelt_ws/src/gestelt2/install/gestelt_interfaces/local/lib/python3.10/dist-packages/gestelt_interfaces/msg/_goals.py
-- Symlinking: /home/nvidia/gestelt_ws/src/gestelt2/install/gestelt_interfaces/local/lib/python3.10/dist-packages/gestelt_interfaces/msg/_goals_s.c
-- Symlinking: /home/nvidia/gestelt_ws/src/gestelt2/install/gestelt_interfaces/local/lib/python3.10/dist-packages/gestelt_interfaces/msg/_nav_state.py
-- Symlinking: /home/nvidia/gestelt_ws/src/gestelt2/install/gestelt_interfaces/local/lib/python3.10/dist-packages/gestelt_interfaces/msg/_nav_state_s.c
-- Symlinking: /home/nvidia/gestelt_ws/src/gestelt2/install/gestelt_interfaces/local/lib/python3.10/dist-packages/gestelt_interfaces/msg/_plan_request.py
-- Symlinking: /home/nvidia/gestelt_ws/src/gestelt2/install/gestelt_interfaces/local/lib/python3.10/dist-packages/gestelt_interfaces/msg/_plan_request_s.c
-- Symlinking: /home/nvidia/gestelt_ws/src/gestelt2/install/gestelt_interfaces/local/lib/python3.10/dist-packages/gestelt_interfaces/msg/_space_time_path.py
-- Symlinking: /home/nvidia/gestelt_ws/src/gestelt2/install/gestelt_interfaces/local/lib/python3.10/dist-packages/gestelt_interfaces/msg/_space_time_path_s.c
-- Symlinking: /home/nvidia/gestelt_ws/src/gestelt2/install/gestelt_interfaces/local/lib/python3.10/dist-packages/gestelt_interfaces/msg/_uav_state.py
-- Symlinking: /home/nvidia/gestelt_ws/src/gestelt2/install/gestelt_interfaces/local/lib/python3.10/dist-packages/gestelt_interfaces/msg/_uav_state_s.c
-- Symlinking: /home/nvidia/gestelt_ws/src/gestelt2/install/gestelt_interfaces/local/lib/python3.10/dist-packages/gestelt_interfaces/srv/__init__.py
-- Symlinking: /home/nvidia/gestelt_ws/src/gestelt2/install/gestelt_interfaces/local/lib/python3.10/dist-packages/gestelt_interfaces/srv/_uav_command.py
-- Symlinking: /home/nvidia/gestelt_ws/src/gestelt2/install/gestelt_interfaces/local/lib/python3.10/dist-packages/gestelt_interfaces/srv/_uav_command_s.c
-- Up-to-date symlink: /home/nvidia/gestelt_ws/src/gestelt2/install/gestelt_interfaces/local/lib/python3.10/dist-packages/gestelt_interfaces/gestelt_interfaces_s__rosidl_typesupport_fastrtps_c.cpython-310-aarch64-linux-gnu.so
-- Up-to-date symlink: /home/nvidia/gestelt_ws/src/gestelt2/install/gestelt_interfaces/local/lib/python3.10/dist-packages/gestelt_interfaces/gestelt_interfaces_s__rosidl_typesupport_introspection_c.cpython-310-aarch64-linux-gnu.so
-- Up-to-date symlink: /home/nvidia/gestelt_ws/src/gestelt2/install/gestelt_interfaces/local/lib/python3.10/dist-packages/gestelt_interfaces/gestelt_interfaces_s__rosidl_typesupport_c.cpython-310-aarch64-linux-gnu.so
-- Symlinking: /home/nvidia/gestelt_ws/src/gestelt2/install/gestelt_interfaces/share/gestelt_interfaces/srv/UAVCommand.idl
-- Symlinking: /home/nvidia/gestelt_ws/src/gestelt2/install/gestelt_interfaces/share/gestelt_interfaces/msg/AllUAVCommand.idl
-- Symlinking: /home/nvidia/gestelt_ws/src/gestelt2/install/gestelt_interfaces/share/gestelt_interfaces/msg/Goals.idl
-- Symlinking: /home/nvidia/gestelt_ws/src/gestelt2/install/gestelt_interfaces/share/gestelt_interfaces/msg/PlanRequest.idl
-- Symlinking: /home/nvidia/gestelt_ws/src/gestelt2/install/gestelt_interfaces/share/gestelt_interfaces/msg/SpaceTimePath.idl
-- Symlinking: /home/nvidia/gestelt_ws/src/gestelt2/install/gestelt_interfaces/share/gestelt_interfaces/msg/UAVState.idl
-- Symlinking: /home/nvidia/gestelt_ws/src/gestelt2/install/gestelt_interfaces/share/gestelt_interfaces/msg/NavState.idl
-- Symlinking: /home/nvidia/gestelt_ws/src/gestelt2/install/gestelt_interfaces/share/gestelt_interfaces/srv/UAVCommand.srv
-- Symlinking: /home/nvidia/gestelt_ws/src/gestelt2/install/gestelt_interfaces/share/gestelt_interfaces/srv/UAVCommand_Request.msg
-- Symlinking: /home/nvidia/gestelt_ws/src/gestelt2/install/gestelt_interfaces/share/gestelt_interfaces/srv/UAVCommand_Response.msg
-- Symlinking: /home/nvidia/gestelt_ws/src/gestelt2/install/gestelt_interfaces/share/gestelt_interfaces/msg/AllUAVCommand.msg
-- Symlinking: /home/nvidia/gestelt_ws/src/gestelt2/install/gestelt_interfaces/share/gestelt_interfaces/msg/Goals.msg
-- Symlinking: /home/nvidia/gestelt_ws/src/gestelt2/install/gestelt_interfaces/share/gestelt_interfaces/msg/PlanRequest.msg
-- Symlinking: /home/nvidia/gestelt_ws/src/gestelt2/install/gestelt_interfaces/share/gestelt_interfaces/msg/SpaceTimePath.msg
-- Symlinking: /home/nvidia/gestelt_ws/src/gestelt2/install/gestelt_interfaces/share/gestelt_interfaces/msg/UAVState.msg
-- Symlinking: /home/nvidia/gestelt_ws/src/gestelt2/install/gestelt_interfaces/share/gestelt_interfaces/msg/NavState.msg
-- Symlinking: /home/nvidia/gestelt_ws/src/gestelt2/install/gestelt_interfaces/share/ament_index/resource_index/package_run_dependencies/gestelt_interfaces
-- Symlinking: /home/nvidia/gestelt_ws/src/gestelt2/install/gestelt_interfaces/share/ament_index/resource_index/parent_prefix_path/gestelt_interfaces
-- Symlinking: /home/nvidia/gestelt_ws/src/gestelt2/install/gestelt_interfaces/share/gestelt_interfaces/environment/ament_prefix_path.sh
-- Symlinking: /home/nvidia/gestelt_ws/src/gestelt2/install/gestelt_interfaces/share/gestelt_interfaces/environment/ament_prefix_path.dsv
-- Symlinking: /home/nvidia/gestelt_ws/src/gestelt2/install/gestelt_interfaces/share/gestelt_interfaces/environment/path.sh
-- Symlinking: /home/nvidia/gestelt_ws/src/gestelt2/install/gestelt_interfaces/share/gestelt_interfaces/environment/path.dsv
-- Symlinking: /home/nvidia/gestelt_ws/src/gestelt2/install/gestelt_interfaces/share/gestelt_interfaces/local_setup.bash
-- Symlinking: /home/nvidia/gestelt_ws/src/gestelt2/install/gestelt_interfaces/share/gestelt_interfaces/local_setup.sh
-- Symlinking: /home/nvidia/gestelt_ws/src/gestelt2/install/gestelt_interfaces/share/gestelt_interfaces/local_setup.zsh
-- Symlinking: /home/nvidia/gestelt_ws/src/gestelt2/install/gestelt_interfaces/share/gestelt_interfaces/local_setup.dsv
-- Symlinking: /home/nvidia/gestelt_ws/src/gestelt2/install/gestelt_interfaces/share/gestelt_interfaces/package.dsv
-- Symlinking: /home/nvidia/gestelt_ws/src/gestelt2/install/gestelt_interfaces/share/ament_index/resource_index/packages/gestelt_interfaces
-- Symlinking: /home/nvidia/gestelt_ws/src/gestelt2/install/gestelt_interfaces/share/gestelt_interfaces/cmake/rosidl_cmake-extras.cmake
-- Symlinking: /home/nvidia/gestelt_ws/src/gestelt2/install/gestelt_interfaces/share/gestelt_interfaces/cmake/ament_cmake_export_dependencies-extras.cmake
-- Symlinking: /home/nvidia/gestelt_ws/src/gestelt2/install/gestelt_interfaces/share/gestelt_interfaces/cmake/ament_cmake_export_include_directories-extras.cmake
-- Symlinking: /home/nvidia/gestelt_ws/src/gestelt2/install/gestelt_interfaces/share/gestelt_interfaces/cmake/ament_cmake_export_libraries-extras.cmake
-- Symlinking: /home/nvidia/gestelt_ws/src/gestelt2/install/gestelt_interfaces/share/gestelt_interfaces/cmake/ament_cmake_export_targets-extras.cmake
-- Symlinking: /home/nvidia/gestelt_ws/src/gestelt2/install/gestelt_interfaces/share/gestelt_interfaces/cmake/rosidl_cmake_export_typesupport_targets-extras.cmake
-- Symlinking: /home/nvidia/gestelt_ws/src/gestelt2/install/gestelt_interfaces/share/gestelt_interfaces/cmake/rosidl_cmake_export_typesupport_libraries-extras.cmake
-- Symlinking: /home/nvidia/gestelt_ws/src/gestelt2/install/gestelt_interfaces/share/gestelt_interfaces/cmake/gestelt_interfacesConfig.cmake
-- Symlinking: /home/nvidia/gestelt_ws/src/gestelt2/install/gestelt_interfaces/share/gestelt_interfaces/cmake/gestelt_interfacesConfig-version.cmake
-- Symlinking: /home/nvidia/gestelt_ws/src/gestelt2/install/gestelt_interfaces/share/gestelt_interfaces/package.xml
-- Installing: /home/nvidia/gestelt_ws/src/gestelt2/install/gestelt_interfaces/lib/libgestelt_interfaces__rosidl_generator_c.so
-- Set runtime path of "/home/nvidia/gestelt_ws/src/gestelt2/install/gestelt_interfaces/lib/libgestelt_interfaces__rosidl_generator_c.so" to ""
-- Installing: /home/nvidia/gestelt_ws/src/gestelt2/install/gestelt_interfaces/lib/libgestelt_interfaces__rosidl_typesupport_fastrtps_c.so
-- Set runtime path of "/home/nvidia/gestelt_ws/src/gestelt2/install/gestelt_interfaces/lib/libgestelt_interfaces__rosidl_typesupport_fastrtps_c.so" to ""
-- Installing: /home/nvidia/gestelt_ws/src/gestelt2/install/gestelt_interfaces/lib/libgestelt_interfaces__rosidl_typesupport_introspection_c.so
-- Set runtime path of "/home/nvidia/gestelt_ws/src/gestelt2/install/gestelt_interfaces/lib/libgestelt_interfaces__rosidl_typesupport_introspection_c.so" to ""
-- Installing: /home/nvidia/gestelt_ws/src/gestelt2/install/gestelt_interfaces/lib/libgestelt_interfaces__rosidl_typesupport_c.so
-- Set runtime path of "/home/nvidia/gestelt_ws/src/gestelt2/install/gestelt_interfaces/lib/libgestelt_interfaces__rosidl_typesupport_c.so" to ""
-- Installing: /home/nvidia/gestelt_ws/src/gestelt2/install/gestelt_interfaces/lib/libgestelt_interfaces__rosidl_typesupport_fastrtps_cpp.so
-- Set runtime path of "/home/nvidia/gestelt_ws/src/gestelt2/install/gestelt_interfaces/lib/libgestelt_interfaces__rosidl_typesupport_fastrtps_cpp.so" to ""
-- Installing: /home/nvidia/gestelt_ws/src/gestelt2/install/gestelt_interfaces/lib/libgestelt_interfaces__rosidl_typesupport_introspection_cpp.so
-- Set runtime path of "/home/nvidia/gestelt_ws/src/gestelt2/install/gestelt_interfaces/lib/libgestelt_interfaces__rosidl_typesupport_introspection_cpp.so" to ""
-- Installing: /home/nvidia/gestelt_ws/src/gestelt2/install/gestelt_interfaces/lib/libgestelt_interfaces__rosidl_typesupport_cpp.so
-- Set runtime path of "/home/nvidia/gestelt_ws/src/gestelt2/install/gestelt_interfaces/lib/libgestelt_interfaces__rosidl_typesupport_cpp.so" to ""
Listing '/home/nvidia/gestelt_ws/src/gestelt2/install/gestelt_interfaces/local/lib/python3.10/dist-packages/gestelt_interfaces'...
Compiling '/home/nvidia/gestelt_ws/src/gestelt2/install/gestelt_interfaces/local/lib/python3.10/dist-packages/gestelt_interfaces/__init__.py'...
Listing '/home/nvidia/gestelt_ws/src/gestelt2/install/gestelt_interfaces/local/lib/python3.10/dist-packages/gestelt_interfaces/msg'...
Compiling '/home/nvidia/gestelt_ws/src/gestelt2/install/gestelt_interfaces/local/lib/python3.10/dist-packages/gestelt_interfaces/msg/__init__.py'...
Compiling '/home/nvidia/gestelt_ws/src/gestelt2/install/gestelt_interfaces/local/lib/python3.10/dist-packages/gestelt_interfaces/msg/_all_uav_command.py'...
Compiling '/home/nvidia/gestelt_ws/src/gestelt2/install/gestelt_interfaces/local/lib/python3.10/dist-packages/gestelt_interfaces/msg/_goals.py'...
Compiling '/home/nvidia/gestelt_ws/src/gestelt2/install/gestelt_interfaces/local/lib/python3.10/dist-packages/gestelt_interfaces/msg/_nav_state.py'...
Compiling '/home/nvidia/gestelt_ws/src/gestelt2/install/gestelt_interfaces/local/lib/python3.10/dist-packages/gestelt_interfaces/msg/_plan_request.py'...
Compiling '/home/nvidia/gestelt_ws/src/gestelt2/install/gestelt_interfaces/local/lib/python3.10/dist-packages/gestelt_interfaces/msg/_space_time_path.py'...
Compiling '/home/nvidia/gestelt_ws/src/gestelt2/install/gestelt_interfaces/local/lib/python3.10/dist-packages/gestelt_interfaces/msg/_uav_state.py'...
Listing '/home/nvidia/gestelt_ws/src/gestelt2/install/gestelt_interfaces/local/lib/python3.10/dist-packages/gestelt_interfaces/srv'...
Compiling '/home/nvidia/gestelt_ws/src/gestelt2/install/gestelt_interfaces/local/lib/python3.10/dist-packages/gestelt_interfaces/srv/__init__.py'...
Compiling '/home/nvidia/gestelt_ws/src/gestelt2/install/gestelt_interfaces/local/lib/python3.10/dist-packages/gestelt_interfaces/srv/_uav_command.py'...
-- Installing: /home/nvidia/gestelt_ws/src/gestelt2/install/gestelt_interfaces/lib/libgestelt_interfaces__rosidl_generator_py.so
-- Set runtime path of "/home/nvidia/gestelt_ws/src/gestelt2/install/gestelt_interfaces/lib/libgestelt_interfaces__rosidl_generator_py.so" to ""
-- Installing: /home/nvidia/gestelt_ws/src/gestelt2/install/gestelt_interfaces/share/gestelt_interfaces/cmake/export_gestelt_interfaces__rosidl_generator_cExport.cmake
-- Installing: /home/nvidia/gestelt_ws/src/gestelt2/install/gestelt_interfaces/share/gestelt_interfaces/cmake/export_gestelt_interfaces__rosidl_generator_cExport-noconfig.cmake
-- Installing: /home/nvidia/gestelt_ws/src/gestelt2/install/gestelt_interfaces/share/gestelt_interfaces/cmake/export_gestelt_interfaces__rosidl_typesupport_fastrtps_cExport.cmake
-- Installing: /home/nvidia/gestelt_ws/src/gestelt2/install/gestelt_interfaces/share/gestelt_interfaces/cmake/export_gestelt_interfaces__rosidl_typesupport_fastrtps_cExport-noconfig.cmake
-- Installing: /home/nvidia/gestelt_ws/src/gestelt2/install/gestelt_interfaces/share/gestelt_interfaces/cmake/gestelt_interfaces__rosidl_typesupport_introspection_cExport.cmake
-- Installing: /home/nvidia/gestelt_ws/src/gestelt2/install/gestelt_interfaces/share/gestelt_interfaces/cmake/gestelt_interfaces__rosidl_typesupport_introspection_cExport-noconfig.cmake
-- Installing: /home/nvidia/gestelt_ws/src/gestelt2/install/gestelt_interfaces/share/gestelt_interfaces/cmake/gestelt_interfaces__rosidl_typesupport_cExport.cmake
-- Installing: /home/nvidia/gestelt_ws/src/gestelt2/install/gestelt_interfaces/share/gestelt_interfaces/cmake/gestelt_interfaces__rosidl_typesupport_cExport-noconfig.cmake
-- Installing: /home/nvidia/gestelt_ws/src/gestelt2/install/gestelt_interfaces/share/gestelt_interfaces/cmake/export_gestelt_interfaces__rosidl_generator_cppExport.cmake
-- Installing: /home/nvidia/gestelt_ws/src/gestelt2/install/gestelt_interfaces/share/gestelt_interfaces/cmake/export_gestelt_interfaces__rosidl_typesupport_fastrtps_cppExport.cmake
-- Installing: /home/nvidia/gestelt_ws/src/gestelt2/install/gestelt_interfaces/share/gestelt_interfaces/cmake/export_gestelt_interfaces__rosidl_typesupport_fastrtps_cppExport-noconfig.cmake
-- Installing: /home/nvidia/gestelt_ws/src/gestelt2/install/gestelt_interfaces/share/gestelt_interfaces/cmake/gestelt_interfaces__rosidl_typesupport_introspection_cppExport.cmake
-- Installing: /home/nvidia/gestelt_ws/src/gestelt2/install/gestelt_interfaces/share/gestelt_interfaces/cmake/gestelt_interfaces__rosidl_typesupport_introspection_cppExport-noconfig.cmake
-- Installing: /home/nvidia/gestelt_ws/src/gestelt2/install/gestelt_interfaces/share/gestelt_interfaces/cmake/gestelt_interfaces__rosidl_typesupport_cppExport.cmake
-- Installing: /home/nvidia/gestelt_ws/src/gestelt2/install/gestelt_interfaces/share/gestelt_interfaces/cmake/gestelt_interfaces__rosidl_typesupport_cppExport-noconfig.cmake
-- Installing: /home/nvidia/gestelt_ws/src/gestelt2/install/gestelt_interfaces/share/gestelt_interfaces/cmake/export_gestelt_interfaces__rosidl_generator_pyExport.cmake
-- Installing: /home/nvidia/gestelt_ws/src/gestelt2/install/gestelt_interfaces/share/gestelt_interfaces/cmake/export_gestelt_interfaces__rosidl_generator_pyExport-noconfig.cmake
