[0.110s] Invoking command in '/home/nvidia/gestelt_ws/src/gestelt2/build/ikd_tree': CMAKE_PREFIX_PATH=${CMAKE_PREFIX_PATH}:/home/nvidia/gestelt_ws/install/gestelt_commander:/home/nvidia/tl_vision2/install/vision:/home/nvidia/bridge_ws/install/vilota_bridge:/opt/ros/humble /usr/bin/cmake --build /home/nvidia/gestelt_ws/src/gestelt2/build/ikd_tree -- -j8 -l8
[0.348s] [35m[1mConsolidate compiler generated dependencies of target ikd_tree[0m
[0.518s] [100%] Built target ikd_tree
[0.596s] Invoked command in '/home/nvidia/gestelt_ws/src/gestelt2/build/ikd_tree' returned '0': CMAKE_PREFIX_PATH=${CMAKE_PREFIX_PATH}:/home/nvidia/gestelt_ws/install/gestelt_commander:/home/nvidia/tl_vision2/install/vision:/home/nvidia/bridge_ws/install/vilota_bridge:/opt/ros/humble /usr/bin/cmake --build /home/nvidia/gestelt_ws/src/gestelt2/build/ikd_tree -- -j8 -l8
[0.617s] Invoking command in '/home/nvidia/gestelt_ws/src/gestelt2/build/ikd_tree': CMAKE_PREFIX_PATH=${CMAKE_PREFIX_PATH}:/home/nvidia/gestelt_ws/install/gestelt_commander:/home/nvidia/tl_vision2/install/vision:/home/nvidia/bridge_ws/install/vilota_bridge:/opt/ros/humble /usr/bin/cmake --install /home/nvidia/gestelt_ws/src/gestelt2/build/ikd_tree
[0.635s] -- Install configuration: "Release"
[0.636s] -- Execute custom install script
[0.636s] -- Symlinking: /home/nvidia/gestelt_ws/src/gestelt2/install/ikd_tree/include/ikd_tree/ikd_tree/ikd_tree.hpp
[0.665s] -- Symlinking: /home/nvidia/gestelt_ws/src/gestelt2/install/ikd_tree/share/ikd_tree/environment/library_path.sh
[0.726s] -- Symlinking: /home/nvidia/gestelt_ws/src/gestelt2/install/ikd_tree/share/ikd_tree/environment/library_path.dsv
[0.750s] -- Symlinking: /home/nvidia/gestelt_ws/src/gestelt2/install/ikd_tree/share/ament_index/resource_index/package_run_dependencies/ikd_tree
[0.776s] -- Symlinking: /home/nvidia/gestelt_ws/src/gestelt2/install/ikd_tree/share/ament_index/resource_index/parent_prefix_path/ikd_tree
[0.807s] -- Symlinking: /home/nvidia/gestelt_ws/src/gestelt2/install/ikd_tree/share/ikd_tree/environment/ament_prefix_path.sh
[0.852s] -- Symlinking: /home/nvidia/gestelt_ws/src/gestelt2/install/ikd_tree/share/ikd_tree/environment/ament_prefix_path.dsv
[0.895s] -- Symlinking: /home/nvidia/gestelt_ws/src/gestelt2/install/ikd_tree/share/ikd_tree/environment/path.sh
[0.922s] -- Symlinking: /home/nvidia/gestelt_ws/src/gestelt2/install/ikd_tree/share/ikd_tree/environment/path.dsv
[0.959s] -- Symlinking: /home/nvidia/gestelt_ws/src/gestelt2/install/ikd_tree/share/ikd_tree/local_setup.bash
[1.018s] -- Symlinking: /home/nvidia/gestelt_ws/src/gestelt2/install/ikd_tree/share/ikd_tree/local_setup.sh
[1.057s] -- Symlinking: /home/nvidia/gestelt_ws/src/gestelt2/install/ikd_tree/share/ikd_tree/local_setup.zsh
[1.087s] -- Symlinking: /home/nvidia/gestelt_ws/src/gestelt2/install/ikd_tree/share/ikd_tree/local_setup.dsv
[1.114s] -- Symlinking: /home/nvidia/gestelt_ws/src/gestelt2/install/ikd_tree/share/ikd_tree/package.dsv
[1.134s] -- Symlinking: /home/nvidia/gestelt_ws/src/gestelt2/install/ikd_tree/share/ament_index/resource_index/packages/ikd_tree
[1.156s] -- Symlinking: /home/nvidia/gestelt_ws/src/gestelt2/install/ikd_tree/share/ikd_tree/cmake/ament_cmake_export_include_directories-extras.cmake
[1.180s] -- Symlinking: /home/nvidia/gestelt_ws/src/gestelt2/install/ikd_tree/share/ikd_tree/cmake/ament_cmake_export_libraries-extras.cmake
[1.208s] -- Symlinking: /home/nvidia/gestelt_ws/src/gestelt2/install/ikd_tree/share/ikd_tree/cmake/ament_cmake_export_targets-extras.cmake
[1.228s] -- Symlinking: /home/nvidia/gestelt_ws/src/gestelt2/install/ikd_tree/share/ikd_tree/cmake/ikd_treeConfig.cmake
[1.250s] -- Symlinking: /home/nvidia/gestelt_ws/src/gestelt2/install/ikd_tree/share/ikd_tree/cmake/ikd_treeConfig-version.cmake
[1.271s] -- Symlinking: /home/nvidia/gestelt_ws/src/gestelt2/install/ikd_tree/share/ikd_tree/package.xml
[1.294s] -- Up-to-date: /home/nvidia/gestelt_ws/src/gestelt2/install/ikd_tree/lib/libikd_tree.so
[1.294s] -- Installing: /home/nvidia/gestelt_ws/src/gestelt2/install/ikd_tree/share/ikd_tree/cmake/export_ikd_treeExport.cmake
[1.295s] -- Installing: /home/nvidia/gestelt_ws/src/gestelt2/install/ikd_tree/share/ikd_tree/cmake/export_ikd_treeExport-release.cmake
[1.415s] Invoked command in '/home/nvidia/gestelt_ws/src/gestelt2/build/ikd_tree' returned '0': CMAKE_PREFIX_PATH=${CMAKE_PREFIX_PATH}:/home/nvidia/gestelt_ws/install/gestelt_commander:/home/nvidia/tl_vision2/install/vision:/home/nvidia/bridge_ws/install/vilota_bridge:/opt/ros/humble /usr/bin/cmake --install /home/nvidia/gestelt_ws/src/gestelt2/build/ikd_tree
