[0.104s] Invoking command in '/home/nvidia/gestelt_ws/src/gestelt2/build/bonxai': CMAKE_PREFIX_PATH=${CMAKE_PREFIX_PATH}:/home/nvidia/gestelt_ws/install/gestelt_commander:/home/nvidia/tl_vision2/install/vision:/home/nvidia/bridge_ws/install/vilota_bridge:/opt/ros/humble /usr/bin/cmake /home/nvidia/gestelt_ws/src/gestelt2/third_party/bonxai -DAMENT_CMAKE_SYMLINK_INSTALL=1 -DCMAKE_INSTALL_PREFIX=/home/nvidia/gestelt_ws/src/gestelt2/install/bonxai
[0.642s] -- The C compiler identification is GNU 11.4.0
[1.086s] -- The CXX compiler identification is GNU 11.4.0
[1.104s] -- Detecting C compiler ABI info
[1.384s] -- Detecting C compiler ABI info - done
[1.400s] -- Check for working C compiler: /usr/bin/cc - skipped
[1.400s] -- Detecting C compile features
[1.400s] -- Detecting C compile features - done
[1.401s] -- Detecting CXX compiler ABI info
[1.657s] -- Detecting CXX compiler ABI info - done
[1.677s] -- Check for working CXX compiler: /usr/bin/c++ - skipped
[1.677s] -- Detecting CXX compile features
[1.678s] -- Detecting CXX compile features - done
[1.688s] -- Found ament_cmake: 1.3.11 (/opt/ros/humble/share/ament_cmake/cmake)
[2.195s] -- Found Python3: /usr/bin/python3 (found version "3.10.12") found components: Interpreter 
[2.389s] -- Override CMake install command with custom implementation using symlinks instead of copying resources
[2.510s] -- Found ament_cmake_ros: 0.10.0 (/opt/ros/humble/share/ament_cmake_ros/cmake)
[2.611s] -- Checking for module 'eigen3'
[2.658s] --   Found eigen3, version 3.4.0
[2.783s] -- Found Eigen: /usr/include/eigen3 (Required is at least version "3.1") 
[2.783s] -- Eigen found (include: /usr/include/eigen3, version: 3.4.0)
[2.847s] -- Found Boost: /usr/lib/aarch64-linux-gnu/cmake/Boost-1.74.0/BoostConfig.cmake (found suitable version "1.74.0", minimum required is "1.65.0") found components: system filesystem date_time iostreams serialization 
[2.885s] -- Checking for module 'flann'
[2.921s] --   Found flann, version 1.9.1
[3.064s] -- Found FLANN: /usr/lib/aarch64-linux-gnu/libflann_cpp.so  
[3.064s] -- FLANN found (include: /usr/include, lib: /usr/lib/aarch64-linux-gnu/libflann_cpp.so)
[3.131s] -- Looking for pthread.h
[3.320s] -- Looking for pthread.h - found
[3.320s] -- Performing Test CMAKE_HAVE_LIBC_PTHREAD
[3.487s] -- Performing Test CMAKE_HAVE_LIBC_PTHREAD - Success
[3.487s] -- Found Threads: TRUE  
[3.492s] -- Found GLEW: /usr/lib/aarch64-linux-gnu/libGLEW.so  
[3.512s] -- Found OpenGL: /usr/lib/aarch64-linux-gnu/libOpenGL.so  found components: OpenGL GLX 
[3.872s] -- Found MPI_C: /usr/lib/aarch64-linux-gnu/libmpi.so (found version "3.1") 
[3.872s] -- Found MPI: TRUE (found version "3.1") found components: C 
[3.878s] -- Found JsonCpp: /usr/lib/aarch64-linux-gnu/libjsoncpp.so (found suitable version "1.9.5", minimum required is "0.7.0") 
[3.901s] -- Found ZLIB: /usr/lib/aarch64-linux-gnu/libz.so (found version "1.2.11") 
[3.940s] -- Found PNG: /usr/lib/aarch64-linux-gnu/libpng.so (found version "1.6.37") 
[3.991s] -- Found Eigen3: /usr/include/eigen3 (found version "3.4.0") 
[4.250s] -- Found X11: /usr/include   
[4.251s] -- Looking for XOpenDisplay in /usr/lib/aarch64-linux-gnu/libX11.so;/usr/lib/aarch64-linux-gnu/libXext.so
[4.428s] -- Looking for XOpenDisplay in /usr/lib/aarch64-linux-gnu/libX11.so;/usr/lib/aarch64-linux-gnu/libXext.so - found
[4.428s] -- Looking for gethostbyname
[4.597s] -- Looking for gethostbyname - found
[4.597s] -- Looking for connect
[4.771s] -- Looking for connect - found
[4.771s] -- Looking for remove
[4.980s] -- Looking for remove - found
[4.981s] -- Looking for shmat
[5.197s] -- Looking for shmat - found
[5.197s] -- Looking for IceConnectionNumber in ICE
[5.377s] -- Looking for IceConnectionNumber in ICE - found
[5.630s] -- Found EXPAT: /usr/lib/aarch64-linux-gnu/libexpat.so (found version "2.4.7") 
[5.636s] -- Found double-conversion: /usr/lib/aarch64-linux-gnu/libdouble-conversion.so  
[5.641s] -- Found LZ4: /usr/lib/aarch64-linux-gnu/liblz4.so (found version "1.9.3") 
[5.645s] -- Found LZMA: /usr/lib/aarch64-linux-gnu/liblzma.so (found version "5.2.5") 
[5.747s] -- Found JPEG: /usr/lib/aarch64-linux-gnu/libjpeg.so (found version "80") 
[5.783s] -- Found TIFF: /usr/lib/aarch64-linux-gnu/libtiff.so (found version "4.3.0")  
[5.800s] -- Found Freetype: /usr/lib/aarch64-linux-gnu/libfreetype.so (found version "2.11.1") 
[5.812s] -- Found utf8cpp: /usr/include/utf8cpp  
[6.103s] -- Checking for module 'libusb-1.0'
[6.177s] --   Found libusb-1.0, version 1.0.25
[6.346s] -- Found libusb: /usr/lib/aarch64-linux-gnu/libusb-1.0.so  
[6.349s] -- Found OpenNI: /usr/lib/libOpenNI.so;libusb::libusb (found version "1.5.4.0") 
[6.349s] -- OpenNI found (version: 1.5.4.0, include: /usr/include/ni, lib: /usr/lib/libOpenNI.so;libusb::libusb)
[6.852s] -- Found OpenNI2: /usr/lib/aarch64-linux-gnu/libOpenNI2.so;libusb::libusb (found version "2.2.0.33") 
[6.853s] -- OpenNI2 found (version: 2.2.0.33, include: /usr/include/openni2, lib: /usr/lib/aarch64-linux-gnu/libOpenNI2.so;libusb::libusb)
[6.853s] [0m** WARNING ** io features related to pcap will be disabled[0m
[7.632s] -- Eigen found (include: /usr/include/eigen3, version: 3.4.0)
[7.672s] -- OpenNI found (version: 1.5.4.0, include: /usr/include/ni, lib: /usr/lib/libOpenNI.so;libusb::libusb)
[7.700s] -- OpenNI2 found (version: 2.2.0.33, include: /usr/include/openni2, lib: /usr/lib/aarch64-linux-gnu/libOpenNI2.so;libusb::libusb)
[8.271s] -- Found Qhull version 8.0.2
[8.917s] -- OpenNI found (version: 1.5.4.0, include: /usr/include/ni, lib: /usr/lib/libOpenNI.so;libusb::libusb)
[9.723s] -- looking for PCL_COMMON
[9.748s] -- Found PCL_COMMON: /usr/lib/aarch64-linux-gnu/libpcl_common.so  
[9.749s] -- looking for PCL_KDTREE
[9.752s] -- Found PCL_KDTREE: /usr/lib/aarch64-linux-gnu/libpcl_kdtree.so  
[9.753s] -- looking for PCL_OCTREE
[9.756s] -- Found PCL_OCTREE: /usr/lib/aarch64-linux-gnu/libpcl_octree.so  
[9.757s] -- looking for PCL_SEARCH
[9.761s] -- Found PCL_SEARCH: /usr/lib/aarch64-linux-gnu/libpcl_search.so  
[9.762s] -- looking for PCL_SAMPLE_CONSENSUS
[9.774s] -- Found PCL_SAMPLE_CONSENSUS: /usr/lib/aarch64-linux-gnu/libpcl_sample_consensus.so  
[9.775s] -- looking for PCL_FILTERS
[9.779s] -- Found PCL_FILTERS: /usr/lib/aarch64-linux-gnu/libpcl_filters.so  
[9.780s] -- looking for PCL_2D
[9.781s] -- Found PCL_2D: /usr/include/pcl-1.12  
[9.781s] -- looking for PCL_GEOMETRY
[9.793s] -- Found PCL_GEOMETRY: /usr/include/pcl-1.12  
[9.795s] -- looking for PCL_IO
[9.798s] -- Found PCL_IO: /usr/lib/aarch64-linux-gnu/libpcl_io.so  
[9.800s] -- looking for PCL_FEATURES
[9.804s] -- Found PCL_FEATURES: /usr/lib/aarch64-linux-gnu/libpcl_features.so  
[9.805s] -- looking for PCL_ML
[9.813s] -- Found PCL_ML: /usr/lib/aarch64-linux-gnu/libpcl_ml.so  
[9.825s] -- looking for PCL_SEGMENTATION
[9.833s] -- Found PCL_SEGMENTATION: /usr/lib/aarch64-linux-gnu/libpcl_segmentation.so  
[9.835s] -- looking for PCL_VISUALIZATION
[9.841s] -- Found PCL_VISUALIZATION: /usr/lib/aarch64-linux-gnu/libpcl_visualization.so  
[9.851s] -- looking for PCL_SURFACE
[9.854s] -- Found PCL_SURFACE: /usr/lib/aarch64-linux-gnu/libpcl_surface.so  
[9.856s] -- looking for PCL_REGISTRATION
[9.859s] -- Found PCL_REGISTRATION: /usr/lib/aarch64-linux-gnu/libpcl_registration.so  
[9.864s] -- looking for PCL_KEYPOINTS
[9.868s] -- Found PCL_KEYPOINTS: /usr/lib/aarch64-linux-gnu/libpcl_keypoints.so  
[9.881s] -- looking for PCL_TRACKING
[9.884s] -- Found PCL_TRACKING: /usr/lib/aarch64-linux-gnu/libpcl_tracking.so  
[9.885s] -- looking for PCL_RECOGNITION
[9.888s] -- Found PCL_RECOGNITION: /usr/lib/aarch64-linux-gnu/libpcl_recognition.so  
[9.905s] -- looking for PCL_STEREO
[9.919s] -- Found PCL_STEREO: /usr/lib/aarch64-linux-gnu/libpcl_stereo.so  
[9.920s] -- looking for PCL_APPS
[9.923s] -- Found PCL_APPS: /usr/lib/aarch64-linux-gnu/libpcl_apps.so  
[9.925s] -- looking for PCL_IN_HAND_SCANNER
[9.926s] -- Found PCL_IN_HAND_SCANNER: /usr/include/pcl-1.12  
[9.927s] -- looking for PCL_MODELER
[9.928s] -- Found PCL_MODELER: /usr/include/pcl-1.12  
[9.929s] -- looking for PCL_POINT_CLOUD_EDITOR
[9.930s] -- Found PCL_POINT_CLOUD_EDITOR: /usr/include/pcl-1.12  
[9.934s] -- looking for PCL_OUTOFCORE
[9.948s] -- Found PCL_OUTOFCORE: /usr/lib/aarch64-linux-gnu/libpcl_outofcore.so  
[9.950s] -- looking for PCL_PEOPLE
[9.967s] -- Found PCL_PEOPLE: /usr/lib/aarch64-linux-gnu/libpcl_people.so  
[9.981s] -- Found PCL: pcl_common;pcl_kdtree;pcl_octree;pcl_search;pcl_sample_consensus;pcl_filters;pcl_io;pcl_features;pcl_ml;pcl_segmentation;pcl_visualization;pcl_surface;pcl_registration;pcl_keypoints;pcl_tracking;pcl_recognition;pcl_stereo;pcl_apps;pcl_outofcore;pcl_people;Boost::system;Boost::filesystem;Boost::date_time;Boost::iostreams;Boost::serialization;/usr/lib/libOpenNI.so;libusb::libusb;/usr/lib/aarch64-linux-gnu/libOpenNI2.so;libusb::libusb;VTK::ChartsCore;VTK::CommonColor;VTK::CommonComputationalGeometry;VTK::CommonCore;VTK::CommonDataModel;VTK::CommonExecutionModel;VTK::CommonMath;VTK::CommonMisc;VTK::CommonTransforms;VTK::FiltersCore;VTK::FiltersExtraction;VTK::FiltersGeneral;VTK::FiltersGeometry;VTK::FiltersModeling;VTK::FiltersSources;VTK::ImagingCore;VTK::ImagingSources;VTK::InteractionImage;VTK::InteractionStyle;VTK::InteractionWidgets;VTK::IOCore;VTK::IOGeometry;VTK::IOImage;VTK::IOLegacy;VTK::IOPLY;VTK::RenderingAnnotation;VTK::RenderingCore;VTK::RenderingContext2D;VTK::RenderingLOD;VTK::RenderingFreeType;VTK::ViewsCore;VTK::ViewsContext2D;VTK::RenderingOpenGL2;VTK::GUISupportQt;FLANN::FLANN;QHULL::QHULL  
[9.989s] -- Found eigen3_cmake_module: 0.1.1 (/opt/ros/humble/share/eigen3_cmake_module/cmake)
[10.047s] -- Found Eigen3: TRUE (found version "3.4.0") 
[10.080s] -- Found ament_lint_auto: 0.12.12 (/opt/ros/humble/share/ament_lint_auto/cmake)
[10.621s] -- Added test 'cppcheck' to perform static code analysis on C / C++ code
[10.640s] -- Configured cppcheck include dirs: $<BUILD_INTERFACE:/home/nvidia/gestelt_ws/src/gestelt2/third_party/bonxai/include>
[10.640s] -- Configured cppcheck exclude dirs and/or files: 
[10.643s] -- Added test 'lint_cmake' to check CMake code style
[10.646s] -- Added test 'uncrustify' to check C / C++ code style
[10.646s] -- Configured uncrustify additional arguments: 
[10.648s] -- Added test 'xmllint' to check XML markup files
[10.682s] -- Configuring done
[10.865s] -- Generating done
[10.919s] -- Build files have been written to: /home/nvidia/gestelt_ws/src/gestelt2/build/bonxai
[11.049s] Invoked command in '/home/nvidia/gestelt_ws/src/gestelt2/build/bonxai' returned '0': CMAKE_PREFIX_PATH=${CMAKE_PREFIX_PATH}:/home/nvidia/gestelt_ws/install/gestelt_commander:/home/nvidia/tl_vision2/install/vision:/home/nvidia/bridge_ws/install/vilota_bridge:/opt/ros/humble /usr/bin/cmake /home/nvidia/gestelt_ws/src/gestelt2/third_party/bonxai -DAMENT_CMAKE_SYMLINK_INSTALL=1 -DCMAKE_INSTALL_PREFIX=/home/nvidia/gestelt_ws/src/gestelt2/install/bonxai
[11.050s] Invoking command in '/home/nvidia/gestelt_ws/src/gestelt2/build/bonxai': CMAKE_PREFIX_PATH=${CMAKE_PREFIX_PATH}:/home/nvidia/gestelt_ws/install/gestelt_commander:/home/nvidia/tl_vision2/install/vision:/home/nvidia/bridge_ws/install/vilota_bridge:/opt/ros/humble /usr/bin/cmake --build /home/nvidia/gestelt_ws/src/gestelt2/build/bonxai -- -j8 -l8
[15.002s] [ 33%] [32mBuilding CXX object CMakeFiles/bonxai.dir/src/pcl_utils.cpp.o[0m
[15.002s] [ 66%] [32mBuilding CXX object CMakeFiles/bonxai.dir/src/probabilistic_map.cpp.o[0m
[33.164s] [100%] [32m[1mLinking CXX shared library libbonxai.so[0m
[34.207s] [100%] Built target bonxai
[34.243s] Invoked command in '/home/nvidia/gestelt_ws/src/gestelt2/build/bonxai' returned '0': CMAKE_PREFIX_PATH=${CMAKE_PREFIX_PATH}:/home/nvidia/gestelt_ws/install/gestelt_commander:/home/nvidia/tl_vision2/install/vision:/home/nvidia/bridge_ws/install/vilota_bridge:/opt/ros/humble /usr/bin/cmake --build /home/nvidia/gestelt_ws/src/gestelt2/build/bonxai -- -j8 -l8
[34.244s] Invoking command in '/home/nvidia/gestelt_ws/src/gestelt2/build/bonxai': CMAKE_PREFIX_PATH=${CMAKE_PREFIX_PATH}:/home/nvidia/gestelt_ws/install/gestelt_commander:/home/nvidia/tl_vision2/install/vision:/home/nvidia/bridge_ws/install/vilota_bridge:/opt/ros/humble /usr/bin/cmake --install /home/nvidia/gestelt_ws/src/gestelt2/build/bonxai
[34.309s] -- Install configuration: "Release"
[34.309s] -- Execute custom install script
[34.309s] -- Symlinking: /home/nvidia/gestelt_ws/src/gestelt2/install/bonxai/include/bonxai/bonxai/bonxai.hpp
[34.309s] -- Symlinking: /home/nvidia/gestelt_ws/src/gestelt2/install/bonxai/include/bonxai/bonxai/pcl_utils.hpp
[34.323s] -- Symlinking: /home/nvidia/gestelt_ws/src/gestelt2/install/bonxai/include/bonxai/bonxai/probabilistic_map.hpp
[34.343s] -- Symlinking: /home/nvidia/gestelt_ws/src/gestelt2/install/bonxai/include/bonxai/bonxai/visibility_control.h
[34.366s] -- Symlinking: /home/nvidia/gestelt_ws/src/gestelt2/install/bonxai/share/bonxai/environment/library_path.sh
[34.385s] -- Symlinking: /home/nvidia/gestelt_ws/src/gestelt2/install/bonxai/share/bonxai/environment/library_path.dsv
[34.407s] -- Symlinking: /home/nvidia/gestelt_ws/src/gestelt2/install/bonxai/share/ament_index/resource_index/package_run_dependencies/bonxai
[34.427s] -- Symlinking: /home/nvidia/gestelt_ws/src/gestelt2/install/bonxai/share/ament_index/resource_index/parent_prefix_path/bonxai
[34.448s] -- Symlinking: /home/nvidia/gestelt_ws/src/gestelt2/install/bonxai/share/bonxai/environment/ament_prefix_path.sh
[34.468s] -- Symlinking: /home/nvidia/gestelt_ws/src/gestelt2/install/bonxai/share/bonxai/environment/ament_prefix_path.dsv
[34.489s] -- Symlinking: /home/nvidia/gestelt_ws/src/gestelt2/install/bonxai/share/bonxai/environment/path.sh
[34.511s] -- Symlinking: /home/nvidia/gestelt_ws/src/gestelt2/install/bonxai/share/bonxai/environment/path.dsv
[34.534s] -- Symlinking: /home/nvidia/gestelt_ws/src/gestelt2/install/bonxai/share/bonxai/local_setup.bash
[34.554s] -- Symlinking: /home/nvidia/gestelt_ws/src/gestelt2/install/bonxai/share/bonxai/local_setup.sh
[34.573s] -- Symlinking: /home/nvidia/gestelt_ws/src/gestelt2/install/bonxai/share/bonxai/local_setup.zsh
[34.593s] -- Symlinking: /home/nvidia/gestelt_ws/src/gestelt2/install/bonxai/share/bonxai/local_setup.dsv
[34.613s] -- Symlinking: /home/nvidia/gestelt_ws/src/gestelt2/install/bonxai/share/bonxai/package.dsv
[34.634s] -- Symlinking: /home/nvidia/gestelt_ws/src/gestelt2/install/bonxai/share/ament_index/resource_index/packages/bonxai
[34.660s] -- Symlinking: /home/nvidia/gestelt_ws/src/gestelt2/install/bonxai/share/bonxai/cmake/ament_cmake_export_include_directories-extras.cmake
[34.676s] -- Symlinking: /home/nvidia/gestelt_ws/src/gestelt2/install/bonxai/share/bonxai/cmake/ament_cmake_export_libraries-extras.cmake
[34.698s] -- Symlinking: /home/nvidia/gestelt_ws/src/gestelt2/install/bonxai/share/bonxai/cmake/ament_cmake_export_targets-extras.cmake
[34.720s] -- Symlinking: /home/nvidia/gestelt_ws/src/gestelt2/install/bonxai/share/bonxai/cmake/bonxaiConfig.cmake
[34.742s] -- Symlinking: /home/nvidia/gestelt_ws/src/gestelt2/install/bonxai/share/bonxai/cmake/bonxaiConfig-version.cmake
[34.764s] -- Symlinking: /home/nvidia/gestelt_ws/src/gestelt2/install/bonxai/share/bonxai/package.xml
[34.792s] -- Installing: /home/nvidia/gestelt_ws/src/gestelt2/install/bonxai/lib/libbonxai.so
[34.801s] -- Installing: /home/nvidia/gestelt_ws/src/gestelt2/install/bonxai/share/bonxai/cmake/export_bonxaiExport.cmake
[34.801s] -- Installing: /home/nvidia/gestelt_ws/src/gestelt2/install/bonxai/share/bonxai/cmake/export_bonxaiExport-release.cmake
[34.812s] Invoked command in '/home/nvidia/gestelt_ws/src/gestelt2/build/bonxai' returned '0': CMAKE_PREFIX_PATH=${CMAKE_PREFIX_PATH}:/home/nvidia/gestelt_ws/install/gestelt_commander:/home/nvidia/tl_vision2/install/vision:/home/nvidia/bridge_ws/install/vilota_bridge:/opt/ros/humble /usr/bin/cmake --install /home/nvidia/gestelt_ws/src/gestelt2/build/bonxai
