[0.103s] Invoking command in '/home/nvidia/gestelt_ws/src/gestelt2/build/decomp_ros_msgs': CMAKE_PREFIX_PATH=${CMAKE_PREFIX_PATH}:/home/nvidia/gestelt_ws/install/gestelt_commander:/home/nvidia/tl_vision2/install/vision:/home/nvidia/bridge_ws/install/vilota_bridge:/opt/ros/humble /usr/bin/cmake --build /home/nvidia/gestelt_ws/src/gestelt2/build/decomp_ros_msgs -- -j8 -l8
[0.365s] [35m[1mConsolidate compiler generated dependencies of target decomp_ros_msgs__rosidl_generator_c[0m
[0.386s] [  1%] Built target decomp_ros_msgs__cpp
[0.401s] [  1%] Built target ament_cmake_python_symlink_decomp_ros_msgs
[0.440s] [35m[1mConsolidate compiler generated dependencies of target decomp_ros_msgs__rosidl_typesupport_cpp[0m
[0.441s] [35m[1mConsolidate compiler generated dependencies of target decomp_ros_msgs__rosidl_typesupport_fastrtps_cpp[0m
[0.449s] [ 12%] Built target decomp_ros_msgs__rosidl_generator_c
[0.464s] [35m[1mConsolidate compiler generated dependencies of target decomp_ros_msgs__rosidl_typesupport_introspection_cpp[0m
[0.508s] [ 23%] Built target decomp_ros_msgs__rosidl_typesupport_fastrtps_cpp
[0.533s] [35m[1mConsolidate compiler generated dependencies of target decomp_ros_msgs__rosidl_typesupport_c[0m
[0.534s] [ 34%] Built target decomp_ros_msgs__rosidl_typesupport_introspection_cpp
[0.534s] [ 45%] Built target decomp_ros_msgs__rosidl_typesupport_cpp
[0.545s] [35m[1mConsolidate compiler generated dependencies of target decomp_ros_msgs__rosidl_typesupport_introspection_c[0m
[0.545s] [35m[1mConsolidate compiler generated dependencies of target decomp_ros_msgs__rosidl_typesupport_fastrtps_c[0m
[0.572s] [ 56%] Built target decomp_ros_msgs__rosidl_typesupport_c
[0.606s] [ 67%] Built target decomp_ros_msgs__rosidl_typesupport_introspection_c
[0.609s] [ 78%] Built target decomp_ros_msgs__rosidl_typesupport_fastrtps_c
[0.680s] [ 78%] Built target decomp_ros_msgs
[0.762s] [ 80%] Built target decomp_ros_msgs__py
[0.826s] [35m[1mConsolidate compiler generated dependencies of target decomp_ros_msgs__rosidl_generator_py[0m
[0.888s] [ 89%] Built target decomp_ros_msgs__rosidl_generator_py
[0.964s] [35m[1mConsolidate compiler generated dependencies of target decomp_ros_msgs__rosidl_typesupport_fastrtps_c__pyext[0m
[0.979s] [35m[1mConsolidate compiler generated dependencies of target decomp_ros_msgs__rosidl_typesupport_introspection_c__pyext[0m
[0.996s] [35m[1mConsolidate compiler generated dependencies of target decomp_ros_msgs__rosidl_typesupport_c__pyext[0m
[1.037s] [ 92%] Built target decomp_ros_msgs__rosidl_typesupport_fastrtps_c__pyext
[1.055s] [ 96%] Built target decomp_ros_msgs__rosidl_typesupport_introspection_c__pyext
[1.078s] [100%] Built target decomp_ros_msgs__rosidl_typesupport_c__pyext
[1.136s] running egg_info
[1.140s] writing decomp_ros_msgs.egg-info/PKG-INFO
[1.141s] writing dependency_links to decomp_ros_msgs.egg-info/dependency_links.txt
[1.142s] writing top-level names to decomp_ros_msgs.egg-info/top_level.txt
[1.157s] reading manifest file 'decomp_ros_msgs.egg-info/SOURCES.txt'
[1.160s] writing manifest file 'decomp_ros_msgs.egg-info/SOURCES.txt'
[1.254s] [100%] Built target ament_cmake_python_build_decomp_ros_msgs_egg
[1.364s] Invoked command in '/home/nvidia/gestelt_ws/src/gestelt2/build/decomp_ros_msgs' returned '0': CMAKE_PREFIX_PATH=${CMAKE_PREFIX_PATH}:/home/nvidia/gestelt_ws/install/gestelt_commander:/home/nvidia/tl_vision2/install/vision:/home/nvidia/bridge_ws/install/vilota_bridge:/opt/ros/humble /usr/bin/cmake --build /home/nvidia/gestelt_ws/src/gestelt2/build/decomp_ros_msgs -- -j8 -l8
[1.368s] Invoking command in '/home/nvidia/gestelt_ws/src/gestelt2/build/decomp_ros_msgs': CMAKE_PREFIX_PATH=${CMAKE_PREFIX_PATH}:/home/nvidia/gestelt_ws/install/gestelt_commander:/home/nvidia/tl_vision2/install/vision:/home/nvidia/bridge_ws/install/vilota_bridge:/opt/ros/humble /usr/bin/cmake --install /home/nvidia/gestelt_ws/src/gestelt2/build/decomp_ros_msgs
[1.402s] -- Install configuration: ""
[1.403s] -- Execute custom install script
[1.403s] -- Symlinking: /home/nvidia/gestelt_ws/src/gestelt2/install/decomp_ros_msgs/share/ament_index/resource_index/rosidl_interfaces/decomp_ros_msgs
[1.409s] -- Symlinking: /home/nvidia/gestelt_ws/src/gestelt2/install/decomp_ros_msgs/include/decomp_ros_msgs/decomp_ros_msgs/msg/detail/ellipsoid__functions.h
[1.426s] -- Symlinking: /home/nvidia/gestelt_ws/src/gestelt2/install/decomp_ros_msgs/include/decomp_ros_msgs/decomp_ros_msgs/msg/detail/ellipsoid__struct.h
[1.444s] -- Symlinking: /home/nvidia/gestelt_ws/src/gestelt2/install/decomp_ros_msgs/include/decomp_ros_msgs/decomp_ros_msgs/msg/detail/ellipsoid__type_support.h
[1.463s] -- Symlinking: /home/nvidia/gestelt_ws/src/gestelt2/install/decomp_ros_msgs/include/decomp_ros_msgs/decomp_ros_msgs/msg/detail/ellipsoid_array__functions.h
[1.482s] -- Symlinking: /home/nvidia/gestelt_ws/src/gestelt2/install/decomp_ros_msgs/include/decomp_ros_msgs/decomp_ros_msgs/msg/detail/ellipsoid_array__struct.h
[1.499s] -- Symlinking: /home/nvidia/gestelt_ws/src/gestelt2/install/decomp_ros_msgs/include/decomp_ros_msgs/decomp_ros_msgs/msg/detail/ellipsoid_array__type_support.h
[1.519s] -- Symlinking: /home/nvidia/gestelt_ws/src/gestelt2/install/decomp_ros_msgs/include/decomp_ros_msgs/decomp_ros_msgs/msg/detail/polyhedron__functions.h
[1.540s] -- Symlinking: /home/nvidia/gestelt_ws/src/gestelt2/install/decomp_ros_msgs/include/decomp_ros_msgs/decomp_ros_msgs/msg/detail/polyhedron__struct.h
[1.559s] -- Symlinking: /home/nvidia/gestelt_ws/src/gestelt2/install/decomp_ros_msgs/include/decomp_ros_msgs/decomp_ros_msgs/msg/detail/polyhedron__type_support.h
[1.579s] -- Symlinking: /home/nvidia/gestelt_ws/src/gestelt2/install/decomp_ros_msgs/include/decomp_ros_msgs/decomp_ros_msgs/msg/detail/polyhedron_array__functions.h
[1.599s] -- Symlinking: /home/nvidia/gestelt_ws/src/gestelt2/install/decomp_ros_msgs/include/decomp_ros_msgs/decomp_ros_msgs/msg/detail/polyhedron_array__struct.h
[1.618s] -- Symlinking: /home/nvidia/gestelt_ws/src/gestelt2/install/decomp_ros_msgs/include/decomp_ros_msgs/decomp_ros_msgs/msg/detail/polyhedron_array__type_support.h
[1.636s] -- Symlinking: /home/nvidia/gestelt_ws/src/gestelt2/install/decomp_ros_msgs/include/decomp_ros_msgs/decomp_ros_msgs/msg/ellipsoid.h
[1.656s] -- Symlinking: /home/nvidia/gestelt_ws/src/gestelt2/install/decomp_ros_msgs/include/decomp_ros_msgs/decomp_ros_msgs/msg/ellipsoid_array.h
[1.675s] -- Symlinking: /home/nvidia/gestelt_ws/src/gestelt2/install/decomp_ros_msgs/include/decomp_ros_msgs/decomp_ros_msgs/msg/polyhedron.h
[1.695s] -- Symlinking: /home/nvidia/gestelt_ws/src/gestelt2/install/decomp_ros_msgs/include/decomp_ros_msgs/decomp_ros_msgs/msg/polyhedron_array.h
[1.714s] -- Symlinking: /home/nvidia/gestelt_ws/src/gestelt2/install/decomp_ros_msgs/include/decomp_ros_msgs/decomp_ros_msgs/msg/rosidl_generator_c__visibility_control.h
[1.733s] -- Symlinking: /home/nvidia/gestelt_ws/src/gestelt2/install/decomp_ros_msgs/share/decomp_ros_msgs/environment/library_path.sh
[1.753s] -- Symlinking: /home/nvidia/gestelt_ws/src/gestelt2/install/decomp_ros_msgs/share/decomp_ros_msgs/environment/library_path.dsv
[1.773s] -- Symlinking: /home/nvidia/gestelt_ws/src/gestelt2/install/decomp_ros_msgs/include/decomp_ros_msgs/decomp_ros_msgs/msg/detail/ellipsoid__rosidl_typesupport_fastrtps_c.h
[1.792s] -- Symlinking: /home/nvidia/gestelt_ws/src/gestelt2/install/decomp_ros_msgs/include/decomp_ros_msgs/decomp_ros_msgs/msg/detail/ellipsoid_array__rosidl_typesupport_fastrtps_c.h
[1.812s] -- Symlinking: /home/nvidia/gestelt_ws/src/gestelt2/install/decomp_ros_msgs/include/decomp_ros_msgs/decomp_ros_msgs/msg/detail/polyhedron__rosidl_typesupport_fastrtps_c.h
[1.831s] -- Symlinking: /home/nvidia/gestelt_ws/src/gestelt2/install/decomp_ros_msgs/include/decomp_ros_msgs/decomp_ros_msgs/msg/detail/polyhedron_array__rosidl_typesupport_fastrtps_c.h
[1.850s] -- Symlinking: /home/nvidia/gestelt_ws/src/gestelt2/install/decomp_ros_msgs/include/decomp_ros_msgs/decomp_ros_msgs/msg/rosidl_typesupport_fastrtps_c__visibility_control.h
[1.870s] -- Symlinking: /home/nvidia/gestelt_ws/src/gestelt2/install/decomp_ros_msgs/include/decomp_ros_msgs/decomp_ros_msgs/msg/detail/ellipsoid__rosidl_typesupport_introspection_c.h
[1.890s] -- Symlinking: /home/nvidia/gestelt_ws/src/gestelt2/install/decomp_ros_msgs/include/decomp_ros_msgs/decomp_ros_msgs/msg/detail/ellipsoid_array__rosidl_typesupport_introspection_c.h
[1.909s] -- Symlinking: /home/nvidia/gestelt_ws/src/gestelt2/install/decomp_ros_msgs/include/decomp_ros_msgs/decomp_ros_msgs/msg/detail/polyhedron__rosidl_typesupport_introspection_c.h
[1.928s] -- Symlinking: /home/nvidia/gestelt_ws/src/gestelt2/install/decomp_ros_msgs/include/decomp_ros_msgs/decomp_ros_msgs/msg/detail/polyhedron_array__rosidl_typesupport_introspection_c.h
[1.947s] -- Symlinking: /home/nvidia/gestelt_ws/src/gestelt2/install/decomp_ros_msgs/include/decomp_ros_msgs/decomp_ros_msgs/msg/rosidl_typesupport_introspection_c__visibility_control.h
[1.968s] -- Symlinking: /home/nvidia/gestelt_ws/src/gestelt2/install/decomp_ros_msgs/include/decomp_ros_msgs/decomp_ros_msgs/msg/detail/ellipsoid__builder.hpp
[1.988s] -- Symlinking: /home/nvidia/gestelt_ws/src/gestelt2/install/decomp_ros_msgs/include/decomp_ros_msgs/decomp_ros_msgs/msg/detail/ellipsoid__struct.hpp
[2.008s] -- Symlinking: /home/nvidia/gestelt_ws/src/gestelt2/install/decomp_ros_msgs/include/decomp_ros_msgs/decomp_ros_msgs/msg/detail/ellipsoid__traits.hpp
[2.027s] -- Symlinking: /home/nvidia/gestelt_ws/src/gestelt2/install/decomp_ros_msgs/include/decomp_ros_msgs/decomp_ros_msgs/msg/detail/ellipsoid__type_support.hpp
[2.048s] -- Symlinking: /home/nvidia/gestelt_ws/src/gestelt2/install/decomp_ros_msgs/include/decomp_ros_msgs/decomp_ros_msgs/msg/detail/ellipsoid_array__builder.hpp
[2.066s] -- Symlinking: /home/nvidia/gestelt_ws/src/gestelt2/install/decomp_ros_msgs/include/decomp_ros_msgs/decomp_ros_msgs/msg/detail/ellipsoid_array__struct.hpp
[2.085s] -- Symlinking: /home/nvidia/gestelt_ws/src/gestelt2/install/decomp_ros_msgs/include/decomp_ros_msgs/decomp_ros_msgs/msg/detail/ellipsoid_array__traits.hpp
[2.104s] -- Symlinking: /home/nvidia/gestelt_ws/src/gestelt2/install/decomp_ros_msgs/include/decomp_ros_msgs/decomp_ros_msgs/msg/detail/ellipsoid_array__type_support.hpp
[2.125s] -- Symlinking: /home/nvidia/gestelt_ws/src/gestelt2/install/decomp_ros_msgs/include/decomp_ros_msgs/decomp_ros_msgs/msg/detail/polyhedron__builder.hpp
[2.145s] -- Symlinking: /home/nvidia/gestelt_ws/src/gestelt2/install/decomp_ros_msgs/include/decomp_ros_msgs/decomp_ros_msgs/msg/detail/polyhedron__struct.hpp
[2.165s] -- Symlinking: /home/nvidia/gestelt_ws/src/gestelt2/install/decomp_ros_msgs/include/decomp_ros_msgs/decomp_ros_msgs/msg/detail/polyhedron__traits.hpp
[2.186s] -- Symlinking: /home/nvidia/gestelt_ws/src/gestelt2/install/decomp_ros_msgs/include/decomp_ros_msgs/decomp_ros_msgs/msg/detail/polyhedron__type_support.hpp
[2.204s] -- Symlinking: /home/nvidia/gestelt_ws/src/gestelt2/install/decomp_ros_msgs/include/decomp_ros_msgs/decomp_ros_msgs/msg/detail/polyhedron_array__builder.hpp
[2.226s] -- Symlinking: /home/nvidia/gestelt_ws/src/gestelt2/install/decomp_ros_msgs/include/decomp_ros_msgs/decomp_ros_msgs/msg/detail/polyhedron_array__struct.hpp
[2.243s] -- Symlinking: /home/nvidia/gestelt_ws/src/gestelt2/install/decomp_ros_msgs/include/decomp_ros_msgs/decomp_ros_msgs/msg/detail/polyhedron_array__traits.hpp
[2.264s] -- Symlinking: /home/nvidia/gestelt_ws/src/gestelt2/install/decomp_ros_msgs/include/decomp_ros_msgs/decomp_ros_msgs/msg/detail/polyhedron_array__type_support.hpp
[2.284s] -- Symlinking: /home/nvidia/gestelt_ws/src/gestelt2/install/decomp_ros_msgs/include/decomp_ros_msgs/decomp_ros_msgs/msg/ellipsoid.hpp
[2.303s] -- Symlinking: /home/nvidia/gestelt_ws/src/gestelt2/install/decomp_ros_msgs/include/decomp_ros_msgs/decomp_ros_msgs/msg/ellipsoid_array.hpp
[2.322s] -- Symlinking: /home/nvidia/gestelt_ws/src/gestelt2/install/decomp_ros_msgs/include/decomp_ros_msgs/decomp_ros_msgs/msg/polyhedron.hpp
[2.340s] -- Symlinking: /home/nvidia/gestelt_ws/src/gestelt2/install/decomp_ros_msgs/include/decomp_ros_msgs/decomp_ros_msgs/msg/polyhedron_array.hpp
[2.359s] -- Symlinking: /home/nvidia/gestelt_ws/src/gestelt2/install/decomp_ros_msgs/include/decomp_ros_msgs/decomp_ros_msgs/msg/rosidl_generator_cpp__visibility_control.hpp
[2.380s] -- Symlinking: /home/nvidia/gestelt_ws/src/gestelt2/install/decomp_ros_msgs/include/decomp_ros_msgs/decomp_ros_msgs/msg/detail/ellipsoid__rosidl_typesupport_fastrtps_cpp.hpp
[2.400s] -- Symlinking: /home/nvidia/gestelt_ws/src/gestelt2/install/decomp_ros_msgs/include/decomp_ros_msgs/decomp_ros_msgs/msg/detail/ellipsoid_array__rosidl_typesupport_fastrtps_cpp.hpp
[2.418s] -- Symlinking: /home/nvidia/gestelt_ws/src/gestelt2/install/decomp_ros_msgs/include/decomp_ros_msgs/decomp_ros_msgs/msg/detail/polyhedron__rosidl_typesupport_fastrtps_cpp.hpp
[2.438s] -- Symlinking: /home/nvidia/gestelt_ws/src/gestelt2/install/decomp_ros_msgs/include/decomp_ros_msgs/decomp_ros_msgs/msg/detail/polyhedron_array__rosidl_typesupport_fastrtps_cpp.hpp
[2.459s] -- Symlinking: /home/nvidia/gestelt_ws/src/gestelt2/install/decomp_ros_msgs/include/decomp_ros_msgs/decomp_ros_msgs/msg/rosidl_typesupport_fastrtps_cpp__visibility_control.h
[2.478s] -- Symlinking: /home/nvidia/gestelt_ws/src/gestelt2/install/decomp_ros_msgs/include/decomp_ros_msgs/decomp_ros_msgs/msg/detail/ellipsoid__rosidl_typesupport_introspection_cpp.hpp
[2.497s] -- Symlinking: /home/nvidia/gestelt_ws/src/gestelt2/install/decomp_ros_msgs/include/decomp_ros_msgs/decomp_ros_msgs/msg/detail/ellipsoid_array__rosidl_typesupport_introspection_cpp.hpp
[2.516s] -- Symlinking: /home/nvidia/gestelt_ws/src/gestelt2/install/decomp_ros_msgs/include/decomp_ros_msgs/decomp_ros_msgs/msg/detail/polyhedron__rosidl_typesupport_introspection_cpp.hpp
[2.537s] -- Symlinking: /home/nvidia/gestelt_ws/src/gestelt2/install/decomp_ros_msgs/include/decomp_ros_msgs/decomp_ros_msgs/msg/detail/polyhedron_array__rosidl_typesupport_introspection_cpp.hpp
[2.558s] -- Symlinking: /home/nvidia/gestelt_ws/src/gestelt2/install/decomp_ros_msgs/share/decomp_ros_msgs/environment/pythonpath.sh
[2.578s] -- Symlinking: /home/nvidia/gestelt_ws/src/gestelt2/install/decomp_ros_msgs/share/decomp_ros_msgs/environment/pythonpath.dsv
[2.603s] -- Up-to-date symlink: /home/nvidia/gestelt_ws/src/gestelt2/install/decomp_ros_msgs/local/lib/python3.10/dist-packages/decomp_ros_msgs-0.0.0-py3.10.egg-info/PKG-INFO
[2.603s] -- Up-to-date symlink: /home/nvidia/gestelt_ws/src/gestelt2/install/decomp_ros_msgs/local/lib/python3.10/dist-packages/decomp_ros_msgs-0.0.0-py3.10.egg-info/SOURCES.txt
[2.604s] -- Up-to-date symlink: /home/nvidia/gestelt_ws/src/gestelt2/install/decomp_ros_msgs/local/lib/python3.10/dist-packages/decomp_ros_msgs-0.0.0-py3.10.egg-info/dependency_links.txt
[2.605s] -- Up-to-date symlink: /home/nvidia/gestelt_ws/src/gestelt2/install/decomp_ros_msgs/local/lib/python3.10/dist-packages/decomp_ros_msgs-0.0.0-py3.10.egg-info/top_level.txt
[2.606s] -- Up-to-date symlink: /home/nvidia/gestelt_ws/src/gestelt2/install/decomp_ros_msgs/local/lib/python3.10/dist-packages/decomp_ros_msgs/__init__.py
[2.607s] -- Up-to-date symlink: /home/nvidia/gestelt_ws/src/gestelt2/install/decomp_ros_msgs/local/lib/python3.10/dist-packages/decomp_ros_msgs/_decomp_ros_msgs_s.ep.rosidl_typesupport_c.c
[2.607s] -- Up-to-date symlink: /home/nvidia/gestelt_ws/src/gestelt2/install/decomp_ros_msgs/local/lib/python3.10/dist-packages/decomp_ros_msgs/_decomp_ros_msgs_s.ep.rosidl_typesupport_fastrtps_c.c
[2.608s] -- Up-to-date symlink: /home/nvidia/gestelt_ws/src/gestelt2/install/decomp_ros_msgs/local/lib/python3.10/dist-packages/decomp_ros_msgs/_decomp_ros_msgs_s.ep.rosidl_typesupport_introspection_c.c
[2.609s] -- Up-to-date symlink: /home/nvidia/gestelt_ws/src/gestelt2/install/decomp_ros_msgs/local/lib/python3.10/dist-packages/decomp_ros_msgs/decomp_ros_msgs_s__rosidl_typesupport_c.cpython-310-aarch64-linux-gnu.so
[2.609s] -- Up-to-date symlink: /home/nvidia/gestelt_ws/src/gestelt2/install/decomp_ros_msgs/local/lib/python3.10/dist-packages/decomp_ros_msgs/decomp_ros_msgs_s__rosidl_typesupport_fastrtps_c.cpython-310-aarch64-linux-gnu.so
[2.610s] -- Up-to-date symlink: /home/nvidia/gestelt_ws/src/gestelt2/install/decomp_ros_msgs/local/lib/python3.10/dist-packages/decomp_ros_msgs/decomp_ros_msgs_s__rosidl_typesupport_introspection_c.cpython-310-aarch64-linux-gnu.so
[2.610s] -- Up-to-date symlink: /home/nvidia/gestelt_ws/src/gestelt2/install/decomp_ros_msgs/local/lib/python3.10/dist-packages/decomp_ros_msgs/libdecomp_ros_msgs__rosidl_generator_py.so
[2.611s] -- Up-to-date symlink: /home/nvidia/gestelt_ws/src/gestelt2/install/decomp_ros_msgs/local/lib/python3.10/dist-packages/decomp_ros_msgs/msg/__init__.py
[2.612s] -- Up-to-date symlink: /home/nvidia/gestelt_ws/src/gestelt2/install/decomp_ros_msgs/local/lib/python3.10/dist-packages/decomp_ros_msgs/msg/_ellipsoid.py
[2.612s] -- Up-to-date symlink: /home/nvidia/gestelt_ws/src/gestelt2/install/decomp_ros_msgs/local/lib/python3.10/dist-packages/decomp_ros_msgs/msg/_ellipsoid_array.py
[2.613s] -- Up-to-date symlink: /home/nvidia/gestelt_ws/src/gestelt2/install/decomp_ros_msgs/local/lib/python3.10/dist-packages/decomp_ros_msgs/msg/_ellipsoid_array_s.c
[2.613s] -- Up-to-date symlink: /home/nvidia/gestelt_ws/src/gestelt2/install/decomp_ros_msgs/local/lib/python3.10/dist-packages/decomp_ros_msgs/msg/_ellipsoid_s.c
[2.614s] -- Up-to-date symlink: /home/nvidia/gestelt_ws/src/gestelt2/install/decomp_ros_msgs/local/lib/python3.10/dist-packages/decomp_ros_msgs/msg/_polyhedron.py
[2.615s] -- Up-to-date symlink: /home/nvidia/gestelt_ws/src/gestelt2/install/decomp_ros_msgs/local/lib/python3.10/dist-packages/decomp_ros_msgs/msg/_polyhedron_array.py
[2.615s] -- Up-to-date symlink: /home/nvidia/gestelt_ws/src/gestelt2/install/decomp_ros_msgs/local/lib/python3.10/dist-packages/decomp_ros_msgs/msg/_polyhedron_array_s.c
[2.617s] -- Up-to-date symlink: /home/nvidia/gestelt_ws/src/gestelt2/install/decomp_ros_msgs/local/lib/python3.10/dist-packages/decomp_ros_msgs/msg/_polyhedron_s.c
[2.618s] -- Up-to-date symlink: /home/nvidia/gestelt_ws/src/gestelt2/install/decomp_ros_msgs/local/lib/python3.10/dist-packages/decomp_ros_msgs/decomp_ros_msgs_s__rosidl_typesupport_fastrtps_c.cpython-310-aarch64-linux-gnu.so
[2.619s] -- Up-to-date symlink: /home/nvidia/gestelt_ws/src/gestelt2/install/decomp_ros_msgs/local/lib/python3.10/dist-packages/decomp_ros_msgs/decomp_ros_msgs_s__rosidl_typesupport_introspection_c.cpython-310-aarch64-linux-gnu.so
[2.620s] -- Up-to-date symlink: /home/nvidia/gestelt_ws/src/gestelt2/install/decomp_ros_msgs/local/lib/python3.10/dist-packages/decomp_ros_msgs/decomp_ros_msgs_s__rosidl_typesupport_c.cpython-310-aarch64-linux-gnu.so
[2.621s] -- Symlinking: /home/nvidia/gestelt_ws/src/gestelt2/install/decomp_ros_msgs/share/decomp_ros_msgs/msg/Ellipsoid.idl
[2.639s] -- Symlinking: /home/nvidia/gestelt_ws/src/gestelt2/install/decomp_ros_msgs/share/decomp_ros_msgs/msg/EllipsoidArray.idl
[2.659s] -- Symlinking: /home/nvidia/gestelt_ws/src/gestelt2/install/decomp_ros_msgs/share/decomp_ros_msgs/msg/Polyhedron.idl
[2.678s] -- Symlinking: /home/nvidia/gestelt_ws/src/gestelt2/install/decomp_ros_msgs/share/decomp_ros_msgs/msg/PolyhedronArray.idl
[2.697s] -- Symlinking: /home/nvidia/gestelt_ws/src/gestelt2/install/decomp_ros_msgs/share/decomp_ros_msgs/msg/Ellipsoid.msg
[2.717s] -- Symlinking: /home/nvidia/gestelt_ws/src/gestelt2/install/decomp_ros_msgs/share/decomp_ros_msgs/msg/EllipsoidArray.msg
[2.736s] -- Symlinking: /home/nvidia/gestelt_ws/src/gestelt2/install/decomp_ros_msgs/share/decomp_ros_msgs/msg/Polyhedron.msg
[2.756s] -- Symlinking: /home/nvidia/gestelt_ws/src/gestelt2/install/decomp_ros_msgs/share/decomp_ros_msgs/msg/PolyhedronArray.msg
[2.775s] -- Symlinking: /home/nvidia/gestelt_ws/src/gestelt2/install/decomp_ros_msgs/share/ament_index/resource_index/package_run_dependencies/decomp_ros_msgs
[2.796s] -- Symlinking: /home/nvidia/gestelt_ws/src/gestelt2/install/decomp_ros_msgs/share/ament_index/resource_index/parent_prefix_path/decomp_ros_msgs
[2.816s] -- Symlinking: /home/nvidia/gestelt_ws/src/gestelt2/install/decomp_ros_msgs/share/decomp_ros_msgs/environment/ament_prefix_path.sh
[2.838s] -- Symlinking: /home/nvidia/gestelt_ws/src/gestelt2/install/decomp_ros_msgs/share/decomp_ros_msgs/environment/ament_prefix_path.dsv
[2.863s] -- Symlinking: /home/nvidia/gestelt_ws/src/gestelt2/install/decomp_ros_msgs/share/decomp_ros_msgs/environment/path.sh
[2.884s] -- Symlinking: /home/nvidia/gestelt_ws/src/gestelt2/install/decomp_ros_msgs/share/decomp_ros_msgs/environment/path.dsv
[2.903s] -- Symlinking: /home/nvidia/gestelt_ws/src/gestelt2/install/decomp_ros_msgs/share/decomp_ros_msgs/local_setup.bash
[2.927s] -- Symlinking: /home/nvidia/gestelt_ws/src/gestelt2/install/decomp_ros_msgs/share/decomp_ros_msgs/local_setup.sh
[2.951s] -- Symlinking: /home/nvidia/gestelt_ws/src/gestelt2/install/decomp_ros_msgs/share/decomp_ros_msgs/local_setup.zsh
[2.973s] -- Symlinking: /home/nvidia/gestelt_ws/src/gestelt2/install/decomp_ros_msgs/share/decomp_ros_msgs/local_setup.dsv
[2.995s] -- Symlinking: /home/nvidia/gestelt_ws/src/gestelt2/install/decomp_ros_msgs/share/decomp_ros_msgs/package.dsv
[3.015s] -- Symlinking: /home/nvidia/gestelt_ws/src/gestelt2/install/decomp_ros_msgs/share/ament_index/resource_index/packages/decomp_ros_msgs
[3.038s] -- Symlinking: /home/nvidia/gestelt_ws/src/gestelt2/install/decomp_ros_msgs/share/decomp_ros_msgs/cmake/rosidl_cmake-extras.cmake
[3.060s] -- Symlinking: /home/nvidia/gestelt_ws/src/gestelt2/install/decomp_ros_msgs/share/decomp_ros_msgs/cmake/ament_cmake_export_dependencies-extras.cmake
[3.078s] -- Symlinking: /home/nvidia/gestelt_ws/src/gestelt2/install/decomp_ros_msgs/share/decomp_ros_msgs/cmake/ament_cmake_export_include_directories-extras.cmake
[3.098s] -- Symlinking: /home/nvidia/gestelt_ws/src/gestelt2/install/decomp_ros_msgs/share/decomp_ros_msgs/cmake/ament_cmake_export_libraries-extras.cmake
[3.118s] -- Symlinking: /home/nvidia/gestelt_ws/src/gestelt2/install/decomp_ros_msgs/share/decomp_ros_msgs/cmake/ament_cmake_export_targets-extras.cmake
[3.137s] -- Symlinking: /home/nvidia/gestelt_ws/src/gestelt2/install/decomp_ros_msgs/share/decomp_ros_msgs/cmake/rosidl_cmake_export_typesupport_targets-extras.cmake
[3.158s] -- Symlinking: /home/nvidia/gestelt_ws/src/gestelt2/install/decomp_ros_msgs/share/decomp_ros_msgs/cmake/rosidl_cmake_export_typesupport_libraries-extras.cmake
[3.175s] -- Symlinking: /home/nvidia/gestelt_ws/src/gestelt2/install/decomp_ros_msgs/share/decomp_ros_msgs/cmake/decomp_ros_msgsConfig.cmake
[3.195s] -- Symlinking: /home/nvidia/gestelt_ws/src/gestelt2/install/decomp_ros_msgs/share/decomp_ros_msgs/cmake/decomp_ros_msgsConfig-version.cmake
[3.214s] -- Symlinking: /home/nvidia/gestelt_ws/src/gestelt2/install/decomp_ros_msgs/share/decomp_ros_msgs/package.xml
[3.236s] -- Up-to-date: /home/nvidia/gestelt_ws/src/gestelt2/install/decomp_ros_msgs/lib/libdecomp_ros_msgs__rosidl_generator_c.so
[3.237s] -- Up-to-date: /home/nvidia/gestelt_ws/src/gestelt2/install/decomp_ros_msgs/lib/libdecomp_ros_msgs__rosidl_typesupport_fastrtps_c.so
[3.238s] -- Up-to-date: /home/nvidia/gestelt_ws/src/gestelt2/install/decomp_ros_msgs/lib/libdecomp_ros_msgs__rosidl_typesupport_introspection_c.so
[3.239s] -- Up-to-date: /home/nvidia/gestelt_ws/src/gestelt2/install/decomp_ros_msgs/lib/libdecomp_ros_msgs__rosidl_typesupport_c.so
[3.245s] -- Up-to-date: /home/nvidia/gestelt_ws/src/gestelt2/install/decomp_ros_msgs/lib/libdecomp_ros_msgs__rosidl_typesupport_fastrtps_cpp.so
[3.246s] -- Up-to-date: /home/nvidia/gestelt_ws/src/gestelt2/install/decomp_ros_msgs/lib/libdecomp_ros_msgs__rosidl_typesupport_introspection_cpp.so
[3.246s] -- Up-to-date: /home/nvidia/gestelt_ws/src/gestelt2/install/decomp_ros_msgs/lib/libdecomp_ros_msgs__rosidl_typesupport_cpp.so
[3.323s] Listing '/home/nvidia/gestelt_ws/src/gestelt2/install/decomp_ros_msgs/local/lib/python3.10/dist-packages/decomp_ros_msgs'...
[3.325s] Listing '/home/nvidia/gestelt_ws/src/gestelt2/install/decomp_ros_msgs/local/lib/python3.10/dist-packages/decomp_ros_msgs/msg'...
[3.341s] -- Up-to-date: /home/nvidia/gestelt_ws/src/gestelt2/install/decomp_ros_msgs/lib/libdecomp_ros_msgs__rosidl_generator_py.so
[3.341s] -- Installing: /home/nvidia/gestelt_ws/src/gestelt2/install/decomp_ros_msgs/share/decomp_ros_msgs/cmake/export_decomp_ros_msgs__rosidl_generator_cExport.cmake
[3.341s] -- Installing: /home/nvidia/gestelt_ws/src/gestelt2/install/decomp_ros_msgs/share/decomp_ros_msgs/cmake/export_decomp_ros_msgs__rosidl_generator_cExport-noconfig.cmake
[3.343s] -- Installing: /home/nvidia/gestelt_ws/src/gestelt2/install/decomp_ros_msgs/share/decomp_ros_msgs/cmake/export_decomp_ros_msgs__rosidl_typesupport_fastrtps_cExport.cmake
[3.345s] -- Installing: /home/nvidia/gestelt_ws/src/gestelt2/install/decomp_ros_msgs/share/decomp_ros_msgs/cmake/export_decomp_ros_msgs__rosidl_typesupport_fastrtps_cExport-noconfig.cmake
[3.345s] -- Installing: /home/nvidia/gestelt_ws/src/gestelt2/install/decomp_ros_msgs/share/decomp_ros_msgs/cmake/decomp_ros_msgs__rosidl_typesupport_introspection_cExport.cmake
[3.346s] -- Installing: /home/nvidia/gestelt_ws/src/gestelt2/install/decomp_ros_msgs/share/decomp_ros_msgs/cmake/decomp_ros_msgs__rosidl_typesupport_introspection_cExport-noconfig.cmake
[3.347s] -- Installing: /home/nvidia/gestelt_ws/src/gestelt2/install/decomp_ros_msgs/share/decomp_ros_msgs/cmake/decomp_ros_msgs__rosidl_typesupport_cExport.cmake
[3.348s] -- Installing: /home/nvidia/gestelt_ws/src/gestelt2/install/decomp_ros_msgs/share/decomp_ros_msgs/cmake/decomp_ros_msgs__rosidl_typesupport_cExport-noconfig.cmake
[3.348s] -- Installing: /home/nvidia/gestelt_ws/src/gestelt2/install/decomp_ros_msgs/share/decomp_ros_msgs/cmake/export_decomp_ros_msgs__rosidl_generator_cppExport.cmake
[3.349s] -- Installing: /home/nvidia/gestelt_ws/src/gestelt2/install/decomp_ros_msgs/share/decomp_ros_msgs/cmake/export_decomp_ros_msgs__rosidl_typesupport_fastrtps_cppExport.cmake
[3.349s] -- Installing: /home/nvidia/gestelt_ws/src/gestelt2/install/decomp_ros_msgs/share/decomp_ros_msgs/cmake/export_decomp_ros_msgs__rosidl_typesupport_fastrtps_cppExport-noconfig.cmake
[3.350s] -- Installing: /home/nvidia/gestelt_ws/src/gestelt2/install/decomp_ros_msgs/share/decomp_ros_msgs/cmake/decomp_ros_msgs__rosidl_typesupport_introspection_cppExport.cmake
[3.350s] -- Installing: /home/nvidia/gestelt_ws/src/gestelt2/install/decomp_ros_msgs/share/decomp_ros_msgs/cmake/decomp_ros_msgs__rosidl_typesupport_introspection_cppExport-noconfig.cmake
[3.351s] -- Installing: /home/nvidia/gestelt_ws/src/gestelt2/install/decomp_ros_msgs/share/decomp_ros_msgs/cmake/decomp_ros_msgs__rosidl_typesupport_cppExport.cmake
[3.351s] -- Installing: /home/nvidia/gestelt_ws/src/gestelt2/install/decomp_ros_msgs/share/decomp_ros_msgs/cmake/decomp_ros_msgs__rosidl_typesupport_cppExport-noconfig.cmake
[3.352s] -- Installing: /home/nvidia/gestelt_ws/src/gestelt2/install/decomp_ros_msgs/share/decomp_ros_msgs/cmake/export_decomp_ros_msgs__rosidl_generator_pyExport.cmake
[3.354s] -- Installing: /home/nvidia/gestelt_ws/src/gestelt2/install/decomp_ros_msgs/share/decomp_ros_msgs/cmake/export_decomp_ros_msgs__rosidl_generator_pyExport-noconfig.cmake
[3.360s] Invoked command in '/home/nvidia/gestelt_ws/src/gestelt2/build/decomp_ros_msgs' returned '0': CMAKE_PREFIX_PATH=${CMAKE_PREFIX_PATH}:/home/nvidia/gestelt_ws/install/gestelt_commander:/home/nvidia/tl_vision2/install/vision:/home/nvidia/bridge_ws/install/vilota_bridge:/opt/ros/humble /usr/bin/cmake --install /home/nvidia/gestelt_ws/src/gestelt2/build/decomp_ros_msgs
