-- The C compiler identification is GNU 11.4.0
-- The CXX compiler identification is GNU 11.4.0
-- Detecting C compiler ABI info
-- Detecting C compiler ABI info - done
-- Check for working C compiler: /usr/bin/cc - skipped
-- Detecting C compile features
-- Detecting C compile features - done
-- Detecting CXX compiler ABI info
-- Detecting CXX compiler ABI info - done
-- Check for working CXX compiler: /usr/bin/c++ - skipped
-- Detecting CXX compile features
-- Detecting CXX compile features - done
-- Found ament_cmake: 1.3.11 (/opt/ros/humble/share/ament_cmake/cmake)
-- Found Python3: /usr/bin/python3 (found version "3.10.12") found components: Interpreter 
-- Override CMake install command with custom implementation using symlinks instead of copying resources
-- Found eigen3_cmake_module: 0.1.1 (/opt/ros/humble/share/eigen3_cmake_module/cmake)
-- Found ament_lint_auto: 0.12.12 (/opt/ros/humble/share/ament_lint_auto/cmake)
-- Configuring done
-- Generating done
-- Build files have been written to: /home/nvidia/gestelt_ws/src/gestelt2/build/decomp_util
[ 50%] [32mBuilding CXX object CMakeFiles/decomp_util.dir/src/decomp_util.cpp.o[0m
[100%] [32m[1mLinking CXX static library libdecomp_util.a[0m
[100%] Built target decomp_util
-- Install configuration: "Release"
-- Execute custom install script
-- Symlinking: /home/nvidia/gestelt_ws/src/gestelt2/install/decomp_util/include/decomp_util/decomp_basis/data_type.h
-- Symlinking: /home/nvidia/gestelt_ws/src/gestelt2/install/decomp_util/include/decomp_util/decomp_basis/data_utils.h
-- Symlinking: /home/nvidia/gestelt_ws/src/gestelt2/install/decomp_util/include/decomp_util/decomp_geometry/ellipsoid.h
-- Symlinking: /home/nvidia/gestelt_ws/src/gestelt2/install/decomp_util/include/decomp_util/decomp_geometry/geometric_utils.h
-- Symlinking: /home/nvidia/gestelt_ws/src/gestelt2/install/decomp_util/include/decomp_util/decomp_geometry/polyhedron.h
-- Symlinking: /home/nvidia/gestelt_ws/src/gestelt2/install/decomp_util/include/decomp_util/decomp_util/decomp_base.h
-- Symlinking: /home/nvidia/gestelt_ws/src/gestelt2/install/decomp_util/include/decomp_util/decomp_util/ellipsoid_decomp.h
-- Symlinking: /home/nvidia/gestelt_ws/src/gestelt2/install/decomp_util/include/decomp_util/decomp_util/iterative_decomp.h
-- Symlinking: /home/nvidia/gestelt_ws/src/gestelt2/install/decomp_util/include/decomp_util/decomp_util/line_segment.h
-- Symlinking: /home/nvidia/gestelt_ws/src/gestelt2/install/decomp_util/include/decomp_util/decomp_util/seed_decomp.h
-- Symlinking: /home/nvidia/gestelt_ws/src/gestelt2/install/decomp_util/share/decomp_util/cmake/decomp_utilConfig.cmake
-- Symlinking: /home/nvidia/gestelt_ws/src/gestelt2/install/decomp_util/share/decomp_util/cmake/decomp_utilConfigVersion.cmake
-- Symlinking: /home/nvidia/gestelt_ws/src/gestelt2/install/decomp_util/share/decomp_util/environment/library_path.sh
-- Symlinking: /home/nvidia/gestelt_ws/src/gestelt2/install/decomp_util/share/decomp_util/environment/library_path.dsv
-- Symlinking: /home/nvidia/gestelt_ws/src/gestelt2/install/decomp_util/share/ament_index/resource_index/package_run_dependencies/decomp_util
-- Symlinking: /home/nvidia/gestelt_ws/src/gestelt2/install/decomp_util/share/ament_index/resource_index/parent_prefix_path/decomp_util
-- Symlinking: /home/nvidia/gestelt_ws/src/gestelt2/install/decomp_util/share/decomp_util/environment/ament_prefix_path.sh
-- Symlinking: /home/nvidia/gestelt_ws/src/gestelt2/install/decomp_util/share/decomp_util/environment/ament_prefix_path.dsv
-- Symlinking: /home/nvidia/gestelt_ws/src/gestelt2/install/decomp_util/share/decomp_util/environment/path.sh
-- Symlinking: /home/nvidia/gestelt_ws/src/gestelt2/install/decomp_util/share/decomp_util/environment/path.dsv
-- Symlinking: /home/nvidia/gestelt_ws/src/gestelt2/install/decomp_util/share/decomp_util/local_setup.bash
-- Symlinking: /home/nvidia/gestelt_ws/src/gestelt2/install/decomp_util/share/decomp_util/local_setup.sh
-- Symlinking: /home/nvidia/gestelt_ws/src/gestelt2/install/decomp_util/share/decomp_util/local_setup.zsh
-- Symlinking: /home/nvidia/gestelt_ws/src/gestelt2/install/decomp_util/share/decomp_util/local_setup.dsv
-- Symlinking: /home/nvidia/gestelt_ws/src/gestelt2/install/decomp_util/share/decomp_util/package.dsv
-- Symlinking: /home/nvidia/gestelt_ws/src/gestelt2/install/decomp_util/share/ament_index/resource_index/packages/decomp_util
-- Symlinking: /home/nvidia/gestelt_ws/src/gestelt2/install/decomp_util/share/decomp_util/cmake/ament_cmake_export_include_directories-extras.cmake
-- Symlinking: /home/nvidia/gestelt_ws/src/gestelt2/install/decomp_util/share/decomp_util/cmake/ament_cmake_export_libraries-extras.cmake
-- Symlinking: /home/nvidia/gestelt_ws/src/gestelt2/install/decomp_util/share/decomp_util/cmake/ament_cmake_export_targets-extras.cmake
-- Symlinking: /home/nvidia/gestelt_ws/src/gestelt2/install/decomp_util/share/decomp_util/cmake/decomp_utilConfig.cmake
-- Symlinking: /home/nvidia/gestelt_ws/src/gestelt2/install/decomp_util/share/decomp_util/cmake/decomp_utilConfig-version.cmake
-- Symlinking: /home/nvidia/gestelt_ws/src/gestelt2/install/decomp_util/share/decomp_util/package.xml
-- Installing: /home/nvidia/gestelt_ws/src/gestelt2/install/decomp_util/lib/libdecomp_util.a
-- Installing: /home/nvidia/gestelt_ws/src/gestelt2/install/decomp_util/share/decomp_util/cmake/export_decomp_utilExport.cmake
-- Installing: /home/nvidia/gestelt_ws/src/gestelt2/install/decomp_util/share/decomp_util/cmake/export_decomp_utilExport-release.cmake
