[0.079s] Invoking command in '/home/nvidia/gestelt_ws/src/gestelt2/build/decomp_util': CMAKE_PREFIX_PATH=${CMAKE_PREFIX_PATH}:/home/nvidia/gestelt_ws/install/gestelt_commander:/home/nvidia/tl_vision2/install/vision:/home/nvidia/bridge_ws/install/vilota_bridge:/opt/ros/humble /usr/bin/cmake /home/nvidia/gestelt_ws/src/gestelt2/third_party/decomp_ros/decomp_util -DAMENT_CMAKE_SYMLINK_INSTALL=1 -DCMAKE_INSTALL_PREFIX=/home/nvidia/gestelt_ws/src/gestelt2/install/decomp_util
[0.602s] -- The C compiler identification is GNU 11.4.0
[1.051s] -- The CXX compiler identification is GNU 11.4.0
[1.070s] -- Detecting C compiler ABI info
[1.282s] -- Detecting C compiler ABI info - done
[1.298s] -- Check for working C compiler: /usr/bin/cc - skipped
[1.299s] -- Detecting C compile features
[1.305s] -- Detecting C compile features - done
[1.308s] -- Detecting CXX compiler ABI info
[1.520s] -- Detecting CXX compiler ABI info - done
[1.546s] -- Check for working CXX compiler: /usr/bin/c++ - skipped
[1.546s] -- Detecting CXX compile features
[1.548s] -- Detecting CXX compile features - done
[1.574s] -- Found ament_cmake: 1.3.11 (/opt/ros/humble/share/ament_cmake/cmake)
[2.091s] -- Found Python3: /usr/bin/python3 (found version "3.10.12") found components: Interpreter 
[2.298s] -- Override CMake install command with custom implementation using symlinks instead of copying resources
[2.508s] -- Found eigen3_cmake_module: 0.1.1 (/opt/ros/humble/share/eigen3_cmake_module/cmake)
[2.524s] -- Found ament_lint_auto: 0.12.12 (/opt/ros/humble/share/ament_lint_auto/cmake)
[2.799s] -- Configuring done
[2.808s] -- Generating done
[2.822s] -- Build files have been written to: /home/nvidia/gestelt_ws/src/gestelt2/build/decomp_util
[2.840s] Invoked command in '/home/nvidia/gestelt_ws/src/gestelt2/build/decomp_util' returned '0': CMAKE_PREFIX_PATH=${CMAKE_PREFIX_PATH}:/home/nvidia/gestelt_ws/install/gestelt_commander:/home/nvidia/tl_vision2/install/vision:/home/nvidia/bridge_ws/install/vilota_bridge:/opt/ros/humble /usr/bin/cmake /home/nvidia/gestelt_ws/src/gestelt2/third_party/decomp_ros/decomp_util -DAMENT_CMAKE_SYMLINK_INSTALL=1 -DCMAKE_INSTALL_PREFIX=/home/nvidia/gestelt_ws/src/gestelt2/install/decomp_util
[2.841s] Invoking command in '/home/nvidia/gestelt_ws/src/gestelt2/build/decomp_util': CMAKE_PREFIX_PATH=${CMAKE_PREFIX_PATH}:/home/nvidia/gestelt_ws/install/gestelt_commander:/home/nvidia/tl_vision2/install/vision:/home/nvidia/bridge_ws/install/vilota_bridge:/opt/ros/humble /usr/bin/cmake --build /home/nvidia/gestelt_ws/src/gestelt2/build/decomp_util -- -j8 -l8
[6.035s] [ 50%] [32mBuilding CXX object CMakeFiles/decomp_util.dir/src/decomp_util.cpp.o[0m
[32.105s] [100%] [32m[1mLinking CXX static library libdecomp_util.a[0m
[32.209s] [100%] Built target decomp_util
[32.242s] Invoked command in '/home/nvidia/gestelt_ws/src/gestelt2/build/decomp_util' returned '0': CMAKE_PREFIX_PATH=${CMAKE_PREFIX_PATH}:/home/nvidia/gestelt_ws/install/gestelt_commander:/home/nvidia/tl_vision2/install/vision:/home/nvidia/bridge_ws/install/vilota_bridge:/opt/ros/humble /usr/bin/cmake --build /home/nvidia/gestelt_ws/src/gestelt2/build/decomp_util -- -j8 -l8
[32.243s] Invoking command in '/home/nvidia/gestelt_ws/src/gestelt2/build/decomp_util': CMAKE_PREFIX_PATH=${CMAKE_PREFIX_PATH}:/home/nvidia/gestelt_ws/install/gestelt_commander:/home/nvidia/tl_vision2/install/vision:/home/nvidia/bridge_ws/install/vilota_bridge:/opt/ros/humble /usr/bin/cmake --install /home/nvidia/gestelt_ws/src/gestelt2/build/decomp_util
[32.264s] -- Install configuration: "Release"
[32.266s] -- Execute custom install script
[32.268s] -- Symlinking: /home/nvidia/gestelt_ws/src/gestelt2/install/decomp_util/include/decomp_util/decomp_basis/data_type.h
[32.293s] -- Symlinking: /home/nvidia/gestelt_ws/src/gestelt2/install/decomp_util/include/decomp_util/decomp_basis/data_utils.h
[32.319s] -- Symlinking: /home/nvidia/gestelt_ws/src/gestelt2/install/decomp_util/include/decomp_util/decomp_geometry/ellipsoid.h
[32.343s] -- Symlinking: /home/nvidia/gestelt_ws/src/gestelt2/install/decomp_util/include/decomp_util/decomp_geometry/geometric_utils.h
[32.367s] -- Symlinking: /home/nvidia/gestelt_ws/src/gestelt2/install/decomp_util/include/decomp_util/decomp_geometry/polyhedron.h
[32.399s] -- Symlinking: /home/nvidia/gestelt_ws/src/gestelt2/install/decomp_util/include/decomp_util/decomp_util/decomp_base.h
[32.421s] -- Symlinking: /home/nvidia/gestelt_ws/src/gestelt2/install/decomp_util/include/decomp_util/decomp_util/ellipsoid_decomp.h
[32.444s] -- Symlinking: /home/nvidia/gestelt_ws/src/gestelt2/install/decomp_util/include/decomp_util/decomp_util/iterative_decomp.h
[32.466s] -- Symlinking: /home/nvidia/gestelt_ws/src/gestelt2/install/decomp_util/include/decomp_util/decomp_util/line_segment.h
[32.488s] -- Symlinking: /home/nvidia/gestelt_ws/src/gestelt2/install/decomp_util/include/decomp_util/decomp_util/seed_decomp.h
[32.512s] -- Symlinking: /home/nvidia/gestelt_ws/src/gestelt2/install/decomp_util/share/decomp_util/cmake/decomp_utilConfig.cmake
[32.537s] -- Symlinking: /home/nvidia/gestelt_ws/src/gestelt2/install/decomp_util/share/decomp_util/cmake/decomp_utilConfigVersion.cmake
[32.560s] -- Symlinking: /home/nvidia/gestelt_ws/src/gestelt2/install/decomp_util/share/decomp_util/environment/library_path.sh
[32.583s] -- Symlinking: /home/nvidia/gestelt_ws/src/gestelt2/install/decomp_util/share/decomp_util/environment/library_path.dsv
[32.607s] -- Symlinking: /home/nvidia/gestelt_ws/src/gestelt2/install/decomp_util/share/ament_index/resource_index/package_run_dependencies/decomp_util
[32.635s] -- Symlinking: /home/nvidia/gestelt_ws/src/gestelt2/install/decomp_util/share/ament_index/resource_index/parent_prefix_path/decomp_util
[32.657s] -- Symlinking: /home/nvidia/gestelt_ws/src/gestelt2/install/decomp_util/share/decomp_util/environment/ament_prefix_path.sh
[32.679s] -- Symlinking: /home/nvidia/gestelt_ws/src/gestelt2/install/decomp_util/share/decomp_util/environment/ament_prefix_path.dsv
[32.702s] -- Symlinking: /home/nvidia/gestelt_ws/src/gestelt2/install/decomp_util/share/decomp_util/environment/path.sh
[32.724s] -- Symlinking: /home/nvidia/gestelt_ws/src/gestelt2/install/decomp_util/share/decomp_util/environment/path.dsv
[32.744s] -- Symlinking: /home/nvidia/gestelt_ws/src/gestelt2/install/decomp_util/share/decomp_util/local_setup.bash
[32.765s] -- Symlinking: /home/nvidia/gestelt_ws/src/gestelt2/install/decomp_util/share/decomp_util/local_setup.sh
[32.786s] -- Symlinking: /home/nvidia/gestelt_ws/src/gestelt2/install/decomp_util/share/decomp_util/local_setup.zsh
[32.806s] -- Symlinking: /home/nvidia/gestelt_ws/src/gestelt2/install/decomp_util/share/decomp_util/local_setup.dsv
[32.826s] -- Symlinking: /home/nvidia/gestelt_ws/src/gestelt2/install/decomp_util/share/decomp_util/package.dsv
[32.848s] -- Symlinking: /home/nvidia/gestelt_ws/src/gestelt2/install/decomp_util/share/ament_index/resource_index/packages/decomp_util
[32.870s] -- Symlinking: /home/nvidia/gestelt_ws/src/gestelt2/install/decomp_util/share/decomp_util/cmake/ament_cmake_export_include_directories-extras.cmake
[32.889s] -- Symlinking: /home/nvidia/gestelt_ws/src/gestelt2/install/decomp_util/share/decomp_util/cmake/ament_cmake_export_libraries-extras.cmake
[32.910s] -- Symlinking: /home/nvidia/gestelt_ws/src/gestelt2/install/decomp_util/share/decomp_util/cmake/ament_cmake_export_targets-extras.cmake
[32.933s] -- Symlinking: /home/nvidia/gestelt_ws/src/gestelt2/install/decomp_util/share/decomp_util/cmake/decomp_utilConfig.cmake
[32.963s] -- Symlinking: /home/nvidia/gestelt_ws/src/gestelt2/install/decomp_util/share/decomp_util/cmake/decomp_utilConfig-version.cmake
[32.985s] -- Symlinking: /home/nvidia/gestelt_ws/src/gestelt2/install/decomp_util/share/decomp_util/package.xml
[33.014s] -- Installing: /home/nvidia/gestelt_ws/src/gestelt2/install/decomp_util/lib/libdecomp_util.a
[33.014s] -- Installing: /home/nvidia/gestelt_ws/src/gestelt2/install/decomp_util/share/decomp_util/cmake/export_decomp_utilExport.cmake
[33.014s] -- Installing: /home/nvidia/gestelt_ws/src/gestelt2/install/decomp_util/share/decomp_util/cmake/export_decomp_utilExport-release.cmake
[33.020s] Invoked command in '/home/nvidia/gestelt_ws/src/gestelt2/build/decomp_util' returned '0': CMAKE_PREFIX_PATH=${CMAKE_PREFIX_PATH}:/home/nvidia/gestelt_ws/install/gestelt_commander:/home/nvidia/tl_vision2/install/vision:/home/nvidia/bridge_ws/install/vilota_bridge:/opt/ros/humble /usr/bin/cmake --install /home/nvidia/gestelt_ws/src/gestelt2/build/decomp_util
