[0.096s] Invoking command in '/home/nvidia/gestelt_ws/src/gestelt2/build/gestelt_interfaces': CMAKE_PREFIX_PATH=${CMAKE_PREFIX_PATH}:/home/nvidia/gestelt_ws/install/gestelt_commander:/home/nvidia/tl_vision2/install/vision:/home/nvidia/bridge_ws/install/vilota_bridge:/opt/ros/humble /usr/bin/cmake --build /home/nvidia/gestelt_ws/src/gestelt2/build/gestelt_interfaces -- -j8 -l8
[0.336s] [35m[1mConsolidate compiler generated dependencies of target gestelt_interfaces__rosidl_generator_c[0m
[0.359s] [  1%] Built target gestelt_interfaces__cpp
[0.377s] [  1%] Built target ament_cmake_python_symlink_gestelt_interfaces
[0.423s] [35m[1mConsolidate compiler generated dependencies of target gestelt_interfaces__rosidl_typesupport_introspection_cpp[0m
[0.429s] [35m[1mConsolidate compiler generated dependencies of target gestelt_interfaces__rosidl_typesupport_cpp[0m
[0.448s] [35m[1mConsolidate compiler generated dependencies of target gestelt_interfaces__rosidl_typesupport_fastrtps_cpp[0m
[0.456s] [ 12%] Built target gestelt_interfaces__rosidl_generator_c
[0.530s] [ 24%] Built target gestelt_interfaces__rosidl_typesupport_introspection_cpp
[0.531s] [35m[1mConsolidate compiler generated dependencies of target gestelt_interfaces__rosidl_typesupport_fastrtps_c[0m
[0.547s] [ 35%] Built target gestelt_interfaces__rosidl_typesupport_cpp
[0.558s] [35m[1mConsolidate compiler generated dependencies of target gestelt_interfaces__rosidl_typesupport_introspection_c[0m
[0.558s] [ 46%] Built target gestelt_interfaces__rosidl_typesupport_fastrtps_cpp
[0.582s] [ 58%] Built target gestelt_interfaces__rosidl_typesupport_fastrtps_c
[0.613s] [35m[1mConsolidate compiler generated dependencies of target gestelt_interfaces__rosidl_typesupport_c[0m
[0.613s] [ 69%] Built target gestelt_interfaces__rosidl_typesupport_introspection_c
[0.642s] [ 81%] Built target gestelt_interfaces__rosidl_typesupport_c
[0.710s] [ 81%] Built target gestelt_interfaces
[0.783s] [ 82%] Built target gestelt_interfaces__py
[0.813s] [35m[1mConsolidate compiler generated dependencies of target gestelt_interfaces__rosidl_generator_py[0m
[0.875s] [ 92%] Built target gestelt_interfaces__rosidl_generator_py
[0.916s] [35m[1mConsolidate compiler generated dependencies of target gestelt_interfaces__rosidl_typesupport_fastrtps_c__pyext[0m
[0.937s] [35m[1mConsolidate compiler generated dependencies of target gestelt_interfaces__rosidl_typesupport_introspection_c__pyext[0m
[0.969s] [35m[1mConsolidate compiler generated dependencies of target gestelt_interfaces__rosidl_typesupport_c__pyext[0m
[0.974s] [ 94%] Built target gestelt_interfaces__rosidl_typesupport_fastrtps_c__pyext
[1.009s] [ 97%] Built target gestelt_interfaces__rosidl_typesupport_introspection_c__pyext
[1.021s] [100%] Built target gestelt_interfaces__rosidl_typesupport_c__pyext
[1.112s] running egg_info
[1.113s] writing gestelt_interfaces.egg-info/PKG-INFO
[1.114s] writing dependency_links to gestelt_interfaces.egg-info/dependency_links.txt
[1.114s] writing top-level names to gestelt_interfaces.egg-info/top_level.txt
[1.132s] reading manifest file 'gestelt_interfaces.egg-info/SOURCES.txt'
[1.135s] writing manifest file 'gestelt_interfaces.egg-info/SOURCES.txt'
[1.239s] [100%] Built target ament_cmake_python_build_gestelt_interfaces_egg
[1.452s] Invoked command in '/home/nvidia/gestelt_ws/src/gestelt2/build/gestelt_interfaces' returned '0': CMAKE_PREFIX_PATH=${CMAKE_PREFIX_PATH}:/home/nvidia/gestelt_ws/install/gestelt_commander:/home/nvidia/tl_vision2/install/vision:/home/nvidia/bridge_ws/install/vilota_bridge:/opt/ros/humble /usr/bin/cmake --build /home/nvidia/gestelt_ws/src/gestelt2/build/gestelt_interfaces -- -j8 -l8
[1.455s] Invoking command in '/home/nvidia/gestelt_ws/src/gestelt2/build/gestelt_interfaces': CMAKE_PREFIX_PATH=${CMAKE_PREFIX_PATH}:/home/nvidia/gestelt_ws/install/gestelt_commander:/home/nvidia/tl_vision2/install/vision:/home/nvidia/bridge_ws/install/vilota_bridge:/opt/ros/humble /usr/bin/cmake --install /home/nvidia/gestelt_ws/src/gestelt2/build/gestelt_interfaces
[1.507s] -- Install configuration: ""
[1.507s] -- Execute custom install script
[1.508s] -- Symlinking: /home/nvidia/gestelt_ws/src/gestelt2/install/gestelt_interfaces/share/ament_index/resource_index/rosidl_interfaces/gestelt_interfaces
[1.510s] -- Symlinking: /home/nvidia/gestelt_ws/src/gestelt2/install/gestelt_interfaces/include/gestelt_interfaces/gestelt_interfaces/msg/all_uav_command.h
[1.518s] -- Symlinking: /home/nvidia/gestelt_ws/src/gestelt2/install/gestelt_interfaces/include/gestelt_interfaces/gestelt_interfaces/msg/detail/all_uav_command__functions.h
[1.536s] -- Symlinking: /home/nvidia/gestelt_ws/src/gestelt2/install/gestelt_interfaces/include/gestelt_interfaces/gestelt_interfaces/msg/detail/all_uav_command__struct.h
[1.556s] -- Symlinking: /home/nvidia/gestelt_ws/src/gestelt2/install/gestelt_interfaces/include/gestelt_interfaces/gestelt_interfaces/msg/detail/all_uav_command__type_support.h
[1.575s] -- Symlinking: /home/nvidia/gestelt_ws/src/gestelt2/install/gestelt_interfaces/include/gestelt_interfaces/gestelt_interfaces/msg/detail/goals__functions.h
[1.595s] -- Symlinking: /home/nvidia/gestelt_ws/src/gestelt2/install/gestelt_interfaces/include/gestelt_interfaces/gestelt_interfaces/msg/detail/goals__struct.h
[1.613s] -- Symlinking: /home/nvidia/gestelt_ws/src/gestelt2/install/gestelt_interfaces/include/gestelt_interfaces/gestelt_interfaces/msg/detail/goals__type_support.h
[1.632s] -- Symlinking: /home/nvidia/gestelt_ws/src/gestelt2/install/gestelt_interfaces/include/gestelt_interfaces/gestelt_interfaces/msg/detail/nav_state__functions.h
[1.651s] -- Symlinking: /home/nvidia/gestelt_ws/src/gestelt2/install/gestelt_interfaces/include/gestelt_interfaces/gestelt_interfaces/msg/detail/nav_state__struct.h
[1.671s] -- Symlinking: /home/nvidia/gestelt_ws/src/gestelt2/install/gestelt_interfaces/include/gestelt_interfaces/gestelt_interfaces/msg/detail/nav_state__type_support.h
[1.690s] -- Symlinking: /home/nvidia/gestelt_ws/src/gestelt2/install/gestelt_interfaces/include/gestelt_interfaces/gestelt_interfaces/msg/detail/plan_request__functions.h
[1.710s] -- Symlinking: /home/nvidia/gestelt_ws/src/gestelt2/install/gestelt_interfaces/include/gestelt_interfaces/gestelt_interfaces/msg/detail/plan_request__struct.h
[1.729s] -- Symlinking: /home/nvidia/gestelt_ws/src/gestelt2/install/gestelt_interfaces/include/gestelt_interfaces/gestelt_interfaces/msg/detail/plan_request__type_support.h
[1.749s] -- Symlinking: /home/nvidia/gestelt_ws/src/gestelt2/install/gestelt_interfaces/include/gestelt_interfaces/gestelt_interfaces/msg/detail/space_time_path__functions.h
[1.768s] -- Symlinking: /home/nvidia/gestelt_ws/src/gestelt2/install/gestelt_interfaces/include/gestelt_interfaces/gestelt_interfaces/msg/detail/space_time_path__struct.h
[1.788s] -- Symlinking: /home/nvidia/gestelt_ws/src/gestelt2/install/gestelt_interfaces/include/gestelt_interfaces/gestelt_interfaces/msg/detail/space_time_path__type_support.h
[1.807s] -- Symlinking: /home/nvidia/gestelt_ws/src/gestelt2/install/gestelt_interfaces/include/gestelt_interfaces/gestelt_interfaces/msg/detail/uav_state__functions.h
[1.827s] -- Symlinking: /home/nvidia/gestelt_ws/src/gestelt2/install/gestelt_interfaces/include/gestelt_interfaces/gestelt_interfaces/msg/detail/uav_state__struct.h
[1.846s] -- Symlinking: /home/nvidia/gestelt_ws/src/gestelt2/install/gestelt_interfaces/include/gestelt_interfaces/gestelt_interfaces/msg/detail/uav_state__type_support.h
[1.866s] -- Symlinking: /home/nvidia/gestelt_ws/src/gestelt2/install/gestelt_interfaces/include/gestelt_interfaces/gestelt_interfaces/msg/goals.h
[1.885s] -- Symlinking: /home/nvidia/gestelt_ws/src/gestelt2/install/gestelt_interfaces/include/gestelt_interfaces/gestelt_interfaces/msg/nav_state.h
[1.905s] -- Symlinking: /home/nvidia/gestelt_ws/src/gestelt2/install/gestelt_interfaces/include/gestelt_interfaces/gestelt_interfaces/msg/plan_request.h
[1.923s] -- Symlinking: /home/nvidia/gestelt_ws/src/gestelt2/install/gestelt_interfaces/include/gestelt_interfaces/gestelt_interfaces/msg/rosidl_generator_c__visibility_control.h
[1.944s] -- Symlinking: /home/nvidia/gestelt_ws/src/gestelt2/install/gestelt_interfaces/include/gestelt_interfaces/gestelt_interfaces/msg/space_time_path.h
[1.964s] -- Symlinking: /home/nvidia/gestelt_ws/src/gestelt2/install/gestelt_interfaces/include/gestelt_interfaces/gestelt_interfaces/msg/uav_state.h
[1.983s] -- Symlinking: /home/nvidia/gestelt_ws/src/gestelt2/install/gestelt_interfaces/include/gestelt_interfaces/gestelt_interfaces/srv/detail/uav_command__functions.h
[2.003s] -- Symlinking: /home/nvidia/gestelt_ws/src/gestelt2/install/gestelt_interfaces/include/gestelt_interfaces/gestelt_interfaces/srv/detail/uav_command__struct.h
[2.023s] -- Symlinking: /home/nvidia/gestelt_ws/src/gestelt2/install/gestelt_interfaces/include/gestelt_interfaces/gestelt_interfaces/srv/detail/uav_command__type_support.h
[2.042s] -- Symlinking: /home/nvidia/gestelt_ws/src/gestelt2/install/gestelt_interfaces/include/gestelt_interfaces/gestelt_interfaces/srv/uav_command.h
[2.062s] -- Symlinking: /home/nvidia/gestelt_ws/src/gestelt2/install/gestelt_interfaces/share/gestelt_interfaces/environment/library_path.sh
[2.080s] -- Symlinking: /home/nvidia/gestelt_ws/src/gestelt2/install/gestelt_interfaces/share/gestelt_interfaces/environment/library_path.dsv
[2.102s] -- Symlinking: /home/nvidia/gestelt_ws/src/gestelt2/install/gestelt_interfaces/include/gestelt_interfaces/gestelt_interfaces/msg/detail/all_uav_command__rosidl_typesupport_fastrtps_c.h
[2.121s] -- Symlinking: /home/nvidia/gestelt_ws/src/gestelt2/install/gestelt_interfaces/include/gestelt_interfaces/gestelt_interfaces/msg/detail/goals__rosidl_typesupport_fastrtps_c.h
[2.141s] -- Symlinking: /home/nvidia/gestelt_ws/src/gestelt2/install/gestelt_interfaces/include/gestelt_interfaces/gestelt_interfaces/msg/detail/nav_state__rosidl_typesupport_fastrtps_c.h
[2.163s] -- Symlinking: /home/nvidia/gestelt_ws/src/gestelt2/install/gestelt_interfaces/include/gestelt_interfaces/gestelt_interfaces/msg/detail/plan_request__rosidl_typesupport_fastrtps_c.h
[2.180s] -- Symlinking: /home/nvidia/gestelt_ws/src/gestelt2/install/gestelt_interfaces/include/gestelt_interfaces/gestelt_interfaces/msg/detail/space_time_path__rosidl_typesupport_fastrtps_c.h
[2.203s] -- Symlinking: /home/nvidia/gestelt_ws/src/gestelt2/install/gestelt_interfaces/include/gestelt_interfaces/gestelt_interfaces/msg/detail/uav_state__rosidl_typesupport_fastrtps_c.h
[2.219s] -- Symlinking: /home/nvidia/gestelt_ws/src/gestelt2/install/gestelt_interfaces/include/gestelt_interfaces/gestelt_interfaces/msg/rosidl_typesupport_fastrtps_c__visibility_control.h
[2.240s] -- Symlinking: /home/nvidia/gestelt_ws/src/gestelt2/install/gestelt_interfaces/include/gestelt_interfaces/gestelt_interfaces/srv/detail/uav_command__rosidl_typesupport_fastrtps_c.h
[2.260s] -- Symlinking: /home/nvidia/gestelt_ws/src/gestelt2/install/gestelt_interfaces/include/gestelt_interfaces/gestelt_interfaces/msg/detail/all_uav_command__rosidl_typesupport_introspection_c.h
[2.280s] -- Symlinking: /home/nvidia/gestelt_ws/src/gestelt2/install/gestelt_interfaces/include/gestelt_interfaces/gestelt_interfaces/msg/detail/goals__rosidl_typesupport_introspection_c.h
[2.298s] -- Symlinking: /home/nvidia/gestelt_ws/src/gestelt2/install/gestelt_interfaces/include/gestelt_interfaces/gestelt_interfaces/msg/detail/nav_state__rosidl_typesupport_introspection_c.h
[2.315s] -- Symlinking: /home/nvidia/gestelt_ws/src/gestelt2/install/gestelt_interfaces/include/gestelt_interfaces/gestelt_interfaces/msg/detail/plan_request__rosidl_typesupport_introspection_c.h
[2.335s] -- Symlinking: /home/nvidia/gestelt_ws/src/gestelt2/install/gestelt_interfaces/include/gestelt_interfaces/gestelt_interfaces/msg/detail/space_time_path__rosidl_typesupport_introspection_c.h
[2.356s] -- Symlinking: /home/nvidia/gestelt_ws/src/gestelt2/install/gestelt_interfaces/include/gestelt_interfaces/gestelt_interfaces/msg/detail/uav_state__rosidl_typesupport_introspection_c.h
[2.376s] -- Symlinking: /home/nvidia/gestelt_ws/src/gestelt2/install/gestelt_interfaces/include/gestelt_interfaces/gestelt_interfaces/msg/rosidl_typesupport_introspection_c__visibility_control.h
[2.395s] -- Symlinking: /home/nvidia/gestelt_ws/src/gestelt2/install/gestelt_interfaces/include/gestelt_interfaces/gestelt_interfaces/srv/detail/uav_command__rosidl_typesupport_introspection_c.h
[2.415s] -- Symlinking: /home/nvidia/gestelt_ws/src/gestelt2/install/gestelt_interfaces/include/gestelt_interfaces/gestelt_interfaces/msg/all_uav_command.hpp
[2.434s] -- Symlinking: /home/nvidia/gestelt_ws/src/gestelt2/install/gestelt_interfaces/include/gestelt_interfaces/gestelt_interfaces/msg/detail/all_uav_command__builder.hpp
[2.455s] -- Symlinking: /home/nvidia/gestelt_ws/src/gestelt2/install/gestelt_interfaces/include/gestelt_interfaces/gestelt_interfaces/msg/detail/all_uav_command__struct.hpp
[2.474s] -- Symlinking: /home/nvidia/gestelt_ws/src/gestelt2/install/gestelt_interfaces/include/gestelt_interfaces/gestelt_interfaces/msg/detail/all_uav_command__traits.hpp
[2.493s] -- Symlinking: /home/nvidia/gestelt_ws/src/gestelt2/install/gestelt_interfaces/include/gestelt_interfaces/gestelt_interfaces/msg/detail/all_uav_command__type_support.hpp
[2.513s] -- Symlinking: /home/nvidia/gestelt_ws/src/gestelt2/install/gestelt_interfaces/include/gestelt_interfaces/gestelt_interfaces/msg/detail/goals__builder.hpp
[2.534s] -- Symlinking: /home/nvidia/gestelt_ws/src/gestelt2/install/gestelt_interfaces/include/gestelt_interfaces/gestelt_interfaces/msg/detail/goals__struct.hpp
[2.556s] -- Symlinking: /home/nvidia/gestelt_ws/src/gestelt2/install/gestelt_interfaces/include/gestelt_interfaces/gestelt_interfaces/msg/detail/goals__traits.hpp
[2.575s] -- Symlinking: /home/nvidia/gestelt_ws/src/gestelt2/install/gestelt_interfaces/include/gestelt_interfaces/gestelt_interfaces/msg/detail/goals__type_support.hpp
[2.594s] -- Symlinking: /home/nvidia/gestelt_ws/src/gestelt2/install/gestelt_interfaces/include/gestelt_interfaces/gestelt_interfaces/msg/detail/nav_state__builder.hpp
[2.616s] -- Symlinking: /home/nvidia/gestelt_ws/src/gestelt2/install/gestelt_interfaces/include/gestelt_interfaces/gestelt_interfaces/msg/detail/nav_state__struct.hpp
[2.635s] -- Symlinking: /home/nvidia/gestelt_ws/src/gestelt2/install/gestelt_interfaces/include/gestelt_interfaces/gestelt_interfaces/msg/detail/nav_state__traits.hpp
[2.654s] -- Symlinking: /home/nvidia/gestelt_ws/src/gestelt2/install/gestelt_interfaces/include/gestelt_interfaces/gestelt_interfaces/msg/detail/nav_state__type_support.hpp
[2.673s] -- Symlinking: /home/nvidia/gestelt_ws/src/gestelt2/install/gestelt_interfaces/include/gestelt_interfaces/gestelt_interfaces/msg/detail/plan_request__builder.hpp
[2.693s] -- Symlinking: /home/nvidia/gestelt_ws/src/gestelt2/install/gestelt_interfaces/include/gestelt_interfaces/gestelt_interfaces/msg/detail/plan_request__struct.hpp
[2.712s] -- Symlinking: /home/nvidia/gestelt_ws/src/gestelt2/install/gestelt_interfaces/include/gestelt_interfaces/gestelt_interfaces/msg/detail/plan_request__traits.hpp
[2.731s] -- Symlinking: /home/nvidia/gestelt_ws/src/gestelt2/install/gestelt_interfaces/include/gestelt_interfaces/gestelt_interfaces/msg/detail/plan_request__type_support.hpp
[2.752s] -- Symlinking: /home/nvidia/gestelt_ws/src/gestelt2/install/gestelt_interfaces/include/gestelt_interfaces/gestelt_interfaces/msg/detail/space_time_path__builder.hpp
[2.772s] -- Symlinking: /home/nvidia/gestelt_ws/src/gestelt2/install/gestelt_interfaces/include/gestelt_interfaces/gestelt_interfaces/msg/detail/space_time_path__struct.hpp
[2.793s] -- Symlinking: /home/nvidia/gestelt_ws/src/gestelt2/install/gestelt_interfaces/include/gestelt_interfaces/gestelt_interfaces/msg/detail/space_time_path__traits.hpp
[2.814s] -- Symlinking: /home/nvidia/gestelt_ws/src/gestelt2/install/gestelt_interfaces/include/gestelt_interfaces/gestelt_interfaces/msg/detail/space_time_path__type_support.hpp
[2.839s] -- Symlinking: /home/nvidia/gestelt_ws/src/gestelt2/install/gestelt_interfaces/include/gestelt_interfaces/gestelt_interfaces/msg/detail/uav_state__builder.hpp
[2.859s] -- Symlinking: /home/nvidia/gestelt_ws/src/gestelt2/install/gestelt_interfaces/include/gestelt_interfaces/gestelt_interfaces/msg/detail/uav_state__struct.hpp
[2.879s] -- Symlinking: /home/nvidia/gestelt_ws/src/gestelt2/install/gestelt_interfaces/include/gestelt_interfaces/gestelt_interfaces/msg/detail/uav_state__traits.hpp
[2.903s] -- Symlinking: /home/nvidia/gestelt_ws/src/gestelt2/install/gestelt_interfaces/include/gestelt_interfaces/gestelt_interfaces/msg/detail/uav_state__type_support.hpp
[2.927s] -- Symlinking: /home/nvidia/gestelt_ws/src/gestelt2/install/gestelt_interfaces/include/gestelt_interfaces/gestelt_interfaces/msg/goals.hpp
[2.949s] -- Symlinking: /home/nvidia/gestelt_ws/src/gestelt2/install/gestelt_interfaces/include/gestelt_interfaces/gestelt_interfaces/msg/nav_state.hpp
[2.971s] -- Symlinking: /home/nvidia/gestelt_ws/src/gestelt2/install/gestelt_interfaces/include/gestelt_interfaces/gestelt_interfaces/msg/plan_request.hpp
[2.990s] -- Symlinking: /home/nvidia/gestelt_ws/src/gestelt2/install/gestelt_interfaces/include/gestelt_interfaces/gestelt_interfaces/msg/rosidl_generator_cpp__visibility_control.hpp
[3.015s] -- Symlinking: /home/nvidia/gestelt_ws/src/gestelt2/install/gestelt_interfaces/include/gestelt_interfaces/gestelt_interfaces/msg/space_time_path.hpp
[3.035s] -- Symlinking: /home/nvidia/gestelt_ws/src/gestelt2/install/gestelt_interfaces/include/gestelt_interfaces/gestelt_interfaces/msg/uav_state.hpp
[3.054s] -- Symlinking: /home/nvidia/gestelt_ws/src/gestelt2/install/gestelt_interfaces/include/gestelt_interfaces/gestelt_interfaces/srv/detail/uav_command__builder.hpp
[3.074s] -- Symlinking: /home/nvidia/gestelt_ws/src/gestelt2/install/gestelt_interfaces/include/gestelt_interfaces/gestelt_interfaces/srv/detail/uav_command__struct.hpp
[3.094s] -- Symlinking: /home/nvidia/gestelt_ws/src/gestelt2/install/gestelt_interfaces/include/gestelt_interfaces/gestelt_interfaces/srv/detail/uav_command__traits.hpp
[3.113s] -- Symlinking: /home/nvidia/gestelt_ws/src/gestelt2/install/gestelt_interfaces/include/gestelt_interfaces/gestelt_interfaces/srv/detail/uav_command__type_support.hpp
[3.134s] -- Symlinking: /home/nvidia/gestelt_ws/src/gestelt2/install/gestelt_interfaces/include/gestelt_interfaces/gestelt_interfaces/srv/uav_command.hpp
[3.154s] -- Symlinking: /home/nvidia/gestelt_ws/src/gestelt2/install/gestelt_interfaces/include/gestelt_interfaces/gestelt_interfaces/msg/detail/all_uav_command__rosidl_typesupport_fastrtps_cpp.hpp
[3.172s] -- Symlinking: /home/nvidia/gestelt_ws/src/gestelt2/install/gestelt_interfaces/include/gestelt_interfaces/gestelt_interfaces/msg/detail/goals__rosidl_typesupport_fastrtps_cpp.hpp
[3.191s] -- Symlinking: /home/nvidia/gestelt_ws/src/gestelt2/install/gestelt_interfaces/include/gestelt_interfaces/gestelt_interfaces/msg/detail/nav_state__rosidl_typesupport_fastrtps_cpp.hpp
[3.210s] -- Symlinking: /home/nvidia/gestelt_ws/src/gestelt2/install/gestelt_interfaces/include/gestelt_interfaces/gestelt_interfaces/msg/detail/plan_request__rosidl_typesupport_fastrtps_cpp.hpp
[3.230s] -- Symlinking: /home/nvidia/gestelt_ws/src/gestelt2/install/gestelt_interfaces/include/gestelt_interfaces/gestelt_interfaces/msg/detail/space_time_path__rosidl_typesupport_fastrtps_cpp.hpp
[3.251s] -- Symlinking: /home/nvidia/gestelt_ws/src/gestelt2/install/gestelt_interfaces/include/gestelt_interfaces/gestelt_interfaces/msg/detail/uav_state__rosidl_typesupport_fastrtps_cpp.hpp
[3.276s] -- Symlinking: /home/nvidia/gestelt_ws/src/gestelt2/install/gestelt_interfaces/include/gestelt_interfaces/gestelt_interfaces/msg/rosidl_typesupport_fastrtps_cpp__visibility_control.h
[3.296s] -- Symlinking: /home/nvidia/gestelt_ws/src/gestelt2/install/gestelt_interfaces/include/gestelt_interfaces/gestelt_interfaces/srv/detail/uav_command__rosidl_typesupport_fastrtps_cpp.hpp
[3.316s] -- Symlinking: /home/nvidia/gestelt_ws/src/gestelt2/install/gestelt_interfaces/include/gestelt_interfaces/gestelt_interfaces/msg/detail/all_uav_command__rosidl_typesupport_introspection_cpp.hpp
[3.338s] -- Symlinking: /home/nvidia/gestelt_ws/src/gestelt2/install/gestelt_interfaces/include/gestelt_interfaces/gestelt_interfaces/msg/detail/goals__rosidl_typesupport_introspection_cpp.hpp
[3.359s] -- Symlinking: /home/nvidia/gestelt_ws/src/gestelt2/install/gestelt_interfaces/include/gestelt_interfaces/gestelt_interfaces/msg/detail/nav_state__rosidl_typesupport_introspection_cpp.hpp
[3.382s] -- Symlinking: /home/nvidia/gestelt_ws/src/gestelt2/install/gestelt_interfaces/include/gestelt_interfaces/gestelt_interfaces/msg/detail/plan_request__rosidl_typesupport_introspection_cpp.hpp
[3.402s] -- Symlinking: /home/nvidia/gestelt_ws/src/gestelt2/install/gestelt_interfaces/include/gestelt_interfaces/gestelt_interfaces/msg/detail/space_time_path__rosidl_typesupport_introspection_cpp.hpp
[3.422s] -- Symlinking: /home/nvidia/gestelt_ws/src/gestelt2/install/gestelt_interfaces/include/gestelt_interfaces/gestelt_interfaces/msg/detail/uav_state__rosidl_typesupport_introspection_cpp.hpp
[3.441s] -- Symlinking: /home/nvidia/gestelt_ws/src/gestelt2/install/gestelt_interfaces/include/gestelt_interfaces/gestelt_interfaces/srv/detail/uav_command__rosidl_typesupport_introspection_cpp.hpp
[3.461s] -- Symlinking: /home/nvidia/gestelt_ws/src/gestelt2/install/gestelt_interfaces/share/gestelt_interfaces/environment/pythonpath.sh
[3.481s] -- Symlinking: /home/nvidia/gestelt_ws/src/gestelt2/install/gestelt_interfaces/share/gestelt_interfaces/environment/pythonpath.dsv
[3.501s] -- Up-to-date symlink: /home/nvidia/gestelt_ws/src/gestelt2/install/gestelt_interfaces/local/lib/python3.10/dist-packages/gestelt_interfaces-0.0.0-py3.10.egg-info/PKG-INFO
[3.503s] -- Up-to-date symlink: /home/nvidia/gestelt_ws/src/gestelt2/install/gestelt_interfaces/local/lib/python3.10/dist-packages/gestelt_interfaces-0.0.0-py3.10.egg-info/SOURCES.txt
[3.504s] -- Up-to-date symlink: /home/nvidia/gestelt_ws/src/gestelt2/install/gestelt_interfaces/local/lib/python3.10/dist-packages/gestelt_interfaces-0.0.0-py3.10.egg-info/dependency_links.txt
[3.504s] -- Up-to-date symlink: /home/nvidia/gestelt_ws/src/gestelt2/install/gestelt_interfaces/local/lib/python3.10/dist-packages/gestelt_interfaces-0.0.0-py3.10.egg-info/top_level.txt
[3.506s] -- Up-to-date symlink: /home/nvidia/gestelt_ws/src/gestelt2/install/gestelt_interfaces/local/lib/python3.10/dist-packages/gestelt_interfaces/__init__.py
[3.506s] -- Up-to-date symlink: /home/nvidia/gestelt_ws/src/gestelt2/install/gestelt_interfaces/local/lib/python3.10/dist-packages/gestelt_interfaces/_gestelt_interfaces_s.ep.rosidl_typesupport_c.c
[3.507s] -- Up-to-date symlink: /home/nvidia/gestelt_ws/src/gestelt2/install/gestelt_interfaces/local/lib/python3.10/dist-packages/gestelt_interfaces/_gestelt_interfaces_s.ep.rosidl_typesupport_fastrtps_c.c
[3.508s] -- Up-to-date symlink: /home/nvidia/gestelt_ws/src/gestelt2/install/gestelt_interfaces/local/lib/python3.10/dist-packages/gestelt_interfaces/_gestelt_interfaces_s.ep.rosidl_typesupport_introspection_c.c
[3.508s] -- Up-to-date symlink: /home/nvidia/gestelt_ws/src/gestelt2/install/gestelt_interfaces/local/lib/python3.10/dist-packages/gestelt_interfaces/gestelt_interfaces_s__rosidl_typesupport_c.cpython-310-aarch64-linux-gnu.so
[3.509s] -- Up-to-date symlink: /home/nvidia/gestelt_ws/src/gestelt2/install/gestelt_interfaces/local/lib/python3.10/dist-packages/gestelt_interfaces/gestelt_interfaces_s__rosidl_typesupport_fastrtps_c.cpython-310-aarch64-linux-gnu.so
[3.509s] -- Up-to-date symlink: /home/nvidia/gestelt_ws/src/gestelt2/install/gestelt_interfaces/local/lib/python3.10/dist-packages/gestelt_interfaces/gestelt_interfaces_s__rosidl_typesupport_introspection_c.cpython-310-aarch64-linux-gnu.so
[3.510s] -- Up-to-date symlink: /home/nvidia/gestelt_ws/src/gestelt2/install/gestelt_interfaces/local/lib/python3.10/dist-packages/gestelt_interfaces/libgestelt_interfaces__rosidl_generator_py.so
[3.511s] -- Up-to-date symlink: /home/nvidia/gestelt_ws/src/gestelt2/install/gestelt_interfaces/local/lib/python3.10/dist-packages/gestelt_interfaces/msg/__init__.py
[3.512s] -- Up-to-date symlink: /home/nvidia/gestelt_ws/src/gestelt2/install/gestelt_interfaces/local/lib/python3.10/dist-packages/gestelt_interfaces/msg/_all_uav_command.py
[3.513s] -- Up-to-date symlink: /home/nvidia/gestelt_ws/src/gestelt2/install/gestelt_interfaces/local/lib/python3.10/dist-packages/gestelt_interfaces/msg/_all_uav_command_s.c
[3.513s] -- Up-to-date symlink: /home/nvidia/gestelt_ws/src/gestelt2/install/gestelt_interfaces/local/lib/python3.10/dist-packages/gestelt_interfaces/msg/_goals.py
[3.513s] -- Up-to-date symlink: /home/nvidia/gestelt_ws/src/gestelt2/install/gestelt_interfaces/local/lib/python3.10/dist-packages/gestelt_interfaces/msg/_goals_s.c
[3.514s] -- Up-to-date symlink: /home/nvidia/gestelt_ws/src/gestelt2/install/gestelt_interfaces/local/lib/python3.10/dist-packages/gestelt_interfaces/msg/_nav_state.py
[3.514s] -- Up-to-date symlink: /home/nvidia/gestelt_ws/src/gestelt2/install/gestelt_interfaces/local/lib/python3.10/dist-packages/gestelt_interfaces/msg/_nav_state_s.c
[3.514s] -- Up-to-date symlink: /home/nvidia/gestelt_ws/src/gestelt2/install/gestelt_interfaces/local/lib/python3.10/dist-packages/gestelt_interfaces/msg/_plan_request.py
[3.515s] -- Up-to-date symlink: /home/nvidia/gestelt_ws/src/gestelt2/install/gestelt_interfaces/local/lib/python3.10/dist-packages/gestelt_interfaces/msg/_plan_request_s.c
[3.515s] -- Up-to-date symlink: /home/nvidia/gestelt_ws/src/gestelt2/install/gestelt_interfaces/local/lib/python3.10/dist-packages/gestelt_interfaces/msg/_space_time_path.py
[3.516s] -- Up-to-date symlink: /home/nvidia/gestelt_ws/src/gestelt2/install/gestelt_interfaces/local/lib/python3.10/dist-packages/gestelt_interfaces/msg/_space_time_path_s.c
[3.516s] -- Up-to-date symlink: /home/nvidia/gestelt_ws/src/gestelt2/install/gestelt_interfaces/local/lib/python3.10/dist-packages/gestelt_interfaces/msg/_uav_state.py
[3.517s] -- Up-to-date symlink: /home/nvidia/gestelt_ws/src/gestelt2/install/gestelt_interfaces/local/lib/python3.10/dist-packages/gestelt_interfaces/msg/_uav_state_s.c
[3.518s] -- Up-to-date symlink: /home/nvidia/gestelt_ws/src/gestelt2/install/gestelt_interfaces/local/lib/python3.10/dist-packages/gestelt_interfaces/srv/__init__.py
[3.518s] -- Up-to-date symlink: /home/nvidia/gestelt_ws/src/gestelt2/install/gestelt_interfaces/local/lib/python3.10/dist-packages/gestelt_interfaces/srv/_uav_command.py
[3.518s] -- Up-to-date symlink: /home/nvidia/gestelt_ws/src/gestelt2/install/gestelt_interfaces/local/lib/python3.10/dist-packages/gestelt_interfaces/srv/_uav_command_s.c
[3.519s] -- Up-to-date symlink: /home/nvidia/gestelt_ws/src/gestelt2/install/gestelt_interfaces/local/lib/python3.10/dist-packages/gestelt_interfaces/gestelt_interfaces_s__rosidl_typesupport_fastrtps_c.cpython-310-aarch64-linux-gnu.so
[3.520s] -- Up-to-date symlink: /home/nvidia/gestelt_ws/src/gestelt2/install/gestelt_interfaces/local/lib/python3.10/dist-packages/gestelt_interfaces/gestelt_interfaces_s__rosidl_typesupport_introspection_c.cpython-310-aarch64-linux-gnu.so
[3.521s] -- Up-to-date symlink: /home/nvidia/gestelt_ws/src/gestelt2/install/gestelt_interfaces/local/lib/python3.10/dist-packages/gestelt_interfaces/gestelt_interfaces_s__rosidl_typesupport_c.cpython-310-aarch64-linux-gnu.so
[3.521s] -- Symlinking: /home/nvidia/gestelt_ws/src/gestelt2/install/gestelt_interfaces/share/gestelt_interfaces/srv/UAVCommand.idl
[3.543s] -- Symlinking: /home/nvidia/gestelt_ws/src/gestelt2/install/gestelt_interfaces/share/gestelt_interfaces/msg/AllUAVCommand.idl
[3.563s] -- Symlinking: /home/nvidia/gestelt_ws/src/gestelt2/install/gestelt_interfaces/share/gestelt_interfaces/msg/Goals.idl
[3.582s] -- Symlinking: /home/nvidia/gestelt_ws/src/gestelt2/install/gestelt_interfaces/share/gestelt_interfaces/msg/PlanRequest.idl
[3.601s] -- Symlinking: /home/nvidia/gestelt_ws/src/gestelt2/install/gestelt_interfaces/share/gestelt_interfaces/msg/SpaceTimePath.idl
[3.618s] -- Symlinking: /home/nvidia/gestelt_ws/src/gestelt2/install/gestelt_interfaces/share/gestelt_interfaces/msg/UAVState.idl
[3.637s] -- Symlinking: /home/nvidia/gestelt_ws/src/gestelt2/install/gestelt_interfaces/share/gestelt_interfaces/msg/NavState.idl
[3.656s] -- Symlinking: /home/nvidia/gestelt_ws/src/gestelt2/install/gestelt_interfaces/share/gestelt_interfaces/srv/UAVCommand.srv
[3.676s] -- Symlinking: /home/nvidia/gestelt_ws/src/gestelt2/install/gestelt_interfaces/share/gestelt_interfaces/srv/UAVCommand_Request.msg
[3.696s] -- Symlinking: /home/nvidia/gestelt_ws/src/gestelt2/install/gestelt_interfaces/share/gestelt_interfaces/srv/UAVCommand_Response.msg
[3.715s] -- Symlinking: /home/nvidia/gestelt_ws/src/gestelt2/install/gestelt_interfaces/share/gestelt_interfaces/msg/AllUAVCommand.msg
[3.733s] -- Symlinking: /home/nvidia/gestelt_ws/src/gestelt2/install/gestelt_interfaces/share/gestelt_interfaces/msg/Goals.msg
[3.752s] -- Symlinking: /home/nvidia/gestelt_ws/src/gestelt2/install/gestelt_interfaces/share/gestelt_interfaces/msg/PlanRequest.msg
[3.774s] -- Symlinking: /home/nvidia/gestelt_ws/src/gestelt2/install/gestelt_interfaces/share/gestelt_interfaces/msg/SpaceTimePath.msg
[3.793s] -- Symlinking: /home/nvidia/gestelt_ws/src/gestelt2/install/gestelt_interfaces/share/gestelt_interfaces/msg/UAVState.msg
[3.812s] -- Symlinking: /home/nvidia/gestelt_ws/src/gestelt2/install/gestelt_interfaces/share/gestelt_interfaces/msg/NavState.msg
[3.831s] -- Symlinking: /home/nvidia/gestelt_ws/src/gestelt2/install/gestelt_interfaces/share/ament_index/resource_index/package_run_dependencies/gestelt_interfaces
[3.850s] -- Symlinking: /home/nvidia/gestelt_ws/src/gestelt2/install/gestelt_interfaces/share/ament_index/resource_index/parent_prefix_path/gestelt_interfaces
[3.870s] -- Symlinking: /home/nvidia/gestelt_ws/src/gestelt2/install/gestelt_interfaces/share/gestelt_interfaces/environment/ament_prefix_path.sh
[3.889s] -- Symlinking: /home/nvidia/gestelt_ws/src/gestelt2/install/gestelt_interfaces/share/gestelt_interfaces/environment/ament_prefix_path.dsv
[3.907s] -- Symlinking: /home/nvidia/gestelt_ws/src/gestelt2/install/gestelt_interfaces/share/gestelt_interfaces/environment/path.sh
[3.926s] -- Symlinking: /home/nvidia/gestelt_ws/src/gestelt2/install/gestelt_interfaces/share/gestelt_interfaces/environment/path.dsv
[3.945s] -- Symlinking: /home/nvidia/gestelt_ws/src/gestelt2/install/gestelt_interfaces/share/gestelt_interfaces/local_setup.bash
[3.965s] -- Symlinking: /home/nvidia/gestelt_ws/src/gestelt2/install/gestelt_interfaces/share/gestelt_interfaces/local_setup.sh
[3.984s] -- Symlinking: /home/nvidia/gestelt_ws/src/gestelt2/install/gestelt_interfaces/share/gestelt_interfaces/local_setup.zsh
[4.004s] -- Symlinking: /home/nvidia/gestelt_ws/src/gestelt2/install/gestelt_interfaces/share/gestelt_interfaces/local_setup.dsv
[4.025s] -- Symlinking: /home/nvidia/gestelt_ws/src/gestelt2/install/gestelt_interfaces/share/gestelt_interfaces/package.dsv
[4.045s] -- Symlinking: /home/nvidia/gestelt_ws/src/gestelt2/install/gestelt_interfaces/share/ament_index/resource_index/packages/gestelt_interfaces
[4.066s] -- Symlinking: /home/nvidia/gestelt_ws/src/gestelt2/install/gestelt_interfaces/share/gestelt_interfaces/cmake/rosidl_cmake-extras.cmake
[4.086s] -- Symlinking: /home/nvidia/gestelt_ws/src/gestelt2/install/gestelt_interfaces/share/gestelt_interfaces/cmake/ament_cmake_export_dependencies-extras.cmake
[4.105s] -- Symlinking: /home/nvidia/gestelt_ws/src/gestelt2/install/gestelt_interfaces/share/gestelt_interfaces/cmake/ament_cmake_export_include_directories-extras.cmake
[4.125s] -- Symlinking: /home/nvidia/gestelt_ws/src/gestelt2/install/gestelt_interfaces/share/gestelt_interfaces/cmake/ament_cmake_export_libraries-extras.cmake
[4.144s] -- Symlinking: /home/nvidia/gestelt_ws/src/gestelt2/install/gestelt_interfaces/share/gestelt_interfaces/cmake/ament_cmake_export_targets-extras.cmake
[4.164s] -- Symlinking: /home/nvidia/gestelt_ws/src/gestelt2/install/gestelt_interfaces/share/gestelt_interfaces/cmake/rosidl_cmake_export_typesupport_targets-extras.cmake
[4.185s] -- Symlinking: /home/nvidia/gestelt_ws/src/gestelt2/install/gestelt_interfaces/share/gestelt_interfaces/cmake/rosidl_cmake_export_typesupport_libraries-extras.cmake
[4.205s] -- Symlinking: /home/nvidia/gestelt_ws/src/gestelt2/install/gestelt_interfaces/share/gestelt_interfaces/cmake/gestelt_interfacesConfig.cmake
[4.226s] -- Symlinking: /home/nvidia/gestelt_ws/src/gestelt2/install/gestelt_interfaces/share/gestelt_interfaces/cmake/gestelt_interfacesConfig-version.cmake
[4.246s] -- Symlinking: /home/nvidia/gestelt_ws/src/gestelt2/install/gestelt_interfaces/share/gestelt_interfaces/package.xml
[4.268s] -- Up-to-date: /home/nvidia/gestelt_ws/src/gestelt2/install/gestelt_interfaces/lib/libgestelt_interfaces__rosidl_generator_c.so
[4.269s] -- Up-to-date: /home/nvidia/gestelt_ws/src/gestelt2/install/gestelt_interfaces/lib/libgestelt_interfaces__rosidl_typesupport_fastrtps_c.so
[4.272s] -- Up-to-date: /home/nvidia/gestelt_ws/src/gestelt2/install/gestelt_interfaces/lib/libgestelt_interfaces__rosidl_typesupport_introspection_c.so
[4.273s] -- Up-to-date: /home/nvidia/gestelt_ws/src/gestelt2/install/gestelt_interfaces/lib/libgestelt_interfaces__rosidl_typesupport_c.so
[4.276s] -- Up-to-date: /home/nvidia/gestelt_ws/src/gestelt2/install/gestelt_interfaces/lib/libgestelt_interfaces__rosidl_typesupport_fastrtps_cpp.so
[4.277s] -- Up-to-date: /home/nvidia/gestelt_ws/src/gestelt2/install/gestelt_interfaces/lib/libgestelt_interfaces__rosidl_typesupport_introspection_cpp.so
[4.278s] -- Up-to-date: /home/nvidia/gestelt_ws/src/gestelt2/install/gestelt_interfaces/lib/libgestelt_interfaces__rosidl_typesupport_cpp.so
[4.353s] Listing '/home/nvidia/gestelt_ws/src/gestelt2/install/gestelt_interfaces/local/lib/python3.10/dist-packages/gestelt_interfaces'...
[4.354s] Listing '/home/nvidia/gestelt_ws/src/gestelt2/install/gestelt_interfaces/local/lib/python3.10/dist-packages/gestelt_interfaces/msg'...
[4.356s] Listing '/home/nvidia/gestelt_ws/src/gestelt2/install/gestelt_interfaces/local/lib/python3.10/dist-packages/gestelt_interfaces/srv'...
[4.372s] -- Up-to-date: /home/nvidia/gestelt_ws/src/gestelt2/install/gestelt_interfaces/lib/libgestelt_interfaces__rosidl_generator_py.so
[4.373s] -- Installing: /home/nvidia/gestelt_ws/src/gestelt2/install/gestelt_interfaces/share/gestelt_interfaces/cmake/export_gestelt_interfaces__rosidl_generator_cExport.cmake
[4.373s] -- Installing: /home/nvidia/gestelt_ws/src/gestelt2/install/gestelt_interfaces/share/gestelt_interfaces/cmake/export_gestelt_interfaces__rosidl_generator_cExport-noconfig.cmake
[4.374s] -- Installing: /home/nvidia/gestelt_ws/src/gestelt2/install/gestelt_interfaces/share/gestelt_interfaces/cmake/export_gestelt_interfaces__rosidl_typesupport_fastrtps_cExport.cmake
[4.374s] -- Installing: /home/nvidia/gestelt_ws/src/gestelt2/install/gestelt_interfaces/share/gestelt_interfaces/cmake/export_gestelt_interfaces__rosidl_typesupport_fastrtps_cExport-noconfig.cmake
[4.375s] -- Installing: /home/nvidia/gestelt_ws/src/gestelt2/install/gestelt_interfaces/share/gestelt_interfaces/cmake/gestelt_interfaces__rosidl_typesupport_introspection_cExport.cmake
[4.375s] -- Installing: /home/nvidia/gestelt_ws/src/gestelt2/install/gestelt_interfaces/share/gestelt_interfaces/cmake/gestelt_interfaces__rosidl_typesupport_introspection_cExport-noconfig.cmake
[4.376s] -- Installing: /home/nvidia/gestelt_ws/src/gestelt2/install/gestelt_interfaces/share/gestelt_interfaces/cmake/gestelt_interfaces__rosidl_typesupport_cExport.cmake
[4.376s] -- Installing: /home/nvidia/gestelt_ws/src/gestelt2/install/gestelt_interfaces/share/gestelt_interfaces/cmake/gestelt_interfaces__rosidl_typesupport_cExport-noconfig.cmake
[4.377s] -- Installing: /home/nvidia/gestelt_ws/src/gestelt2/install/gestelt_interfaces/share/gestelt_interfaces/cmake/export_gestelt_interfaces__rosidl_generator_cppExport.cmake
[4.377s] -- Installing: /home/nvidia/gestelt_ws/src/gestelt2/install/gestelt_interfaces/share/gestelt_interfaces/cmake/export_gestelt_interfaces__rosidl_typesupport_fastrtps_cppExport.cmake
[4.378s] -- Installing: /home/nvidia/gestelt_ws/src/gestelt2/install/gestelt_interfaces/share/gestelt_interfaces/cmake/export_gestelt_interfaces__rosidl_typesupport_fastrtps_cppExport-noconfig.cmake
[4.378s] -- Installing: /home/nvidia/gestelt_ws/src/gestelt2/install/gestelt_interfaces/share/gestelt_interfaces/cmake/gestelt_interfaces__rosidl_typesupport_introspection_cppExport.cmake
[4.379s] -- Installing: /home/nvidia/gestelt_ws/src/gestelt2/install/gestelt_interfaces/share/gestelt_interfaces/cmake/gestelt_interfaces__rosidl_typesupport_introspection_cppExport-noconfig.cmake
[4.379s] -- Installing: /home/nvidia/gestelt_ws/src/gestelt2/install/gestelt_interfaces/share/gestelt_interfaces/cmake/gestelt_interfaces__rosidl_typesupport_cppExport.cmake
[4.380s] -- Installing: /home/nvidia/gestelt_ws/src/gestelt2/install/gestelt_interfaces/share/gestelt_interfaces/cmake/gestelt_interfaces__rosidl_typesupport_cppExport-noconfig.cmake
[4.380s] -- Installing: /home/nvidia/gestelt_ws/src/gestelt2/install/gestelt_interfaces/share/gestelt_interfaces/cmake/export_gestelt_interfaces__rosidl_generator_pyExport.cmake
[4.381s] -- Installing: /home/nvidia/gestelt_ws/src/gestelt2/install/gestelt_interfaces/share/gestelt_interfaces/cmake/export_gestelt_interfaces__rosidl_generator_pyExport-noconfig.cmake
[4.390s] Invoked command in '/home/nvidia/gestelt_ws/src/gestelt2/build/gestelt_interfaces' returned '0': CMAKE_PREFIX_PATH=${CMAKE_PREFIX_PATH}:/home/nvidia/gestelt_ws/install/gestelt_commander:/home/nvidia/tl_vision2/install/vision:/home/nvidia/bridge_ws/install/vilota_bridge:/opt/ros/humble /usr/bin/cmake --install /home/nvidia/gestelt_ws/src/gestelt2/build/gestelt_interfaces
