[1.912s] Invoking command in '/home/nvidia/gestelt_ws/src/gestelt2/build/gestelt_commander': PYTHONPATH=/home/nvidia/gestelt_ws/src/gestelt2/build/gestelt_commander/prefix_override:/usr/lib/python3/dist-packages/colcon_core/task/python/colcon_distutils_commands:/home/nvidia/gestelt_ws/src/gestelt2/install/gestelt_commander/lib/python3.10/site-packages:${PYTHONPATH} /usr/bin/python3 -W ignore:setup.py install is deprecated -W ignore:easy_install command is deprecated setup.py develop --editable --build-directory /home/nvidia/gestelt_ws/src/gestelt2/build/gestelt_commander/build --no-deps symlink_data
[2.641s] running develop
[3.088s] running egg_info
[3.088s] creating gestelt_commander.egg-info
[3.088s] writing gestelt_commander.egg-info/PKG-INFO
[3.089s] writing dependency_links to gestelt_commander.egg-info/dependency_links.txt
[3.090s] writing entry points to gestelt_commander.egg-info/entry_points.txt
[3.091s] writing requirements to gestelt_commander.egg-info/requires.txt
[3.092s] writing top-level names to gestelt_commander.egg-info/top_level.txt
[3.093s] writing manifest file 'gestelt_commander.egg-info/SOURCES.txt'
[3.100s] reading manifest file 'gestelt_commander.egg-info/SOURCES.txt'
[3.102s] writing manifest file 'gestelt_commander.egg-info/SOURCES.txt'
[3.108s] running build_ext
[3.109s] Creating /home/nvidia/gestelt_ws/src/gestelt2/install/gestelt_commander/lib/python3.10/site-packages/gestelt-commander.egg-link (link to .)
[3.112s] Installing land script to /home/nvidia/gestelt_ws/src/gestelt2/install/gestelt_commander/lib/gestelt_commander
[3.113s] Installing mission script to /home/nvidia/gestelt_ws/src/gestelt2/install/gestelt_commander/lib/gestelt_commander
[3.114s] Installing send_goals script to /home/nvidia/gestelt_ws/src/gestelt2/install/gestelt_commander/lib/gestelt_commander
[3.114s] Installing takeoff script to /home/nvidia/gestelt_ws/src/gestelt2/install/gestelt_commander/lib/gestelt_commander
[3.115s] Installing test_planning script to /home/nvidia/gestelt_ws/src/gestelt2/install/gestelt_commander/lib/gestelt_commander
[3.116s] Installing test_take_off_goal script to /home/nvidia/gestelt_ws/src/gestelt2/install/gestelt_commander/lib/gestelt_commander
[3.117s] 
[3.117s] Installed /home/nvidia/gestelt_ws/src/gestelt2/build/gestelt_commander
[3.117s] running symlink_data
[3.118s] creating /home/nvidia/gestelt_ws/src/gestelt2/install/gestelt_commander/share/ament_index
[3.118s] creating /home/nvidia/gestelt_ws/src/gestelt2/install/gestelt_commander/share/ament_index/resource_index
[3.119s] creating /home/nvidia/gestelt_ws/src/gestelt2/install/gestelt_commander/share/ament_index/resource_index/packages
[3.120s] symbolically linking /home/nvidia/gestelt_ws/src/gestelt2/build/gestelt_commander/resource/gestelt_commander -> /home/nvidia/gestelt_ws/src/gestelt2/install/gestelt_commander/share/ament_index/resource_index/packages
[3.120s] symbolically linking /home/nvidia/gestelt_ws/src/gestelt2/build/gestelt_commander/package.xml -> /home/nvidia/gestelt_ws/src/gestelt2/install/gestelt_commander/share/gestelt_commander
[3.121s] symbolically linking /home/nvidia/gestelt_ws/src/gestelt2/build/gestelt_commander/scenarios.json -> /home/nvidia/gestelt_ws/src/gestelt2/install/gestelt_commander/share/gestelt_commander
[3.247s] Invoked command in '/home/nvidia/gestelt_ws/src/gestelt2/build/gestelt_commander' returned '0': PYTHONPATH=/home/nvidia/gestelt_ws/src/gestelt2/build/gestelt_commander/prefix_override:/usr/lib/python3/dist-packages/colcon_core/task/python/colcon_distutils_commands:/home/nvidia/gestelt_ws/src/gestelt2/install/gestelt_commander/lib/python3.10/site-packages:${PYTHONPATH} /usr/bin/python3 -W ignore:setup.py install is deprecated -W ignore:easy_install command is deprecated setup.py develop --editable --build-directory /home/nvidia/gestelt_ws/src/gestelt2/build/gestelt_commander/build --no-deps symlink_data
