[0.069s] Invoking command in '/home/nvidia/gestelt_ws/src/gestelt2/build/fake_sensor': CMAKE_PREFIX_PATH=${CMAKE_PREFIX_PATH}:/home/nvidia/gestelt_ws/install/gestelt_commander:/home/nvidia/tl_vision2/install/vision:/home/nvidia/bridge_ws/install/vilota_bridge:/opt/ros/humble /usr/bin/cmake /home/nvidia/gestelt_ws/src/gestelt2/swarm_tools/fake_sensor -DAMENT_CMAKE_SYMLINK_INSTALL=1 -DCMAKE_INSTALL_PREFIX=/home/nvidia/gestelt_ws/src/gestelt2/install/fake_sensor
[4.623s] -- The C compiler identification is GNU 11.4.0
[4.624s] -- The CXX compiler identification is GNU 11.4.0
[4.624s] -- Detecting C compiler ABI info
[4.624s] -- Detecting C compiler ABI info - done
[4.624s] -- Check for working C compiler: /usr/bin/cc - skipped
[4.624s] -- Detecting C compile features
[4.624s] -- Detecting C compile features - done
[4.624s] -- Detecting CXX compiler ABI info
[4.625s] -- Detecting CXX compiler ABI info - done
[4.625s] -- Check for working CXX compiler: /usr/bin/c++ - skipped
[4.625s] -- Detecting CXX compile features
[4.625s] -- Detecting CXX compile features - done
[4.625s] -- Found ament_cmake: 1.3.11 (/opt/ros/humble/share/ament_cmake/cmake)
[4.625s] -- Found Python3: /usr/bin/python3 (found version "3.10.12") found components: Interpreter 
[4.625s] -- Override CMake install command with custom implementation using symlinks instead of copying resources
[4.625s] -- Checking for module 'eigen3'
[4.626s] --   Found eigen3, version 3.4.0
[4.626s] -- Found Eigen: /usr/include/eigen3 (Required is at least version "3.1") 
[4.626s] -- Eigen found (include: /usr/include/eigen3, version: 3.4.0)
[4.626s] -- Found Boost: /usr/lib/aarch64-linux-gnu/cmake/Boost-1.74.0/BoostConfig.cmake (found suitable version "1.74.0", minimum required is "1.65.0") found components: system filesystem date_time iostreams serialization 
[4.626s] -- Checking for module 'flann'
[4.626s] --   Found flann, version 1.9.1
[4.626s] -- Found FLANN: /usr/lib/aarch64-linux-gnu/libflann_cpp.so  
[4.626s] -- FLANN found (include: /usr/include, lib: /usr/lib/aarch64-linux-gnu/libflann_cpp.so)
[4.627s] -- Looking for pthread.h
[4.627s] -- Looking for pthread.h - found
[4.627s] -- Performing Test CMAKE_HAVE_LIBC_PTHREAD
[4.627s] -- Performing Test CMAKE_HAVE_LIBC_PTHREAD - Success
[4.627s] -- Found Threads: TRUE  
[4.628s] -- Found GLEW: /usr/lib/aarch64-linux-gnu/libGLEW.so  
[4.628s] -- Found OpenGL: /usr/lib/aarch64-linux-gnu/libOpenGL.so  found components: OpenGL GLX 
[4.628s] -- Found MPI_C: /usr/lib/aarch64-linux-gnu/libmpi.so (found version "3.1") 
[4.628s] -- Found MPI: TRUE (found version "3.1") found components: C 
[4.628s] -- Found JsonCpp: /usr/lib/aarch64-linux-gnu/libjsoncpp.so (found suitable version "1.9.5", minimum required is "0.7.0") 
[4.628s] -- Found ZLIB: /usr/lib/aarch64-linux-gnu/libz.so (found version "1.2.11") 
[4.629s] -- Found PNG: /usr/lib/aarch64-linux-gnu/libpng.so (found version "1.6.37") 
[4.629s] -- Found Eigen3: /usr/include/eigen3 (found version "3.4.0") 
[4.629s] -- Found X11: /usr/include   
[4.629s] -- Looking for XOpenDisplay in /usr/lib/aarch64-linux-gnu/libX11.so;/usr/lib/aarch64-linux-gnu/libXext.so
[4.629s] -- Looking for XOpenDisplay in /usr/lib/aarch64-linux-gnu/libX11.so;/usr/lib/aarch64-linux-gnu/libXext.so - found
[4.629s] -- Looking for gethostbyname
[4.629s] -- Looking for gethostbyname - found
[4.630s] -- Looking for connect
[4.703s] -- Looking for connect - found
[4.703s] -- Looking for remove
[4.925s] -- Looking for remove - found
[4.925s] -- Looking for shmat
[5.124s] -- Looking for shmat - found
[5.124s] -- Looking for IceConnectionNumber in ICE
[5.288s] -- Looking for IceConnectionNumber in ICE - found
[5.524s] -- Found EXPAT: /usr/lib/aarch64-linux-gnu/libexpat.so (found version "2.4.7") 
[5.533s] -- Found double-conversion: /usr/lib/aarch64-linux-gnu/libdouble-conversion.so  
[5.543s] -- Found LZ4: /usr/lib/aarch64-linux-gnu/liblz4.so (found version "1.9.3") 
[5.550s] -- Found LZMA: /usr/lib/aarch64-linux-gnu/liblzma.so (found version "5.2.5") 
[5.667s] -- Found JPEG: /usr/lib/aarch64-linux-gnu/libjpeg.so (found version "80") 
[5.702s] -- Found TIFF: /usr/lib/aarch64-linux-gnu/libtiff.so (found version "4.3.0")  
[5.711s] -- Found Freetype: /usr/lib/aarch64-linux-gnu/libfreetype.so (found version "2.11.1") 
[5.728s] -- Found utf8cpp: /usr/include/utf8cpp  
[6.045s] -- Checking for module 'libusb-1.0'
[6.111s] --   Found libusb-1.0, version 1.0.25
[6.317s] -- Found libusb: /usr/lib/aarch64-linux-gnu/libusb-1.0.so  
[6.319s] -- Found OpenNI: /usr/lib/libOpenNI.so;libusb::libusb (found version "1.5.4.0") 
[6.322s] -- OpenNI found (version: 1.5.4.0, include: /usr/include/ni, lib: /usr/lib/libOpenNI.so;libusb::libusb)
[6.801s] -- Found OpenNI2: /usr/lib/aarch64-linux-gnu/libOpenNI2.so;libusb::libusb (found version "2.2.0.33") 
[6.802s] [0m** WARNING ** io features related to pcap will be disabled[0m
[6.802s] -- OpenNI2 found (version: 2.2.0.33, include: /usr/include/openni2, lib: /usr/lib/aarch64-linux-gnu/libOpenNI2.so;libusb::libusb)
[7.558s] -- Eigen found (include: /usr/include/eigen3, version: 3.4.0)
[7.586s] -- OpenNI found (version: 1.5.4.0, include: /usr/include/ni, lib: /usr/lib/libOpenNI.so;libusb::libusb)
[7.608s] -- OpenNI2 found (version: 2.2.0.33, include: /usr/include/openni2, lib: /usr/lib/aarch64-linux-gnu/libOpenNI2.so;libusb::libusb)
[8.122s] -- Found Qhull version 8.0.2
[8.571s] -- OpenNI found (version: 1.5.4.0, include: /usr/include/ni, lib: /usr/lib/libOpenNI.so;libusb::libusb)
[9.086s] -- looking for PCL_COMMON
[9.090s] -- Found PCL_COMMON: /usr/lib/aarch64-linux-gnu/libpcl_common.so  
[9.091s] -- looking for PCL_KDTREE
[9.094s] -- Found PCL_KDTREE: /usr/lib/aarch64-linux-gnu/libpcl_kdtree.so  
[9.095s] -- looking for PCL_OCTREE
[9.098s] -- Found PCL_OCTREE: /usr/lib/aarch64-linux-gnu/libpcl_octree.so  
[9.112s] -- looking for PCL_SEARCH
[9.115s] -- Found PCL_SEARCH: /usr/lib/aarch64-linux-gnu/libpcl_search.so  
[9.116s] -- looking for PCL_SAMPLE_CONSENSUS
[9.119s] -- Found PCL_SAMPLE_CONSENSUS: /usr/lib/aarch64-linux-gnu/libpcl_sample_consensus.so  
[9.120s] -- looking for PCL_FILTERS
[9.122s] -- Found PCL_FILTERS: /usr/lib/aarch64-linux-gnu/libpcl_filters.so  
[9.123s] -- looking for PCL_2D
[9.124s] -- Found PCL_2D: /usr/include/pcl-1.12  
[9.125s] -- looking for PCL_GEOMETRY
[9.126s] -- Found PCL_GEOMETRY: /usr/include/pcl-1.12  
[9.143s] -- looking for PCL_IO
[9.147s] -- Found PCL_IO: /usr/lib/aarch64-linux-gnu/libpcl_io.so  
[9.149s] -- looking for PCL_FEATURES
[9.152s] -- Found PCL_FEATURES: /usr/lib/aarch64-linux-gnu/libpcl_features.so  
[9.153s] -- looking for PCL_ML
[9.156s] -- Found PCL_ML: /usr/lib/aarch64-linux-gnu/libpcl_ml.so  
[9.157s] -- looking for PCL_SEGMENTATION
[9.160s] -- Found PCL_SEGMENTATION: /usr/lib/aarch64-linux-gnu/libpcl_segmentation.so  
[9.161s] -- looking for PCL_VISUALIZATION
[9.164s] -- Found PCL_VISUALIZATION: /usr/lib/aarch64-linux-gnu/libpcl_visualization.so  
[9.171s] -- looking for PCL_SURFACE
[9.174s] -- Found PCL_SURFACE: /usr/lib/aarch64-linux-gnu/libpcl_surface.so  
[9.175s] -- looking for PCL_REGISTRATION
[9.190s] -- Found PCL_REGISTRATION: /usr/lib/aarch64-linux-gnu/libpcl_registration.so  
[9.191s] -- looking for PCL_KEYPOINTS
[9.194s] -- Found PCL_KEYPOINTS: /usr/lib/aarch64-linux-gnu/libpcl_keypoints.so  
[9.195s] -- looking for PCL_TRACKING
[9.198s] -- Found PCL_TRACKING: /usr/lib/aarch64-linux-gnu/libpcl_tracking.so  
[9.199s] -- looking for PCL_RECOGNITION
[9.202s] -- Found PCL_RECOGNITION: /usr/lib/aarch64-linux-gnu/libpcl_recognition.so  
[9.220s] -- looking for PCL_STEREO
[9.224s] -- Found PCL_STEREO: /usr/lib/aarch64-linux-gnu/libpcl_stereo.so  
[9.225s] -- looking for PCL_APPS
[9.228s] -- Found PCL_APPS: /usr/lib/aarch64-linux-gnu/libpcl_apps.so  
[9.230s] -- looking for PCL_IN_HAND_SCANNER
[9.231s] -- Found PCL_IN_HAND_SCANNER: /usr/include/pcl-1.12  
[9.231s] -- looking for PCL_MODELER
[9.232s] -- Found PCL_MODELER: /usr/include/pcl-1.12  
[9.233s] -- looking for PCL_POINT_CLOUD_EDITOR
[9.247s] -- Found PCL_POINT_CLOUD_EDITOR: /usr/include/pcl-1.12  
[9.249s] -- looking for PCL_OUTOFCORE
[9.252s] -- Found PCL_OUTOFCORE: /usr/lib/aarch64-linux-gnu/libpcl_outofcore.so  
[9.253s] -- looking for PCL_PEOPLE
[9.256s] -- Found PCL_PEOPLE: /usr/lib/aarch64-linux-gnu/libpcl_people.so  
[9.259s] -- Found PCL: pcl_common;pcl_kdtree;pcl_octree;pcl_search;pcl_sample_consensus;pcl_filters;pcl_io;pcl_features;pcl_ml;pcl_segmentation;pcl_visualization;pcl_surface;pcl_registration;pcl_keypoints;pcl_tracking;pcl_recognition;pcl_stereo;pcl_apps;pcl_outofcore;pcl_people;Boost::system;Boost::filesystem;Boost::date_time;Boost::iostreams;Boost::serialization;/usr/lib/libOpenNI.so;libusb::libusb;/usr/lib/aarch64-linux-gnu/libOpenNI2.so;libusb::libusb;VTK::ChartsCore;VTK::CommonColor;VTK::CommonComputationalGeometry;VTK::CommonCore;VTK::CommonDataModel;VTK::CommonExecutionModel;VTK::CommonMath;VTK::CommonMisc;VTK::CommonTransforms;VTK::FiltersCore;VTK::FiltersExtraction;VTK::FiltersGeneral;VTK::FiltersGeometry;VTK::FiltersModeling;VTK::FiltersSources;VTK::ImagingCore;VTK::ImagingSources;VTK::InteractionImage;VTK::InteractionStyle;VTK::InteractionWidgets;VTK::IOCore;VTK::IOGeometry;VTK::IOImage;VTK::IOLegacy;VTK::IOPLY;VTK::RenderingAnnotation;VTK::RenderingCore;VTK::RenderingContext2D;VTK::RenderingLOD;VTK::RenderingFreeType;VTK::ViewsCore;VTK::ViewsContext2D;VTK::RenderingOpenGL2;VTK::GUISupportQt;FLANN::FLANN;QHULL::QHULL  
[9.275s] -- Found pcl_conversions: 2.4.5 (/opt/ros/humble/share/pcl_conversions/cmake)
[9.582s] -- Found rosidl_generator_c: 3.1.6 (/opt/ros/humble/share/rosidl_generator_c/cmake)
[9.629s] -- Found rosidl_adapter: 3.1.6 (/opt/ros/humble/share/rosidl_adapter/cmake)
[9.691s] -- Found rosidl_generator_cpp: 3.1.6 (/opt/ros/humble/share/rosidl_generator_cpp/cmake)
[9.789s] -- Using all available rosidl_typesupport_c: rosidl_typesupport_fastrtps_c;rosidl_typesupport_introspection_c
[9.943s] -- Using all available rosidl_typesupport_cpp: rosidl_typesupport_fastrtps_cpp;rosidl_typesupport_introspection_cpp
[10.350s] -- Found rmw_implementation_cmake: 6.1.2 (/opt/ros/humble/share/rmw_implementation_cmake/cmake)
[10.397s] -- Found rmw_fastrtps_cpp: 6.2.7 (/opt/ros/humble/share/rmw_fastrtps_cpp/cmake)
[11.314s] -- Found OpenSSL: /usr/lib/aarch64-linux-gnu/libcrypto.so (found version "3.0.2")  
[11.582s] -- Found FastRTPS: /opt/ros/humble/include  
[11.928s] -- Using RMW implementation 'rmw_fastrtps_cpp' as default
[12.885s] -- Found nav_msgs: 4.8.0 (/opt/ros/humble/share/nav_msgs/cmake)
[13.004s] -- Found tf2: 0.25.12 (/opt/ros/humble/share/tf2/cmake)
[13.062s] -- Found tf2_ros: 0.25.12 (/opt/ros/humble/share/tf2_ros/cmake)
[13.804s] -- Found ament_lint_auto: 0.12.12 (/opt/ros/humble/share/ament_lint_auto/cmake)
[14.483s] -- Added test 'cppcheck' to perform static code analysis on C / C++ code
[14.484s] -- Configured cppcheck include dirs: $<BUILD_INTERFACE:/home/nvidia/gestelt_ws/src/gestelt2/swarm_tools/fake_sensor/include>
[14.484s] -- Configured cppcheck exclude dirs and/or files: 
[14.487s] -- Added test 'lint_cmake' to check CMake code style
[14.491s] -- Added test 'uncrustify' to check C / C++ code style
[14.491s] -- Configured uncrustify additional arguments: 
[14.494s] -- Added test 'xmllint' to check XML markup files
[14.505s] -- Configuring done
[14.707s] -- Generating done
[14.752s] -- Build files have been written to: /home/nvidia/gestelt_ws/src/gestelt2/build/fake_sensor
[14.929s] Invoked command in '/home/nvidia/gestelt_ws/src/gestelt2/build/fake_sensor' returned '0': CMAKE_PREFIX_PATH=${CMAKE_PREFIX_PATH}:/home/nvidia/gestelt_ws/install/gestelt_commander:/home/nvidia/tl_vision2/install/vision:/home/nvidia/bridge_ws/install/vilota_bridge:/opt/ros/humble /usr/bin/cmake /home/nvidia/gestelt_ws/src/gestelt2/swarm_tools/fake_sensor -DAMENT_CMAKE_SYMLINK_INSTALL=1 -DCMAKE_INSTALL_PREFIX=/home/nvidia/gestelt_ws/src/gestelt2/install/fake_sensor
[14.930s] Invoking command in '/home/nvidia/gestelt_ws/src/gestelt2/build/fake_sensor': CMAKE_PREFIX_PATH=${CMAKE_PREFIX_PATH}:/home/nvidia/gestelt_ws/install/gestelt_commander:/home/nvidia/tl_vision2/install/vision:/home/nvidia/bridge_ws/install/vilota_bridge:/opt/ros/humble /usr/bin/cmake --build /home/nvidia/gestelt_ws/src/gestelt2/build/fake_sensor -- -j8 -l8
[25.221s] [ 33%] [32mBuilding CXX object CMakeFiles/fake_sensor_node.dir/src/fake_sensor_node.cpp.o[0m
[25.221s] [ 66%] [32mBuilding CXX object CMakeFiles/fake_sensor_node.dir/src/fake_sensor.cpp.o[0m
[39.590s] In file included from [01m[K/home/nvidia/gestelt_ws/src/gestelt2/swarm_tools/fake_sensor/include/fake_sensor/fake_sensor.hpp:27[m[K,
[39.591s]                  from [01m[K/home/nvidia/gestelt_ws/src/gestelt2/swarm_tools/fake_sensor/src/fake_sensor.cpp:1[m[K:
[39.591s] [01m[K/home/nvidia/gestelt_ws/src/gestelt2/swarm_tools/fake_sensor/include/fake_sensor/sensor_renderer.hpp:[m[K In member function ‘[01m[Kbool SensorRenderer::pt_to_idx(Eigen::Vector2i&, const Vector3d&, const Vector3d&, const Matrix3d&)[m[K’:
[39.591s] [01m[K/home/nvidia/gestelt_ws/src/gestelt2/swarm_tools/fake_sensor/include/fake_sensor/sensor_renderer.hpp:132:12:[m[K [01;35m[Kwarning: [m[Kunused variable ‘[01m[Kdis_pt_to_laser_plane[m[K’ [[01;35m[K]8;;https://gcc.gnu.org/onlinedocs/gcc/Warning-Options.html#index-Wunused-variable-Wunused-variable]8;;[m[K]
[39.591s]   132 |     double [01;35m[Kdis_pt_to_laser_plane[m[K = line_intersect_plane(inter_p, pt, laser_R.col(2), laser_t, laser_R.col(2));
[39.591s]       |            [01;35m[K^~~~~~~~~~~~~~~~~~~~~[m[K
[39.713s] In file included from [01m[K/home/nvidia/gestelt_ws/src/gestelt2/swarm_tools/fake_sensor/include/fake_sensor/fake_sensor.hpp:27[m[K,
[39.713s]                  from [01m[K/home/nvidia/gestelt_ws/src/gestelt2/swarm_tools/fake_sensor/src/fake_sensor_node.cpp:1[m[K:
[39.713s] [01m[K/home/nvidia/gestelt_ws/src/gestelt2/swarm_tools/fake_sensor/include/fake_sensor/sensor_renderer.hpp:[m[K In member function ‘[01m[Kbool SensorRenderer::pt_to_idx(Eigen::Vector2i&, const Vector3d&, const Vector3d&, const Matrix3d&)[m[K’:
[39.714s] [01m[K/home/nvidia/gestelt_ws/src/gestelt2/swarm_tools/fake_sensor/include/fake_sensor/sensor_renderer.hpp:132:12:[m[K [01;35m[Kwarning: [m[Kunused variable ‘[01m[Kdis_pt_to_laser_plane[m[K’ [[01;35m[K]8;;https://gcc.gnu.org/onlinedocs/gcc/Warning-Options.html#index-Wunused-variable-Wunused-variable]8;;[m[K]
[39.714s]   132 |     double [01;35m[Kdis_pt_to_laser_plane[m[K = line_intersect_plane(inter_p, pt, laser_R.col(2), laser_t, laser_R.col(2));
[39.714s]       |            [01;35m[K^~~~~~~~~~~~~~~~~~~~~[m[K
[92.101s] [100%] [32m[1mLinking CXX executable fake_sensor_node[0m
[94.758s] [100%] Built target fake_sensor_node
[94.789s] Invoked command in '/home/nvidia/gestelt_ws/src/gestelt2/build/fake_sensor' returned '0': CMAKE_PREFIX_PATH=${CMAKE_PREFIX_PATH}:/home/nvidia/gestelt_ws/install/gestelt_commander:/home/nvidia/tl_vision2/install/vision:/home/nvidia/bridge_ws/install/vilota_bridge:/opt/ros/humble /usr/bin/cmake --build /home/nvidia/gestelt_ws/src/gestelt2/build/fake_sensor -- -j8 -l8
[94.791s] Invoking command in '/home/nvidia/gestelt_ws/src/gestelt2/build/fake_sensor': CMAKE_PREFIX_PATH=${CMAKE_PREFIX_PATH}:/home/nvidia/gestelt_ws/install/gestelt_commander:/home/nvidia/tl_vision2/install/vision:/home/nvidia/bridge_ws/install/vilota_bridge:/opt/ros/humble /usr/bin/cmake --install /home/nvidia/gestelt_ws/src/gestelt2/build/fake_sensor
[94.806s] -- Install configuration: "Release"
[94.807s] -- Execute custom install script
[94.808s] -- Symlinking: /home/nvidia/gestelt_ws/src/gestelt2/install/fake_sensor/share/fake_sensor//config/fake_sensor.yaml
[94.829s] -- Symlinking: /home/nvidia/gestelt_ws/src/gestelt2/install/fake_sensor/lib/fake_sensor/fake_sensor_node
[94.851s] -- Symlinking: /home/nvidia/gestelt_ws/src/gestelt2/install/fake_sensor/share/ament_index/resource_index/package_run_dependencies/fake_sensor
[94.872s] -- Symlinking: /home/nvidia/gestelt_ws/src/gestelt2/install/fake_sensor/share/ament_index/resource_index/parent_prefix_path/fake_sensor
[94.893s] -- Symlinking: /home/nvidia/gestelt_ws/src/gestelt2/install/fake_sensor/share/fake_sensor/environment/ament_prefix_path.sh
[94.914s] -- Symlinking: /home/nvidia/gestelt_ws/src/gestelt2/install/fake_sensor/share/fake_sensor/environment/ament_prefix_path.dsv
[94.935s] -- Symlinking: /home/nvidia/gestelt_ws/src/gestelt2/install/fake_sensor/share/fake_sensor/environment/path.sh
[94.958s] -- Symlinking: /home/nvidia/gestelt_ws/src/gestelt2/install/fake_sensor/share/fake_sensor/environment/path.dsv
[94.979s] -- Symlinking: /home/nvidia/gestelt_ws/src/gestelt2/install/fake_sensor/share/fake_sensor/local_setup.bash
[95.000s] -- Symlinking: /home/nvidia/gestelt_ws/src/gestelt2/install/fake_sensor/share/fake_sensor/local_setup.sh
[95.021s] -- Symlinking: /home/nvidia/gestelt_ws/src/gestelt2/install/fake_sensor/share/fake_sensor/local_setup.zsh
[95.043s] -- Symlinking: /home/nvidia/gestelt_ws/src/gestelt2/install/fake_sensor/share/fake_sensor/local_setup.dsv
[95.065s] -- Symlinking: /home/nvidia/gestelt_ws/src/gestelt2/install/fake_sensor/share/fake_sensor/package.dsv
[95.086s] -- Symlinking: /home/nvidia/gestelt_ws/src/gestelt2/install/fake_sensor/share/ament_index/resource_index/packages/fake_sensor
[95.107s] -- Symlinking: /home/nvidia/gestelt_ws/src/gestelt2/install/fake_sensor/share/fake_sensor/cmake/fake_sensorConfig.cmake
[95.128s] -- Symlinking: /home/nvidia/gestelt_ws/src/gestelt2/install/fake_sensor/share/fake_sensor/cmake/fake_sensorConfig-version.cmake
[95.151s] -- Symlinking: /home/nvidia/gestelt_ws/src/gestelt2/install/fake_sensor/share/fake_sensor/package.xml
[95.191s] Invoked command in '/home/nvidia/gestelt_ws/src/gestelt2/build/fake_sensor' returned '0': CMAKE_PREFIX_PATH=${CMAKE_PREFIX_PATH}:/home/nvidia/gestelt_ws/install/gestelt_commander:/home/nvidia/tl_vision2/install/vision:/home/nvidia/bridge_ws/install/vilota_bridge:/opt/ros/humble /usr/bin/cmake --install /home/nvidia/gestelt_ws/src/gestelt2/build/fake_sensor
