[0.061s] Invoking command in '/home/nvidia/gestelt_ws/src/gestelt2/build/gestelt_controller': AMENT_PREFIX_PATH=/home/nvidia/gestelt_ws/src/gestelt2/install/gestelt_core:/home/nvidia/gestelt_ws/src/gestelt2/install/occ_map:/home/nvidia/gestelt_ws/src/gestelt2/install/logger_wrapper:/home/nvidia/gestelt_ws/src/gestelt2/install/ikd_tree:/home/nvidia/gestelt_ws/src/gestelt2/install/bonxai:${AMENT_PREFIX_PATH} CMAKE_PREFIX_PATH=/home/nvidia/gestelt_ws/src/gestelt2/install/gestelt_core:/home/nvidia/gestelt_ws/src/gestelt2/install/occ_map:/home/nvidia/gestelt_ws/src/gestelt2/install/logger_wrapper:/home/nvidia/gestelt_ws/src/gestelt2/install/ikd_tree:/home/nvidia/gestelt_ws/src/gestelt2/install/bonxai:/home/nvidia/gestelt_ws/install/gestelt_bringup:/home/nvidia/gestelt_ws/install/trajectory_server:/home/nvidia/gestelt_ws/install/linear_mpc_controller:/home/nvidia/gestelt_ws/install/gestelt_planner:/home/nvidia/gestelt_ws/install/gestelt_controller:/home/nvidia/gestelt_ws/install/astar_planner:/home/nvidia/gestelt_ws/install/gestelt_core:/home/nvidia/gestelt_ws/install/occ_map:/home/nvidia/gestelt_ws/install/logger_wrapper:/home/nvidia/gestelt_ws/install/ikd_tree:/home/nvidia/gestelt_ws/install/gestelt_interfaces:/home/nvidia/gestelt_ws/install/fake_sensor:/home/nvidia/gestelt_ws/install/fake_map:/home/nvidia/gestelt_ws/install/decomp_ros_utils:/home/nvidia/gestelt_ws/install/decomp_util:/home/nvidia/gestelt_ws/install/decomp_ros_msgs:/home/nvidia/gestelt_ws/install/bonxai:/home/nvidia/tl_vision2/install/vrpn_mocap:/home/nvidia/tl_vision2/install/px4_msgs:/home/nvidia/bridge_ws/install/depth2pcl:/home/nvidia/gestelt_ws/install/gestelt_commander:/home/nvidia/tl_vision2/install/vision:/home/nvidia/bridge_ws/install/vilota_bridge:/opt/ros/humble LD_LIBRARY_PATH=/home/nvidia/gestelt_ws/src/gestelt2/install/occ_map/lib:/home/nvidia/gestelt_ws/src/gestelt2/install/logger_wrapper/lib:/home/nvidia/gestelt_ws/src/gestelt2/install/ikd_tree/lib:/home/nvidia/gestelt_ws/src/gestelt2/install/bonxai/lib:${LD_LIBRARY_PATH} /usr/bin/cmake --build /home/nvidia/gestelt_ws/src/gestelt2/build/gestelt_controller -- -j8 -l8
[0.165s] [35m[1mConsolidate compiler generated dependencies of target simple_goal_checker[0m
[0.165s] [35m[1mConsolidate compiler generated dependencies of target simple_progress_checker[0m
[0.168s] [35m[1mConsolidate compiler generated dependencies of target controller_server_core[0m
[0.225s] [ 16%] [32m[1mLinking CXX shared library libsimple_progress_checker.so[0m
[0.225s] [ 16%] [32m[1mLinking CXX shared library libsimple_goal_checker.so[0m
[0.269s] [ 25%] [32mBuilding CXX object CMakeFiles/controller_server_core.dir/src/controller_server.cpp.o[0m
[1.569s] [ 33%] Built target simple_goal_checker
[1.598s] [ 41%] Built target simple_progress_checker
[1.626s] [35m[1mConsolidate compiler generated dependencies of target stopped_goal_checker[0m
[1.673s] [35m[1mConsolidate compiler generated dependencies of target pose_progress_checker[0m
[1.720s] [ 50%] [32m[1mLinking CXX shared library libstopped_goal_checker.so[0m
[1.759s] [ 58%] [32m[1mLinking CXX shared library libpose_progress_checker.so[0m
[3.014s] [ 66%] Built target stopped_goal_checker
[3.078s] [ 75%] Built target pose_progress_checker
[52.801s] [ 83%] [32m[1mLinking CXX shared library libcontroller_server_core.so[0m
[57.864s] [ 83%] Built target controller_server_core
[57.896s] [35m[1mConsolidate compiler generated dependencies of target controller_server[0m
[57.974s] [ 91%] [32mBuilding CXX object CMakeFiles/controller_server.dir/src/main.cpp.o[0m
[83.398s] [100%] [32m[1mLinking CXX executable controller_server[0m
[86.697s] [100%] Built target controller_server
[86.726s] Invoked command in '/home/nvidia/gestelt_ws/src/gestelt2/build/gestelt_controller' returned '0': AMENT_PREFIX_PATH=/home/nvidia/gestelt_ws/src/gestelt2/install/gestelt_core:/home/nvidia/gestelt_ws/src/gestelt2/install/occ_map:/home/nvidia/gestelt_ws/src/gestelt2/install/logger_wrapper:/home/nvidia/gestelt_ws/src/gestelt2/install/ikd_tree:/home/nvidia/gestelt_ws/src/gestelt2/install/bonxai:${AMENT_PREFIX_PATH} CMAKE_PREFIX_PATH=/home/nvidia/gestelt_ws/src/gestelt2/install/gestelt_core:/home/nvidia/gestelt_ws/src/gestelt2/install/occ_map:/home/nvidia/gestelt_ws/src/gestelt2/install/logger_wrapper:/home/nvidia/gestelt_ws/src/gestelt2/install/ikd_tree:/home/nvidia/gestelt_ws/src/gestelt2/install/bonxai:/home/nvidia/gestelt_ws/install/gestelt_bringup:/home/nvidia/gestelt_ws/install/trajectory_server:/home/nvidia/gestelt_ws/install/linear_mpc_controller:/home/nvidia/gestelt_ws/install/gestelt_planner:/home/nvidia/gestelt_ws/install/gestelt_controller:/home/nvidia/gestelt_ws/install/astar_planner:/home/nvidia/gestelt_ws/install/gestelt_core:/home/nvidia/gestelt_ws/install/occ_map:/home/nvidia/gestelt_ws/install/logger_wrapper:/home/nvidia/gestelt_ws/install/ikd_tree:/home/nvidia/gestelt_ws/install/gestelt_interfaces:/home/nvidia/gestelt_ws/install/fake_sensor:/home/nvidia/gestelt_ws/install/fake_map:/home/nvidia/gestelt_ws/install/decomp_ros_utils:/home/nvidia/gestelt_ws/install/decomp_util:/home/nvidia/gestelt_ws/install/decomp_ros_msgs:/home/nvidia/gestelt_ws/install/bonxai:/home/nvidia/tl_vision2/install/vrpn_mocap:/home/nvidia/tl_vision2/install/px4_msgs:/home/nvidia/bridge_ws/install/depth2pcl:/home/nvidia/gestelt_ws/install/gestelt_commander:/home/nvidia/tl_vision2/install/vision:/home/nvidia/bridge_ws/install/vilota_bridge:/opt/ros/humble LD_LIBRARY_PATH=/home/nvidia/gestelt_ws/src/gestelt2/install/occ_map/lib:/home/nvidia/gestelt_ws/src/gestelt2/install/logger_wrapper/lib:/home/nvidia/gestelt_ws/src/gestelt2/install/ikd_tree/lib:/home/nvidia/gestelt_ws/src/gestelt2/install/bonxai/lib:${LD_LIBRARY_PATH} /usr/bin/cmake --build /home/nvidia/gestelt_ws/src/gestelt2/build/gestelt_controller -- -j8 -l8
[86.730s] Invoking command in '/home/nvidia/gestelt_ws/src/gestelt2/build/gestelt_controller': AMENT_PREFIX_PATH=/home/nvidia/gestelt_ws/src/gestelt2/install/gestelt_core:/home/nvidia/gestelt_ws/src/gestelt2/install/occ_map:/home/nvidia/gestelt_ws/src/gestelt2/install/logger_wrapper:/home/nvidia/gestelt_ws/src/gestelt2/install/ikd_tree:/home/nvidia/gestelt_ws/src/gestelt2/install/bonxai:${AMENT_PREFIX_PATH} CMAKE_PREFIX_PATH=/home/nvidia/gestelt_ws/src/gestelt2/install/gestelt_core:/home/nvidia/gestelt_ws/src/gestelt2/install/occ_map:/home/nvidia/gestelt_ws/src/gestelt2/install/logger_wrapper:/home/nvidia/gestelt_ws/src/gestelt2/install/ikd_tree:/home/nvidia/gestelt_ws/src/gestelt2/install/bonxai:/home/nvidia/gestelt_ws/install/gestelt_bringup:/home/nvidia/gestelt_ws/install/trajectory_server:/home/nvidia/gestelt_ws/install/linear_mpc_controller:/home/nvidia/gestelt_ws/install/gestelt_planner:/home/nvidia/gestelt_ws/install/gestelt_controller:/home/nvidia/gestelt_ws/install/astar_planner:/home/nvidia/gestelt_ws/install/gestelt_core:/home/nvidia/gestelt_ws/install/occ_map:/home/nvidia/gestelt_ws/install/logger_wrapper:/home/nvidia/gestelt_ws/install/ikd_tree:/home/nvidia/gestelt_ws/install/gestelt_interfaces:/home/nvidia/gestelt_ws/install/fake_sensor:/home/nvidia/gestelt_ws/install/fake_map:/home/nvidia/gestelt_ws/install/decomp_ros_utils:/home/nvidia/gestelt_ws/install/decomp_util:/home/nvidia/gestelt_ws/install/decomp_ros_msgs:/home/nvidia/gestelt_ws/install/bonxai:/home/nvidia/tl_vision2/install/vrpn_mocap:/home/nvidia/tl_vision2/install/px4_msgs:/home/nvidia/bridge_ws/install/depth2pcl:/home/nvidia/gestelt_ws/install/gestelt_commander:/home/nvidia/tl_vision2/install/vision:/home/nvidia/bridge_ws/install/vilota_bridge:/opt/ros/humble LD_LIBRARY_PATH=/home/nvidia/gestelt_ws/src/gestelt2/install/occ_map/lib:/home/nvidia/gestelt_ws/src/gestelt2/install/logger_wrapper/lib:/home/nvidia/gestelt_ws/src/gestelt2/install/ikd_tree/lib:/home/nvidia/gestelt_ws/src/gestelt2/install/bonxai/lib:${LD_LIBRARY_PATH} /usr/bin/cmake --install /home/nvidia/gestelt_ws/src/gestelt2/build/gestelt_controller
[86.750s] -- Install configuration: ""
[86.751s] -- Execute custom install script
[86.752s] -- Up-to-date symlink: /home/nvidia/gestelt_ws/src/gestelt2/install/gestelt_controller/lib/gestelt_controller/controller_server
[86.753s] -- Symlinking: /home/nvidia/gestelt_ws/src/gestelt2/install/gestelt_controller/include/gestelt_controller/gestelt_controller/controller_server.hpp
[86.774s] -- Symlinking: /home/nvidia/gestelt_ws/src/gestelt2/install/gestelt_controller/include/gestelt_controller/gestelt_controller/plugins/pose_progress_checker.hpp
[86.795s] -- Symlinking: /home/nvidia/gestelt_ws/src/gestelt2/install/gestelt_controller/include/gestelt_controller/gestelt_controller/plugins/simple_goal_checker.hpp
[86.816s] -- Symlinking: /home/nvidia/gestelt_ws/src/gestelt2/install/gestelt_controller/include/gestelt_controller/gestelt_controller/plugins/simple_progress_checker.hpp
[86.837s] -- Symlinking: /home/nvidia/gestelt_ws/src/gestelt2/install/gestelt_controller/include/gestelt_controller/gestelt_controller/plugins/stopped_goal_checker.hpp
[86.859s] -- Symlinking: /home/nvidia/gestelt_ws/src/gestelt2/install/gestelt_controller/share/gestelt_controller/environment/library_path.sh
[86.881s] -- Symlinking: /home/nvidia/gestelt_ws/src/gestelt2/install/gestelt_controller/share/gestelt_controller/environment/library_path.dsv
[86.901s] -- Symlinking: /home/nvidia/gestelt_ws/src/gestelt2/install/gestelt_controller/share/gestelt_controller//plugins.xml
[86.922s] -- Symlinking: /home/nvidia/gestelt_ws/src/gestelt2/install/gestelt_controller/share/ament_index/resource_index/package_run_dependencies/gestelt_controller
[86.943s] -- Symlinking: /home/nvidia/gestelt_ws/src/gestelt2/install/gestelt_controller/share/ament_index/resource_index/parent_prefix_path/gestelt_controller
[86.963s] -- Symlinking: /home/nvidia/gestelt_ws/src/gestelt2/install/gestelt_controller/share/gestelt_controller/environment/ament_prefix_path.sh
[86.984s] -- Symlinking: /home/nvidia/gestelt_ws/src/gestelt2/install/gestelt_controller/share/gestelt_controller/environment/ament_prefix_path.dsv
[87.005s] -- Symlinking: /home/nvidia/gestelt_ws/src/gestelt2/install/gestelt_controller/share/gestelt_controller/environment/path.sh
[87.027s] -- Symlinking: /home/nvidia/gestelt_ws/src/gestelt2/install/gestelt_controller/share/gestelt_controller/environment/path.dsv
[87.048s] -- Symlinking: /home/nvidia/gestelt_ws/src/gestelt2/install/gestelt_controller/share/gestelt_controller/local_setup.bash
[87.068s] -- Symlinking: /home/nvidia/gestelt_ws/src/gestelt2/install/gestelt_controller/share/gestelt_controller/local_setup.sh
[87.089s] -- Symlinking: /home/nvidia/gestelt_ws/src/gestelt2/install/gestelt_controller/share/gestelt_controller/local_setup.zsh
[87.110s] -- Symlinking: /home/nvidia/gestelt_ws/src/gestelt2/install/gestelt_controller/share/gestelt_controller/local_setup.dsv
[87.131s] -- Symlinking: /home/nvidia/gestelt_ws/src/gestelt2/install/gestelt_controller/share/gestelt_controller/package.dsv
[87.152s] -- Symlinking: /home/nvidia/gestelt_ws/src/gestelt2/install/gestelt_controller/share/ament_index/resource_index/packages/gestelt_controller
[87.173s] -- Symlinking: /home/nvidia/gestelt_ws/src/gestelt2/install/gestelt_controller/share/ament_index/resource_index/gestelt_core__pluginlib__plugin/gestelt_controller
[87.194s] -- Symlinking: /home/nvidia/gestelt_ws/src/gestelt2/install/gestelt_controller/share/ament_index/resource_index/rclcpp_components/gestelt_controller
[87.215s] -- Symlinking: /home/nvidia/gestelt_ws/src/gestelt2/install/gestelt_controller/share/gestelt_controller/cmake/ament_cmake_export_include_directories-extras.cmake
[87.235s] -- Symlinking: /home/nvidia/gestelt_ws/src/gestelt2/install/gestelt_controller/share/gestelt_controller/cmake/ament_cmake_export_libraries-extras.cmake
[87.256s] -- Symlinking: /home/nvidia/gestelt_ws/src/gestelt2/install/gestelt_controller/share/gestelt_controller/cmake/ament_cmake_export_dependencies-extras.cmake
[87.276s] -- Symlinking: /home/nvidia/gestelt_ws/src/gestelt2/install/gestelt_controller/share/gestelt_controller/cmake/ament_cmake_export_targets-extras.cmake
[87.297s] -- Symlinking: /home/nvidia/gestelt_ws/src/gestelt2/install/gestelt_controller/share/gestelt_controller/cmake/gestelt_controllerConfig.cmake
[87.318s] -- Symlinking: /home/nvidia/gestelt_ws/src/gestelt2/install/gestelt_controller/share/gestelt_controller/cmake/gestelt_controllerConfig-version.cmake
[87.339s] -- Symlinking: /home/nvidia/gestelt_ws/src/gestelt2/install/gestelt_controller/share/gestelt_controller/package.xml
[87.360s] -- Installing: /home/nvidia/gestelt_ws/src/gestelt2/install/gestelt_controller/lib/libsimple_progress_checker.so
[87.363s] -- Set runtime path of "/home/nvidia/gestelt_ws/src/gestelt2/install/gestelt_controller/lib/libsimple_progress_checker.so" to ""
[87.364s] -- Installing: /home/nvidia/gestelt_ws/src/gestelt2/install/gestelt_controller/lib/libpose_progress_checker.so
[87.367s] -- Set runtime path of "/home/nvidia/gestelt_ws/src/gestelt2/install/gestelt_controller/lib/libpose_progress_checker.so" to ""
[87.368s] -- Installing: /home/nvidia/gestelt_ws/src/gestelt2/install/gestelt_controller/lib/libsimple_goal_checker.so
[87.371s] -- Set runtime path of "/home/nvidia/gestelt_ws/src/gestelt2/install/gestelt_controller/lib/libsimple_goal_checker.so" to ""
[87.372s] -- Installing: /home/nvidia/gestelt_ws/src/gestelt2/install/gestelt_controller/lib/libstopped_goal_checker.so
[87.375s] -- Set runtime path of "/home/nvidia/gestelt_ws/src/gestelt2/install/gestelt_controller/lib/libstopped_goal_checker.so" to ""
[87.376s] -- Installing: /home/nvidia/gestelt_ws/src/gestelt2/install/gestelt_controller/lib/libcontroller_server_core.so
[87.415s] -- Set runtime path of "/home/nvidia/gestelt_ws/src/gestelt2/install/gestelt_controller/lib/libcontroller_server_core.so" to ""
[87.415s] -- Installing: /home/nvidia/gestelt_ws/src/gestelt2/install/gestelt_controller/share/gestelt_controller/cmake/controller_server_coreExport.cmake
[87.416s] -- Installing: /home/nvidia/gestelt_ws/src/gestelt2/install/gestelt_controller/share/gestelt_controller/cmake/controller_server_coreExport-noconfig.cmake
[87.422s] Invoked command in '/home/nvidia/gestelt_ws/src/gestelt2/build/gestelt_controller' returned '0': AMENT_PREFIX_PATH=/home/nvidia/gestelt_ws/src/gestelt2/install/gestelt_core:/home/nvidia/gestelt_ws/src/gestelt2/install/occ_map:/home/nvidia/gestelt_ws/src/gestelt2/install/logger_wrapper:/home/nvidia/gestelt_ws/src/gestelt2/install/ikd_tree:/home/nvidia/gestelt_ws/src/gestelt2/install/bonxai:${AMENT_PREFIX_PATH} CMAKE_PREFIX_PATH=/home/nvidia/gestelt_ws/src/gestelt2/install/gestelt_core:/home/nvidia/gestelt_ws/src/gestelt2/install/occ_map:/home/nvidia/gestelt_ws/src/gestelt2/install/logger_wrapper:/home/nvidia/gestelt_ws/src/gestelt2/install/ikd_tree:/home/nvidia/gestelt_ws/src/gestelt2/install/bonxai:/home/nvidia/gestelt_ws/install/gestelt_bringup:/home/nvidia/gestelt_ws/install/trajectory_server:/home/nvidia/gestelt_ws/install/linear_mpc_controller:/home/nvidia/gestelt_ws/install/gestelt_planner:/home/nvidia/gestelt_ws/install/gestelt_controller:/home/nvidia/gestelt_ws/install/astar_planner:/home/nvidia/gestelt_ws/install/gestelt_core:/home/nvidia/gestelt_ws/install/occ_map:/home/nvidia/gestelt_ws/install/logger_wrapper:/home/nvidia/gestelt_ws/install/ikd_tree:/home/nvidia/gestelt_ws/install/gestelt_interfaces:/home/nvidia/gestelt_ws/install/fake_sensor:/home/nvidia/gestelt_ws/install/fake_map:/home/nvidia/gestelt_ws/install/decomp_ros_utils:/home/nvidia/gestelt_ws/install/decomp_util:/home/nvidia/gestelt_ws/install/decomp_ros_msgs:/home/nvidia/gestelt_ws/install/bonxai:/home/nvidia/tl_vision2/install/vrpn_mocap:/home/nvidia/tl_vision2/install/px4_msgs:/home/nvidia/bridge_ws/install/depth2pcl:/home/nvidia/gestelt_ws/install/gestelt_commander:/home/nvidia/tl_vision2/install/vision:/home/nvidia/bridge_ws/install/vilota_bridge:/opt/ros/humble LD_LIBRARY_PATH=/home/nvidia/gestelt_ws/src/gestelt2/install/occ_map/lib:/home/nvidia/gestelt_ws/src/gestelt2/install/logger_wrapper/lib:/home/nvidia/gestelt_ws/src/gestelt2/install/ikd_tree/lib:/home/nvidia/gestelt_ws/src/gestelt2/install/bonxai/lib:${LD_LIBRARY_PATH} /usr/bin/cmake --install /home/nvidia/gestelt_ws/src/gestelt2/build/gestelt_controller
