-- The C compiler identification is GNU 11.4.0
-- The CXX compiler identification is GNU 11.4.0
-- Detecting C compiler ABI info
-- Detecting C compiler ABI info - done
-- Check for working C compiler: /usr/bin/cc - skipped
-- Detecting C compile features
-- Detecting C compile features - done
-- Detecting CXX compiler ABI info
-- Detecting CXX compiler ABI info - done
-- Check for working CXX compiler: /usr/bin/c++ - skipped
-- Detecting CXX compile features
-- Detecting CXX compile features - done
-- Found ament_cmake: 1.3.11 (/opt/ros/humble/share/ament_cmake/cmake)
-- Found Python3: /usr/bin/python3 (found version "3.10.12") found components: Interpreter 
-- Override CMake install command with custom implementation using symlinks instead of copying resources
-- Found rclcpp: 16.0.12 (/opt/ros/humble/share/rclcpp/cmake)
-- Found rosidl_generator_c: 3.1.6 (/opt/ros/humble/share/rosidl_generator_c/cmake)
-- Found rosidl_adapter: 3.1.6 (/opt/ros/humble/share/rosidl_adapter/cmake)
-- Found rosidl_generator_cpp: 3.1.6 (/opt/ros/humble/share/rosidl_generator_cpp/cmake)
-- Using all available rosidl_typesupport_c: rosidl_typesupport_fastrtps_c;rosidl_typesupport_introspection_c
-- Using all available rosidl_typesupport_cpp: rosidl_typesupport_fastrtps_cpp;rosidl_typesupport_introspection_cpp
-- Found rmw_implementation_cmake: 6.1.2 (/opt/ros/humble/share/rmw_implementation_cmake/cmake)
-- Found rmw_fastrtps_cpp: 6.2.7 (/opt/ros/humble/share/rmw_fastrtps_cpp/cmake)
-- Found OpenSSL: /usr/lib/aarch64-linux-gnu/libcrypto.so (found version "3.0.2")  
-- Found FastRTPS: /opt/ros/humble/include  
-- Using RMW implementation 'rmw_fastrtps_cpp' as default
-- Looking for pthread.h
-- Looking for pthread.h - found
-- Performing Test CMAKE_HAVE_LIBC_PTHREAD
-- Performing Test CMAKE_HAVE_LIBC_PTHREAD - Success
-- Found Threads: TRUE  
-- Found decomp_util: 1.0.0 (/home/nvidia/gestelt_ws/src/gestelt2/install/decomp_util/share/decomp_util/cmake)
-- Found decomp_ros_msgs: 0.0.0 (/home/nvidia/gestelt_ws/src/gestelt2/install/decomp_ros_msgs/share/decomp_ros_msgs/cmake)
-- Found rviz_common: 11.2.16 (/opt/ros/humble/share/rviz_common/cmake)
-- Setting assimp_DIR to: '/opt/ros/humble/share/rviz_assimp_vendor/cmake/../../../opt/rviz_assimp_vendor/lib/cmake/assimp-4.1'
-- Setting OGRE_DIR to: '/opt/ros/humble/share/rviz_ogre_vendor/cmake/../../../opt/rviz_ogre_vendor/lib/OGRE/cmake'
-- Found OGRE
--   static     : OFF
--   components : HLMS;MeshLodGenerator;Overlay;Paging;Property;RTShaderSystem;Terrain;Volume
--   plugins    : Plugin_BSPSceneManager;Plugin_OctreeSceneManager;Plugin_PCZSceneManager;Plugin_ParticleFX;RenderSystem_GL;RenderSystem_GL3Plus;Codec_STBI
--   media      : /opt/ros/humble/opt/rviz_ogre_vendor/share/OGRE/Media
-- OGRE_LIBRARIES: OgreHLMS;OgreMeshLodGenerator;OgreOverlay;OgrePaging;OgreProperty;OgreRTShaderSystem;OgreTerrain;OgreVolume;OgreMain
-- OGRE_LIBRARY_DIRS: /opt/ros/humble/opt/rviz_ogre_vendor/lib
-- OGRE_PLUGINS: Plugin_BSPSceneManager;Plugin_OctreeSceneManager;Plugin_PCZSceneManager;Plugin_ParticleFX;RenderSystem_GL;RenderSystem_GL3Plus;Codec_STBI
-- OGRE_PLUGIN_DIR: /opt/ros/humble/opt/rviz_ogre_vendor/lib/OGRE
-- rviz_ogre_vendor::OgreOverlay for IMPORTED_LOCATION_RELEASE: /opt/ros/humble/opt/rviz_ogre_vendor/lib/libOgreOverlay.so
-- rviz_ogre_vendor::OgreOverlay for IMPORTED_LOCATION_DEBUG: /opt/ros/humble/opt/rviz_ogre_vendor/lib/libOgreOverlay.so
-- rviz_ogre_vendor::OgreMain for IMPORTED_LOCATION_RELEASE: /opt/ros/humble/opt/rviz_ogre_vendor/lib/libOgreMain.so
-- rviz_ogre_vendor::OgreMain for IMPORTED_LOCATION_DEBUG: /opt/ros/humble/opt/rviz_ogre_vendor/lib/libOgreMain.so
-- Could not find freeimage library
-- Found ZLIB: /usr/lib/aarch64-linux-gnu/libz.so (found version "1.2.11") 
-- Found OpenGL: /usr/lib/aarch64-linux-gnu/libOpenGL.so   
-- Found X11: /usr/include   
-- Looking for XOpenDisplay in /usr/lib/aarch64-linux-gnu/libX11.so;/usr/lib/aarch64-linux-gnu/libXext.so
-- Looking for XOpenDisplay in /usr/lib/aarch64-linux-gnu/libX11.so;/usr/lib/aarch64-linux-gnu/libXext.so - found
-- Looking for gethostbyname
-- Looking for gethostbyname - found
-- Looking for connect
-- Looking for connect - found
-- Looking for remove
-- Looking for remove - found
-- Looking for shmat
-- Looking for shmat - found
-- Looking for IceConnectionNumber in ICE
-- Looking for IceConnectionNumber in ICE - found
-- library: /usr/lib/aarch64-linux-gnu/libcurl.so
-- Found Eigen3: TRUE (found version "3.4.0") 
-- Ensuring Eigen3 include directory is part of orocos-kdl CMake target
-- Found nav_msgs: 4.8.0 (/opt/ros/humble/share/nav_msgs/cmake)
-- Configuring done
-- Generating done
-- Build files have been written to: /home/nvidia/gestelt_ws/src/gestelt2/build/decomp_ros_utils
[  7%] [34m[1mAutomatic MOC for target mesh_shape[0m
[  7%] Built target mesh_shape_autogen
[ 15%] [32mBuilding CXX object CMakeFiles/mesh_shape.dir/mesh_shape_autogen/mocs_compilation.cpp.o[0m
[ 23%] [32mBuilding CXX object CMakeFiles/mesh_shape.dir/src/mesh_shape.cpp.o[0m
[ 30%] [32m[1mLinking CXX static library libmesh_shape.a[0m
[ 30%] Built target mesh_shape
[ 38%] [34m[1mAutomatic MOC for target decomp_rviz_plugins[0m
[ 38%] Built target decomp_rviz_plugins_autogen
[ 53%] [32mBuilding CXX object CMakeFiles/decomp_rviz_plugins.dir/decomp_rviz_plugins_autogen/mocs_compilation.cpp.o[0m
[ 53%] [32mBuilding CXX object CMakeFiles/decomp_rviz_plugins.dir/src/bound_visual.cpp.o[0m
[ 69%] [32mBuilding CXX object CMakeFiles/decomp_rviz_plugins.dir/src/ellipsoid_array_display.cpp.o[0m
[ 69%] [32mBuilding CXX object CMakeFiles/decomp_rviz_plugins.dir/src/polyhedron_array_display.cpp.o[0m
[ 92%] [32mBuilding CXX object CMakeFiles/decomp_rviz_plugins.dir/src/ellipsoid_array_visual.cpp.o[0m
[ 92%] [32mBuilding CXX object CMakeFiles/decomp_rviz_plugins.dir/src/mesh_visual.cpp.o[0m
[ 92%] [32mBuilding CXX object CMakeFiles/decomp_rviz_plugins.dir/src/vector_visual.cpp.o[0m
[100%] [32m[1mLinking CXX shared library libdecomp_rviz_plugins.so[0m
[100%] Built target decomp_rviz_plugins
-- Install configuration: ""
-- Execute custom install script
-- Symlinking: /home/nvidia/gestelt_ws/src/gestelt2/install/decomp_ros_utils/include//decomp_ros_utils/data_ros_utils.h
-- Symlinking: /home/nvidia/gestelt_ws/src/gestelt2/install/decomp_ros_utils/include//decomp_ros_utils/mesh_shape.h
-- Symlinking: /home/nvidia/gestelt_ws/src/gestelt2/install/decomp_ros_utils/share/decomp_ros_utils//plugin_description.xml
-- Symlinking: /home/nvidia/gestelt_ws/src/gestelt2/install/decomp_ros_utils/share/ament_index/resource_index/package_run_dependencies/decomp_ros_utils
-- Symlinking: /home/nvidia/gestelt_ws/src/gestelt2/install/decomp_ros_utils/share/ament_index/resource_index/parent_prefix_path/decomp_ros_utils
-- Symlinking: /home/nvidia/gestelt_ws/src/gestelt2/install/decomp_ros_utils/share/decomp_ros_utils/environment/ament_prefix_path.sh
-- Symlinking: /home/nvidia/gestelt_ws/src/gestelt2/install/decomp_ros_utils/share/decomp_ros_utils/environment/ament_prefix_path.dsv
-- Symlinking: /home/nvidia/gestelt_ws/src/gestelt2/install/decomp_ros_utils/share/decomp_ros_utils/environment/path.sh
-- Symlinking: /home/nvidia/gestelt_ws/src/gestelt2/install/decomp_ros_utils/share/decomp_ros_utils/environment/path.dsv
-- Symlinking: /home/nvidia/gestelt_ws/src/gestelt2/install/decomp_ros_utils/share/decomp_ros_utils/local_setup.bash
-- Symlinking: /home/nvidia/gestelt_ws/src/gestelt2/install/decomp_ros_utils/share/decomp_ros_utils/local_setup.sh
-- Symlinking: /home/nvidia/gestelt_ws/src/gestelt2/install/decomp_ros_utils/share/decomp_ros_utils/local_setup.zsh
-- Symlinking: /home/nvidia/gestelt_ws/src/gestelt2/install/decomp_ros_utils/share/decomp_ros_utils/local_setup.dsv
-- Symlinking: /home/nvidia/gestelt_ws/src/gestelt2/install/decomp_ros_utils/share/decomp_ros_utils/package.dsv
-- Symlinking: /home/nvidia/gestelt_ws/src/gestelt2/install/decomp_ros_utils/share/ament_index/resource_index/packages/decomp_ros_utils
-- Symlinking: /home/nvidia/gestelt_ws/src/gestelt2/install/decomp_ros_utils/share/ament_index/resource_index/rviz_common__pluginlib__plugin/decomp_ros_utils
-- Symlinking: /home/nvidia/gestelt_ws/src/gestelt2/install/decomp_ros_utils/share/decomp_ros_utils/cmake/ament_cmake_export_include_directories-extras.cmake
-- Symlinking: /home/nvidia/gestelt_ws/src/gestelt2/install/decomp_ros_utils/share/decomp_ros_utils/cmake/ament_cmake_export_dependencies-extras.cmake
-- Symlinking: /home/nvidia/gestelt_ws/src/gestelt2/install/decomp_ros_utils/share/decomp_ros_utils/cmake/decomp_ros_utilsConfig.cmake
-- Symlinking: /home/nvidia/gestelt_ws/src/gestelt2/install/decomp_ros_utils/share/decomp_ros_utils/cmake/decomp_ros_utilsConfig-version.cmake
-- Symlinking: /home/nvidia/gestelt_ws/src/gestelt2/install/decomp_ros_utils/share/decomp_ros_utils/package.xml
-- Installing: /home/nvidia/gestelt_ws/src/gestelt2/install/decomp_ros_utils/lib/libdecomp_rviz_plugins.so
-- Set runtime path of "/home/nvidia/gestelt_ws/src/gestelt2/install/decomp_ros_utils/lib/libdecomp_rviz_plugins.so" to ""
