[0.066s] Invoking command in '/home/nvidia/gestelt_ws/src/gestelt2/build/decomp_ros_utils': AMENT_PREFIX_PATH=/home/nvidia/gestelt_ws/src/gestelt2/install/decomp_util:/home/nvidia/gestelt_ws/src/gestelt2/install/decomp_ros_msgs:${AMENT_PREFIX_PATH} CMAKE_PREFIX_PATH=/home/nvidia/gestelt_ws/src/gestelt2/install/decomp_util:/home/nvidia/gestelt_ws/src/gestelt2/install/decomp_ros_msgs:/home/nvidia/gestelt_ws/install/gestelt_bringup:/home/nvidia/gestelt_ws/install/trajectory_server:/home/nvidia/gestelt_ws/install/linear_mpc_controller:/home/nvidia/gestelt_ws/install/gestelt_planner:/home/nvidia/gestelt_ws/install/gestelt_controller:/home/nvidia/gestelt_ws/install/astar_planner:/home/nvidia/gestelt_ws/install/gestelt_core:/home/nvidia/gestelt_ws/install/occ_map:/home/nvidia/gestelt_ws/install/logger_wrapper:/home/nvidia/gestelt_ws/install/ikd_tree:/home/nvidia/gestelt_ws/install/gestelt_interfaces:/home/nvidia/gestelt_ws/install/fake_sensor:/home/nvidia/gestelt_ws/install/fake_map:/home/nvidia/gestelt_ws/install/decomp_ros_utils:/home/nvidia/gestelt_ws/install/decomp_util:/home/nvidia/gestelt_ws/install/decomp_ros_msgs:/home/nvidia/gestelt_ws/install/bonxai:/home/nvidia/tl_vision2/install/vrpn_mocap:/home/nvidia/tl_vision2/install/px4_msgs:/home/nvidia/bridge_ws/install/depth2pcl:/home/nvidia/gestelt_ws/install/gestelt_commander:/home/nvidia/tl_vision2/install/vision:/home/nvidia/bridge_ws/install/vilota_bridge:/opt/ros/humble LD_LIBRARY_PATH=/home/nvidia/gestelt_ws/src/gestelt2/install/decomp_util/lib:/home/nvidia/gestelt_ws/src/gestelt2/install/decomp_ros_msgs/lib:${LD_LIBRARY_PATH} PYTHONPATH=/home/nvidia/gestelt_ws/src/gestelt2/install/decomp_ros_msgs/local/lib/python3.10/dist-packages:${PYTHONPATH} /usr/bin/cmake /home/nvidia/gestelt_ws/src/gestelt2/third_party/decomp_ros/decomp_ros_utils -DAMENT_CMAKE_SYMLINK_INSTALL=1 -DCMAKE_INSTALL_PREFIX=/home/nvidia/gestelt_ws/src/gestelt2/install/decomp_ros_utils
[1.144s] -- The C compiler identification is GNU 11.4.0
[1.144s] -- The CXX compiler identification is GNU 11.4.0
[1.144s] -- Detecting C compiler ABI info
[1.144s] -- Detecting C compiler ABI info - done
[1.144s] -- Check for working C compiler: /usr/bin/cc - skipped
[1.144s] -- Detecting C compile features
[1.145s] -- Detecting C compile features - done
[1.145s] -- Detecting CXX compiler ABI info
[1.145s] -- Detecting CXX compiler ABI info - done
[1.145s] -- Check for working CXX compiler: /usr/bin/c++ - skipped
[1.145s] -- Detecting CXX compile features
[1.145s] -- Detecting CXX compile features - done
[1.145s] -- Found ament_cmake: 1.3.11 (/opt/ros/humble/share/ament_cmake/cmake)
[1.259s] -- Found Python3: /usr/bin/python3 (found version "3.10.12") found components: Interpreter 
[1.441s] -- Override CMake install command with custom implementation using symlinks instead of copying resources
[1.559s] -- Found rclcpp: 16.0.12 (/opt/ros/humble/share/rclcpp/cmake)
[1.699s] -- Found rosidl_generator_c: 3.1.6 (/opt/ros/humble/share/rosidl_generator_c/cmake)
[1.720s] -- Found rosidl_adapter: 3.1.6 (/opt/ros/humble/share/rosidl_adapter/cmake)
[1.745s] -- Found rosidl_generator_cpp: 3.1.6 (/opt/ros/humble/share/rosidl_generator_cpp/cmake)
[1.780s] -- Using all available rosidl_typesupport_c: rosidl_typesupport_fastrtps_c;rosidl_typesupport_introspection_c
[1.830s] -- Using all available rosidl_typesupport_cpp: rosidl_typesupport_fastrtps_cpp;rosidl_typesupport_introspection_cpp
[1.966s] -- Found rmw_implementation_cmake: 6.1.2 (/opt/ros/humble/share/rmw_implementation_cmake/cmake)
[1.978s] -- Found rmw_fastrtps_cpp: 6.2.7 (/opt/ros/humble/share/rmw_fastrtps_cpp/cmake)
[2.193s] -- Found OpenSSL: /usr/lib/aarch64-linux-gnu/libcrypto.so (found version "3.0.2")  
[2.257s] -- Found FastRTPS: /opt/ros/humble/include  
[2.355s] -- Using RMW implementation 'rmw_fastrtps_cpp' as default
[2.388s] -- Looking for pthread.h
[2.576s] -- Looking for pthread.h - found
[2.577s] -- Performing Test CMAKE_HAVE_LIBC_PTHREAD
[2.756s] -- Performing Test CMAKE_HAVE_LIBC_PTHREAD - Success
[2.758s] -- Found Threads: TRUE  
[2.902s] -- Found decomp_util: 1.0.0 (/home/nvidia/gestelt_ws/src/gestelt2/install/decomp_util/share/decomp_util/cmake)
[2.907s] -- Found decomp_ros_msgs: 0.0.0 (/home/nvidia/gestelt_ws/src/gestelt2/install/decomp_ros_msgs/share/decomp_ros_msgs/cmake)
[2.978s] -- Found rviz_common: 11.2.16 (/opt/ros/humble/share/rviz_common/cmake)
[3.029s] -- Setting assimp_DIR to: '/opt/ros/humble/share/rviz_assimp_vendor/cmake/../../../opt/rviz_assimp_vendor/lib/cmake/assimp-4.1'
[3.059s] -- Setting OGRE_DIR to: '/opt/ros/humble/share/rviz_ogre_vendor/cmake/../../../opt/rviz_ogre_vendor/lib/OGRE/cmake'
[3.063s] -- Found OGRE
[3.063s] --   static     : OFF
[3.064s] --   components : HLMS;MeshLodGenerator;Overlay;Paging;Property;RTShaderSystem;Terrain;Volume
[3.064s] --   plugins    : Plugin_BSPSceneManager;Plugin_OctreeSceneManager;Plugin_PCZSceneManager;Plugin_ParticleFX;RenderSystem_GL;RenderSystem_GL3Plus;Codec_STBI
[3.064s] --   media      : /opt/ros/humble/opt/rviz_ogre_vendor/share/OGRE/Media
[3.064s] -- OGRE_LIBRARIES: OgreHLMS;OgreMeshLodGenerator;OgreOverlay;OgrePaging;OgreProperty;OgreRTShaderSystem;OgreTerrain;OgreVolume;OgreMain
[3.064s] -- OGRE_LIBRARY_DIRS: /opt/ros/humble/opt/rviz_ogre_vendor/lib
[3.064s] -- OGRE_PLUGINS: Plugin_BSPSceneManager;Plugin_OctreeSceneManager;Plugin_PCZSceneManager;Plugin_ParticleFX;RenderSystem_GL;RenderSystem_GL3Plus;Codec_STBI
[3.064s] -- OGRE_PLUGIN_DIR: /opt/ros/humble/opt/rviz_ogre_vendor/lib/OGRE
[3.065s] -- rviz_ogre_vendor::OgreOverlay for IMPORTED_LOCATION_RELEASE: /opt/ros/humble/opt/rviz_ogre_vendor/lib/libOgreOverlay.so
[3.065s] -- rviz_ogre_vendor::OgreOverlay for IMPORTED_LOCATION_DEBUG: /opt/ros/humble/opt/rviz_ogre_vendor/lib/libOgreOverlay.so
[3.065s] -- rviz_ogre_vendor::OgreMain for IMPORTED_LOCATION_RELEASE: /opt/ros/humble/opt/rviz_ogre_vendor/lib/libOgreMain.so
[3.065s] -- rviz_ogre_vendor::OgreMain for IMPORTED_LOCATION_DEBUG: /opt/ros/humble/opt/rviz_ogre_vendor/lib/libOgreMain.so
[3.069s] -- Could not find freeimage library
[3.120s] -- Found ZLIB: /usr/lib/aarch64-linux-gnu/libz.so (found version "1.2.11") 
[3.138s] -- Found OpenGL: /usr/lib/aarch64-linux-gnu/libOpenGL.so   
[3.367s] -- Found X11: /usr/include   
[3.367s] -- Looking for XOpenDisplay in /usr/lib/aarch64-linux-gnu/libX11.so;/usr/lib/aarch64-linux-gnu/libXext.so
[3.529s] -- Looking for XOpenDisplay in /usr/lib/aarch64-linux-gnu/libX11.so;/usr/lib/aarch64-linux-gnu/libXext.so - found
[3.530s] -- Looking for gethostbyname
[3.683s] -- Looking for gethostbyname - found
[3.683s] -- Looking for connect
[3.834s] -- Looking for connect - found
[3.834s] -- Looking for remove
[3.995s] -- Looking for remove - found
[3.995s] -- Looking for shmat
[4.150s] -- Looking for shmat - found
[4.150s] -- Looking for IceConnectionNumber in ICE
[4.306s] -- Looking for IceConnectionNumber in ICE - found
[4.510s] -- library: /usr/lib/aarch64-linux-gnu/libcurl.so
[4.694s] -- Found Eigen3: TRUE (found version "3.4.0") 
[4.694s] -- Ensuring Eigen3 include directory is part of orocos-kdl CMake target
[4.993s] -- Found nav_msgs: 4.8.0 (/opt/ros/humble/share/nav_msgs/cmake)
[5.025s] [33mCMake Warning (dev) at CMakeLists.txt:33 (find_package):
[5.026s]   Ignoring EXACT since no version is requested.
[5.026s] This warning is for project developers.  Use -Wno-dev to suppress it.
[5.026s] [0m
[5.220s] -- Configuring done
[5.331s] -- Generating done
[5.348s] -- Build files have been written to: /home/nvidia/gestelt_ws/src/gestelt2/build/decomp_ros_utils
[5.389s] Invoked command in '/home/nvidia/gestelt_ws/src/gestelt2/build/decomp_ros_utils' returned '0': AMENT_PREFIX_PATH=/home/nvidia/gestelt_ws/src/gestelt2/install/decomp_util:/home/nvidia/gestelt_ws/src/gestelt2/install/decomp_ros_msgs:${AMENT_PREFIX_PATH} CMAKE_PREFIX_PATH=/home/nvidia/gestelt_ws/src/gestelt2/install/decomp_util:/home/nvidia/gestelt_ws/src/gestelt2/install/decomp_ros_msgs:/home/nvidia/gestelt_ws/install/gestelt_bringup:/home/nvidia/gestelt_ws/install/trajectory_server:/home/nvidia/gestelt_ws/install/linear_mpc_controller:/home/nvidia/gestelt_ws/install/gestelt_planner:/home/nvidia/gestelt_ws/install/gestelt_controller:/home/nvidia/gestelt_ws/install/astar_planner:/home/nvidia/gestelt_ws/install/gestelt_core:/home/nvidia/gestelt_ws/install/occ_map:/home/nvidia/gestelt_ws/install/logger_wrapper:/home/nvidia/gestelt_ws/install/ikd_tree:/home/nvidia/gestelt_ws/install/gestelt_interfaces:/home/nvidia/gestelt_ws/install/fake_sensor:/home/nvidia/gestelt_ws/install/fake_map:/home/nvidia/gestelt_ws/install/decomp_ros_utils:/home/nvidia/gestelt_ws/install/decomp_util:/home/nvidia/gestelt_ws/install/decomp_ros_msgs:/home/nvidia/gestelt_ws/install/bonxai:/home/nvidia/tl_vision2/install/vrpn_mocap:/home/nvidia/tl_vision2/install/px4_msgs:/home/nvidia/bridge_ws/install/depth2pcl:/home/nvidia/gestelt_ws/install/gestelt_commander:/home/nvidia/tl_vision2/install/vision:/home/nvidia/bridge_ws/install/vilota_bridge:/opt/ros/humble LD_LIBRARY_PATH=/home/nvidia/gestelt_ws/src/gestelt2/install/decomp_util/lib:/home/nvidia/gestelt_ws/src/gestelt2/install/decomp_ros_msgs/lib:${LD_LIBRARY_PATH} PYTHONPATH=/home/nvidia/gestelt_ws/src/gestelt2/install/decomp_ros_msgs/local/lib/python3.10/dist-packages:${PYTHONPATH} /usr/bin/cmake /home/nvidia/gestelt_ws/src/gestelt2/third_party/decomp_ros/decomp_ros_utils -DAMENT_CMAKE_SYMLINK_INSTALL=1 -DCMAKE_INSTALL_PREFIX=/home/nvidia/gestelt_ws/src/gestelt2/install/decomp_ros_utils
[5.393s] Invoking command in '/home/nvidia/gestelt_ws/src/gestelt2/build/decomp_ros_utils': AMENT_PREFIX_PATH=/home/nvidia/gestelt_ws/src/gestelt2/install/decomp_util:/home/nvidia/gestelt_ws/src/gestelt2/install/decomp_ros_msgs:${AMENT_PREFIX_PATH} CMAKE_PREFIX_PATH=/home/nvidia/gestelt_ws/src/gestelt2/install/decomp_util:/home/nvidia/gestelt_ws/src/gestelt2/install/decomp_ros_msgs:/home/nvidia/gestelt_ws/install/gestelt_bringup:/home/nvidia/gestelt_ws/install/trajectory_server:/home/nvidia/gestelt_ws/install/linear_mpc_controller:/home/nvidia/gestelt_ws/install/gestelt_planner:/home/nvidia/gestelt_ws/install/gestelt_controller:/home/nvidia/gestelt_ws/install/astar_planner:/home/nvidia/gestelt_ws/install/gestelt_core:/home/nvidia/gestelt_ws/install/occ_map:/home/nvidia/gestelt_ws/install/logger_wrapper:/home/nvidia/gestelt_ws/install/ikd_tree:/home/nvidia/gestelt_ws/install/gestelt_interfaces:/home/nvidia/gestelt_ws/install/fake_sensor:/home/nvidia/gestelt_ws/install/fake_map:/home/nvidia/gestelt_ws/install/decomp_ros_utils:/home/nvidia/gestelt_ws/install/decomp_util:/home/nvidia/gestelt_ws/install/decomp_ros_msgs:/home/nvidia/gestelt_ws/install/bonxai:/home/nvidia/tl_vision2/install/vrpn_mocap:/home/nvidia/tl_vision2/install/px4_msgs:/home/nvidia/bridge_ws/install/depth2pcl:/home/nvidia/gestelt_ws/install/gestelt_commander:/home/nvidia/tl_vision2/install/vision:/home/nvidia/bridge_ws/install/vilota_bridge:/opt/ros/humble LD_LIBRARY_PATH=/home/nvidia/gestelt_ws/src/gestelt2/install/decomp_util/lib:/home/nvidia/gestelt_ws/src/gestelt2/install/decomp_ros_msgs/lib:${LD_LIBRARY_PATH} PYTHONPATH=/home/nvidia/gestelt_ws/src/gestelt2/install/decomp_ros_msgs/local/lib/python3.10/dist-packages:${PYTHONPATH} /usr/bin/cmake --build /home/nvidia/gestelt_ws/src/gestelt2/build/decomp_ros_utils -- -j8 -l8
[5.526s] [  7%] [34m[1mAutomatic MOC for target mesh_shape[0m
[5.608s] [  7%] Built target mesh_shape_autogen
[5.661s] [ 15%] [32mBuilding CXX object CMakeFiles/mesh_shape.dir/mesh_shape_autogen/mocs_compilation.cpp.o[0m
[5.661s] [ 23%] [32mBuilding CXX object CMakeFiles/mesh_shape.dir/src/mesh_shape.cpp.o[0m
[12.263s] [ 30%] [32m[1mLinking CXX static library libmesh_shape.a[0m
[12.355s] [ 30%] Built target mesh_shape
[12.408s] [ 38%] [34m[1mAutomatic MOC for target decomp_rviz_plugins[0m
[14.930s] [ 38%] Built target decomp_rviz_plugins_autogen
[14.981s] [ 53%] [32mBuilding CXX object CMakeFiles/decomp_rviz_plugins.dir/decomp_rviz_plugins_autogen/mocs_compilation.cpp.o[0m
[14.981s] [ 53%] [32mBuilding CXX object CMakeFiles/decomp_rviz_plugins.dir/src/bound_visual.cpp.o[0m
[25.003s] [ 69%] [32mBuilding CXX object CMakeFiles/decomp_rviz_plugins.dir/src/ellipsoid_array_display.cpp.o[0m
[25.003s] [ 69%] [32mBuilding CXX object CMakeFiles/decomp_rviz_plugins.dir/src/polyhedron_array_display.cpp.o[0m
[62.690s] [ 92%] [32mBuilding CXX object CMakeFiles/decomp_rviz_plugins.dir/src/ellipsoid_array_visual.cpp.o[0m
[62.690s] [ 92%] [32mBuilding CXX object CMakeFiles/decomp_rviz_plugins.dir/src/mesh_visual.cpp.o[0m
[62.691s] [ 92%] [32mBuilding CXX object CMakeFiles/decomp_rviz_plugins.dir/src/vector_visual.cpp.o[0m
[89.062s] [100%] [32m[1mLinking CXX shared library libdecomp_rviz_plugins.so[0m
[94.920s] [100%] Built target decomp_rviz_plugins
[94.948s] Invoked command in '/home/nvidia/gestelt_ws/src/gestelt2/build/decomp_ros_utils' returned '0': AMENT_PREFIX_PATH=/home/nvidia/gestelt_ws/src/gestelt2/install/decomp_util:/home/nvidia/gestelt_ws/src/gestelt2/install/decomp_ros_msgs:${AMENT_PREFIX_PATH} CMAKE_PREFIX_PATH=/home/nvidia/gestelt_ws/src/gestelt2/install/decomp_util:/home/nvidia/gestelt_ws/src/gestelt2/install/decomp_ros_msgs:/home/nvidia/gestelt_ws/install/gestelt_bringup:/home/nvidia/gestelt_ws/install/trajectory_server:/home/nvidia/gestelt_ws/install/linear_mpc_controller:/home/nvidia/gestelt_ws/install/gestelt_planner:/home/nvidia/gestelt_ws/install/gestelt_controller:/home/nvidia/gestelt_ws/install/astar_planner:/home/nvidia/gestelt_ws/install/gestelt_core:/home/nvidia/gestelt_ws/install/occ_map:/home/nvidia/gestelt_ws/install/logger_wrapper:/home/nvidia/gestelt_ws/install/ikd_tree:/home/nvidia/gestelt_ws/install/gestelt_interfaces:/home/nvidia/gestelt_ws/install/fake_sensor:/home/nvidia/gestelt_ws/install/fake_map:/home/nvidia/gestelt_ws/install/decomp_ros_utils:/home/nvidia/gestelt_ws/install/decomp_util:/home/nvidia/gestelt_ws/install/decomp_ros_msgs:/home/nvidia/gestelt_ws/install/bonxai:/home/nvidia/tl_vision2/install/vrpn_mocap:/home/nvidia/tl_vision2/install/px4_msgs:/home/nvidia/bridge_ws/install/depth2pcl:/home/nvidia/gestelt_ws/install/gestelt_commander:/home/nvidia/tl_vision2/install/vision:/home/nvidia/bridge_ws/install/vilota_bridge:/opt/ros/humble LD_LIBRARY_PATH=/home/nvidia/gestelt_ws/src/gestelt2/install/decomp_util/lib:/home/nvidia/gestelt_ws/src/gestelt2/install/decomp_ros_msgs/lib:${LD_LIBRARY_PATH} PYTHONPATH=/home/nvidia/gestelt_ws/src/gestelt2/install/decomp_ros_msgs/local/lib/python3.10/dist-packages:${PYTHONPATH} /usr/bin/cmake --build /home/nvidia/gestelt_ws/src/gestelt2/build/decomp_ros_utils -- -j8 -l8
[94.952s] Invoking command in '/home/nvidia/gestelt_ws/src/gestelt2/build/decomp_ros_utils': AMENT_PREFIX_PATH=/home/nvidia/gestelt_ws/src/gestelt2/install/decomp_util:/home/nvidia/gestelt_ws/src/gestelt2/install/decomp_ros_msgs:${AMENT_PREFIX_PATH} CMAKE_PREFIX_PATH=/home/nvidia/gestelt_ws/src/gestelt2/install/decomp_util:/home/nvidia/gestelt_ws/src/gestelt2/install/decomp_ros_msgs:/home/nvidia/gestelt_ws/install/gestelt_bringup:/home/nvidia/gestelt_ws/install/trajectory_server:/home/nvidia/gestelt_ws/install/linear_mpc_controller:/home/nvidia/gestelt_ws/install/gestelt_planner:/home/nvidia/gestelt_ws/install/gestelt_controller:/home/nvidia/gestelt_ws/install/astar_planner:/home/nvidia/gestelt_ws/install/gestelt_core:/home/nvidia/gestelt_ws/install/occ_map:/home/nvidia/gestelt_ws/install/logger_wrapper:/home/nvidia/gestelt_ws/install/ikd_tree:/home/nvidia/gestelt_ws/install/gestelt_interfaces:/home/nvidia/gestelt_ws/install/fake_sensor:/home/nvidia/gestelt_ws/install/fake_map:/home/nvidia/gestelt_ws/install/decomp_ros_utils:/home/nvidia/gestelt_ws/install/decomp_util:/home/nvidia/gestelt_ws/install/decomp_ros_msgs:/home/nvidia/gestelt_ws/install/bonxai:/home/nvidia/tl_vision2/install/vrpn_mocap:/home/nvidia/tl_vision2/install/px4_msgs:/home/nvidia/bridge_ws/install/depth2pcl:/home/nvidia/gestelt_ws/install/gestelt_commander:/home/nvidia/tl_vision2/install/vision:/home/nvidia/bridge_ws/install/vilota_bridge:/opt/ros/humble LD_LIBRARY_PATH=/home/nvidia/gestelt_ws/src/gestelt2/install/decomp_util/lib:/home/nvidia/gestelt_ws/src/gestelt2/install/decomp_ros_msgs/lib:${LD_LIBRARY_PATH} PYTHONPATH=/home/nvidia/gestelt_ws/src/gestelt2/install/decomp_ros_msgs/local/lib/python3.10/dist-packages:${PYTHONPATH} /usr/bin/cmake --install /home/nvidia/gestelt_ws/src/gestelt2/build/decomp_ros_utils
[94.969s] -- Install configuration: ""
[94.970s] -- Execute custom install script
[94.971s] -- Symlinking: /home/nvidia/gestelt_ws/src/gestelt2/install/decomp_ros_utils/include//decomp_ros_utils/data_ros_utils.h
[94.993s] -- Symlinking: /home/nvidia/gestelt_ws/src/gestelt2/install/decomp_ros_utils/include//decomp_ros_utils/mesh_shape.h
[95.014s] -- Symlinking: /home/nvidia/gestelt_ws/src/gestelt2/install/decomp_ros_utils/share/decomp_ros_utils//plugin_description.xml
[95.036s] -- Symlinking: /home/nvidia/gestelt_ws/src/gestelt2/install/decomp_ros_utils/share/ament_index/resource_index/package_run_dependencies/decomp_ros_utils
[95.056s] -- Symlinking: /home/nvidia/gestelt_ws/src/gestelt2/install/decomp_ros_utils/share/ament_index/resource_index/parent_prefix_path/decomp_ros_utils
[95.077s] -- Symlinking: /home/nvidia/gestelt_ws/src/gestelt2/install/decomp_ros_utils/share/decomp_ros_utils/environment/ament_prefix_path.sh
[95.099s] -- Symlinking: /home/nvidia/gestelt_ws/src/gestelt2/install/decomp_ros_utils/share/decomp_ros_utils/environment/ament_prefix_path.dsv
[95.118s] -- Symlinking: /home/nvidia/gestelt_ws/src/gestelt2/install/decomp_ros_utils/share/decomp_ros_utils/environment/path.sh
[95.140s] -- Symlinking: /home/nvidia/gestelt_ws/src/gestelt2/install/decomp_ros_utils/share/decomp_ros_utils/environment/path.dsv
[95.159s] -- Symlinking: /home/nvidia/gestelt_ws/src/gestelt2/install/decomp_ros_utils/share/decomp_ros_utils/local_setup.bash
[95.178s] -- Symlinking: /home/nvidia/gestelt_ws/src/gestelt2/install/decomp_ros_utils/share/decomp_ros_utils/local_setup.sh
[95.198s] -- Symlinking: /home/nvidia/gestelt_ws/src/gestelt2/install/decomp_ros_utils/share/decomp_ros_utils/local_setup.zsh
[95.218s] -- Symlinking: /home/nvidia/gestelt_ws/src/gestelt2/install/decomp_ros_utils/share/decomp_ros_utils/local_setup.dsv
[95.238s] -- Symlinking: /home/nvidia/gestelt_ws/src/gestelt2/install/decomp_ros_utils/share/decomp_ros_utils/package.dsv
[95.259s] -- Symlinking: /home/nvidia/gestelt_ws/src/gestelt2/install/decomp_ros_utils/share/ament_index/resource_index/packages/decomp_ros_utils
[95.278s] -- Symlinking: /home/nvidia/gestelt_ws/src/gestelt2/install/decomp_ros_utils/share/ament_index/resource_index/rviz_common__pluginlib__plugin/decomp_ros_utils
[95.299s] -- Symlinking: /home/nvidia/gestelt_ws/src/gestelt2/install/decomp_ros_utils/share/decomp_ros_utils/cmake/ament_cmake_export_include_directories-extras.cmake
[95.318s] -- Symlinking: /home/nvidia/gestelt_ws/src/gestelt2/install/decomp_ros_utils/share/decomp_ros_utils/cmake/ament_cmake_export_dependencies-extras.cmake
[95.339s] -- Symlinking: /home/nvidia/gestelt_ws/src/gestelt2/install/decomp_ros_utils/share/decomp_ros_utils/cmake/decomp_ros_utilsConfig.cmake
[95.358s] -- Symlinking: /home/nvidia/gestelt_ws/src/gestelt2/install/decomp_ros_utils/share/decomp_ros_utils/cmake/decomp_ros_utilsConfig-version.cmake
[95.379s] -- Symlinking: /home/nvidia/gestelt_ws/src/gestelt2/install/decomp_ros_utils/share/decomp_ros_utils/package.xml
[95.399s] -- Installing: /home/nvidia/gestelt_ws/src/gestelt2/install/decomp_ros_utils/lib/libdecomp_rviz_plugins.so
[95.442s] -- Set runtime path of "/home/nvidia/gestelt_ws/src/gestelt2/install/decomp_ros_utils/lib/libdecomp_rviz_plugins.so" to ""
[95.448s] Invoked command in '/home/nvidia/gestelt_ws/src/gestelt2/build/decomp_ros_utils' returned '0': AMENT_PREFIX_PATH=/home/nvidia/gestelt_ws/src/gestelt2/install/decomp_util:/home/nvidia/gestelt_ws/src/gestelt2/install/decomp_ros_msgs:${AMENT_PREFIX_PATH} CMAKE_PREFIX_PATH=/home/nvidia/gestelt_ws/src/gestelt2/install/decomp_util:/home/nvidia/gestelt_ws/src/gestelt2/install/decomp_ros_msgs:/home/nvidia/gestelt_ws/install/gestelt_bringup:/home/nvidia/gestelt_ws/install/trajectory_server:/home/nvidia/gestelt_ws/install/linear_mpc_controller:/home/nvidia/gestelt_ws/install/gestelt_planner:/home/nvidia/gestelt_ws/install/gestelt_controller:/home/nvidia/gestelt_ws/install/astar_planner:/home/nvidia/gestelt_ws/install/gestelt_core:/home/nvidia/gestelt_ws/install/occ_map:/home/nvidia/gestelt_ws/install/logger_wrapper:/home/nvidia/gestelt_ws/install/ikd_tree:/home/nvidia/gestelt_ws/install/gestelt_interfaces:/home/nvidia/gestelt_ws/install/fake_sensor:/home/nvidia/gestelt_ws/install/fake_map:/home/nvidia/gestelt_ws/install/decomp_ros_utils:/home/nvidia/gestelt_ws/install/decomp_util:/home/nvidia/gestelt_ws/install/decomp_ros_msgs:/home/nvidia/gestelt_ws/install/bonxai:/home/nvidia/tl_vision2/install/vrpn_mocap:/home/nvidia/tl_vision2/install/px4_msgs:/home/nvidia/bridge_ws/install/depth2pcl:/home/nvidia/gestelt_ws/install/gestelt_commander:/home/nvidia/tl_vision2/install/vision:/home/nvidia/bridge_ws/install/vilota_bridge:/opt/ros/humble LD_LIBRARY_PATH=/home/nvidia/gestelt_ws/src/gestelt2/install/decomp_util/lib:/home/nvidia/gestelt_ws/src/gestelt2/install/decomp_ros_msgs/lib:${LD_LIBRARY_PATH} PYTHONPATH=/home/nvidia/gestelt_ws/src/gestelt2/install/decomp_ros_msgs/local/lib/python3.10/dist-packages:${PYTHONPATH} /usr/bin/cmake --install /home/nvidia/gestelt_ws/src/gestelt2/build/decomp_ros_utils
