running develop
running egg_info
writing gestelt_commander.egg-info/PKG-INFO
writing dependency_links to gestelt_commander.egg-info/dependency_links.txt
writing entry points to gestelt_commander.egg-info/entry_points.txt
writing requirements to gestelt_commander.egg-info/requires.txt
writing top-level names to gestelt_commander.egg-info/top_level.txt
reading manifest file 'gestelt_commander.egg-info/SOURCES.txt'
writing manifest file 'gestelt_commander.egg-info/SOURCES.txt'
running build_ext
Creating /home/nvidia/gestelt_ws/src/gestelt2/install/gestelt_commander/lib/python3.10/site-packages/gestelt-commander.egg-link (link to .)
Installing land script to /home/nvidia/gestelt_ws/src/gestelt2/install/gestelt_commander/lib/gestelt_commander
Installing mission script to /home/nvidia/gestelt_ws/src/gestelt2/install/gestelt_commander/lib/gestelt_commander
Installing send_goals script to /home/nvidia/gestelt_ws/src/gestelt2/install/gestelt_commander/lib/gestelt_commander
Installing takeoff script to /home/nvidia/gestelt_ws/src/gestelt2/install/gestelt_commander/lib/gestelt_commander
Installing test_planning script to /home/nvidia/gestelt_ws/src/gestelt2/install/gestelt_commander/lib/gestelt_commander
Installing test_point_goal script to /home/nvidia/gestelt_ws/src/gestelt2/install/gestelt_commander/lib/gestelt_commander
Installing test_take_off_goal script to /home/nvidia/gestelt_ws/src/gestelt2/install/gestelt_commander/lib/gestelt_commander

Installed /home/nvidia/gestelt_ws/src/gestelt2/build/gestelt_commander
running symlink_data
creating /home/nvidia/gestelt_ws/src/gestelt2/install/gestelt_commander/share/ament_index
creating /home/nvidia/gestelt_ws/src/gestelt2/install/gestelt_commander/share/ament_index/resource_index
creating /home/nvidia/gestelt_ws/src/gestelt2/install/gestelt_commander/share/ament_index/resource_index/packages
symbolically linking /home/nvidia/gestelt_ws/src/gestelt2/build/gestelt_commander/resource/gestelt_commander -> /home/nvidia/gestelt_ws/src/gestelt2/install/gestelt_commander/share/ament_index/resource_index/packages
symbolically linking /home/nvidia/gestelt_ws/src/gestelt2/build/gestelt_commander/package.xml -> /home/nvidia/gestelt_ws/src/gestelt2/install/gestelt_commander/share/gestelt_commander
symbolically linking /home/nvidia/gestelt_ws/src/gestelt2/build/gestelt_commander/scenarios.json -> /home/nvidia/gestelt_ws/src/gestelt2/install/gestelt_commander/share/gestelt_commander
