-- The C compiler identification is GNU 11.4.0
-- The CXX compiler identification is GNU 11.4.0
-- Detecting C compiler ABI info
-- Detecting C compiler ABI info - done
-- Check for working C compiler: /usr/bin/cc - skipped
-- Detecting C compile features
-- Detecting C compile features - done
-- Detecting CXX compiler ABI info
-- Detecting CXX compiler ABI info - done
-- Check for working CXX compiler: /usr/bin/c++ - skipped
-- Detecting CXX compile features
-- Detecting CXX compile features - done
-- Found eigen3_cmake_module: 0.1.1 (/opt/ros/humble/share/eigen3_cmake_module/cmake)
-- Found Eigen3: TRUE (found version "3.4.0") 
-- Found ament_cmake: 1.3.11 (/opt/ros/humble/share/ament_cmake/cmake)
-- Found Python3: /usr/bin/python3 (found version "3.10.12") found components: Interpreter 
-- Override CMake install command with custom implementation using symlinks instead of copying resources
-- Found ament_cmake_ros: 0.10.0 (/opt/ros/humble/share/ament_cmake_ros/cmake)
-- Found rclcpp: 16.0.12 (/opt/ros/humble/share/rclcpp/cmake)
-- Found rosidl_generator_c: 3.1.6 (/opt/ros/humble/share/rosidl_generator_c/cmake)
-- Found rosidl_adapter: 3.1.6 (/opt/ros/humble/share/rosidl_adapter/cmake)
-- Found rosidl_generator_cpp: 3.1.6 (/opt/ros/humble/share/rosidl_generator_cpp/cmake)
-- Using all available rosidl_typesupport_c: rosidl_typesupport_fastrtps_c;rosidl_typesupport_introspection_c
-- Using all available rosidl_typesupport_cpp: rosidl_typesupport_fastrtps_cpp;rosidl_typesupport_introspection_cpp
-- Found rmw_implementation_cmake: 6.1.2 (/opt/ros/humble/share/rmw_implementation_cmake/cmake)
-- Found rmw_fastrtps_cpp: 6.2.7 (/opt/ros/humble/share/rmw_fastrtps_cpp/cmake)
-- Found OpenSSL: /usr/lib/aarch64-linux-gnu/libcrypto.so (found version "3.0.2")  
-- Found FastRTPS: /opt/ros/humble/include  
-- Using RMW implementation 'rmw_fastrtps_cpp' as default
-- Looking for pthread.h
-- Looking for pthread.h - found
-- Performing Test CMAKE_HAVE_LIBC_PTHREAD
-- Performing Test CMAKE_HAVE_LIBC_PTHREAD - Success
-- Found Threads: TRUE  
-- Found rclcpp_lifecycle: 16.0.12 (/opt/ros/humble/share/rclcpp_lifecycle/cmake)
-- Found pluginlib: 5.1.0 (/opt/ros/humble/share/pluginlib/cmake)
-- Found nav2_util: 1.1.18 (/opt/ros/humble/share/nav2_util/cmake)
-- Ensuring Eigen3 include directory is part of orocos-kdl CMake target
-- Found gestelt_core: 0.0.1 (/home/nvidia/gestelt_ws/src/gestelt2/install/gestelt_core/share/gestelt_core/cmake)
-- Checking for module 'eigen3'
--   Found eigen3, version 3.4.0
-- Found Eigen: /usr/include/eigen3 (Required is at least version "3.1") 
-- Eigen found (include: /usr/include/eigen3, version: 3.4.0)
-- Checking for module 'flann'
--   Found flann, version 1.9.1
-- Found FLANN: /usr/lib/aarch64-linux-gnu/libflann_cpp.so  
-- FLANN found (include: /usr/include, lib: /usr/lib/aarch64-linux-gnu/libflann_cpp.so)
-- Checking for module 'libusb-1.0'
--   Found libusb-1.0, version 1.0.25
-- Found libusb: /usr/lib/aarch64-linux-gnu/libusb-1.0.so  
-- OpenNI found (version: 1.5.4.0, include: /usr/include/ni, lib: /usr/lib/libOpenNI.so;libusb::libusb)
-- OpenNI2 found (version: 2.2.0.33, include: /usr/include/openni2, lib: /usr/lib/aarch64-linux-gnu/libOpenNI2.so;libusb::libusb)
-- Eigen found (include: /usr/include/eigen3, version: 3.4.0)
-- OpenNI found (version: 1.5.4.0, include: /usr/include/ni, lib: /usr/lib/libOpenNI.so;libusb::libusb)
-- OpenNI2 found (version: 2.2.0.33, include: /usr/include/openni2, lib: /usr/lib/aarch64-linux-gnu/libOpenNI2.so;libusb::libusb)
-- Found Qhull version 8.0.2
-- OpenNI found (version: 1.5.4.0, include: /usr/include/ni, lib: /usr/lib/libOpenNI.so;libusb::libusb)
-- Found PCL_COMMON: /usr/lib/aarch64-linux-gnu/libpcl_common.so  
-- Found PCL_KDTREE: /usr/lib/aarch64-linux-gnu/libpcl_kdtree.so  
-- Found PCL_OCTREE: /usr/lib/aarch64-linux-gnu/libpcl_octree.so  
-- Found PCL_SEARCH: /usr/lib/aarch64-linux-gnu/libpcl_search.so  
-- Found PCL_SAMPLE_CONSENSUS: /usr/lib/aarch64-linux-gnu/libpcl_sample_consensus.so  
-- Found PCL_FILTERS: /usr/lib/aarch64-linux-gnu/libpcl_filters.so  
-- Found PCL_2D: /usr/include/pcl-1.12  
-- Found PCL_GEOMETRY: /usr/include/pcl-1.12  
-- Found PCL_IO: /usr/lib/aarch64-linux-gnu/libpcl_io.so  
-- Found PCL_FEATURES: /usr/lib/aarch64-linux-gnu/libpcl_features.so  
-- Found PCL_ML: /usr/lib/aarch64-linux-gnu/libpcl_ml.so  
-- Found PCL_SEGMENTATION: /usr/lib/aarch64-linux-gnu/libpcl_segmentation.so  
-- Found PCL_VISUALIZATION: /usr/lib/aarch64-linux-gnu/libpcl_visualization.so  
-- Found PCL_SURFACE: /usr/lib/aarch64-linux-gnu/libpcl_surface.so  
-- Found PCL_REGISTRATION: /usr/lib/aarch64-linux-gnu/libpcl_registration.so  
-- Found PCL_KEYPOINTS: /usr/lib/aarch64-linux-gnu/libpcl_keypoints.so  
-- Found PCL_TRACKING: /usr/lib/aarch64-linux-gnu/libpcl_tracking.so  
-- Found PCL_RECOGNITION: /usr/lib/aarch64-linux-gnu/libpcl_recognition.so  
-- Found PCL_STEREO: /usr/lib/aarch64-linux-gnu/libpcl_stereo.so  
-- Found PCL_APPS: /usr/lib/aarch64-linux-gnu/libpcl_apps.so  
-- Found PCL_IN_HAND_SCANNER: /usr/include/pcl-1.12  
-- Found PCL_MODELER: /usr/include/pcl-1.12  
-- Found PCL_POINT_CLOUD_EDITOR: /usr/include/pcl-1.12  
-- Found PCL_OUTOFCORE: /usr/lib/aarch64-linux-gnu/libpcl_outofcore.so  
-- Found PCL_PEOPLE: /usr/lib/aarch64-linux-gnu/libpcl_people.so  
-- Found ament_lint_auto: 0.12.12 (/opt/ros/humble/share/ament_lint_auto/cmake)
-- Added test 'cppcheck' to perform static code analysis on C / C++ code
-- Configured cppcheck include dirs: $<BUILD_INTERFACE:/home/nvidia/gestelt_ws/src/gestelt2/astar_planner/include>
-- Configured cppcheck exclude dirs and/or files: 
-- Added test 'lint_cmake' to check CMake code style
-- Added test 'uncrustify' to check C / C++ code style
-- Configured uncrustify additional arguments: 
-- Added test 'xmllint' to check XML markup files
-- Configuring done
-- Generating done
-- Build files have been written to: /home/nvidia/gestelt_ws/src/gestelt2/build/astar_planner
[ 66%] [32mBuilding CXX object CMakeFiles/astar_planner.dir/src/astar.cpp.o[0m
[ 66%] [32mBuilding CXX object CMakeFiles/astar_planner.dir/src/astar_planner.cpp.o[0m
[01m[K/home/nvidia/gestelt_ws/src/gestelt2/astar_planner/src/astar_planner.cpp:[m[K In member function ‘[01m[Kbool astar_planner::AStarPlanner::makePlan(const Vector3d&, const Vector3d&, double, std::function<bool()>, nav_msgs::msg::Path&)[m[K’:
[01m[K/home/nvidia/gestelt_ws/src/gestelt2/astar_planner/src/astar_planner.cpp:148:12:[m[K [01;35m[Kwarning: [m[Kunused parameter ‘[01m[Ktolerance[m[K’ [[01;35m[K]8;;https://gcc.gnu.org/onlinedocs/gcc/Warning-Options.html#index-Wunused-parameter-Wunused-parameter]8;;[m[K]
  148 |     [01;35m[Kdouble tolerance[m[K,
      |     [01;35m[K~~~~~~~^~~~~~~~~[m[K
[100%] [32m[1mLinking CXX shared library libastar_planner.so[0m
[100%] Built target astar_planner
-- Install configuration: "Release"
-- Execute custom install script
-- Symlinking: /home/nvidia/gestelt_ws/src/gestelt2/install/astar_planner/share/astar_planner//global_planner_plugin.xml
-- Symlinking: /home/nvidia/gestelt_ws/src/gestelt2/install/astar_planner/include/astar_planner/astar_planner/astar.hpp
-- Symlinking: /home/nvidia/gestelt_ws/src/gestelt2/install/astar_planner/include/astar_planner/astar_planner/astar_planner.hpp
-- Up-to-date symlink: /home/nvidia/gestelt_ws/src/gestelt2/install/astar_planner/share/astar_planner/global_planner_plugin.xml
-- Symlinking: /home/nvidia/gestelt_ws/src/gestelt2/install/astar_planner/share/astar_planner/environment/library_path.sh
-- Symlinking: /home/nvidia/gestelt_ws/src/gestelt2/install/astar_planner/share/astar_planner/environment/library_path.dsv
-- Symlinking: /home/nvidia/gestelt_ws/src/gestelt2/install/astar_planner/share/ament_index/resource_index/package_run_dependencies/astar_planner
-- Symlinking: /home/nvidia/gestelt_ws/src/gestelt2/install/astar_planner/share/ament_index/resource_index/parent_prefix_path/astar_planner
-- Symlinking: /home/nvidia/gestelt_ws/src/gestelt2/install/astar_planner/share/astar_planner/environment/ament_prefix_path.sh
-- Symlinking: /home/nvidia/gestelt_ws/src/gestelt2/install/astar_planner/share/astar_planner/environment/ament_prefix_path.dsv
-- Symlinking: /home/nvidia/gestelt_ws/src/gestelt2/install/astar_planner/share/astar_planner/environment/path.sh
-- Symlinking: /home/nvidia/gestelt_ws/src/gestelt2/install/astar_planner/share/astar_planner/environment/path.dsv
-- Symlinking: /home/nvidia/gestelt_ws/src/gestelt2/install/astar_planner/share/astar_planner/local_setup.bash
-- Symlinking: /home/nvidia/gestelt_ws/src/gestelt2/install/astar_planner/share/astar_planner/local_setup.sh
-- Symlinking: /home/nvidia/gestelt_ws/src/gestelt2/install/astar_planner/share/astar_planner/local_setup.zsh
-- Symlinking: /home/nvidia/gestelt_ws/src/gestelt2/install/astar_planner/share/astar_planner/local_setup.dsv
-- Symlinking: /home/nvidia/gestelt_ws/src/gestelt2/install/astar_planner/share/astar_planner/package.dsv
-- Symlinking: /home/nvidia/gestelt_ws/src/gestelt2/install/astar_planner/share/ament_index/resource_index/packages/astar_planner
-- Symlinking: /home/nvidia/gestelt_ws/src/gestelt2/install/astar_planner/share/ament_index/resource_index/gestelt_core__pluginlib__plugin/astar_planner
-- Symlinking: /home/nvidia/gestelt_ws/src/gestelt2/install/astar_planner/share/astar_planner/cmake/ament_cmake_export_include_directories-extras.cmake
-- Symlinking: /home/nvidia/gestelt_ws/src/gestelt2/install/astar_planner/share/astar_planner/cmake/ament_cmake_export_libraries-extras.cmake
-- Symlinking: /home/nvidia/gestelt_ws/src/gestelt2/install/astar_planner/share/astar_planner/cmake/ament_cmake_export_dependencies-extras.cmake
-- Symlinking: /home/nvidia/gestelt_ws/src/gestelt2/install/astar_planner/share/astar_planner/cmake/ament_cmake_export_targets-extras.cmake
-- Symlinking: /home/nvidia/gestelt_ws/src/gestelt2/install/astar_planner/share/astar_planner/cmake/astar_plannerConfig.cmake
-- Symlinking: /home/nvidia/gestelt_ws/src/gestelt2/install/astar_planner/share/astar_planner/cmake/astar_plannerConfig-version.cmake
-- Symlinking: /home/nvidia/gestelt_ws/src/gestelt2/install/astar_planner/share/astar_planner/package.xml
-- Installing: /home/nvidia/gestelt_ws/src/gestelt2/install/astar_planner/lib/libastar_planner.so
-- Set runtime path of "/home/nvidia/gestelt_ws/src/gestelt2/install/astar_planner/lib/libastar_planner.so" to ""
-- Installing: /home/nvidia/gestelt_ws/src/gestelt2/install/astar_planner/share/astar_planner/cmake/astar_plannerExport.cmake
-- Installing: /home/nvidia/gestelt_ws/src/gestelt2/install/astar_planner/share/astar_planner/cmake/astar_plannerExport-release.cmake
