[0.067s] Invoking command in '/home/nvidia/gestelt_ws/src/gestelt2/build/fake_map': CMAKE_PREFIX_PATH=${CMAKE_PREFIX_PATH}:/home/nvidia/gestelt_ws/install/gestelt_commander:/home/nvidia/tl_vision2/install/vision:/home/nvidia/bridge_ws/install/vilota_bridge:/opt/ros/humble /usr/bin/cmake /home/nvidia/gestelt_ws/src/gestelt2/swarm_tools/fake_map -DAMENT_CMAKE_SYMLINK_INSTALL=1 -DCMAKE_INSTALL_PREFIX=/home/nvidia/gestelt_ws/src/gestelt2/install/fake_map
[2.809s] -- The C compiler identification is GNU 11.4.0
[2.810s] -- The CXX compiler identification is GNU 11.4.0
[2.810s] -- Detecting C compiler ABI info
[2.810s] -- Detecting C compiler ABI info - done
[2.810s] -- Check for working C compiler: /usr/bin/cc - skipped
[2.810s] -- Detecting C compile features
[2.810s] -- Detecting C compile features - done
[2.810s] -- Detecting CXX compiler ABI info
[2.811s] -- Detecting CXX compiler ABI info - done
[2.811s] -- Check for working CXX compiler: /usr/bin/c++ - skipped
[2.811s] -- Detecting CXX compile features
[2.811s] -- Detecting CXX compile features - done
[2.811s] -- Found ament_cmake: 1.3.11 (/opt/ros/humble/share/ament_cmake/cmake)
[2.811s] -- Found Python3: /usr/bin/python3 (found version "3.10.12") found components: Interpreter 
[2.811s] -- Override CMake install command with custom implementation using symlinks instead of copying resources
[2.811s] -- Checking for module 'eigen3'
[2.811s] --   Found eigen3, version 3.4.0
[2.812s] -- Found Eigen: /usr/include/eigen3 (Required is at least version "3.1") 
[2.812s] -- Eigen found (include: /usr/include/eigen3, version: 3.4.0)
[2.812s] -- Found Boost: /usr/lib/aarch64-linux-gnu/cmake/Boost-1.74.0/BoostConfig.cmake (found suitable version "1.74.0", minimum required is "1.65.0") found components: system filesystem date_time iostreams serialization 
[2.812s] -- Checking for module 'flann'
[2.863s] --   Found flann, version 1.9.1
[3.004s] -- Found FLANN: /usr/lib/aarch64-linux-gnu/libflann_cpp.so  
[3.004s] -- FLANN found (include: /usr/include, lib: /usr/lib/aarch64-linux-gnu/libflann_cpp.so)
[3.069s] -- Looking for pthread.h
[3.258s] -- Looking for pthread.h - found
[3.258s] -- Performing Test CMAKE_HAVE_LIBC_PTHREAD
[3.439s] -- Performing Test CMAKE_HAVE_LIBC_PTHREAD - Success
[3.440s] -- Found Threads: TRUE  
[3.442s] -- Found GLEW: /usr/lib/aarch64-linux-gnu/libGLEW.so  
[3.462s] -- Found OpenGL: /usr/lib/aarch64-linux-gnu/libOpenGL.so  found components: OpenGL GLX 
[3.811s] -- Found MPI_C: /usr/lib/aarch64-linux-gnu/libmpi.so (found version "3.1") 
[3.811s] -- Found MPI: TRUE (found version "3.1") found components: C 
[3.818s] -- Found JsonCpp: /usr/lib/aarch64-linux-gnu/libjsoncpp.so (found suitable version "1.9.5", minimum required is "0.7.0") 
[3.840s] -- Found ZLIB: /usr/lib/aarch64-linux-gnu/libz.so (found version "1.2.11") 
[3.878s] -- Found PNG: /usr/lib/aarch64-linux-gnu/libpng.so (found version "1.6.37") 
[3.930s] -- Found Eigen3: /usr/include/eigen3 (found version "3.4.0") 
[4.187s] -- Found X11: /usr/include   
[4.190s] -- Looking for XOpenDisplay in /usr/lib/aarch64-linux-gnu/libX11.so;/usr/lib/aarch64-linux-gnu/libXext.so
[4.389s] -- Looking for XOpenDisplay in /usr/lib/aarch64-linux-gnu/libX11.so;/usr/lib/aarch64-linux-gnu/libXext.so - found
[4.389s] -- Looking for gethostbyname
[4.570s] -- Looking for gethostbyname - found
[4.571s] -- Looking for connect
[4.753s] -- Looking for connect - found
[4.753s] -- Looking for remove
[4.957s] -- Looking for remove - found
[4.958s] -- Looking for shmat
[5.127s] -- Looking for shmat - found
[5.127s] -- Looking for IceConnectionNumber in ICE
[5.351s] -- Looking for IceConnectionNumber in ICE - found
[5.569s] -- Found EXPAT: /usr/lib/aarch64-linux-gnu/libexpat.so (found version "2.4.7") 
[5.574s] -- Found double-conversion: /usr/lib/aarch64-linux-gnu/libdouble-conversion.so  
[5.579s] -- Found LZ4: /usr/lib/aarch64-linux-gnu/liblz4.so (found version "1.9.3") 
[5.584s] -- Found LZMA: /usr/lib/aarch64-linux-gnu/liblzma.so (found version "5.2.5") 
[5.683s] -- Found JPEG: /usr/lib/aarch64-linux-gnu/libjpeg.so (found version "80") 
[5.722s] -- Found TIFF: /usr/lib/aarch64-linux-gnu/libtiff.so (found version "4.3.0")  
[5.745s] -- Found Freetype: /usr/lib/aarch64-linux-gnu/libfreetype.so (found version "2.11.1") 
[5.758s] -- Found utf8cpp: /usr/include/utf8cpp  
[6.061s] -- Checking for module 'libusb-1.0'
[6.123s] --   Found libusb-1.0, version 1.0.25
[6.285s] -- Found libusb: /usr/lib/aarch64-linux-gnu/libusb-1.0.so  
[6.287s] -- Found OpenNI: /usr/lib/libOpenNI.so;libusb::libusb (found version "1.5.4.0") 
[6.287s] -- OpenNI found (version: 1.5.4.0, include: /usr/include/ni, lib: /usr/lib/libOpenNI.so;libusb::libusb)
[6.786s] -- Found OpenNI2: /usr/lib/aarch64-linux-gnu/libOpenNI2.so;libusb::libusb (found version "2.2.0.33") 
[6.786s] -- OpenNI2 found (version: 2.2.0.33, include: /usr/include/openni2, lib: /usr/lib/aarch64-linux-gnu/libOpenNI2.so;libusb::libusb)
[6.786s] [0m** WARNING ** io features related to pcap will be disabled[0m
[7.454s] -- Eigen found (include: /usr/include/eigen3, version: 3.4.0)
[7.487s] -- OpenNI found (version: 1.5.4.0, include: /usr/include/ni, lib: /usr/lib/libOpenNI.so;libusb::libusb)
[7.510s] -- OpenNI2 found (version: 2.2.0.33, include: /usr/include/openni2, lib: /usr/lib/aarch64-linux-gnu/libOpenNI2.so;libusb::libusb)
[8.206s] -- Found Qhull version 8.0.2
[8.972s] -- OpenNI found (version: 1.5.4.0, include: /usr/include/ni, lib: /usr/lib/libOpenNI.so;libusb::libusb)
[9.713s] -- looking for PCL_COMMON
[9.741s] -- Found PCL_COMMON: /usr/lib/aarch64-linux-gnu/libpcl_common.so  
[9.741s] -- looking for PCL_KDTREE
[9.743s] -- Found PCL_KDTREE: /usr/lib/aarch64-linux-gnu/libpcl_kdtree.so  
[9.744s] -- looking for PCL_OCTREE
[9.745s] -- Found PCL_OCTREE: /usr/lib/aarch64-linux-gnu/libpcl_octree.so  
[9.746s] -- looking for PCL_SEARCH
[9.747s] -- Found PCL_SEARCH: /usr/lib/aarch64-linux-gnu/libpcl_search.so  
[9.748s] -- looking for PCL_SAMPLE_CONSENSUS
[9.749s] -- Found PCL_SAMPLE_CONSENSUS: /usr/lib/aarch64-linux-gnu/libpcl_sample_consensus.so  
[9.750s] -- looking for PCL_FILTERS
[9.769s] -- Found PCL_FILTERS: /usr/lib/aarch64-linux-gnu/libpcl_filters.so  
[9.769s] -- looking for PCL_2D
[9.769s] -- Found PCL_2D: /usr/include/pcl-1.12  
[9.770s] -- looking for PCL_GEOMETRY
[9.770s] -- Found PCL_GEOMETRY: /usr/include/pcl-1.12  
[9.770s] -- looking for PCL_IO
[9.773s] -- Found PCL_IO: /usr/lib/aarch64-linux-gnu/libpcl_io.so  
[9.773s] -- looking for PCL_FEATURES
[9.775s] -- Found PCL_FEATURES: /usr/lib/aarch64-linux-gnu/libpcl_features.so  
[9.775s] -- looking for PCL_ML
[9.777s] -- Found PCL_ML: /usr/lib/aarch64-linux-gnu/libpcl_ml.so  
[9.777s] -- looking for PCL_SEGMENTATION
[9.803s] -- Found PCL_SEGMENTATION: /usr/lib/aarch64-linux-gnu/libpcl_segmentation.so  
[9.804s] -- looking for PCL_VISUALIZATION
[9.807s] -- Found PCL_VISUALIZATION: /usr/lib/aarch64-linux-gnu/libpcl_visualization.so  
[9.820s] -- looking for PCL_SURFACE
[9.823s] -- Found PCL_SURFACE: /usr/lib/aarch64-linux-gnu/libpcl_surface.so  
[9.824s] -- looking for PCL_REGISTRATION
[9.838s] -- Found PCL_REGISTRATION: /usr/lib/aarch64-linux-gnu/libpcl_registration.so  
[9.840s] -- looking for PCL_KEYPOINTS
[9.843s] -- Found PCL_KEYPOINTS: /usr/lib/aarch64-linux-gnu/libpcl_keypoints.so  
[9.856s] -- looking for PCL_TRACKING
[9.859s] -- Found PCL_TRACKING: /usr/lib/aarch64-linux-gnu/libpcl_tracking.so  
[9.863s] -- looking for PCL_RECOGNITION
[9.876s] -- Found PCL_RECOGNITION: /usr/lib/aarch64-linux-gnu/libpcl_recognition.so  
[9.888s] -- looking for PCL_STEREO
[9.891s] -- Found PCL_STEREO: /usr/lib/aarch64-linux-gnu/libpcl_stereo.so  
[9.892s] -- looking for PCL_APPS
[9.897s] -- Found PCL_APPS: /usr/lib/aarch64-linux-gnu/libpcl_apps.so  
[9.899s] -- looking for PCL_IN_HAND_SCANNER
[9.920s] -- Found PCL_IN_HAND_SCANNER: /usr/include/pcl-1.12  
[9.920s] -- looking for PCL_MODELER
[9.920s] -- Found PCL_MODELER: /usr/include/pcl-1.12  
[9.921s] -- looking for PCL_POINT_CLOUD_EDITOR
[9.922s] -- Found PCL_POINT_CLOUD_EDITOR: /usr/include/pcl-1.12  
[9.922s] -- looking for PCL_OUTOFCORE
[9.926s] -- Found PCL_OUTOFCORE: /usr/lib/aarch64-linux-gnu/libpcl_outofcore.so  
[9.936s] -- looking for PCL_PEOPLE
[9.950s] -- Found PCL_PEOPLE: /usr/lib/aarch64-linux-gnu/libpcl_people.so  
[9.953s] -- Found PCL: pcl_common;pcl_kdtree;pcl_octree;pcl_search;pcl_sample_consensus;pcl_filters;pcl_io;pcl_features;pcl_ml;pcl_segmentation;pcl_visualization;pcl_surface;pcl_registration;pcl_keypoints;pcl_tracking;pcl_recognition;pcl_stereo;pcl_apps;pcl_outofcore;pcl_people;Boost::system;Boost::filesystem;Boost::date_time;Boost::iostreams;Boost::serialization;/usr/lib/libOpenNI.so;libusb::libusb;/usr/lib/aarch64-linux-gnu/libOpenNI2.so;libusb::libusb;VTK::ChartsCore;VTK::CommonColor;VTK::CommonComputationalGeometry;VTK::CommonCore;VTK::CommonDataModel;VTK::CommonExecutionModel;VTK::CommonMath;VTK::CommonMisc;VTK::CommonTransforms;VTK::FiltersCore;VTK::FiltersExtraction;VTK::FiltersGeneral;VTK::FiltersGeometry;VTK::FiltersModeling;VTK::FiltersSources;VTK::ImagingCore;VTK::ImagingSources;VTK::InteractionImage;VTK::InteractionStyle;VTK::InteractionWidgets;VTK::IOCore;VTK::IOGeometry;VTK::IOImage;VTK::IOLegacy;VTK::IOPLY;VTK::RenderingAnnotation;VTK::RenderingCore;VTK::RenderingContext2D;VTK::RenderingLOD;VTK::RenderingFreeType;VTK::ViewsCore;VTK::ViewsContext2D;VTK::RenderingOpenGL2;VTK::GUISupportQt;FLANN::FLANN;QHULL::QHULL  
[9.962s] -- Found pcl_conversions: 2.4.5 (/opt/ros/humble/share/pcl_conversions/cmake)
[10.334s] -- Found rosidl_generator_c: 3.1.6 (/opt/ros/humble/share/rosidl_generator_c/cmake)
[10.389s] -- Found rosidl_adapter: 3.1.6 (/opt/ros/humble/share/rosidl_adapter/cmake)
[10.504s] -- Found rosidl_generator_cpp: 3.1.6 (/opt/ros/humble/share/rosidl_generator_cpp/cmake)
[10.614s] -- Using all available rosidl_typesupport_c: rosidl_typesupport_fastrtps_c;rosidl_typesupport_introspection_c
[10.763s] -- Using all available rosidl_typesupport_cpp: rosidl_typesupport_fastrtps_cpp;rosidl_typesupport_introspection_cpp
[11.188s] -- Found rmw_implementation_cmake: 6.1.2 (/opt/ros/humble/share/rmw_implementation_cmake/cmake)
[11.224s] -- Found rmw_fastrtps_cpp: 6.2.7 (/opt/ros/humble/share/rmw_fastrtps_cpp/cmake)
[12.224s] -- Found OpenSSL: /usr/lib/aarch64-linux-gnu/libcrypto.so (found version "3.0.2")  
[12.443s] -- Found FastRTPS: /opt/ros/humble/include  
[12.730s] -- Using RMW implementation 'rmw_fastrtps_cpp' as default
[13.667s] -- Found ament_lint_auto: 0.12.12 (/opt/ros/humble/share/ament_lint_auto/cmake)
[14.325s] -- Added test 'cppcheck' to perform static code analysis on C / C++ code
[14.325s] -- Configured cppcheck include dirs: $<BUILD_INTERFACE:/home/nvidia/gestelt_ws/src/gestelt2/swarm_tools/fake_map/include>
[14.325s] -- Configured cppcheck exclude dirs and/or files: 
[14.328s] -- Added test 'lint_cmake' to check CMake code style
[14.352s] -- Added test 'uncrustify' to check C / C++ code style
[14.352s] -- Configured uncrustify additional arguments: 
[14.354s] -- Added test 'xmllint' to check XML markup files
[14.381s] -- Configuring done
[14.633s] -- Generating done
[14.735s] -- Build files have been written to: /home/nvidia/gestelt_ws/src/gestelt2/build/fake_map
[14.906s] Invoked command in '/home/nvidia/gestelt_ws/src/gestelt2/build/fake_map' returned '0': CMAKE_PREFIX_PATH=${CMAKE_PREFIX_PATH}:/home/nvidia/gestelt_ws/install/gestelt_commander:/home/nvidia/tl_vision2/install/vision:/home/nvidia/bridge_ws/install/vilota_bridge:/opt/ros/humble /usr/bin/cmake /home/nvidia/gestelt_ws/src/gestelt2/swarm_tools/fake_map -DAMENT_CMAKE_SYMLINK_INSTALL=1 -DCMAKE_INSTALL_PREFIX=/home/nvidia/gestelt_ws/src/gestelt2/install/fake_map
[14.907s] Invoking command in '/home/nvidia/gestelt_ws/src/gestelt2/build/fake_map': CMAKE_PREFIX_PATH=${CMAKE_PREFIX_PATH}:/home/nvidia/gestelt_ws/install/gestelt_commander:/home/nvidia/tl_vision2/install/vision:/home/nvidia/bridge_ws/install/vilota_bridge:/opt/ros/humble /usr/bin/cmake --build /home/nvidia/gestelt_ws/src/gestelt2/build/fake_map -- -j8 -l8
[22.767s] [ 50%] [32mBuilding CXX object CMakeFiles/fake_map_publisher_node.dir/src/fake_map_publisher_node.cpp.o[0m
[50.220s] [100%] [32m[1mLinking CXX executable fake_map_publisher_node[0m
[51.417s] [100%] Built target fake_map_publisher_node
[51.448s] Invoked command in '/home/nvidia/gestelt_ws/src/gestelt2/build/fake_map' returned '0': CMAKE_PREFIX_PATH=${CMAKE_PREFIX_PATH}:/home/nvidia/gestelt_ws/install/gestelt_commander:/home/nvidia/tl_vision2/install/vision:/home/nvidia/bridge_ws/install/vilota_bridge:/opt/ros/humble /usr/bin/cmake --build /home/nvidia/gestelt_ws/src/gestelt2/build/fake_map -- -j8 -l8
[51.449s] Invoking command in '/home/nvidia/gestelt_ws/src/gestelt2/build/fake_map': CMAKE_PREFIX_PATH=${CMAKE_PREFIX_PATH}:/home/nvidia/gestelt_ws/install/gestelt_commander:/home/nvidia/tl_vision2/install/vision:/home/nvidia/bridge_ws/install/vilota_bridge:/opt/ros/humble /usr/bin/cmake --install /home/nvidia/gestelt_ws/src/gestelt2/build/fake_map
[51.465s] -- Install configuration: "Release"
[51.466s] -- Execute custom install script
[51.468s] -- Symlinking: /home/nvidia/gestelt_ws/src/gestelt2/install/fake_map/lib/fake_map/fake_map_publisher_node
[51.491s] -- Symlinking: /home/nvidia/gestelt_ws/src/gestelt2/install/fake_map/share/ament_index/resource_index/package_run_dependencies/fake_map
[51.514s] -- Symlinking: /home/nvidia/gestelt_ws/src/gestelt2/install/fake_map/share/ament_index/resource_index/parent_prefix_path/fake_map
[51.538s] -- Symlinking: /home/nvidia/gestelt_ws/src/gestelt2/install/fake_map/share/fake_map/environment/ament_prefix_path.sh
[51.560s] -- Symlinking: /home/nvidia/gestelt_ws/src/gestelt2/install/fake_map/share/fake_map/environment/ament_prefix_path.dsv
[51.583s] -- Symlinking: /home/nvidia/gestelt_ws/src/gestelt2/install/fake_map/share/fake_map/environment/path.sh
[51.604s] -- Symlinking: /home/nvidia/gestelt_ws/src/gestelt2/install/fake_map/share/fake_map/environment/path.dsv
[51.625s] -- Symlinking: /home/nvidia/gestelt_ws/src/gestelt2/install/fake_map/share/fake_map/local_setup.bash
[51.647s] -- Symlinking: /home/nvidia/gestelt_ws/src/gestelt2/install/fake_map/share/fake_map/local_setup.sh
[51.668s] -- Symlinking: /home/nvidia/gestelt_ws/src/gestelt2/install/fake_map/share/fake_map/local_setup.zsh
[51.689s] -- Symlinking: /home/nvidia/gestelt_ws/src/gestelt2/install/fake_map/share/fake_map/local_setup.dsv
[51.711s] -- Symlinking: /home/nvidia/gestelt_ws/src/gestelt2/install/fake_map/share/fake_map/package.dsv
[51.734s] -- Symlinking: /home/nvidia/gestelt_ws/src/gestelt2/install/fake_map/share/ament_index/resource_index/packages/fake_map
[51.756s] -- Symlinking: /home/nvidia/gestelt_ws/src/gestelt2/install/fake_map/share/fake_map/cmake/fake_mapConfig.cmake
[51.780s] -- Symlinking: /home/nvidia/gestelt_ws/src/gestelt2/install/fake_map/share/fake_map/cmake/fake_mapConfig-version.cmake
[51.803s] -- Symlinking: /home/nvidia/gestelt_ws/src/gestelt2/install/fake_map/share/fake_map/package.xml
[51.835s] Invoked command in '/home/nvidia/gestelt_ws/src/gestelt2/build/fake_map' returned '0': CMAKE_PREFIX_PATH=${CMAKE_PREFIX_PATH}:/home/nvidia/gestelt_ws/install/gestelt_commander:/home/nvidia/tl_vision2/install/vision:/home/nvidia/bridge_ws/install/vilota_bridge:/opt/ros/humble /usr/bin/cmake --install /home/nvidia/gestelt_ws/src/gestelt2/build/fake_map
