-- The C compiler identification is GNU 11.4.0
-- The CXX compiler identification is GNU 11.4.0
-- Detecting C compiler ABI info
-- Detecting C compiler ABI info - done
-- Check for working C compiler: /usr/bin/cc - skipped
-- Detecting C compile features
-- Detecting C compile features - done
-- Detecting CXX compiler ABI info
-- Detecting CXX compiler ABI info - done
-- Check for working CXX compiler: /usr/bin/c++ - skipped
-- Detecting CXX compile features
-- Detecting CXX compile features - done
-- Found ament_cmake: 1.3.11 (/opt/ros/humble/share/ament_cmake/cmake)
-- Found Python3: /usr/bin/python3 (found version "3.10.12") found components: Interpreter 
-- Override CMake install command with custom implementation using symlinks instead of copying resources
-- Found ament_cmake_ros: 0.10.0 (/opt/ros/humble/share/ament_cmake_ros/cmake)
-- Found rclcpp: 16.0.12 (/opt/ros/humble/share/rclcpp/cmake)
-- Found rosidl_generator_c: 3.1.6 (/opt/ros/humble/share/rosidl_generator_c/cmake)
-- Found rosidl_adapter: 3.1.6 (/opt/ros/humble/share/rosidl_adapter/cmake)
-- Found rosidl_generator_cpp: 3.1.6 (/opt/ros/humble/share/rosidl_generator_cpp/cmake)
-- Using all available rosidl_typesupport_c: rosidl_typesupport_fastrtps_c;rosidl_typesupport_introspection_c
-- Using all available rosidl_typesupport_cpp: rosidl_typesupport_fastrtps_cpp;rosidl_typesupport_introspection_cpp
-- Found rmw_implementation_cmake: 6.1.2 (/opt/ros/humble/share/rmw_implementation_cmake/cmake)
-- Found rmw_fastrtps_cpp: 6.2.7 (/opt/ros/humble/share/rmw_fastrtps_cpp/cmake)
-- Found OpenSSL: /usr/lib/aarch64-linux-gnu/libcrypto.so (found version "3.0.2")  
-- Found FastRTPS: /opt/ros/humble/include  
-- Using RMW implementation 'rmw_fastrtps_cpp' as default
-- Looking for pthread.h
-- Looking for pthread.h - found
-- Performing Test CMAKE_HAVE_LIBC_PTHREAD
-- Performing Test CMAKE_HAVE_LIBC_PTHREAD - Success
-- Found Threads: TRUE  
-- Found ament_lint_auto: 0.12.12 (/opt/ros/humble/share/ament_lint_auto/cmake)
-- Added test 'cppcheck' to perform static code analysis on C / C++ code
-- Configured cppcheck include dirs: $<BUILD_INTERFACE:/home/nvidia/gestelt_ws/src/gestelt2/utils/logger_wrapper/include>
-- Configured cppcheck exclude dirs and/or files: 
-- Added test 'lint_cmake' to check CMake code style
-- Added test 'uncrustify' to check C / C++ code style
-- Configured uncrustify additional arguments: 
-- Added test 'xmllint' to check XML markup files
-- Configuring done
-- Generating done
-- Build files have been written to: /home/nvidia/gestelt_ws/src/gestelt2/build/logger_wrapper
[ 66%] [32mBuilding CXX object CMakeFiles/logger_wrapper.dir/src/timer.cpp.o[0m
[ 66%] [32mBuilding CXX object CMakeFiles/logger_wrapper.dir/src/logger_wrapper.cpp.o[0m
[100%] [32m[1mLinking CXX shared library liblogger_wrapper.so[0m
[100%] Built target logger_wrapper
-- Install configuration: "Release"
-- Execute custom install script
-- Symlinking: /home/nvidia/gestelt_ws/src/gestelt2/install/logger_wrapper/include/logger_wrapper/logger_wrapper/definitions.hpp
-- Symlinking: /home/nvidia/gestelt_ws/src/gestelt2/install/logger_wrapper/include/logger_wrapper/logger_wrapper/logger_wrapper.hpp
-- Symlinking: /home/nvidia/gestelt_ws/src/gestelt2/install/logger_wrapper/include/logger_wrapper/logger_wrapper/timer.hpp
-- Symlinking: /home/nvidia/gestelt_ws/src/gestelt2/install/logger_wrapper/include/logger_wrapper/logger_wrapper/visibility_control.h
-- Symlinking: /home/nvidia/gestelt_ws/src/gestelt2/install/logger_wrapper/share/logger_wrapper/environment/library_path.sh
-- Symlinking: /home/nvidia/gestelt_ws/src/gestelt2/install/logger_wrapper/share/logger_wrapper/environment/library_path.dsv
-- Symlinking: /home/nvidia/gestelt_ws/src/gestelt2/install/logger_wrapper/share/ament_index/resource_index/package_run_dependencies/logger_wrapper
-- Symlinking: /home/nvidia/gestelt_ws/src/gestelt2/install/logger_wrapper/share/ament_index/resource_index/parent_prefix_path/logger_wrapper
-- Symlinking: /home/nvidia/gestelt_ws/src/gestelt2/install/logger_wrapper/share/logger_wrapper/environment/ament_prefix_path.sh
-- Symlinking: /home/nvidia/gestelt_ws/src/gestelt2/install/logger_wrapper/share/logger_wrapper/environment/ament_prefix_path.dsv
-- Symlinking: /home/nvidia/gestelt_ws/src/gestelt2/install/logger_wrapper/share/logger_wrapper/environment/path.sh
-- Symlinking: /home/nvidia/gestelt_ws/src/gestelt2/install/logger_wrapper/share/logger_wrapper/environment/path.dsv
-- Symlinking: /home/nvidia/gestelt_ws/src/gestelt2/install/logger_wrapper/share/logger_wrapper/local_setup.bash
-- Symlinking: /home/nvidia/gestelt_ws/src/gestelt2/install/logger_wrapper/share/logger_wrapper/local_setup.sh
-- Symlinking: /home/nvidia/gestelt_ws/src/gestelt2/install/logger_wrapper/share/logger_wrapper/local_setup.zsh
-- Symlinking: /home/nvidia/gestelt_ws/src/gestelt2/install/logger_wrapper/share/logger_wrapper/local_setup.dsv
-- Symlinking: /home/nvidia/gestelt_ws/src/gestelt2/install/logger_wrapper/share/logger_wrapper/package.dsv
-- Symlinking: /home/nvidia/gestelt_ws/src/gestelt2/install/logger_wrapper/share/ament_index/resource_index/packages/logger_wrapper
-- Symlinking: /home/nvidia/gestelt_ws/src/gestelt2/install/logger_wrapper/share/logger_wrapper/cmake/ament_cmake_export_include_directories-extras.cmake
-- Symlinking: /home/nvidia/gestelt_ws/src/gestelt2/install/logger_wrapper/share/logger_wrapper/cmake/ament_cmake_export_libraries-extras.cmake
-- Symlinking: /home/nvidia/gestelt_ws/src/gestelt2/install/logger_wrapper/share/logger_wrapper/cmake/ament_cmake_export_targets-extras.cmake
-- Symlinking: /home/nvidia/gestelt_ws/src/gestelt2/install/logger_wrapper/share/logger_wrapper/cmake/logger_wrapperConfig.cmake
-- Symlinking: /home/nvidia/gestelt_ws/src/gestelt2/install/logger_wrapper/share/logger_wrapper/cmake/logger_wrapperConfig-version.cmake
-- Symlinking: /home/nvidia/gestelt_ws/src/gestelt2/install/logger_wrapper/share/logger_wrapper/package.xml
-- Installing: /home/nvidia/gestelt_ws/src/gestelt2/install/logger_wrapper/lib/liblogger_wrapper.so
-- Set runtime path of "/home/nvidia/gestelt_ws/src/gestelt2/install/logger_wrapper/lib/liblogger_wrapper.so" to ""
-- Installing: /home/nvidia/gestelt_ws/src/gestelt2/install/logger_wrapper/share/logger_wrapper/cmake/export_logger_wrapperExport.cmake
-- Installing: /home/nvidia/gestelt_ws/src/gestelt2/install/logger_wrapper/share/logger_wrapper/cmake/export_logger_wrapperExport-release.cmake
