[0.123s] Invoking command in '/home/nvidia/gestelt_ws/src/gestelt2/build/logger_wrapper': CMAKE_PREFIX_PATH=${CMAKE_PREFIX_PATH}:/home/nvidia/gestelt_ws/install/gestelt_commander:/home/nvidia/tl_vision2/install/vision:/home/nvidia/bridge_ws/install/vilota_bridge:/opt/ros/humble /usr/bin/cmake /home/nvidia/gestelt_ws/src/gestelt2/utils/logger_wrapper -DAMENT_CMAKE_SYMLINK_INSTALL=1 -DCMAKE_INSTALL_PREFIX=/home/nvidia/gestelt_ws/src/gestelt2/install/logger_wrapper
[0.681s] -- The C compiler identification is GNU 11.4.0
[1.111s] -- The CXX compiler identification is GNU 11.4.0
[1.137s] -- Detecting C compiler ABI info
[1.359s] -- Detecting C compiler ABI info - done
[1.392s] -- Check for working C compiler: /usr/bin/cc - skipped
[1.393s] -- Detecting C compile features
[1.393s] -- Detecting C compile features - done
[1.400s] -- Detecting CXX compiler ABI info
[1.660s] -- Detecting CXX compiler ABI info - done
[1.673s] -- Check for working CXX compiler: /usr/bin/c++ - skipped
[1.674s] -- Detecting CXX compile features
[1.674s] -- Detecting CXX compile features - done
[1.684s] -- Found ament_cmake: 1.3.11 (/opt/ros/humble/share/ament_cmake/cmake)
[2.188s] -- Found Python3: /usr/bin/python3 (found version "3.10.12") found components: Interpreter 
[2.376s] -- Override CMake install command with custom implementation using symlinks instead of copying resources
[2.550s] -- Found ament_cmake_ros: 0.10.0 (/opt/ros/humble/share/ament_cmake_ros/cmake)
[2.606s] -- Found rclcpp: 16.0.12 (/opt/ros/humble/share/rclcpp/cmake)
[2.791s] -- Found rosidl_generator_c: 3.1.6 (/opt/ros/humble/share/rosidl_generator_c/cmake)
[2.808s] -- Found rosidl_adapter: 3.1.6 (/opt/ros/humble/share/rosidl_adapter/cmake)
[2.832s] -- Found rosidl_generator_cpp: 3.1.6 (/opt/ros/humble/share/rosidl_generator_cpp/cmake)
[2.897s] -- Using all available rosidl_typesupport_c: rosidl_typesupport_fastrtps_c;rosidl_typesupport_introspection_c
[2.944s] -- Using all available rosidl_typesupport_cpp: rosidl_typesupport_fastrtps_cpp;rosidl_typesupport_introspection_cpp
[3.167s] -- Found rmw_implementation_cmake: 6.1.2 (/opt/ros/humble/share/rmw_implementation_cmake/cmake)
[3.190s] -- Found rmw_fastrtps_cpp: 6.2.7 (/opt/ros/humble/share/rmw_fastrtps_cpp/cmake)
[3.542s] -- Found OpenSSL: /usr/lib/aarch64-linux-gnu/libcrypto.so (found version "3.0.2")  
[3.619s] -- Found FastRTPS: /opt/ros/humble/include  
[3.730s] -- Using RMW implementation 'rmw_fastrtps_cpp' as default
[3.768s] -- Looking for pthread.h
[3.966s] -- Looking for pthread.h - found
[3.966s] -- Performing Test CMAKE_HAVE_LIBC_PTHREAD
[4.134s] -- Performing Test CMAKE_HAVE_LIBC_PTHREAD - Success
[4.134s] -- Found Threads: TRUE  
[4.317s] -- Found ament_lint_auto: 0.12.12 (/opt/ros/humble/share/ament_lint_auto/cmake)
[4.602s] -- Added test 'cppcheck' to perform static code analysis on C / C++ code
[4.603s] -- Configured cppcheck include dirs: $<BUILD_INTERFACE:/home/nvidia/gestelt_ws/src/gestelt2/utils/logger_wrapper/include>
[4.603s] -- Configured cppcheck exclude dirs and/or files: 
[4.607s] -- Added test 'lint_cmake' to check CMake code style
[4.612s] -- Added test 'uncrustify' to check C / C++ code style
[4.612s] -- Configured uncrustify additional arguments: 
[4.620s] -- Added test 'xmllint' to check XML markup files
[4.651s] -- Configuring done
[4.676s] -- Generating done
[4.690s] -- Build files have been written to: /home/nvidia/gestelt_ws/src/gestelt2/build/logger_wrapper
[4.733s] Invoked command in '/home/nvidia/gestelt_ws/src/gestelt2/build/logger_wrapper' returned '0': CMAKE_PREFIX_PATH=${CMAKE_PREFIX_PATH}:/home/nvidia/gestelt_ws/install/gestelt_commander:/home/nvidia/tl_vision2/install/vision:/home/nvidia/bridge_ws/install/vilota_bridge:/opt/ros/humble /usr/bin/cmake /home/nvidia/gestelt_ws/src/gestelt2/utils/logger_wrapper -DAMENT_CMAKE_SYMLINK_INSTALL=1 -DCMAKE_INSTALL_PREFIX=/home/nvidia/gestelt_ws/src/gestelt2/install/logger_wrapper
[4.734s] Invoking command in '/home/nvidia/gestelt_ws/src/gestelt2/build/logger_wrapper': CMAKE_PREFIX_PATH=${CMAKE_PREFIX_PATH}:/home/nvidia/gestelt_ws/install/gestelt_commander:/home/nvidia/tl_vision2/install/vision:/home/nvidia/bridge_ws/install/vilota_bridge:/opt/ros/humble /usr/bin/cmake --build /home/nvidia/gestelt_ws/src/gestelt2/build/logger_wrapper -- -j8 -l8
[6.190s] [ 66%] [32mBuilding CXX object CMakeFiles/logger_wrapper.dir/src/timer.cpp.o[0m
[6.190s] [ 66%] [32mBuilding CXX object CMakeFiles/logger_wrapper.dir/src/logger_wrapper.cpp.o[0m
[24.837s] [100%] [32m[1mLinking CXX shared library liblogger_wrapper.so[0m
[25.277s] [100%] Built target logger_wrapper
[25.343s] Invoked command in '/home/nvidia/gestelt_ws/src/gestelt2/build/logger_wrapper' returned '0': CMAKE_PREFIX_PATH=${CMAKE_PREFIX_PATH}:/home/nvidia/gestelt_ws/install/gestelt_commander:/home/nvidia/tl_vision2/install/vision:/home/nvidia/bridge_ws/install/vilota_bridge:/opt/ros/humble /usr/bin/cmake --build /home/nvidia/gestelt_ws/src/gestelt2/build/logger_wrapper -- -j8 -l8
[25.344s] Invoking command in '/home/nvidia/gestelt_ws/src/gestelt2/build/logger_wrapper': CMAKE_PREFIX_PATH=${CMAKE_PREFIX_PATH}:/home/nvidia/gestelt_ws/install/gestelt_commander:/home/nvidia/tl_vision2/install/vision:/home/nvidia/bridge_ws/install/vilota_bridge:/opt/ros/humble /usr/bin/cmake --install /home/nvidia/gestelt_ws/src/gestelt2/build/logger_wrapper
[30.921s] -- Install configuration: "Release"
[30.921s] -- Execute custom install script
[30.921s] -- Symlinking: /home/nvidia/gestelt_ws/src/gestelt2/install/logger_wrapper/include/logger_wrapper/logger_wrapper/definitions.hpp
[30.921s] -- Symlinking: /home/nvidia/gestelt_ws/src/gestelt2/install/logger_wrapper/include/logger_wrapper/logger_wrapper/logger_wrapper.hpp
[30.921s] -- Symlinking: /home/nvidia/gestelt_ws/src/gestelt2/install/logger_wrapper/include/logger_wrapper/logger_wrapper/timer.hpp
[30.922s] -- Symlinking: /home/nvidia/gestelt_ws/src/gestelt2/install/logger_wrapper/include/logger_wrapper/logger_wrapper/visibility_control.h
[30.922s] -- Symlinking: /home/nvidia/gestelt_ws/src/gestelt2/install/logger_wrapper/share/logger_wrapper/environment/library_path.sh
[30.922s] -- Symlinking: /home/nvidia/gestelt_ws/src/gestelt2/install/logger_wrapper/share/logger_wrapper/environment/library_path.dsv
[30.922s] -- Symlinking: /home/nvidia/gestelt_ws/src/gestelt2/install/logger_wrapper/share/ament_index/resource_index/package_run_dependencies/logger_wrapper
[30.922s] -- Symlinking: /home/nvidia/gestelt_ws/src/gestelt2/install/logger_wrapper/share/ament_index/resource_index/parent_prefix_path/logger_wrapper
[30.922s] -- Symlinking: /home/nvidia/gestelt_ws/src/gestelt2/install/logger_wrapper/share/logger_wrapper/environment/ament_prefix_path.sh
[30.922s] -- Symlinking: /home/nvidia/gestelt_ws/src/gestelt2/install/logger_wrapper/share/logger_wrapper/environment/ament_prefix_path.dsv
[30.922s] -- Symlinking: /home/nvidia/gestelt_ws/src/gestelt2/install/logger_wrapper/share/logger_wrapper/environment/path.sh
[30.923s] -- Symlinking: /home/nvidia/gestelt_ws/src/gestelt2/install/logger_wrapper/share/logger_wrapper/environment/path.dsv
[30.923s] -- Symlinking: /home/nvidia/gestelt_ws/src/gestelt2/install/logger_wrapper/share/logger_wrapper/local_setup.bash
[30.923s] -- Symlinking: /home/nvidia/gestelt_ws/src/gestelt2/install/logger_wrapper/share/logger_wrapper/local_setup.sh
[30.923s] -- Symlinking: /home/nvidia/gestelt_ws/src/gestelt2/install/logger_wrapper/share/logger_wrapper/local_setup.zsh
[30.923s] -- Symlinking: /home/nvidia/gestelt_ws/src/gestelt2/install/logger_wrapper/share/logger_wrapper/local_setup.dsv
[30.923s] -- Symlinking: /home/nvidia/gestelt_ws/src/gestelt2/install/logger_wrapper/share/logger_wrapper/package.dsv
[30.923s] -- Symlinking: /home/nvidia/gestelt_ws/src/gestelt2/install/logger_wrapper/share/ament_index/resource_index/packages/logger_wrapper
[30.923s] -- Symlinking: /home/nvidia/gestelt_ws/src/gestelt2/install/logger_wrapper/share/logger_wrapper/cmake/ament_cmake_export_include_directories-extras.cmake
[30.923s] -- Symlinking: /home/nvidia/gestelt_ws/src/gestelt2/install/logger_wrapper/share/logger_wrapper/cmake/ament_cmake_export_libraries-extras.cmake
[30.924s] -- Symlinking: /home/nvidia/gestelt_ws/src/gestelt2/install/logger_wrapper/share/logger_wrapper/cmake/ament_cmake_export_targets-extras.cmake
[30.924s] -- Symlinking: /home/nvidia/gestelt_ws/src/gestelt2/install/logger_wrapper/share/logger_wrapper/cmake/logger_wrapperConfig.cmake
[30.924s] -- Symlinking: /home/nvidia/gestelt_ws/src/gestelt2/install/logger_wrapper/share/logger_wrapper/cmake/logger_wrapperConfig-version.cmake
[30.924s] -- Symlinking: /home/nvidia/gestelt_ws/src/gestelt2/install/logger_wrapper/share/logger_wrapper/package.xml
[30.924s] -- Installing: /home/nvidia/gestelt_ws/src/gestelt2/install/logger_wrapper/lib/liblogger_wrapper.so
[30.924s] -- Set runtime path of "/home/nvidia/gestelt_ws/src/gestelt2/install/logger_wrapper/lib/liblogger_wrapper.so" to ""
[30.924s] -- Installing: /home/nvidia/gestelt_ws/src/gestelt2/install/logger_wrapper/share/logger_wrapper/cmake/export_logger_wrapperExport.cmake
[30.924s] -- Installing: /home/nvidia/gestelt_ws/src/gestelt2/install/logger_wrapper/share/logger_wrapper/cmake/export_logger_wrapperExport-release.cmake
[30.929s] Invoked command in '/home/nvidia/gestelt_ws/src/gestelt2/build/logger_wrapper' returned '0': CMAKE_PREFIX_PATH=${CMAKE_PREFIX_PATH}:/home/nvidia/gestelt_ws/install/gestelt_commander:/home/nvidia/tl_vision2/install/vision:/home/nvidia/bridge_ws/install/vilota_bridge:/opt/ros/humble /usr/bin/cmake --install /home/nvidia/gestelt_ws/src/gestelt2/build/logger_wrapper
